
                        BEAST v2.6.7, 2002-2022
             Bayesian Evolutionary Analysis Sampling Trees
                       Designed and developed by
 Remco Bouckaert, Alexei J. Drummond, Andrew Rambaut & Marc A. Suchard
                                    
                   Centre for Computational Evolution
                         University of Auckland
                       r.bouckaert@auckland.ac.nz
                        alexei@cs.auckland.ac.nz
                                    
                   Institute of Evolutionary Biology
                        University of Edinburgh
                           a.rambaut@ed.ac.uk
                                    
                    David Geffen School of Medicine
                 University of California, Los Angeles
                           msuchard@ucla.edu
                                    
                      Downloads, Help & Resources:
                           http://beast2.org/
                                    
  Source code distributed under the GNU Lesser General Public License:
                   http://github.com/CompEvol/beast2
                                    
                           BEAST developers:
   Alex Alekseyenko, Trevor Bedford, Erik Bloomquist, Joseph Heled, 
 Sebastian Hoehna, Denise Kuehnert, Philippe Lemey, Wai Lok Sibon Li, 
Gerton Lunter, Sidney Markowitz, Vladimir Minin, Michael Defoin Platel, 
          Oliver Pybus, Tim Vaughan, Chieh-Hsi Wu, Walter Xie
                                    
                               Thanks to:
          Roald Forsberg, Beth Shapiro and Korbinian Strimmer

Random number seed: 1729622025311

File: kd-looms_filtered_bcov_strict_bd_ns.xml seed: 1729622025311 threads: 1
Loading package BEASTvntr v0.1.3
Loading package PoMo v1.0.1
Loading package speedemon v1.0.0
Loading package feast v8.3.0
Loading package phylodynamics v1.3.0
Loading package SNAPP v1.5.2
Loading package BADTRIP v1.0.0
Loading package timtam v0.3.1
Loading package ORC v1.0.3
Loading package bacter v2.2.5
Loading package SpeciesNetwork v0.13.0
Loading package TreeStat2 v0.0.2
Loading package Mascot v2.1.2
Loading package starbeast2 v0.15.13
Loading package Beasy v0.0.2
Loading package bModelTest v1.2.1
Loading package ClaDS v1.1.2
Loading package Recombination v0.0.2
Loading package CoalRe v0.0.7
Loading package BASTA v3.0.1
Loading package contraband v1.0.0
Loading package BEAST v2.6.7
Loading package besp v0.2.0
Loading package BDMM v1.0.2
Loading package PIQMEE v1.0.2
Loading package BEASTLabs v1.9.7
Loading package BEAST_CLASSIC v1.5.0
Loading package BICEPS v1.0.1
Loading package CA v2.0.0
Loading package PhyDyn v1.3.8
Loading package MGSM v0.3.0
Loading package MASTER v6.1.2
Loading package TMA v1.0.0
Loading package flc v1.1.0
Loading package Babel v0.3.2
Loading package OBAMA v0.2.0
Loading package NS v1.1.0
Loading package starbeast3 v1.0.5
Loading package MultiTypeTree v7.0.2
Loading package MSBD v1.2.0
Loading package snapper v1.0.3
Loading package STACEY v1.2.5
Loading package SCOTTI v2.0.1
Loading package DENIM v1.0.1
Loading package MODEL_SELECTION v1.5.3
Loading package substBMA v1.2.3
Loading package MM v1.1.1
Loading package contactrees v1.0.0
Loading package BREAK_AWAY v1.0.1
Loading package EpiInf v7.5.2
Loading package GEO_SPHERE v1.3.1
Loading package SA v2.0.2
Loading package FastRelaxedClockLogNormal v1.1.1
Loading package BDSKY v1.4.8
Loading package SSM v1.1.0
Loading package CoupledMCMC v1.0.2
Loading package CodonSubstModels v1.1.3
Loading package BEAST v2.6.7
BuyiLibo: 192 10
BuyiXingyi: 192 10
DongTongdao: 192 10
HaLi: 192 10
MaonanHechi: 192 10
MeifuLi: 192 10
MiaoZhaoxing: 192 10
NungAn: 192 10
QiLi: 192 10
RunLi: 192 10
TaiIsan: 192 10
TaiPhake: 192 10
TaiYuan: 192 10
ZhuangBinyang: 192 10
ZhuangJingxi: 192 10
ZhuangLongzhou: 192 10
Alignment(kd-looms_elaged-filtered)
  16 taxa
  192 sites
  90 patterns

Filter -
16 taxa
192 sites
90 patterns
WARNING: found 4 sites in the alignment (orgdata.kd-looms_elaged-filtered) that are equal to the ascertainment site. These sites will be ignored in the likelihood calculation.
Failed to load BEAGLE library: no hmsbeagle-jni in java.library.path
TreeLikelihood(treeLikelihood.kd-looms_elaged-filtered) uses BeerLikelihoodCore4
  FilteredAlignment(orgdata.kd-looms_elaged-filtered): [taxa, patterns, sites] = [16, 90, 187]
WARNING: the dimension of the parameter is 1 at the start of the run.
         The operator FixMeanMutationRatesOperator has no effect (if this does not change).
===============================================================================
Citations for this model:

Patricio Maturana, Brendon J. Brewer, Steffen Klaere, Remco Bouckaert. Model selection and parameter inference in phylogenetics using Nested Sampling. Systematic Biology, syy050, 2018

Gernhard 2008. The conditioned reconstructed process. Journal of Theoretical Biology Volume 253, Issue 4, 21 August 2008, Pages 769-778

===============================================================================
Counting 70 parameters
replacing logger tracelog with NSLogger
Writing file kd-looms_elaged-filtered.trees
         Sample      posterior ESS(posterior)     likelihood          prior
Writing file kd-looms_elaged-filtered.log
Start likelihood 0: -2211.52242490521 
Start likelihood 1: -2119.7481681489326 
Start likelihood 2: -2197.891613243567 
3 particles initialised
              0     -2064.9360              N     -2029.4011       -35.5348 --
ML: -2030.8146641459846 Information: 1.4134952107251593
              1     -1992.3097         2.0        -1959.6586       -32.6510 --
ML: -1961.4055266315927 Information: 1.7468285440584168
              2     -1988.6984         3.0        -1955.2760       -33.4224 --
ML: -1957.3388859487713 Information: 1.9877817620939027
              3     -1837.3065         4.0        -1815.1547       -22.1518 --
ML: -1817.5682247711532 Information: 2.4134952107251593
              4     -1829.1174         3.2        -1810.2054       -18.9120 --
ML: -1812.9424594447432 Information: 2.688500430191123
              5     -1818.0626         2.4        -1803.9971       -14.0655 --
ML: -1807.0744742611325 Information: 3.059631487133988
              6     -1813.1640         2.4        -1788.3017       -24.8622 --
ML: -1791.7152697755566 Information: 3.413491641079519
              7     -1798.4161         2.6        -1786.6917       -11.7243 --
ML: -1790.1925571449224 Information: 3.14960386540497
              8     -1776.9851         2.8        -1748.8655       -28.1195 --
ML: -1752.945711547534 Information: 4.080161877391783
              9     -1740.0943         3.7        -1732.2113        -7.8829 --
ML: -1736.6248358008413 Information: 4.413493769358377
             10     -1747.4526         3.7        -1720.8016       -26.6510 --
ML: -1725.54845326184 Information: 4.746636522434233
             11     -1676.1241         3.5        -1658.7317       -17.3923 --
ML: -1663.8119127631894 Information: 5.080161877391902
             12     -1680.2826         3.3        -1647.4489       -32.8336 --
ML: -1652.8624256016017 Information: 5.413279438451282
             13     -1641.3333         3.1        -1627.8619       -13.4713 --
ML: -1633.6087882686825 Information: 5.746828454540788
             14     -1621.9618         3.1        -1596.9360       -25.0258 --
ML: -1603.016174199639 Information: 6.080161877307682
             15     -1588.5350         2.9        -1566.2190       -22.3160 --
ML: -1572.632523120795 Information: 6.4134952106233385
             16     -1583.3124         2.8        -1555.3543       -27.9581 --
ML: -1562.1011044226839 Information: 6.746511936670425
             17     -1586.2246         2.7        -1550.9128       -35.3117 --
ML: -1557.9767009359027 Information: 6.992019515523623
             18     -1574.9313         2.7        -1539.9680       -34.9632 --
ML: -1547.381510405064 Information: 7.413194360346316
             19     -1561.0162         2.5        -1535.4438       -25.5724 --
ML: -1543.1756387773423 Information: 7.664358452145251
             20     -1544.0512         2.5        -1526.9418       -17.1094 --
ML: -1535.0217206180666 Information: 8.077409606841979
             21     -1536.8947         2.5        -1495.6556       -41.2390 --
ML: -1504.069168659779 Information: 8.41349521067004
             22     -1512.3196         2.6        -1490.6768       -21.6428 --
ML: -1499.4140748575364 Information: 8.689905904714017
             23     -1476.1249         2.5        -1464.2542       -11.8706 --
ML: -1473.334437053204 Information: 9.080161877345414
             24     -1468.6517         2.5        -1458.3110       -10.3406 --
ML: -1467.7208848251048 Information: 9.38815902690543
             25     -1481.3612         2.6        -1451.3387       -30.0225 --
ML: -1461.084243216965 Information: 9.73634416038477
             26     -1488.2844         2.6        -1448.9828       -39.3016 --
ML: -1458.9386231396102 Information: 9.679041145577713
             27     -1447.8992         2.6        -1411.3841       -36.5151 --
ML: -1421.7976729710576 Information: 10.413495210725053
             28     -1434.1931         2.6        -1405.7580       -28.4350 --
ML: -1416.4998781509407 Information: 10.71366810748614
             29     -1438.3245         2.5        -1401.0149       -37.3096 --
ML: -1412.0829964303837 Information: 11.010419186360373
             30     -1419.1789         2.5        -1400.4063       -18.7725 --
ML: -1411.24964126584 Information: 10.55375758473997
             31     -1426.4157         2.5        -1396.6065       -29.8091 --
ML: -1408.29963560457 Information: 11.479037199133543
             32     -1418.6529         2.5        -1388.1782       -30.4747 --
ML: -1400.2581186078369 Information: 12.07705873061211
             33     -1413.8173         2.5        -1384.8831       -28.9341 --
ML: -1397.2462443003308 Information: 12.200791667792075
             34     -1393.0257         2.5        -1375.5539       -17.4718 --
ML: -1388.3006199996557 Information: 12.745461425136007
             35     -1397.4869         2.5        -1372.9370       -24.5499 --
ML: -1385.920174080902 Information: 12.740893625265159
             36     -1378.3970         2.5        -1370.7028        -7.6941 --
ML: -1383.963938413338 Information: 12.910918182534289
             37     -1373.6999         2.6        -1362.5311       -11.1687 --
ML: -1376.277562961639 Information: 13.742457549150396
             38     -1375.7488         2.6        -1359.2576       -16.4912 --
ML: -1373.2862477256083 Information: 13.86403546182028
             39     -1402.3745         2.6        -1358.4001       -43.9744 --
ML: -1372.329105468346 Information: 13.536525848118572
             40     -1373.2349         2.6        -1348.2702       -24.9646 --
ML: -1363.0170201451388 Information: 14.74578777716725
             41     -1369.7917         2.6        -1340.5467       -29.2450 --
ML: -1355.6262556776978 Information: 15.07477931898592
             42     -1360.0739         2.6        -1339.7008       -20.3731 --
ML: -1354.6447577343768 Information: 14.625126606056881
             43     -1363.9491         2.6        -1336.4975       -27.4515 --
ML: -1352.1576135744713 Information: 15.367173154297902
             44     -1371.7611         2.6        -1330.6749       -41.0861 --
ML: -1346.750606208295 Information: 16.048238467163443
             45     -1346.0655         2.6        -1323.4634       -22.6021 --
ML: -1339.8759056649012 Information: 16.40497886664934
             46     -1353.5111         2.7        -1323.3995       -30.1115 --
ML: -1339.3088979035037 Information: 15.86884185646909
             47     -1354.6798         2.7        -1316.3948       -38.2849 --
ML: -1333.4721285503624 Information: 17.056679760564492
             48     -1326.8133         2.7        -1311.6811       -15.1321 --
ML: -1329.0821807838684 Information: 17.342304650752244
             49     -1341.8856         2.7        -1309.4650       -32.4206 --
ML: -1327.068535380622 Information: 17.29983573966655
             50     -1324.1337         2.7        -1300.0133       -24.1203 --
ML: -1318.0933908187112 Information: 18.07880115005058
             51     -1326.7146         2.7        -1299.3947       -27.3198 --
ML: -1317.247545339936 Information: 17.586759907431997
             52     -1329.4702         2.8        -1298.0781       -31.3920 --
ML: -1316.3209718653848 Information: 17.616230546479983
             53     -1313.8939         2.8        -1294.0856       -19.8083 --
ML: -1313.1240366286622 Information: 18.849551720409558
             54     -1333.7579         2.8        -1293.1886       -40.5693 --
ML: -1312.1362683050168 Information: 18.54325455357997
             55     -1332.4742         2.8        -1292.8561       -39.6180 --
ML: -1311.6495102592194 Information: 18.34045446921982
             56     -1325.1047         2.8        -1292.7521       -32.3526 --
ML: -1311.3822160419415 Information: 18.203788074065642
             57     -1326.2328         2.8        -1291.4148       -34.8180 --
ML: -1310.887447977719 Information: 18.397332976630196
             58     -1331.6907         2.8        -1290.2002       -41.4905 --
ML: -1310.2236530321668 Information: 18.8443847707199
             59     -1309.8838         2.9        -1279.6988       -30.1849 --
ML: -1300.7789169794012 Information: 21.07915879002026
             60     -1316.6956         2.9        -1278.5596       -38.1360 --
ML: -1299.6038241010158 Information: 20.692126031810858
             61     -1318.8527         2.9        -1275.0870       -43.7656 --
ML: -1296.7731161454028 Information: 21.460504582960084
             62     -1304.2366         2.9        -1272.8013       -31.4353 --
ML: -1294.7410177910494 Information: 21.61055226908016
             63     -1306.2167         2.9        -1272.2588       -33.9578 --
ML: -1294.0129403166445 Information: 21.333247276685142
             64     -1299.6969         2.9        -1268.6527       -31.0441 --
ML: -1291.3288786372912 Information: 22.40112117946144
             65     -1298.3041         3.0        -1268.4967       -29.8073 --
ML: -1290.7520913665232 Information: 22.013230732372335
             66     -1304.1832         3.0        -1268.1217       -36.0615 --
ML: -1290.375725518297 Information: 21.830432928868504
             67     -1309.4388         3.0        -1265.6403       -43.7984 --
ML: -1289.0708560705414 Information: 22.642630251858975
             68     -1312.9020         3.0        -1264.1046       -48.7973 --
ML: -1287.839635085644 Information: 23.056618796098576
             69     -1300.0261         3.0        -1261.2390       -38.7870 --
ML: -1285.546205321479 Information: 23.949460445639517
             70     -1286.6027         3.0        -1257.7978       -28.8049 --
ML: -1282.4961577011904 Information: 24.51841054054661
             71     -1294.0583         3.0        -1254.6729       -39.3854 --
ML: -1279.6907226606718 Information: 24.817899434123916
             72     -1289.2075         3.0        -1254.5990       -34.6084 --
ML: -1279.1456119549646 Information: 24.387818438653767
             73     -1290.2850         3.1        -1252.7631       -37.5218 --
ML: -1278.0849653763394 Information: 24.63121316974832
             74     -1276.0725         3.1        -1252.3958       -23.6766 --
ML: -1277.568348726534 Information: 24.541421195090493
             75     -1287.3877         3.1        -1251.4510       -35.9366 --
ML: -1277.0123922147893 Information: 24.6575204327072
             76     -1290.8891         3.1        -1250.6515       -40.2375 --
ML: -1276.4937315499947 Information: 24.828162491458556
             77     -1276.1454         3.1        -1249.7920       -26.3534 --
ML: -1275.9720146493676 Information: 25.068039621834828
             78     -1280.8234         3.1        -1249.0497       -31.7736 --
ML: -1275.494634304778 Information: 25.294494513526615
             79     -1284.2718         3.1        -1248.1773       -36.0944 --
ML: -1274.9933804832056 Information: 25.590674173424645
             80     -1277.0313         3.1        -1246.0184       -31.0128 --
ML: -1273.7559677222755 Information: 26.75560559205138
             81     -1268.4267         3.2        -1245.8289       -22.5977 --
ML: -1273.2767709080533 Information: 26.72238113564947
             82     -1278.8024         3.2        -1243.7323       -35.0700 --
ML: -1272.1073286520202 Information: 27.498624330815062
             83     -1268.1930         3.2        -1239.9568       -28.2362 --
ML: -1268.991651042119 Information: 28.828497499523394
             84     -1273.9875         3.2        -1239.8374       -34.1501 --
ML: -1268.4197490173503 Information: 28.398476570460616
             85     -1278.3231         3.2        -1239.6747       -38.6484 --
ML: -1268.1069865881066 Information: 28.178774321250103
             86     -1261.7655         3.2        -1238.0181       -23.7473 --
ML: -1267.4095028093273 Information: 28.440444131509935
             87     -1271.8568         3.2        -1237.5242       -34.3325 --
ML: -1266.9460122112155 Information: 28.51283905553896
             88     -1268.2529         3.2        -1236.2788       -31.9740 --
ML: -1266.291911520326 Information: 28.8930021818461
             89     -1270.3828         3.2        -1232.2400       -38.1428 --
ML: -1263.2702321705997 Information: 30.778877925015323
             90     -1272.3179         3.2        -1231.2330       -41.0848 --
ML: -1262.2174051636007 Information: 30.545251449270836
             91     -1264.1442         3.2        -1229.4385       -34.7057 --
ML: -1260.8806517902806 Information: 30.85531844348435
             92     -1262.5892         3.2        -1229.4018       -33.1873 --
ML: -1260.443655271496 Information: 30.63904173447338
             93     -1275.1795         3.2        -1224.4760       -50.7034 --
ML: -1256.8613506610136 Information: 32.23709442165249
             94     -1264.8234         3.3        -1221.1649       -43.6585 --
ML: -1253.860715139497 Information: 32.523671985814
             95     -1256.4684         3.3        -1221.1409       -35.3274 --
ML: -1253.3316293821747 Information: 32.07514073852451
             96     -1257.7224         3.3        -1221.1165       -36.6059 --
ML: -1253.0679708352568 Information: 31.8439241178977
             97     -1252.9383         3.3        -1220.7350       -32.2032 --
ML: -1252.8502959126372 Information: 31.721896743086177
             98     -1251.4747         3.3        -1217.8035       -33.6711 --
ML: -1251.5613708820572 Information: 32.84158470667734
             99     -1268.0167         3.3        -1217.0976       -50.9191 --
ML: -1250.8427786427603 Information: 32.954454808711716
            100     -1256.7452         3.3        -1216.7111       -40.0341 --
ML: -1250.41064742334 Information: 32.935368276316126
            101     -1251.1943         3.3        -1216.6085       -34.5858 --
ML: -1250.1648994517284 Information: 32.87846487591821
            102     -1256.8552         3.3        -1216.5412       -40.3139 --
ML: -1250.0104736542403 Information: 32.830671225674905
            103     -1257.6339         3.3        -1214.7499       -42.8839 --
ML: -1249.5312130318398 Information: 33.2765897151794
            104     -1246.3112         3.3        -1214.5243       -31.7868 --
ML: -1249.2371325274917 Information: 33.423364055467005
            105     -1254.6119         3.3        -1211.8293       -42.7825 --
ML: -1247.9280351527486 Information: 35.02264708951475
            106     -1252.3542         3.3        -1211.3126       -41.0415 --
ML: -1247.2984594076388 Information: 35.13716235361085
            107     -1248.1686         3.3        -1210.0966       -38.0719 --
ML: -1246.542640567839 Information: 35.476378086979935
            108     -1257.6753         3.3        -1209.8892       -47.7861 --
ML: -1246.1589982830828 Information: 35.46776321343407
            109     -1241.9668         3.3        -1208.0545       -33.9123 --
ML: -1245.2711346106007 Information: 36.13150370250651
            110     -1255.9534         3.3        -1207.1751       -48.7782 --
ML: -1244.5700461849708 Information: 36.42042363705525
            111     -1249.5305         3.3        -1206.5407       -42.9898 --
ML: -1244.0506407246446 Information: 36.55283314310873
            112     -1238.0124         3.3        -1206.5167       -31.4956 --
ML: -1243.790333389804 Information: 36.517374630345216
            113     -1247.9499         3.3        -1205.6771       -42.2728 --
ML: -1243.468072743215 Information: 36.634754784889196
            114     -1241.9701         3.3        -1204.3923       -37.5777 --
ML: -1242.9296256144746 Information: 37.11258735968556
            115     -1242.5642         3.3        -1203.2289       -39.3353 --
ML: -1242.2592881633418 Information: 37.706438527733894
            116     -1242.1130         3.3        -1203.0102       -39.1027 --
ML: -1241.8977472161212 Information: 37.812905346636626
            117     -1247.6431         3.3        -1202.8402       -44.8028 --
ML: -1241.6684795758251 Information: 37.83862598128633
            118     -1239.4274         3.4        -1202.5261       -36.9013 --
ML: -1241.485329008629 Information: 37.873663783789084
            119     -1255.1369         3.3        -1202.0518       -53.0851 --
ML: -1241.309114525474 Information: 37.94946084238495
            120     -1231.4785         3.3        -1200.0733       -31.4052 --
ML: -1240.700887699965 Information: 38.83875436943572
            121     -1239.4485         3.4        -1199.6722       -39.7762 --
ML: -1240.3037018883726 Information: 39.15939146341725
            122     -1237.9562         3.4        -1199.6462       -38.3100 --
ML: -1240.0877377715865 Information: 39.23440266491309
            123     -1234.6534         3.4        -1199.2009       -35.4524 --
ML: -1239.8911386006928 Information: 39.332726545003425
            124     -1248.2693         3.4        -1198.9931       -49.2762 --
ML: -1239.7449446444157 Information: 39.39942455379742
            125     -1244.9561         3.4        -1198.6792       -46.2768 --
ML: -1239.619734412795 Information: 39.470311137152294
            126     -1242.1673         3.4        -1198.6491       -43.5181 --
ML: -1239.5363987288765 Information: 39.50693308994482
            127     -1248.5663         3.4        -1198.1937       -50.3726 --
ML: -1239.4499112705125 Information: 39.57253837277949
            128     -1245.9939         3.4        -1197.8297       -48.1642 --
ML: -1239.3679286855545 Information: 39.65173012530022
            129     -1237.1939         3.3        -1194.5677       -42.6262 --
ML: -1238.4628541723089 Information: 41.81250665286933
            130     -1232.1378         3.4        -1193.8885       -38.2493 --
ML: -1237.852235424504 Information: 42.46400633952226
            131     -1239.6928         3.4        -1193.6663       -46.0264 --
ML: -1237.5094324528773 Information: 42.62092181769367
            132     -1234.9078         3.4        -1193.2815       -41.6262 --
ML: -1237.2428067381786 Information: 42.73038414234031
            133     -1231.5823         3.4        -1192.7936       -38.7886 --
ML: -1237.0013001571401 Information: 42.85765021538589
            134     -1239.5085         3.4        -1190.7273       -48.7811 --
ML: -1236.2065761541476 Information: 43.93605913049919
            135     -1250.9416         3.4        -1187.9152       -63.0264 --
ML: -1234.1864029315177 Information: 45.693546204062386
            136     -1237.6471         3.4        -1187.3786       -50.2685 --
ML: -1233.4623108021337 Information: 45.543551819790196
            137     -1221.0780         3.4        -1187.3353       -33.7427 --
ML: -1233.1362398818794 Information: 45.379818330937155
            138     -1240.9980         3.4        -1186.4427       -54.5553 --
ML: -1232.739631244304 Information: 45.41332576853324
            139     -1245.7522         3.4        -1186.3882       -59.3640 --
ML: -1232.518311421156 Information: 45.37824735500351
            140     -1226.8473         3.4        -1186.1562       -40.6910 --
ML: -1232.353298895467 Information: 45.362890673606216
            141     -1228.6365         3.4        -1185.8124       -42.8241 --
ML: -1232.2103104575372 Information: 45.37684867568191
            142     -1226.0529         3.4        -1184.6029       -41.4499 --
ML: -1231.9326953595096 Information: 45.63992714705341
            143     -1229.0856         3.4        -1184.4567       -44.6288 --
ML: -1231.7495043295903 Information: 45.764066226794284
            144     -1242.1622         3.4        -1184.0789       -58.0832 --
ML: -1231.5882357237153 Information: 45.886739625894165
            145     -1231.5364         3.4        -1183.6167       -47.9196 --
ML: -1231.431722106995 Information: 46.03226542362199
            146     -1240.1670         3.4        -1183.2222       -56.9447 --
ML: -1231.288469795319 Information: 46.17959619725639
            147     -1225.0192         3.4        -1182.6302       -42.3890 --
ML: -1231.1290217726757 Information: 46.38546502085444
            148     -1221.1262         3.4        -1181.9933       -39.1328 --
ML: -1230.946989889984 Information: 46.66113354480899
            149     -1234.1599         3.4        -1181.9663       -52.1936 --
ML: -1230.8314160557973 Information: 46.79872485820897
            150     -1233.0424         3.4        -1181.8727       -51.1696 --
ML: -1230.7490309717593 Information: 46.88715017374011
            151     -1221.3296         3.4        -1181.4322       -39.8974 --
ML: -1230.6646624913385 Information: 46.999354312079504
            152     -1231.0135         3.4        -1180.5482       -50.4653 --
ML: -1230.5333381602218 Information: 47.251641525988134
            153     -1222.1687         3.4        -1180.2515       -41.9172 --
ML: -1230.4212304591001 Information: 47.46088587872714
            154     -1227.7359         3.4        -1179.2510       -48.4849 --
ML: -1230.2333653063188 Information: 47.908328187213215
            155     -1225.1187         3.4        -1178.5807       -46.5380 --
ML: -1230.0183300274691 Information: 48.41777099200385
            156     -1232.5497         3.5        -1178.0458       -54.5039 --
ML: -1229.8058948087546 Information: 48.885660847609756
            157     -1230.9848         3.5        -1177.7529       -53.2319 --
ML: -1229.6371663439147 Information: 49.20868567710704
            158     -1221.6599         3.5        -1177.5599       -44.0999 --
ML: -1229.510591301637 Information: 49.42315359852955
            159     -1218.9108         3.4        -1176.9953       -41.9154 --
ML: -1229.3709764431112 Information: 49.68645976970288
            160     -1223.1819         3.5        -1176.7364       -46.4454 --
ML: -1229.2567947423165 Information: 49.89038367400212
            161     -1224.0818         3.5        -1176.7055       -47.3763 --
ML: -1229.1800687887135 Information: 50.0101800215275
            162     -1231.0169         3.5        -1176.5819       -54.4349 --
ML: -1229.1219101429517 Information: 50.098240161522426
            163     -1221.9160         3.5        -1175.8886       -46.0273 --
ML: -1229.044046985761 Information: 50.255214453778535
            164     -1213.6518         3.5        -1175.8474       -37.8044 --
ML: -1228.9896185914615 Information: 50.35660367915489
            165     -1228.9510         3.5        -1175.8149       -53.1361 --
ML: -1228.9511566296771 Information: 50.424473349301024
            166     -1219.3678         3.5        -1175.5686       -43.7992 --
ML: -1228.9171558306725 Information: 50.48935741088303
            167     -1218.6372         3.5        -1175.2817       -43.3554 --
ML: -1228.8857407164617 Information: 50.55524065722284
            168     -1221.5901         3.5        -1175.2553       -46.3348 --
ML: -1228.863243539817 Information: 50.60115346962971
            169     -1218.4984         3.5        -1174.9559       -43.5425 --
ML: -1228.8419683131126 Information: 50.64947373189102
            170     -1212.6414         3.5        -1174.5576       -38.0838 --
ML: -1228.8197525742212 Information: 50.707118776915195
            171     -1220.0507         3.5        -1174.3190       -45.7317 --
ML: -1228.7999643757755 Information: 50.761661566505836
            172     -1224.6133         3.5        -1173.8769       -50.7363 --
ML: -1228.7783555915978 Information: 50.829009596207925
            173     -1221.3678         3.5        -1173.7076       -47.6602 --
ML: -1228.7603756595447 Information: 50.88661283687634
            174     -1224.4141         3.5        -1173.6482       -50.7659 --
ML: -1228.7469160500739 Information: 50.92964654278967
            175     -1226.3050         3.5        -1173.6191       -52.6858 --
ML: -1228.7371021363563 Information: 50.96083129358408
            176     -1227.8659         3.5        -1173.5157       -54.3502 --
ML: -1228.7293720603861 Information: 50.98590871620695
            177     -1223.4805         3.5        -1173.5081       -49.9723 --
ML: -1228.723828247738 Information: 51.00377957732144
            178     -1222.5406         3.5        -1173.3768       -49.1638 --
ML: -1228.7193213611588 Information: 51.018802752697184
            179     -1225.7203         3.5        -1172.9290       -52.7912 --
ML: -1228.7142916389864 Information: 51.03771201823474
            180     -1217.5889         3.5        -1172.6329       -44.9560 --
ML: -1228.7094696632525 Information: 51.05715173154931
            181     -1231.6983         3.5        -1172.5332       -59.1651 --
ML: -1228.705668634263 Information: 51.07277159586488
            182     -1235.1727         3.5        -1171.8751       -63.2975 --
ML: -1228.7004332169404 Information: 51.097601372315694
            183     -1220.3495         3.5        -1171.8173       -48.5321 --
ML: -1228.6964767701913 Information: 51.11648958315641
            184     -1218.1181         3.5        -1171.7544       -46.3637 --
ML: -1228.6934681516539 Information: 51.130981541294204
            185     -1219.3975         3.5        -1171.7520       -47.6455 --
ML: -1228.6913127397859 Information: 51.1413366297802
            186     -1229.3106         3.5        -1171.6976       -57.6129 --
ML: -1228.6896851903884 Information: 51.14922622874951
            187     -1228.9392         3.6        -1171.6226       -57.3166 --
ML: -1228.6884299545334 Information: 51.15539456524334
            188     -1221.1490         3.6        -1171.3443       -49.8047 --
ML: -1228.687243374689 Information: 51.16154699380968
            189     -1224.3068         3.5        -1171.0836       -53.2232 --
ML: -1228.686141225906 Information: 51.167540982641185
            190     -1226.9878         3.5        -1171.0090       -55.9788 --
ML: -1228.6852911337232 Information: 51.172222254025655
            191     -1226.7898         3.5        -1170.8191       -55.9706 --
ML: -1228.6845551972206 Information: 51.1764108206371
            192     -1221.7470         3.5        -1170.7743       -50.9727 --
ML: -1228.6840040568281 Information: 51.179569948260905
            193     -1230.2046         3.5        -1170.7222       -59.4823 --
ML: -1228.6835882430235 Information: 51.181973677938686
            194     -1228.4038         3.6        -1170.5221       -57.8817 --
ML: -1228.6832244299926 Information: 51.18414863605017
            195     -1222.7182         3.6        -1170.4207       -52.2975 --
ML: -1228.6829360291645 Information: 51.18590133756015
            196     -1219.4777         3.6        -1170.2729       -49.2047 --
ML: -1228.682696541089 Information: 51.18739171368156
            197     -1227.7478         3.6        -1170.1719       -57.5759 --
ML: -1228.6825067312968 Information: 51.18859182054507
            198     -1224.4586         3.6        -1170.1395       -54.3190 --
ML: -1228.6823662799334 Information: 51.18948422142421
            199     -1232.6478         3.5        -1170.1304       -62.5174 --
ML: -1228.6822647268614 Information: 51.19013031135523
            200     -1220.1725         3.5        -1170.1138       -50.0587 --
ML: -1228.6821907502658 Information: 51.190602136473444
            201     -1222.9640         3.5        -1170.0970       -52.8669 --
ML: -1228.682136851927 Information: 51.19094677914018
            202     -1223.7548         3.6        -1169.9629       -53.7918 --
ML: -1228.682092689983 Information: 51.191235072241625
            203     -1222.3535         3.6        -1169.9231       -52.4303 --
ML: -1228.6820597649107 Information: 51.1914513090137
            204     -1229.4210         3.6        -1169.8596       -59.5613 --
ML: -1228.682034627333 Information: 51.19161799158883
            205     -1232.3265         3.6        -1169.8057       -62.5207 --
ML: -1228.6820156181282 Information: 51.19174505972319
            206     -1221.7072         3.6        -1169.6885       -52.0186 --
ML: -1228.6820003038042 Information: 51.19184922227919
            207     -1219.7794         3.6        -1169.5843       -50.1951 --
ML: -1228.681988125295 Information: 51.191933324110096
            208     -1221.6768         3.6        -1169.4250       -52.2517 --
ML: -1228.6819778920146 Information: 51.19200562206015
            209     -1225.1068         3.6        -1169.1892       -55.9176 --
ML: -1228.6819686104093 Information: 51.19207338381443
            210     -1220.3255         3.6        -1169.1208       -51.2047 --
ML: -1228.6819614886729 Information: 51.19212586424169
            211     -1226.1786         3.6        -1169.0517       -57.1268 --
ML: -1228.6819560210638 Information: 51.19216653249305
            212     -1224.1104         3.6        -1168.8493       -55.2610 --
ML: -1228.6819512244303 Information: 51.19220318065936
            213     -1226.0268         3.6        -1168.8488       -57.1779 --
ML: -1228.6819477857584 Information: 51.192229455006554
            214     -1228.2679         3.6        -1168.7685       -59.4994 --
ML: -1228.6819451156698 Information: 51.19225007131058
            215     -1221.7938         3.6        -1168.7494       -53.0444 --
ML: -1228.6819431656174 Information: 51.19226516522758
            216     -1221.5063         3.6        -1168.7458       -52.7604 --
ML: -1228.6819417633747 Information: 51.19227602390288
            217     -1219.4969         3.6        -1168.7021       -50.7947 --
ML: -1228.681940713737 Information: 51.19228419799242
            218     -1222.4602         3.6        -1168.6917       -53.7685 --
ML: -1228.6819399537349 Information: 51.19229012435335
            219     -1225.8367         3.6        -1168.5648       -57.2719 --
ML: -1228.6819393355024 Information: 51.19229502360827
            220     -1222.0133         3.6        -1168.5095       -53.5037 --
ML: -1228.68193886735 Information: 51.19229875944097
            221     -1224.8520         3.6        -1168.4932       -56.3587 --
ML: -1228.6819385263973 Information: 51.19230148581755
            222     -1221.7668         3.6        -1168.4312       -53.3356 --
ML: -1228.6819382664503 Information: 51.192303580481166
            223     -1225.1410         3.6        -1168.4233       -56.7177 --
ML: -1228.681938078712 Information: 51.19230509478916
            224     -1223.2817         3.6        -1168.3867       -54.8950 --
ML: -1228.6819379391734 Information: 51.192306225550055
            225     -1222.3342         3.6        -1168.3668       -53.9674 --
ML: -1228.6819378371802 Information: 51.19230705394352
            226     -1229.9381         3.6        -1168.3176       -61.6205 --
ML: -1228.6819377604181 Information: 51.1923076813448
            227     -1222.6382         3.6        -1168.2975       -54.3407 --
ML: -1228.6819377042978 Information: 51.19230814120692
            228     -1230.3665         3.6        -1168.2127       -62.1537 --
ML: -1228.6819376605288 Information: 51.19230850342865
            229     -1219.6414         3.6        -1168.1801       -51.4612 --
ML: -1228.681937628127 Information: 51.19230877254358
            230     -1220.2385         3.6        -1168.0591       -52.1794 --
ML: -1228.6819376019237 Information: 51.19230899335662
            231     -1217.8906         3.6        -1168.0497       -49.8408 --
ML: -1228.6819375829714 Information: 51.192309153258975
            232     -1220.8292         3.6        -1168.0381       -52.7911 --
ML: -1228.6819375692323 Information: 51.19230926944215
            233     -1219.9910         3.6        -1168.0285       -51.9625 --
ML: -1228.6819375592927 Information: 51.19230935356268
            234     -1224.1937         3.6        -1167.9771       -56.2165 --
ML: -1228.6819375517955 Information: 51.192309417251636
            235     -1229.6019         3.7        -1167.9732       -61.6286 --
ML: -1228.6819375464024 Information: 51.19230946311427
            236     -1226.3250         3.7        -1167.9710       -58.3540 --
ML: -1228.6819375425296 Information: 51.19230949618577
            237     -1234.6466         3.7        -1167.9694       -66.6772 --
ML: -1228.6819375397502 Information: 51.19230951983195
            238     -1230.1926         3.7        -1167.9557       -62.2368 --
ML: -1228.681937537731 Information: 51.192309537159645
            239     -1225.1112         3.7        -1167.9490       -57.1622 --
ML: -1228.6819375362747 Information: 51.19230954948466
            240     -1231.7111         3.7        -1167.9017       -63.8093 --
ML: -1228.6819375351806 Information: 51.19230955886633
            241     -1222.1312         3.7        -1167.8776       -54.2536 --
ML: -1228.6819375343775 Information: 51.192309565730284
            242     -1227.1930         3.7        -1167.8629       -59.3300 --
ML: -1228.6819375337936 Information: 51.19230957067725
            243     -1223.1941         3.7        -1167.8405       -55.3536 --
ML: -1228.6819375333657 Information: 51.19230957436457
            244     -1222.6867         3.7        -1167.8210       -54.8657 --
ML: -1228.681937533053 Information: 51.19230957706827
            245     -1224.0040         3.7        -1167.7711       -56.2328 --
ML: -1228.6819375328175 Information: 51.19230957920604
            246     -1222.3140         3.7        -1167.7597       -54.5542 --
ML: -1228.6819375326468 Information: 51.19230958081084
            247     -1222.2815         3.8        -1167.7494       -54.5320 --
ML: -1228.6819375325233 Information: 51.19230958178423
            248     -1229.6386         3.8        -1167.7021       -61.9364 --
ML: -1228.6819375324305 Information: 51.19230958254502
            249     -1226.2541         3.8        -1167.6897       -58.5643 --
ML: -1228.6819375323632 Information: 51.19230958310027
            250     -1223.7614         3.8        -1167.6387       -56.1227 --
ML: -1228.6819375323125 Information: 51.19230958346611
            251     -1230.6039         3.8        -1167.5982       -63.0057 --
ML: -1228.6819375322746 Information: 51.19230958390517
            252     -1223.5174         3.8        -1167.5652       -55.9521 --
ML: -1228.6819375322466 Information: 51.192309584051145
            253     -1224.7045         3.8        -1167.5540       -57.1505 --
ML: -1228.6819375322264 Information: 51.192309584122995
            254     -1235.8361         3.8        -1167.5506       -68.2854 --
ML: -1228.6819375322118 Information: 51.19230958417802
            255     -1230.7486         3.8        -1167.5268       -63.2217 --
ML: -1228.6819375322011 Information: 51.19230958422895
            256     -1228.7767         3.8        -1167.5227       -61.2540 --
ML: -1228.6819375321934 Information: 51.19230958431467
            257     -1230.3993         3.8        -1167.5210       -62.8783 --
ML: -1228.681937532188 Information: 51.19230958426806
            258     -1225.2583         3.9        -1167.5182       -57.7401 --
ML: -1228.6819375321838 Information: 51.19230958443654
            259     -1221.7669         3.8        -1167.5051       -54.2617 --
ML: -1228.6819375321809 Information: 51.19230958454068
            260     -1222.4231         3.8        -1167.5016       -54.9214 --
ML: -1228.6819375321788 Information: 51.19230958452272
            261     -1226.3835         3.8        -1167.4920       -58.8915 --
ML: -1228.6819375321772 Information: 51.1923095846405
            262     -1219.8659         3.9        -1167.4848       -52.3810 --
ML: -1228.681937532176 Information: 51.192309584711666
            263     -1227.0381         3.9        -1167.4827       -59.5554 --
ML: -1228.6819375321754 Information: 51.1923095846048
            264     -1219.9901         3.9        -1167.4826       -52.5075 --
ML: -1228.681937532175 Information: 51.19230958448816
            265     -1220.1217         3.9        -1167.4611       -52.6605 --
ML: -1228.6819375321745 Information: 51.19230958454614
            266     -1225.6366         3.9        -1167.4556       -58.1810 --
ML: -1228.6819375321743 Information: 51.19230958446974
            267     -1231.2555         3.9        -1167.4554       -63.8000 --
ML: -1228.681937532174 Information: 51.192309584490886
            268     -1229.0727         3.9        -1167.4326       -61.6400 --
ML: -1228.6819375321738 Information: 51.19230958457774
            269     -1221.3581         3.9        -1167.4114       -53.9466 --
ML: -1228.6819375321738 Information: 51.19230958444564
            270     -1229.3644         3.9        -1167.4029       -61.9615 --
ML: -1228.6819375321738 Information: 51.19230958435014
            271     -1229.9209         3.9        -1167.3658       -62.5550 --
ML: -1228.6819375321738 Information: 51.1923095842792
            272     -1229.9403         3.9        -1167.3652       -62.5751 --
ML: -1228.6819375321738 Information: 51.19230958422827
            273     -1224.1238         3.9        -1167.3645       -56.7593 --
ML: -1228.6819375321738 Information: 51.19230958419166
            274     -1234.0651         3.9        -1167.3533       -66.7117 --
ML: -1228.6819375321738 Information: 51.19230958416529
            275     -1227.2973         3.9        -1167.3488       -59.9485 --
ML: -1228.6819375321738 Information: 51.19230958414619
            276     -1219.5699         4.0        -1167.3361       -52.2337 --
ML: -1228.6819375321738 Information: 51.19230958413232
            277     -1226.7703         4.0        -1167.3284       -59.4418 --
ML: -1228.6819375321738 Information: 51.19230958412231
            278     -1220.2851         4.0        -1167.3272       -52.9579 --
ML: -1228.6819375321738 Information: 51.192309584115264
            279     -1233.9820         4.0        -1167.3232       -66.6588 --
ML: -1228.6819375321738 Information: 51.192309584110035
            280     -1234.8819         4.0        -1167.3156       -67.5662 --
ML: -1228.6819375321738 Information: 51.1923095841064
            281     -1225.7413         4.0        -1167.3058       -58.4355 --
ML: -1228.6819375321738 Information: 51.19230958410367
            282     -1232.3685         4.0        -1167.3035       -65.0650 --
ML: -1228.6819375321738 Information: 51.19230958410185
            283     -1223.9459         4.0        -1167.2877       -56.6582 --
ML: -1228.6819375321738 Information: 51.192309584100485
            284     -1220.3860         4.0        -1167.2869       -53.0991 --
ML: -1228.6819375321738 Information: 51.192309584099576
            285     -1221.8368         4.0        -1167.2836       -54.5532 --
ML: -1228.6819375321738 Information: 51.19230958409889
            286     -1219.6444         4.0        -1167.2774       -52.3669 --
ML: -1228.6819375321738 Information: 51.19230958409844
            287     -1226.4564         4.1        -1167.2702       -59.1861 --
ML: -1228.6819375321738 Information: 51.192309584097984
            288     -1223.6422         4.1        -1167.2666       -56.3756 --
ML: -1228.6819375321738 Information: 51.19230958409776
            289     -1221.8058         4.1        -1167.2655       -54.5403 --
ML: -1228.6819375321738 Information: 51.19230958409753
            290     -1218.6913         4.1        -1167.2635       -51.4277 --
ML: -1228.6819375321738 Information: 51.1923095840973
            291     -1224.1484         4.1        -1167.2530       -56.8954 --
ML: -1228.6819375321738 Information: 51.1923095840973
            292     -1224.3582         4.1        -1167.2490       -57.1091 --
ML: -1228.6819375321738 Information: 51.1923095840973
            293     -1220.9233         4.1        -1167.2409       -53.6823 --
ML: -1228.6819375321738 Information: 51.1923095840973
            294     -1224.9201         4.1        -1167.2390       -57.6810 --
ML: -1228.6819375321738 Information: 51.1923095840973
            295     -1225.8789         4.1        -1167.2311       -58.6478 --
ML: -1228.6819375321738 Information: 51.1923095840973
            296     -1224.4458         4.2        -1167.2309       -57.2148 --
ML: -1228.6819375321738 Information: 51.1923095840973
            297     -1222.8526         4.2        -1167.2306       -55.6220 --
ML: -1228.6819375321738 Information: 51.1923095840973
            298     -1219.4849         4.2        -1167.2295       -52.2554 --
ML: -1228.6819375321738 Information: 51.1923095840973
            299     -1229.0558         4.2        -1167.2288       -61.8270 --
ML: -1228.6819375321738 Information: 51.1923095840973
            300     -1223.0840         4.2        -1167.2266       -55.8573 --
ML: -1228.6819375321738 Information: 51.1923095840973
            301     -1234.3275         4.2        -1167.2252       -67.1022 --
ML: -1228.6819375321738 Information: 51.1923095840973
            302     -1225.4371         4.2        -1167.2247       -58.2124 --
ML: -1228.6819375321738 Information: 51.1923095840973
            303     -1221.2946         4.2        -1167.2214       -54.0732 --
ML: -1228.6819375321738 Information: 51.1923095840973
            304     -1223.7102         4.2        -1167.2212       -56.4890 --
ML: -1228.6819375321738 Information: 51.1923095840973
            305     -1226.0380         4.2        -1167.2193       -58.8187 --
ML: -1228.6819375321738 Information: 51.1923095840973
            306     -1227.2136         4.3        -1167.2120       -60.0015 --
ML: -1228.6819375321738 Information: 51.1923095840973
            307     -1227.7774         4.3        -1167.2091       -60.5682 --
ML: -1228.6819375321738 Information: 51.1923095840973
308<=100000000&& (308<2.0*51.1923095840973*3||Math.abs(-1228.6819375321738 - -1228.6819375321738)/Math.abs(-1228.6819375321738) > 1.0E-6
Finished in 308 steps!
Marginal likelihood: -1228.387743957839 (bootstrap SD=4.299016635197859)
Marginal likelihood: -1227.9170920196107 (subsample SD=5.093177762936128)
Marginal likelihood: -1228.444010233327(3.5771395732738465)
Information: 51.1923095840973
SD: 4.130871965420751

Operator                                                               Tuning    #accept    #reject      Pr(m)  Pr(acc|m)
ScaleOperator(bcovAlphaScaler.s:kd-looms_elaged-filtered)             0.75000       7463       3381    0.00140    0.68821 Try setting scaleFactor to about 0.562
ScaleOperator(bcovSwitchParamScaler.s:kd-looms_elaged-filtered)       0.75000       6728       4145    0.00140    0.61878 Try setting scaleFactor to about 0.562
DeltaExchangeOperator(frequenciesDelta.s:kd-looms_elaged-filtered)    0.01000       8560       2417    0.00140    0.77981 Try setting delta to about 0.02
DeltaExchangeOperator(FixMeanMutationRatesOperator)                   0.75000     218429         25    0.02805    0.99989 Try setting delta to about 1.5
ScaleOperator(BirthDeathTreeScaler.t:tree)                            0.50000      44525     283058    0.04208    0.13592 
ScaleOperator(BirthDeathTreeRootScaler.t:tree)                        0.50000      77293     249494    0.04208    0.23652 
Uniform(BirthDeathUniformOperator.t:tree)                                   -    1184291    2086978    0.42076    0.36203 
SubtreeSlide(BirthDeathSubtreeSlide.t:tree)                           1.00000     481896    1153957    0.21038    0.29458 
Exchange(BirthDeathNarrow.t:tree)                                           -          0          0    0.00000        NaN 
Exchange(BirthDeathWide.t:tree)                                             -      13792     312977    0.04208    0.04221 
WilsonBalding(BirthDeathWilsonBalding.t:tree)                               -      13667     313565    0.04208    0.04177 
ScaleOperator(BirthRateScaler.t:tree)                                 0.75000     257776      69540    0.04208    0.78754 Try setting scaleFactor to about 0.562
ScaleOperator(DeathRateScaler.t:tree)                                 0.75000     201339     126606    0.04208    0.61394 Try setting scaleFactor to about 0.562
ScaleOperator(StrictClockRateScaler.c:clock)                          0.75000     132290     193866    0.04208    0.40560 Try setting scaleFactor to about 0.607
UpDownOperator(strictClockUpDownOperator.c:clock)                     0.75000     221987     104955    0.04208    0.67898 Try setting scaleFactor to about 0.562

     Tuning: The value of the operator's tuning parameter, or '-' if the operator can't be optimized.
    #accept: The total number of times a proposal by this operator has been accepted.
    #reject: The total number of times a proposal by this operator has been rejected.
      Pr(m): The probability this operator is chosen in a step of the MCMC (i.e. the normalized weight).
  Pr(acc|m): The acceptance probability (#accept as a fraction of the total proposals for this operator).


Total calculation time: 92.624 seconds
End likelihood: -56.51012671796499
Producing posterior samples

Marginal likelihood: -1228.3342297512395 sqrt(H/N)=(4.093627688709782)=?=SD=(3.9686269703809596) Information: 50.27336296131417
Max ESS: 36.517647736850314


Processing 308 trees from file.
Log file written to kd-looms_elaged-filtered.posterior.trees
Done!

Marginal likelihood: -1228.3518310004158 sqrt(H/N)=(4.095712587153255)=?=SD=(4.024570957727283) Information: 50.324584789696814
Max ESS: 35.3075405576361


Log file written to kd-looms_elaged-filtered.posterior.log
Done!
