#
#model:
#
#<?xml version="1.0" encoding="UTF-8" standalone="no"?><input id="posterior" spec="beast.core.util.CompoundDistribution">
#    <distribution id="prior" spec="beast.core.util.CompoundDistribution">
#        <distribution id="BirthDeath.t:tree" spec="beast.evolution.speciation.BirthDeathGernhard08Model">
#            <parameter id="BDDeathRate.t:tree" lower="0.0" name="relativeDeathRate" spec="beast.core.parameter.RealParameter" upper="1.0">0.5</parameter>
#            <parameter id="BDBirthRate.t:tree" lower="0.0" name="birthDiffRate" spec="beast.core.parameter.RealParameter" upper="10000.0">1.0</parameter>
#            <tree id="Tree.t:tree" spec="beast.evolution.tree.Tree">
#                <taxonset id="TaxonSet.kd-lngs_pruned_filtered" spec="beast.evolution.alignment.TaxonSet">
#                </taxonset>
#            </tree>
#        </distribution>
#        <prior id="BirthRatePrior.t:tree" name="distribution" x="@BDBirthRate.t:tree">
#            <Uniform id="Uniform.3" name="distr" upper="1000.0"/>
#        </prior>
#        <prior id="DeathRatePrior.t:tree" name="distribution" x="@BDDeathRate.t:tree">
#            <Uniform id="Uniform.4" name="distr"/>
#        </prior>
#        <prior id="bcov_alpha_prior.s:kd-lngs_pruned_filtered" name="distribution">
#            <parameter id="bcov_alpha.s:kd-lngs_pruned_filtered" lower="1.0E-4" name="x" spec="beast.core.parameter.RealParameter" upper="1.0">0.5</parameter>
#            <Uniform id="Uniform.1" name="distr" upper="Infinity"/>
#        </prior>
#        <prior id="bcov_s_prior.s:kd-lngs_pruned_filtered" name="distribution">
#            <parameter id="bcov_s.s:kd-lngs_pruned_filtered" lower="1.0E-4" name="x" spec="beast.core.parameter.RealParameter" upper="10.0">0.5</parameter>
#            <Gamma id="Gamma.0" name="distr">
#                <parameter id="RealParameter.0" lower="0.0" name="alpha" spec="beast.core.parameter.RealParameter" upper="0.0">0.05</parameter>
#                <parameter id="RealParameter.1" lower="0.0" name="beta" spec="beast.core.parameter.RealParameter" upper="0.0">10.0</parameter>
#            </Gamma>
#        </prior>
#        <prior id="ClockPrior.c:clock" name="distribution">
#            <parameter id="clockRate.c:clock" lower="0.0" name="x" spec="beast.core.parameter.RealParameter" upper="10.0">1.0</parameter>
#            <Uniform id="Uniform.0" name="distr" upper="Infinity"/>
#        </prior>
#        <distribution id="Li.prior" monophyletic="true" spec="beast.math.distributions.MRCAPrior" tree="@Tree.t:tree">
#            <taxonset id="Li" spec="beast.evolution.alignment.TaxonSet">
#                <taxon id="HlaiBaisha" spec="beast.evolution.alignment.Taxon"/>
#                <taxon id="HlaiQiandui" spec="beast.evolution.alignment.Taxon"/>
#                <taxon id="HlaiXifang" spec="beast.evolution.alignment.Taxon"/>
#                <taxon id="HlaiZhongsha" spec="beast.evolution.alignment.Taxon"/>
#            </taxonset>
#            <Uniform id="Uniform.26" lower="0.5" name="distr" upper="1.5"/>
#        </distribution>
#    </distribution>
#    <distribution id="likelihood" spec="beast.core.util.CompoundDistribution" useThreads="true">
#        <distribution id="treeLikelihood.kd-lg-elaged-filtered" spec="beast.evolution.likelihood.TreeLikelihood" tree="@Tree.t:tree" useAmbiguities="true">
#            <data ascertained="true" data="@kd-lngs_pruned_filtered" excludeto="1" filter="-" id="orgdata.kd-lngs_pruned_filtered" spec="beast.evolution.alignment.FilteredAlignment">
#                <userDataType id="TwoStateCovarion.0" spec="beast.evolution.datatype.TwoStateCovarion"/>
#            </data>
#            <siteModel gammaCategoryCount="1" id="SiteModel.s:kd-lngs_pruned_filtered" spec="beast.evolution.sitemodel.SiteModel">
#                <parameter id="mutationRate.s:kd-lngs_pruned_filtered" name="mutationRate" spec="beast.core.parameter.RealParameter">1.0</parameter>
#                <parameter estimate="false" id="gammaShape.s:kd-lngs_pruned_filtered" name="shape" spec="beast.core.parameter.RealParameter">1.0</parameter>
#                <parameter estimate="false" id="proportionInvariant.s:kd-lngs_pruned_filtered" lower="0.0" name="proportionInvariant" spec="beast.core.parameter.RealParameter" upper="1.0">0.0</parameter>
#                <substModel alpha="@bcov_alpha.s:kd-lngs_pruned_filtered" id="covarion" spec="beast.evolution.substitutionmodel.BinaryCovarion" switchRate="@bcov_s.s:kd-lngs_pruned_filtered">
#                    <parameter dimension="2" id="frequencies.s:kd-lngs_pruned_filtered" lower="0.0" name="vfrequencies" spec="beast.core.parameter.RealParameter" upper="1.0">0.5 0.5</parameter>
#                    <parameter dimension="2" estimate="false" id="hiddenfrequencies.s:kd-lngs_pruned_filtered" lower="0.0" name="hfrequencies" spec="beast.core.parameter.RealParameter" upper="1.0">0.5 0.5</parameter>
#                    <frequencies data="@kd-lngs_pruned_filtered" estimate="false" id="dummyfrequencies.s:kd-lngs_pruned_filtered" spec="beast.evolution.substitutionmodel.Frequencies"/>
#                </substModel>
#            </siteModel>
#            <branchRateModel clock.rate="@clockRate.c:clock" id="StrictClock.c:clock" spec="beast.evolution.branchratemodel.StrictClockModel"/>
#        </distribution>
#    </distribution>
#    <distribution id="fossilCalibrations" spec="beast.core.util.CompoundDistribution"/>
#</input>
#
Sample	NSlikelihood	posterior	likelihood	prior	treeLikelihood.kd-lngs_pruned_filtered	TreeHeight.t:tree	mutationRate.s:kd-lngs_pruned_filtered	bcov_alpha.s:kd-lngs_pruned_filtered	bcov_s.s:kd-lngs_pruned_filtered	frequencies.s:kd-lngs_pruned_filtered.1	frequencies.s:kd-lngs_pruned_filtered.2	BirthDeath.t:tree	BDBirthRate.t:tree	BDDeathRate.t:tree	logP(mrca(Li))	mrca.age(Li)	clockRate.c:clock
0	-3434.2989560784063	-3464.8908298031442	-3434.2989560784063	-30.59187372473814	NaN	2.541650328105474	1.0	0.7184950005603469	8.783339558336886	0.45563461903878727	0.5443653809612125	-17.657562173925218	0.4306284525505724	0.5525397179809188	0.0	0.5101762676038071	8.684298344808738
1	-3240.886979428536	-3268.9280599582953	-3240.8869794285365	-28.041080529758993	NaN	3.309457596798964	1.0	0.4550587458881627	0.7821352925158138	0.4465637084499383	0.5534362915500618	-18.2045444336392	0.6009510330564054	0.755759772896854	0.0	0.7383645888393593	1.8559006676356768
2	-3177.879058614525	-3206.240085885476	-3177.879058614525	-28.36102727095107	NaN	2.59884342849931	1.0	0.9415145942102191	0.39615472845890715	0.5458364718499755	0.4541635281500246	-19.209300958251628	1.151133984674376	0.09736613217034003	0.0	0.6545210573853968	8.324984561327188
3	-3088.195958002547	-3107.6432694799028	-3088.1959580025846	-19.44731147731811	NaN	1.9180506216424378	1.0	0.6070398082516725	2.1137553264686293	0.4408058966614924	0.5591941033385075	-8.533129375903089	1.6209918332151463	0.44248426725559076	0.0	0.7380121109045981	0.25922878007670247
4	-3054.362866849848	-3091.4946720052044	-3054.3628668498495	-37.13180515535507	NaN	4.835721340339214	1.0	0.4870612278704922	2.471762281547608	0.4509438842971744	0.5490561157028258	-26.033180390495318	0.44421940285929046	0.2411184215653959	0.0	1.3416161175760486	1.0713974212440183
5	-3032.7643540851404	-3041.7957739574736	-3032.7643540851413	-9.031419872332371	NaN	0.9797938434226872	1.0	0.8822012990307774	5.126802507490226	0.5168601415292108	0.4831398584707891	3.025782176469839	1.2724454742048936	0.6973595246970048	0.0	0.5088763925806136	9.203013477949627
6	-3012.794792474048	-3024.1143443052483	-3012.794792474049	-11.31955183119955	NaN	1.0057169466097338	1.0	0.42071374805454276	1.0670470034320683	0.47856031058755044	0.5214396894124497	-1.159433124037121	2.8548693056690477	0.10066223368284598	0.0	0.7653038234118641	4.099508918100131
7	-3008.5820081429038	-3024.179878624104	-3008.5820081429038	-15.597870481200111	NaN	0.9201203133232472	1.0	0.7254528674167754	5.7036630001651805	0.5322349175759147	0.4677650824240853	-3.381687276453322	4.172497610153901	0.07600704315102744	0.0	0.5418840396977195	5.282872066130661
8	-2623.0206960730607	-2633.46626486672	-2623.0206960730607	-10.445568793659099	NaN	0.8516155124919823	1.0	0.9422437681727018	5.354764562787921	0.4162565452041547	0.5837434547958449	1.675758797517151	2.7034994053824883	0.3958450543823893	0.0	0.5350751010813162	1.3967352650990075
9	-2596.8529098309423	-2621.440531402889	-2596.85290983094	-24.587621571949075	NaN	2.4614803990752954	1.0	0.5819255763633516	2.6631350418468887	0.45777999434028316	0.5422200056597167	-13.399015517913615	0.5017573500077227	0.689988134971999	0.0	0.9839597829379423	0.2783775948986177
10	-2567.5547719670785	-2595.0834110232217	-2567.554771967079	-27.528639056142723	NaN	2.102435008966586	1.0	0.37664293477170513	4.3029838329455465	0.4151411554233599	0.5848588445766396	-15.72023367630855	0.1970477911594981	0.8489936354893576	0.0	0.7567213049811972	0.35877011712293366
11	-2473.3357027445318	-2487.657624164164	-2473.335702744531	-14.321921419633366	NaN	1.1006568942196873	1.0	0.9555576241787794	8.058941443867035	0.4310224825056477	0.568977517494352	-1.5418204378467784	1.8689068569672715	0.38648786830129256	0.0	0.5637887056926634	0.30775620087370403
12	-2456.5721305812062	-2477.7888586657104	-2456.5721305812062	-21.21672808450418	NaN	0.978437207819621	1.0	0.5984527530028712	3.731887072687519	0.4710969949885932	0.5289030050114067	-9.600707320385364	1.742587357848734	0.426608727085553	0.0	0.8867868838241209	0.5743627934368392
13	-2423.791114687794	-2446.7582803521677	-2423.791114687794	-22.967165664373436	NaN	1.1084639986203502	1.0	0.7493028096558514	4.932362370800096	0.46970351545373595	0.5302964845462641	-10.966138539408623	1.0650560329658032	0.0679057616213023	0.0	0.5825150390033041	0.40662443157174305
14	-2420.2507173656627	-2456.3000227534385	-2420.2507173656622	-36.04930538777634	NaN	3.7113529751349024	1.0	0.6436504905061524	0.9976372266811558	0.4191969852011388	0.580803014798861	-25.960025221043455	0.36860496311433166	0.6547964952416987	0.0	1.1323347207366226	0.06804788090048156
15	-2409.189225572957	-2436.52837679552	-2409.1892255729576	-27.339151222562663	NaN	2.5937961683566737	1.0	0.8939547616099648	1.8617816567009242	0.44382503302042015	0.5561749669795798	-16.570752108471282	0.35426478104449366	0.7780570616102312	0.0	0.6268371368482661	0.3754329368565929
16	-2403.7188328449506	-2423.423375382968	-2403.7188328449524	-19.70454253801558	NaN	1.520653769473141	1.0	0.6117763350494023	3.151971531874286	0.4301474666345704	0.5698525333654298	-8.30695491696496	1.4535449208659705	0.14309840232063648	0.0	0.5668627467527744	0.07232844844340736
17	-2393.9950781042926	-2414.9237332960674	-2393.9950781042903	-20.928655191776947	NaN	1.8890968990093802	1.0	0.6488905805474825	0.7069899490288258	0.4711355880178437	0.5288644119821567	-11.195594350266035	1.3894632341488842	0.23524122333293904	0.0	1.1791196432451014	0.25674657643465415
18	-2328.339167195413	-2341.6478706538587	-2328.3391671954128	-13.30870345844579	NaN	0.9175653250778701	1.0	0.8736968671240314	0.7243516955582422	0.43604016289980535	0.5639598371001948	-3.5508588795440614	1.6042757676502204	0.41251633123688763	0.0	0.5315371210473069	0.2864156507563674
19	-2307.0960986692894	-2340.1756154041877	-2307.096098669289	-33.07951673489887	NaN	3.0627304694542556	1.0	0.7229279120421587	2.1622027896650846	0.4568623776456193	0.5431376223543809	-22.138961584779228	0.5505532958928752	0.07065945086269243	0.0	1.012839705922961	0.0860384313140198
20	-2299.7243266303294	-2331.807158817213	-2299.72432663033	-32.082832186883245	NaN	2.3441232761298783	1.0	0.5902440905020955	4.756994935230454	0.49789885459826605	0.5021011454017337	-20.13373361356286	0.6349705831404695	0.47294026106302667	0.0	0.8930254200717584	0.10841494119712076
21	-2287.1118140725675	-2319.528691394032	-2287.1118140725675	-32.41687732146473	NaN	2.6306813094283323	1.0	0.9783807894172125	4.529460569224014	0.43602144046338226	0.5639785595366176	-20.537094819734	1.31948903436747	0.1172395674011745	0.0	0.5351510176510375	0.24946564481484265
22	-2284.0855358481044	-2311.778682452297	-2284.085535848104	-27.693146604192684	NaN	2.607178064256246	1.0	0.5580990711425482	0.5437157247869562	0.43044013565604916	0.5695598643439505	-18.225873593798976	0.832779081828833	0.11232744634382438	0.0	0.5536331905680223	0.20623613706831492
23	-2280.7006175568895	-2294.599329889531	-2280.70061755689	-13.898712332641225	NaN	0.9195511695121449	1.0	0.8869513757261139	0.35699007500744023	0.4603000830423785	0.539699916957621	-4.849794524211045	1.2308221023550254	0.6168242358011415	0.0	0.6691075061181023	0.2790547095566982
24	-2270.1520482712726	-2316.1830767275815	-2270.1520482712726	-46.03102845630897	NaN	10.440566588641282	1.0	0.5145710712962294	2.154642050444301	0.4600962983244634	0.5399037016755366	-35.09455713909756	0.2058988723221098	0.6067671173733015	0.0	0.6598386722041951	0.09467343553971297
25	-2242.809782584442	-2263.77100462281	-2242.809782584441	-20.961222038368714	NaN	1.6748721018546207	1.0	0.8153765928839497	0.9105408469777977	0.4463198709213559	0.5536801290786434	-10.96743491173478	0.6397223172639617	0.6849568449279251	0.0	0.6201853257235637	0.2360808027116424
26	-2239.188497367624	-2262.388198747927	-2239.188497367624	-23.199701380302844	NaN	1.17617893035909	1.0	0.781547959268037	0.8316734234044914	0.4671655026750196	0.53283449732498	-13.29986996668422	2.9612330306860852	0.03840653408283067	0.0	1.020343986792037	0.3621640954696573
27	-2214.225993580562	-2251.1893136616945	-2214.2259935805605	-36.963320081134114	NaN	6.048433894067385	1.0	0.4625954776508643	2.218997243676062	0.4613206825123794	0.5386793174876195	-25.992453990370276	0.214540778865767	0.8131376761428772	0.0	0.9809024080387774	0.10488024893570662
28	-2200.0071209958774	-2213.4565272498053	-2200.0071209958774	-13.44940625392802	NaN	0.9756777238526603	1.0	0.10654384599959721	1.429053165599414	0.48460010193305236	0.515399898066947	-2.9755757048213862	1.5803527031860034	0.2682042190093565	0.0	0.5615570757913072	0.21226302991570084
29	-2168.865095319196	-2194.890568509075	-2168.8650953191964	-26.02547318987851	NaN	1.7496150939149429	1.0	0.1697047985880387	2.822340417927761	0.4629114021307965	0.5370885978692029	-14.765787261031718	0.9012758085624135	0.37799813738866456	0.0	0.5256666606945224	0.09016679588194944
30	-2159.658733197491	-2179.0896648047383	-2159.6587331974906	-19.43093160724747	NaN	1.0427958603314327	1.0	0.799326085911937	2.3518347054485655	0.41463438004490627	0.5853656199550934	-8.39154844021153	1.8824170008786003	0.2708364978524232	0.0	0.5551549945469624	0.18739001950767106
31	-2157.3778644593835	-2178.9807292209744	-2157.3778644593835	-21.60286476159058	NaN	0.9524642657148188	1.0	0.2405309251569191	9.238692884700281	0.4450644796002638	0.5549355203997356	-8.57500134613256	1.6676039074590818	0.004560791126557053	0.0	0.5003080840281282	0.183055572737999
32	-2146.4342154456263	-2159.6810016176214	-2146.434215445626	-13.246786171995552	NaN	1.0288154913775196	1.0	0.14619640644669354	9.646061084275289	0.4755830521831833	0.5244169478168158	-0.1371941573675146	2.127860217552462	0.20913240625546503	0.0	0.5954853709145886	0.4041699050459521
33	-2132.4993280260337	-2155.0912492609054	-2132.4993280260333	-22.59192123487209	NaN	1.6962005475388982	1.0	0.2057283780044725	4.733840509787624	0.531061090735673	0.4689389092643258	-10.64977347006337	1.3327891191987091	0.14858843852223214	0.0	0.5469340067837589	0.19984049790887437
34	-2125.5224311026145	-2145.808267516801	-2125.5224311026145	-20.285836414186857	NaN	1.3534493312424205	1.0	0.12902352238796708	2.2875105767131347	0.532907768081633	0.4670922319183662	-9.279230687068223	1.9126989063664237	0.004931099717586724	0.0	0.5458718279289481	0.27786610626280567
35	-2125.132590108824	-2158.808034002392	-2125.132590108824	-33.67544389356831	NaN	2.4712330003192595	1.0	0.12824570141762082	3.66372043594605	0.4618011443856865	0.5381988556143125	-22.083752928805715	0.6324893440539067	0.04280496209931197	0.0	0.5616354193804813	0.12862429962797334
36	-2113.9516034505314	-2140.6567685897326	-2113.951603450531	-26.70516513920159	NaN	1.6310343081673633	1.0	0.34162938787154273	5.652866952265426	0.45996955067486744	0.5400304493251314	-14.502560009732099	1.1471705529306722	0.047046802463033444	0.0	0.6133782345208534	0.23436200382730119
37	-2095.2617848770756	-2132.541643601411	-2095.2617848770738	-37.27985872433717	NaN	3.9515350733663546	1.0	0.4607075493475916	5.716205252312975	0.45753664207375017	0.5424633579262484	-25.060334555007373	0.4333196191889423	0.6302155909346984	0.0	0.5783692865575922	0.0799740915613979
38	-2078.84036597382	-2101.406053307258	-2078.84036597382	-22.565687333437815	NaN	1.745452834729489	1.0	0.1192829510461722	0.2110739843585708	0.5458664612895961	0.45413353871040274	-14.030585442002973	1.7216388047860067	0.27286984139978115	0.0	0.9808684527979679	0.5039551716223251
39	-2064.535370767293	-2081.8448779381674	-2064.5353707672925	-17.309507170874873	NaN	1.2403753252262564	1.0	0.4138446901579534	4.7652955529549645	0.4599919013467053	0.540008098653293	-5.357922297958712	1.324260911990014	0.26891814670652514	0.0	0.7180427268044812	0.3922432643695475
40	-2055.3844094984834	-2066.013768246502	-2055.384409498483	-10.629358748019134	NaN	1.119503020843931	1.0	0.4601953101821599	0.1041466758891954	0.5744549816165214	0.42554501838347747	-2.776037622683776	3.0567898804357494	0.08770824271386694	0.0	0.5303878595046412	0.4084596306870328
41	-2043.1780599460365	-2082.9892281075117	-2043.1780599460362	-39.811168161475656	NaN	3.960583899116299	1.0	0.8651037498512216	7.293856299150745	0.4463773827544584	0.5536226172455403	-27.202338025472827	0.7234539223878685	0.07313806292563756	0.0	0.5436526633062431	0.07196746802192197
42	-2035.1613186218142	-2045.2071094364912	-2035.1613186218142	-10.045790814676959	NaN	0.9720046400528514	1.0	0.2382713648952174	0.04049581746338276	0.5433875249099459	0.45661247509005326	-3.0962062518231517	1.923452710204125	0.12132736120638621	0.0	0.8862482611531167	0.2838542168958036
43	-1983.1666547218801	-2003.0424227085052	-1983.16665472188	-19.875767986625352	NaN	3.2598616239509375	1.0	0.24840522030865955	0.109439299636828	0.5704658302796448	0.4295341697203541	-11.974826285391481	0.3930145550585678	0.7624669854025535	0.0	0.9712192946048739	0.3725464675548726
44	-1976.7260111895898	-2006.5550718792852	-1976.7260111895898	-29.829060689695275	NaN	3.5306716313476527	1.0	0.2353253874746161	0.11015626077791082	0.5650594122186802	0.4349405877813188	-21.92184392919271	0.7307943365098757	0.44893203995606235	0.0	0.5418401280958203	0.27488118404851714
45	-1973.5897026888326	-2002.4980002189911	-1973.5897026888326	-28.908297530158396	NaN	2.5044527928690945	1.0	0.5190933846739594	0.028592068061256182	0.6059184408730812	0.3940815591269176	-22.29056923179965	0.6090758278119579	0.038741453038255755	0.0	0.8897908499747085	0.05946734277760668
46	-1968.5717321660036	-2003.9727069397004	-1968.571732166004	-35.400974773696284	NaN	4.085285087663094	1.0	0.1443104915334663	9.151673400507988	0.42695878889350347	0.5730412111064951	-22.39080378848791	0.6289308576108803	0.2851139631426242	0.0	1.2166759370023534	0.09650766894027035
47	-1967.2725354763174	-1991.6949896970805	-1967.2725354763174	-24.422454220763104	NaN	2.0376741038434982	1.0	0.09764704904935982	1.4883431378096548	0.4318804718199319	0.5681195281800667	-13.904075834765472	1.3407150655082973	0.6006686042273283	0.0	0.6331261182647374	0.2296683185740096
48	-1966.69860648617	-1999.4503897423854	-1966.69860648617	-32.75178325621538	NaN	2.6690986857179557	1.0	0.1009588006751528	1.8102184556724903	0.3950773326528574	0.6049226673471413	-22.015222520814856	0.9902819763274047	0.009916596632098798	0.0	0.7096130679885007	0.09968726305238099
49	-1965.058147180464	-1982.23330702148	-1965.0581471804642	-17.17515984101578	NaN	1.4433954843422803	1.0	0.22825892119625055	0.6323149779745344	0.3900441728861996	0.6099558271137993	-7.555613853344649	1.315552068259591	0.04161833197274641	0.0	0.6138987971325687	0.22425264018043334
50	-1964.0289040332796	-1996.2687116395446	-1964.02890403328	-32.23980760626457	NaN	3.906495920432094	1.0	0.1071287264983335	0.6075117479014402	0.4177425275759401	0.5822574724240586	-22.660757274343652	0.42264351556043345	0.5408295010146085	0.0	1.084889953182477	0.11139975379319574
51	-1962.465530172244	-1988.249113678221	-1962.465530172244	-25.78358350597704	NaN	1.5419509228808832	1.0	0.8965396414470995	5.501782671122564	0.5666660030379842	0.4333339969620141	-13.621822950523928	0.11486884797590881	0.9488788551103908	0.0	0.7151318036866844	0.13598758579822132
52	-1959.247109981144	-1973.2565412383622	-1959.2471099811441	-14.009431257217969	NaN	0.7921307161787703	1.0	0.11155882675759182	1.662291910916372	0.5885297824694712	0.4114702175305271	-3.3686508780623363	1.164299919878705	0.39240329381823763	0.0	0.5081711015065644	0.3440844680806687
53	-1957.4922658776804	-1992.841739674252	-1957.4922658776804	-35.34947379657152	NaN	3.9143691769187097	1.0	0.051526405376178634	1.9263678801619628	0.504626552467139	0.4953734475328595	-24.54221878650683	0.7363682579051622	0.17053649302810261	0.0	0.6909228780461989	0.1347818110646342
54	-1948.5052486989518	-1969.912410000658	-1948.5052486989518	-21.407161301706093	NaN	1.5805493340307541	1.0	0.021635702226761297	4.025444142414338	0.5695918832399172	0.430408116760081	-9.689849664592995	1.463556194629535	0.07696384450739256	0.0	0.6447485412039546	0.30198695303312034
55	-1947.2047712048416	-1979.033923143386	-1947.2047712048416	-31.82915193854435	NaN	2.705768555041201	1.0	0.09382860381337081	1.2944457636889823	0.549129218694937	0.45087078130506136	-21.46276513674973	0.6284176244941376	0.01812176645243421	0.0	1.408430472340244	0.11435894670313694
56	-1940.7315110646978	-1944.7213658443927	-1940.731511064698	-3.9898547796948067	NaN	0.6015812157999921	1.0	0.012940908577085155	1.7798566097583468	0.5882772069293184	0.41172279307067977	6.7276007804710405	4.09556417863356	0.3447547033618687	0.0	0.5385503932896551	0.3767652782864134
57	-1934.4174984566644	-1958.2229150180651	-1934.4174984566644	-23.805416561400836	NaN	1.5909169138611015	1.0	0.08900473007638184	3.4785733268771546	0.5359962101277526	0.4640037898722461	-12.281504360151608	1.6225121203543815	0.2959550804517532	0.0	0.9332364355927968	0.1859575889982877
58	-1928.3137683848909	-1967.5539054389114	-1928.3137683848909	-39.24013705402064	NaN	3.779135084517736	1.0	0.006348033455551763	9.262952790694348	0.5840187096217554	0.415981290378243	-26.20735631024038	1.038654292505637	0.08648692574082259	0.0	0.9310217490402257	0.11062389717167952
59	-1922.698673835672	-1941.397746945344	-1922.6986738356723	-18.69907310967174	NaN	1.2825462213540555	1.0	0.03823739391202142	9.056019260021728	0.6185819541604626	0.3814180458395359	-5.708449283169636	2.3848800673772175	0.1633184977370071	0.0	0.5058434451136447	0.39114137370648616
60	-1920.323680698222	-1951.7593998122554	-1920.323680698222	-31.43571911403352	NaN	2.7032296211094886	1.0	0.03846639593990377	7.404387817261758	0.6022934025097575	0.397706597490241	-18.801547463497624	0.8052293161400457	0.17534178202376294	0.0	1.3309128193725683	0.17927930698421665
61	-1904.996104975328	-1911.674058616444	-1904.9961049753276	-6.6779536411164315	NaN	0.9946288572782622	1.0	0.02806454106281627	1.6915710295419906	0.6466909412071792	0.35330905879281915	3.9823420119020287	2.1758051027233205	0.32376965031353294	0.0	0.8809505639741155	0.4478875402664631
62	-1885.9420063817945	-1921.6212599236433	-1885.942006381795	-35.6792535418483	NaN	5.774117831235116	1.0	0.01803468567397722	7.855610425469411	0.5371584812841922	0.462841518715806	-22.943762183241034	0.38296289951018303	0.4213051160121915	0.0	0.7256465249106583	0.16469417397412406
63	-1872.218611307178	-1896.5437034207437	-1872.2186113071778	-24.325092113565844	NaN	2.212755597156187	1.0	0.07548411619514225	0.7935758292547345	0.6676841249271255	0.3323158750728727	-14.473616667492209	0.7856957934198496	0.19713349344511055	0.0	1.2025836321873458	0.24405795385028473
64	-1864.5970320466342	-1891.0294026168178	-1864.5970320466345	-26.432370570183334	NaN	3.880072469723041	1.0	0.0222519280986402	2.5446418479506066	0.5400817213446347	0.45991827865536355	-15.298852233945007	0.6582829124606865	0.3792993351472587	0.0	0.7018982546081585	0.14190424417757588
65	-1859.3551000829802	-1886.7939653297437	-1859.3551000829796	-27.438865246764237	NaN	2.5013437385892856	1.0	0.044973613257221164	1.7741928798732733	0.5443224718199455	0.4556775281800525	-16.725003900342216	0.6901869837526964	0.3270117348705075	0.0	0.7509295050693483	0.1218069894613564
66	-1836.5821406426173	-1867.5016670518053	-1836.5821406426176	-30.91952640918782	NaN	3.1778749747258486	1.0	0.03609102427954838	0.952504508074342	0.5619333597328425	0.4380666402671558	-20.87873964084755	0.851015266782695	0.09952251754748725	0.0	0.653378608008043	0.09853178657839257
67	-1812.4013718290585	-1830.5184618819437	-1812.4013718290587	-18.11709005288509	NaN	1.5080644168401112	1.0	0.17011490918143168	3.508255869444439	0.6960849359727918	0.3039150640272064	-6.582137671103251	0.8060954781082049	0.6374252191589027	0.0	0.509066880703485	0.25207169775609584
68	-1808.1853630464598	-1832.9013122318313	-1808.1853630464598	-24.715949185371457	NaN	2.029950460008032	1.0	0.3654546165227832	4.170274932765218	0.6594459473700428	0.3405540526299552	-12.950575090893064	1.4491602082601887	0.1218189598543208	0.0	0.5652327521223048	0.19600538226567749
69	-1806.1735318901865	-1835.3218141175364	-1806.1735318901865	-29.148282227349902	NaN	2.352965033586779	1.0	0.5237933141372386	6.248478466800223	0.5773649998031033	0.4226350001968948	-16.79094955662752	1.0776095205052316	0.00894306508455935	0.0	0.6126812052697246	0.14798844257837926
70	-1804.9798938757622	-1838.2833016699612	-1804.9798938757622	-33.303407794198996	NaN	3.4309945596259097	1.0	0.7213907671332915	3.636408169156175	0.5602390633442532	0.43976093665574495	-21.72155663622921	0.33572268134280703	0.5976104036665065	0.0	0.7881714647313305	0.12517772750359618
71	-1804.2710867829242	-1829.2435420362901	-1804.2710867829242	-24.97245525336602	NaN	1.9044359518852227	1.0	0.36436998736281834	7.615978416153354	0.5961481511974019	0.4038518488025959	-12.290357636769127	1.8821778730738505	0.0027758825972525863	0.0	0.8045041550982563	0.18127323645003893
72	-1799.8426223120284	-1824.6587392213064	-1799.8426223120284	-24.816116909278023	NaN	1.5472929609925425	1.0	0.41408178878026874	3.636577237737423	0.6404922176966003	0.3595077823033977	-13.234204676850911	1.4933127483801185	0.13347509041484157	0.0	0.5135030143063826	0.17990603600941243
73	-1792.0797647701927	-1809.3786534932522	-1792.0797647701927	-17.298888723059562	NaN	1.5121524509771882	1.0	0.20854605795587117	5.659090180517485	0.5633323674792304	0.43666763252076773	-5.094615993211831	1.9492753133926322	0.23502108962268936	0.0	0.5039885053138287	0.3347670866776135
74	-1787.1943077953474	-1821.3774581430775	-1787.1943077953476	-34.18315034772989	NaN	3.298373630504159	1.0	0.3019703091915519	4.481157023566456	0.5448024413113821	0.45519755868861606	-22.318383697281867	0.4803832969696988	0.15077929560586498	0.0	0.6008700009584365	0.1085356369310319
75	-1784.9736685616438	-1829.2338498404147	-1784.9736685616435	-44.2601812787711	NaN	7.41813043257509	1.0	0.8043307275837633	4.277889769406593	0.6175111006651768	0.38248889933482116	-32.45984171584456	0.2623032158551876	0.17883184705731617	0.0	0.6996692353824256	0.07319819015868172
76	-1784.5531570734306	-1812.3286280355417	-1784.553157073431	-27.775470962110624	NaN	2.1676409417015012	1.0	0.7622413383301164	6.811072249840866	0.6367729791516419	0.3632270208483561	-15.279977920424143	0.9140381992906955	0.3653389657751837	0.0	0.5532160904082395	0.17232706307792447
77	-1783.7258389479716	-1811.2946699442782	-1783.7258389479714	-27.568830996306865	NaN	2.7524408345376634	1.0	0.5008277605128709	6.320023669181986	0.607094371397831	0.3929056286021671	-15.193528089093386	0.9036148688535356	0.33433988206106674	0.0	0.6384790786488082	0.15382904505791078
78	-1781.7923909167566	-1813.064115885542	-1781.7923909167562	-31.27172496878564	NaN	2.588859839543145	1.0	0.9727465793249729	5.51722983437952	0.6371654096885435	0.3628345903114541	-19.10575615257399	1.194949589766491	0.21675813294783589	0.0	0.794157278136483	0.12186088630849189
79	-1779.612356646093	-1799.2453971102718	-1779.612356646092	-19.633040464179945	NaN	1.543489382406436	1.0	0.24821718747436455	0.7716741065341821	0.6062288509356408	0.3937711490643573	-9.810342630728382	1.0753840918148825	0.6322175912636955	0.0	0.6668905307835543	0.19303037427295605
80	-1772.154713299461	-1808.8680217382234	-1772.1547132994606	-36.71330843876295	NaN	5.489341241750746	1.0	0.19267113092727742	8.202148075111335	0.6015333131915684	0.3984666868084295	-23.902153620241435	0.4398400887448361	0.31046180724620487	0.0	0.6727894564111505	0.12558044253138514
81	-1768.9071401644953	-1801.8302507269673	-1768.907140164495	-32.923110562472196	NaN	4.708351074527905	1.0	0.9458066652765549	6.51614186601462	0.6047052218958108	0.39529477810418706	-20.4991643018587	0.38980212863146285	0.5434076259301034	0.0	0.7094473473621101	0.11808104745949059
82	-1767.6890232161209	-1798.6451613086758	-1767.6890232161209	-30.956138092554887	NaN	2.994748966076321	1.0	0.5305320330293578	2.164665727857795	0.5999533840311845	0.4000466159688138	-20.014255131335613	0.8843628976856178	0.08387296794944096	0.0	0.5166888502725913	0.1225858549317039
83	-1765.206009942577	-1799.3461601068739	-1765.206009942577	-34.14015016429666	NaN	3.4900678801963867	1.0	0.4756344623729226	1.2120104711432582	0.6178381684668073	0.3821618315331907	-23.844518881690163	0.7741864262213242	0.478894254696238	0.0	0.5596914217837168	0.0916838440576538
84	-1760.383069416351	-1788.1147095164638	-1760.3830694163512	-27.731640100112543	NaN	3.0065413278993995	1.0	0.0883685133070384	1.3472363612588791	0.6478277129194241	0.3521722870805736	-17.32200014263515	0.3769863904212203	0.7497988151006147	0.0	0.6957330348018056	0.15187890058558662
85	-1755.703109268799	-1782.5804551109843	-1755.7031092687987	-26.8773458421857	NaN	1.9470144894107444	1.0	0.25367982163929725	2.0172027670573045	0.5586155123265351	0.4413844876734632	-16.017235636992712	1.047581098339344	0.238945909909484	0.0	0.5966694223929687	0.1391476368219674
86	-1755.2925420541046	-1776.3891116704622	-1755.2925420541046	-21.096569616357538	NaN	2.0904489588923783	1.0	0.02966003184876994	1.7943999286000971	0.5894948439551981	0.4105051560448	-10.369928757602173	1.628959482461688	0.018438889919265868	0.0	0.5320701970360762	0.20859383635407389
87	-1753.1267473444577	-1784.3637376677066	-1753.1267473444582	-31.236990323248378	NaN	4.931630247593048	1.0	0.05905758425470913	1.1767751060845952	0.640613752929826	0.35938624707017147	-20.972910228588823	0.49874973918427973	0.5187229954780195	0.0	0.7470408717575712	0.11004687096953035
88	-1752.961989560737	-1781.678740745194	-1752.9619895607373	-28.716751184456854	NaN	3.7420926130479506	1.0	0.10700457888525844	0.56811246060015	0.6092472307734783	0.3907527692265195	-19.20534029526589	1.443625780457057	0.2536582278444667	0.0	0.588116736639182	0.15323623907566547
89	-1752.355015289084	-1772.3735153474456	-1752.355015289084	-20.018500058361738	NaN	1.9881781100742195	1.0	0.03611272270706964	0.43752390432761223	0.5995958675109538	0.4004041324890444	-10.76827667264869	1.628192400621256	0.2276262806141399	0.0	0.5718701218072799	0.25751880383763004
90	-1747.2173708035264	-1763.649898091345	-1747.2173708035257	-16.432527287819383	NaN	2.52682156064606	1.0	0.10700515128669502	0.27533514903184786	0.6124425045503543	0.38755749544964385	-7.638507927856759	1.1170573598596125	0.5107499175393294	0.0	0.531376845252103	0.46578537121404145
91	-1744.365407712606	-1775.8504149464736	-1744.365407712606	-31.4850072338678	NaN	4.136943467017173	1.0	0.15419830364659962	0.3778172401649644	0.6139070623022815	0.38609293769771696	-22.380139232481657	0.4050308721622058	0.7398917213063604	0.0	1.0439758978680498	0.13158664608672138
92	-1743.6077587712086	-1765.2893183084134	-1743.607758771209	-21.68155953720421	NaN	2.8499436731950367	1.0	0.12110848542437536	1.0555722400078256	0.6312483669729115	0.3687516330270874	-11.532859702424725	1.025843081098822	0.16962177567114473	0.0	0.6686765518541953	0.21579039453008242
93	-1742.6659812267771	-1772.5819220348092	-1742.6659812267771	-29.915940808032023	NaN	3.680753492495568	1.0	0.0609243480493904	0.5415577241105507	0.595042399833764	0.4049576001662343	-20.452661637879395	0.7499397975051322	0.008098691591505822	0.0	0.8893487772286188	0.1380809212673996
94	-1742.2456702848858	-1775.832716370964	-1742.2456702848858	-33.58704608607818	NaN	7.143993156262459	1.0	0.08064840574522783	0.7969758567625517	0.6674308350877499	0.33256916491224936	-23.73116911434859	0.2926011272986472	0.7290357581399227	0.0	0.7494468578833029	0.12760221366673777
95	-1740.0756299782486	-1764.945792548255	-1740.0756299782483	-24.87016257000667	NaN	2.674076791411726	1.0	0.075146342741286	0.5495970778487408	0.660821258185841	0.3391787418141583	-15.392080489747599	1.5269468213704642	0.3161549639399966	0.0	0.6630404054418837	0.14916537701861063
96	-1735.557974619918	-1777.837803989549	-1735.5579746199178	-42.279829369631244	NaN	7.416784495767727	1.0	0.19714041191347398	0.385207425749476	0.6125198646703743	0.3874801353296237	-33.155819547890225	0.3271178504944134	0.045447378739293234	0.0	0.8624595921807474	0.07013806625356009
97	-1734.9144963549777	-1754.5898323433269	-1734.9144963549777	-19.67533598834918	NaN	2.3525078758904012	1.0	0.24729256041568026	1.3186260632590074	0.6245531669884359	0.375446833011564	-9.288948830648946	0.5701181006593674	0.7008463123478074	0.0	0.737024656073475	0.23315153497117166
98	-1734.73567535654	-1757.1802553058667	-1734.7356753565396	-22.44457994932719	NaN	3.4992860936635974	1.0	0.09188638101235228	0.5802164150735977	0.624356878890302	0.37564312110969766	-12.911930982956175	0.23322318689255278	0.894276162504252	0.0	0.548797042561397	0.2106835719032442
99	-1733.2641228394768	-1773.8425334129972	-1733.264122839476	-40.5784105735213	NaN	8.437153173277393	1.0	0.13900824200188058	0.6026566760628772	0.6406986349435616	0.3593013650564382	-31.007468395188035	0.1301588766112311	0.8430174214026016	0.0	0.9719804384721957	0.06923333295667988
100	-1730.3800826278402	-1761.6178797073228	-1730.3800826278402	-31.237797079482522	NaN	3.525081986540001	1.0	0.10182442107169612	1.1747493469491304	0.6711138876258207	0.32888611237417914	-20.975556347164378	0.5216965045002915	0.2052330416438775	0.0	0.7896137451300507	0.12595169641114567
101	-1728.667600229415	-1754.6528385549643	-1728.6676002294153	-25.98523832554908	NaN	2.7016772024933164	1.0	0.1404834593694468	0.677633617257212	0.6639607740557467	0.3360392259442529	-16.29540232753823	0.31376647280913955	0.7848189910647573	0.0	0.7008480369005436	0.13665117441339159
102	-1727.3504239317454	-1757.667239842786	-1727.350423931745	-30.316815911041186	NaN	4.228857431349762	1.0	0.09083494841522091	1.6719187227158205	0.6192779480063265	0.3807220519936732	-19.66958699655422	0.6595422179375257	0.33641412919353725	0.0	0.5974663236858051	0.13204153663167492
103	-1726.0586431110482	-1757.8310400440507	-1726.0586431110485	-31.772396933002177	NaN	4.593200691148295	1.0	0.06132316041365137	0.6475146502920285	0.6436059159101236	0.3563940840898763	-22.128764900033637	0.2481663683573085	0.8611581196238453	0.0	1.0312454249731182	0.11490909240809584
104	-1723.2870038415344	-1753.2000440493287	-1723.2870038415342	-29.913040207794378	NaN	3.7596504458960887	1.0	0.10751619510539116	1.1297586976902207	0.6574099714954416	0.3425900285045585	-19.692396738690604	0.676274048008125	0.03566660422740096	0.0	0.605436345841051	0.11284975717802871
105	-1720.0954511945063	-1753.3269634402109	-1720.0954511945065	-33.231512245704316	NaN	5.2275818786535515	1.0	0.09118700121580804	0.3752580004565496	0.6376824957966937	0.3623175042033064	-24.133357124915758	0.479175466749306	0.23414158097040744	0.0	0.7664768412732146	0.10597371043289494
106	-1718.65662912552	-1747.5374320246601	-1718.65662912552	-28.880802899140093	NaN	3.022038815908268	1.0	0.013015158034241104	3.6201615365790225	0.5833952108004753	0.41660478919952404	-17.304830295002485	1.0483984069693009	0.008945838488831846	0.0	0.6350351014531643	0.11878371788398619
107	-1716.4608786429628	-1747.8369802953337	-1716.4608786429624	-31.37610165237128	NaN	3.8064924758133545	1.0	0.013980082832277878	1.4626835015909978	0.6234303436460957	0.3765696563539042	-20.87681044227357	0.8289173054449426	0.16865089160979516	0.0	0.6664597882808252	0.11113847612519763
108	-1713.4749845044214	-1744.0362918149162	-1713.4749845044214	-30.561307310494932	NaN	2.668242571197967	1.0	0.008202860057195643	1.210394646300964	0.6238713122116468	0.3761286877883529	-20.26710497380151	0.3865091641419855	0.44695260547926813	0.0	0.5933652480115277	0.12686827393166877
109	-1712.7801933071178	-1751.1680869693625	-1712.780193307118	-38.38789366224447	NaN	7.573589298060689	1.0	0.031597090924444834	0.7732622554239329	0.6594883280464519	0.3405116719535475	-28.563083869407038	0.2278634612452026	0.6182932588576496	0.0	0.6125058397982688	0.06905322582278604
110	-1708.6261207875232	-1746.980639468539	-1708.6261207875234	-38.35451868101563	NaN	5.3465062899657685	1.0	0.028224796005167217	4.103631800318974	0.5962020105504605	0.40379798944953954	-26.611112999056353	0.5951236553285942	0.1978953050646395	0.0	0.809216068204571	0.06553599862597148
111	-1708.5724363831166	-1740.3288431966546	-1708.5724363831166	-31.756406813537872	NaN	3.8855609614887605	1.0	0.004571408249507479	0.499409122517218	0.6506390274246159	0.349360972575384	-22.374315319233677	0.8039201951705777	0.028244083776478766	0.0	0.6743743800852462	0.10066597280640499
112	-1708.5654951070474	-1727.0971963343493	-1708.5654951070471	-18.531701227302154	NaN	2.1472782398409316	1.0	0.006053799736054842	0.3239043227661157	0.6282881614628886	0.37171183853711115	-9.578488811900819	1.4406662406511304	0.009513630947114146	0.0	0.6317043940026501	0.32111248506649437
113	-1704.4411573788134	-1753.6128934458302	-1704.4411573788134	-49.17173606701683	NaN	9.251361344036575	1.0	0.017643781898170997	0.4270773263677145	0.6301679380482202	0.36983206195177915	-39.945515280151525	0.6525154112762239	0.19902998224823615	0.0	0.7019366182555302	0.07386102193558003
114	-1700.0021449891076	-1739.4983887587723	-1700.0021449891076	-39.496243769664794	NaN	5.839233879049053	1.0	0.03051027538231668	0.764490648761044	0.7027234893564032	0.2972765106435961	-29.68314918135317	0.6759432527918399	0.20211503580742182	0.0	0.9375205615754352	0.07499067045995121
115	-1697.266200969451	-1724.6140093314566	-1697.266200969451	-27.34780836200565	NaN	4.542230953310465	1.0	0.012740223717307623	0.20476186743055053	0.6928166253862489	0.30718337461375045	-18.842180658051873	0.6354338306476578	0.33424064937685055	0.0	0.5322309982197853	0.19125489724044478
116	-1697.2591585520129	-1733.3188311591207	-1697.2591585520133	-36.05967260710725	NaN	9.991152032664456	1.0	0.022114396604290997	0.2208077989814846	0.7125392231594686	0.2874607768405301	-27.48076760406796	0.40328815447976823	0.33155734258704483	0.0	0.6214912098671252	0.1049242964505222
117	-1697.2217255502649	-1739.4670049376837	-1697.221725550265	-42.2452793874185	NaN	7.222185461474041	1.0	0.01859137470121471	0.9609535644646244	0.6895641499425986	0.31043585005740065	-32.195258027924	0.19627995190189648	0.7144219559442897	0.0	1.2815312506933516	0.06054230699808541
118	-1696.1689313537338	-1735.476609325416	-1696.1689313537338	-39.307677971682025	NaN	9.175837079589824	1.0	0.018719256292528425	0.35450147303046303	0.6762474275472503	0.3237525724527483	-30.26565472859074	0.12143817448307755	0.7835127892412845	0.0	0.583113779131935	0.08480942087781713
119	-1695.8726433780216	-1735.2150354510582	-1695.8726433780216	-39.34239207303653	NaN	7.1601048009162955	1.0	0.022186185440397813	0.3833880040213479	0.6454163857516296	0.35458361424836893	-30.223061888363	0.49534201198095135	0.33319721903362126	0.0	1.0225926504621965	0.10080862069386008
120	-1691.6702026016005	-1739.5518679360769	-1691.6702026016003	-47.88166533447659	NaN	13.686705373783466	1.0	0.007592760571128096	0.5012090048755838	0.681287642828472	0.3187123571715276	-38.49597618432131	0.2730907535859292	0.0823340497481469	0.0	1.2213485689782129	0.05764983420399016
121	-1687.547753432962	-1730.7204605251438	-1687.5477534329618	-43.17270709218201	NaN	9.464342891278406	1.0	0.08301272174301147	0.3473980927105987	0.6469354016820191	0.35306459831797893	-34.15062326783145	0.31064435813113506	0.2612949031664499	0.0	0.8337625020330055	0.054676838898984455
122	-1687.1403163489592	-1716.4812089682316	-1687.1403163489592	-29.340892619272484	NaN	4.122011484417089	1.0	0.0959313502325308	0.5971227167652434	0.6406649483447762	0.3593350516552223	-19.779267612355305	0.8627273032316702	0.47131584601534504	0.0	0.6581362265538422	0.15405791255067336
123	-1686.4617700710712	-1717.7877803713109	-1686.4617700710714	-31.326010300239368	NaN	3.6821778924528807	1.0	0.031640913484801685	0.6849065203227165	0.6595908952489263	0.3404091047510722	-21.625305184402304	0.41390801124780596	0.5745298869555099	0.0	0.5731999153106742	0.13086007470267236
124	-1686.239417134945	-1719.079041912076	-1686.2394171349451	-32.83962477713092	NaN	4.759684209099193	1.0	0.029250550901823633	1.7560159945842293	0.6506217652962082	0.3493782347037905	-22.137364219469557	0.5424694449988336	0.3233496800271481	0.0	0.5891066666534037	0.10756763905690432
125	-1686.1795887305225	-1711.3607246027714	-1686.1795887305225	-25.181135872248905	NaN	2.8438497964653	1.0	0.023660682506376728	0.6472637659254611	0.6017931904560568	0.3982068095439415	-15.537897083608774	0.6065574558356449	0.460753620780006	0.0	0.5324089510418681	0.15543472365359634
126	-1685.0584533029648	-1722.4771363261107	-1685.0584533029646	-37.41868302314599	NaN	6.106160357231415	1.0	0.006730818109855261	0.6379652364026739	0.6158205728986826	0.3841794271013158	-27.790120676065158	0.6519655378693716	0.05529631889029683	0.0	0.8025025869684477	0.08966687986727805
127	-1683.9228126701453	-1714.941175178805	-1683.9228126701455	-31.018362508659557	NaN	4.900388802407526	1.0	0.004302299335654313	0.43251150171109665	0.6558809709589727	0.3441190290410269	-21.779586665246406	0.43151167657560296	0.4123548773607601	0.0	0.6826977521600393	0.1058393312511036
128	-1682.8240878519462	-1715.2409192444138	-1682.8240878519462	-32.416831392467635	NaN	4.769891619161963	1.0	0.005974566718510988	0.8284130428264129	0.6311629632523625	0.36883703674763746	-22.521057588237102	0.7707905300372787	0.2697955771388009	0.0	0.5468819446854996	0.09776787353297274
129	-1680.8552020282518	-1720.5580720019161	-1680.8552020282518	-39.70286997366424	NaN	8.428420488598809	1.0	0.035284916505535335	0.3685889931077931	0.6553132227466119	0.3446867772533877	-30.62241678043144	0.291172120499571	0.8072537211801466	0.0	1.064663377043436	0.09562456098261139
130	-1680.6337332008616	-1709.9355410932485	-1680.6337332008616	-29.30180789238686	NaN	4.34316417535365	1.0	0.011877527230425552	0.7171276396696638	0.6497535964504795	0.3502464035495195	-19.554207757139228	0.95841657145917	0.11321318929280966	0.0	0.5152048866809809	0.13927298479021158
131	-1679.9259864623255	-1711.73836705688	-1679.9259864623255	-31.81238059455439	NaN	5.089066909797501	1.0	0.013599729367548573	0.6498987600462154	0.6328645764990788	0.3671354235009203	-22.165018731764665	0.406525423311789	0.4465756344614442	0.0	0.6245643122921605	0.13474029807336455
132	-1679.8496678485915	-1718.125649603009	-1679.8496678485915	-38.27598175441753	NaN	9.18267567720065	1.0	0.031760920026664585	0.43451592925334337	0.5989002750834967	0.401099724916502	-29.03261296695309	0.42850019204156015	0.6084015231697949	0.0	0.6061582056650092	0.08705532584873046
133	-1678.7819091763988	-1712.2965489232565	-1678.7819091763986	-33.51463974685805	NaN	6.383201356282756	1.0	0.07623613932749694	0.4356101673542215	0.6203443050819254	0.3796556949180731	-24.268772165243117	0.3796811775194068	0.4620926922614136	0.0	0.7996002763124972	0.10720274395135168
134	-1678.030839510871	-1713.8560749606056	-1678.0308395108707	-35.82523544973494	NaN	6.664071084659457	1.0	0.17996050209376332	0.22776351138710543	0.6104619876271898	0.3895380123728089	-27.21617041204064	0.22556749280535654	0.6430756460570173	0.0	0.7565876385685133	0.0920531278533431
135	-1676.5645362239713	-1707.804153159197	-1676.5645362239704	-31.239616935226742	NaN	4.9368348860452675	1.0	0.06667845466230132	0.36449305614742145	0.6234812986954481	0.3765187013045501	-22.17018928409008	0.41977633659939445	0.4720274855203573	0.0	0.5195686230597536	0.12348230221978142
136	-1676.2599390689006	-1705.417558940948	-1676.2599390689006	-29.15761987204753	NaN	5.021107503843762	1.0	0.06727042484303211	0.2212441958329386	0.6657173534054106	0.33428264659458806	-20.576795535294227	0.5232322777869393	0.48150083662701965	0.0	0.5507276886520343	0.14516060155626484
137	-1672.5115227298697	-1707.3158824250397	-1672.51152272987	-34.80435969516986	NaN	6.163443659358979	1.0	0.04510498244458075	0.4214061745593799	0.6729603880148259	0.32703961198517256	-25.591405561998066	0.7802619378456009	0.284703696669678	0.0	0.560817114301936	0.1023085208927404
138	-1672.4800445819417	-1702.487908689487	-1672.4800445819415	-30.007864107545533	NaN	4.570810069866821	1.0	0.08134881931125203	0.3155005122120495	0.6609168246593404	0.33908317534065807	-21.08046554647446	0.5202944066576723	0.5732639692154212	0.0	0.6626063131748792	0.12167215291354365
139	-1671.8976632848926	-1708.830007931706	-1671.8976632848928	-36.93234464681321	NaN	5.676665479416839	1.0	0.008560769808725787	0.5357276170025302	0.6682464010132887	0.3317535989867105	-27.479931103525058	0.44823131335118993	0.07668836650162031	0.0	0.5037258404616347	0.08102922468005055
140	-1671.6702295229222	-1702.3506204717378	-1671.6702295229227	-30.68039094881516	NaN	6.302107382877006	1.0	0.04944295327844601	0.44430569567732836	0.6570906886641529	0.34290931133584646	-21.414876971761885	0.24308342305896433	0.804585062665229	0.0	0.5177711954643405	0.13824833628514857
141	-1671.5870123659624	-1706.8257095646798	-1671.5870123659618	-35.238697198717944	NaN	13.382083260404622	1.0	0.02545724919577571	0.1672888694138301	0.6974175876988497	0.3025824123011496	-26.92883612080082	0.08004760040011843	0.9090974066176788	0.0	0.533050263293104	0.10244201629826487
142	-1671.3844066849078	-1710.6633652731302	-1671.3844066849078	-39.2789585882223	NaN	9.420939105047234	1.0	0.01132189670295559	0.25072639597320356	0.6597975066167171	0.34020249338328223	-30.57634555470457	0.2566234541210941	0.8386598746899697	0.0	0.5372009557742796	0.08973879630997968
143	-1670.8644493319737	-1703.1531480278422	-1670.864449331974	-32.288698695868334	NaN	4.928610843267534	1.0	0.015970525823635732	0.3655360655857595	0.6857265360526891	0.3142734639473101	-23.21645216813292	0.5336931957859168	0.3543086947915206	0.0	0.5272558273942956	0.11941232165829106
144	-1670.4884049494003	-1707.2844190881565	-1670.4884049494008	-36.79601413875581	NaN	10.37022472024885	1.0	0.04218108460921451	0.16669171914521855	0.6580066502651959	0.3419933497348028	-28.48960993952797	0.3709374188431135	0.560549941942842	0.0	0.6476038632889747	0.12178091243665454
145	-1669.5351829552953	-1711.4634119115271	-1669.5351829552956	-41.928228956231514	NaN	9.947185502889992	1.0	0.05200109006819567	0.23095165097899634	0.6864918232280369	0.31350817677196224	-33.30563960526415	0.2974698665046447	0.2807586002744914	0.0	0.7747977143263434	0.08273163910711208
146	-1669.3695518254765	-1702.8211642860383	-1669.3695518254765	-33.451612460561805	NaN	6.390602330228082	1.0	0.07947461957041521	0.36504468672225293	0.6711812515584895	0.32881874844150966	-24.38069298554761	0.3790533862867383	0.6796641278986317	0.0	0.634721970944339	0.11630017671075299
147	-1669.047162513082	-1695.6573709171041	-1669.0471625130824	-26.61020840402176	NaN	3.045492162533228	1.0	0.010470887270949174	0.5300536245510645	0.6653882726954836	0.3346117273045156	-17.16847755108121	0.5558472604601467	0.48027730011173003	0.0	0.5159671984964991	0.15114527067633698
148	-1667.572789700124	-1706.1523879649767	-1667.572789700124	-38.5795982648526	NaN	8.61537693806107	1.0	0.025340288348509165	0.3734136787199117	0.67541840172499	0.324581598275009	-29.486308157172836	0.6572825506155443	0.07779149114002394	0.0	0.6492380935373046	0.10051295647934765
149	-1667.5117463492093	-1705.1520984372858	-1667.5117463492088	-37.640352088077	NaN	6.458944347003168	1.0	0.03954133740145376	0.6169243941438002	0.6354359023185212	0.36456409768147746	-28.045754274396657	0.16218698272314486	0.7367797011811926	0.0	0.7221476327803886	0.0868341351076661
150	-1667.179534441268	-1706.6689834021693	-1667.179534441268	-39.489448960901186	NaN	8.649485436758996	1.0	0.050106857064518465	0.5906753175214016	0.6413754836130258	0.3586245163869734	-29.93878204560756	0.3516402474824953	0.026070846564263374	0.0	0.6792583525749905	0.0802213324097486
151	-1667.12980765817	-1712.170559820523	-1667.12980765817	-45.04075216235299	NaN	14.26135422976183	1.0	0.01562217428104296	0.35845581467121146	0.6751878267389053	0.3248121732610934	-35.98779522945384	0.14308815173794184	0.7836413132220662	0.0	0.9117378809416934	0.05863598859231482
152	-1666.9201078330436	-1706.799675517961	-1666.9201078330434	-39.87956768491777	NaN	14.369684709692697	1.0	0.041157745072888455	0.1991031976991882	0.6442724171403695	0.35572758285962963	-31.401129037372257	0.3618661771965246	0.5434498692527598	0.0	0.8022362435955479	0.0933608661651077
153	-1666.7185248236335	-1700.2667265400585	-1666.718524823634	-33.548201716424494	NaN	5.2500560392499604	1.0	0.02188885802893806	0.6818295270726891	0.6645517604357936	0.33544823956420566	-23.852081861087193	0.7090247821328866	0.3987502960611441	0.0	0.5379256639185108	0.11810150927347983
154	-1666.409432089082	-1702.96948104574	-1666.4094320890813	-36.56004895665858	NaN	9.755118470898715	1.0	0.018649086687516404	0.28709213794656196	0.6363919227203396	0.3636080772796594	-27.725130480953105	0.2685362834447933	0.6348163951709874	0.0	0.5528103132927988	0.10162516188072336
155	-1666.3451504839525	-1701.8297766893475	-1666.3451504839527	-35.484626205394804	NaN	6.299292946242851	1.0	0.034961451703841594	0.5583946215592928	0.6394611150657005	0.36053888493429836	-25.9905779000408	0.45524209759920614	0.4612931037013946	0.0	0.8205262816256766	0.09569572117119116
156	-1666.1224727484473	-1695.5555721831151	-1666.1224727484469	-29.433099434668378	NaN	5.371557090541888	1.0	0.052073327416118434	0.3539187228618426	0.6925251857070113	0.30747481429298773	-20.3926974169115	0.3283209841381693	0.7294967983203485	0.0	0.5129058377454978	0.1253865559629857
157	-1665.5201235136535	-1704.8558370396822	-1665.5201235136533	-39.33571352602898	NaN	7.914690274534606	1.0	0.03863711839692716	0.34669739154288276	0.6532107860902225	0.3467892139097763	-30.31561785468311	0.38254364830843	0.1782060147259558	0.0	0.5930878914062268	0.08409931953455757
158	-1664.9968817662718	-1696.8429285389284	-1664.996881766272	-31.84604677265632	NaN	5.508760837785928	1.0	0.011793428391438718	0.45060799218860237	0.6250337903220448	0.37496620967795397	-22.566521877406526	0.42711811102530806	0.6461423927860833	0.0	0.5424644650926114	0.12592810748423058
159	-1664.7929287939537	-1703.9466647959216	-1664.7929287939535	-39.153736001968234	NaN	8.624638159709054	1.0	0.01585348869848311	0.45671588987224965	0.6688650422620392	0.3311349577379594	-29.860809756563036	0.22592870123718342	0.6783132676197317	0.0	0.9988982856580133	0.07777685431861864
160	-1664.2395298594442	-1696.3263680690977	-1664.2395298594442	-32.08683820965342	NaN	6.5024457887998395	1.0	0.02046468612123261	0.42239320931838614	0.6516133022860466	0.34838669771395175	-22.871562846024425	0.35993919976241723	0.5498705548825094	0.0	0.5543592683679819	0.13251797373329394
161	-1663.9551992931201	-1701.2633929826986	-1663.9551992931201	-37.30819368957858	NaN	7.555216134767348	1.0	0.020670009044991357	0.3973182456842683	0.6429524012188175	0.3570475987811812	-28.153564938692785	0.4187027717261748	0.28977516570041695	0.0	0.6688200457903282	0.09533937706049055
162	-1663.8259024135427	-1699.6812767846443	-1663.825902413543	-35.85537437110129	NaN	6.292457662676094	1.0	0.021174455634205117	0.49260430971210195	0.6467405110025627	0.35325948899743603	-26.486996797651145	0.40687782513477594	0.2587231206604789	0.0	0.6615514647969691	0.09042537048579254
163	-1663.575883494707	-1695.7495419727964	-1663.575883494707	-32.173658478089195	NaN	6.595538107032619	1.0	0.010684319150939236	0.2847036590200818	0.6868186491470408	0.31318135085295784	-23.346915488459516	0.5800004310283826	0.5994305825864222	0.0	0.5537793583170476	0.15083020842958644
164	-1663.463058069538	-1700.2535251641714	-1663.4630580695377	-36.79046709463359	NaN	6.389169830915716	1.0	0.012265410346902534	0.36281315551423166	0.6476178029478846	0.352382197052114	-27.725595979715884	0.3596146727755572	0.8495781197687032	0.0	0.5280229386699107	0.12664840440081493
165	-1663.1308576537356	-1695.3165528155307	-1663.1308576537356	-32.185695161795124	NaN	8.781435525996228	1.0	0.02835819967191738	0.22119930192493534	0.6588353013077883	0.3411646986922096	-23.605068103853036	0.28777449317136056	0.7297326846974518	0.0	0.6407708741076981	0.12564014925179043
166	-1662.974435473603	-1702.8971202476775	-1662.9744354736024	-39.92268477407526	NaN	9.206477402976882	1.0	0.00680576703522911	0.5232877592375759	0.6761323367530107	0.32386766324698774	-30.493834832959315	0.4943111195532924	0.2872684969135598	0.0	0.7457619199111818	0.08500738943518395
167	-1662.887682212854	-1702.7477474030416	-1662.8876822128536	-39.86006519018795	NaN	11.342210360661108	1.0	0.014224958281416246	0.49789482571097887	0.6228691809524382	0.37713081904756035	-30.481010069666006	0.24763227315530983	0.6713559701823222	0.0	0.7538308287339603	0.08274658963366538
168	-1662.4049201683806	-1692.7783204771113	-1662.4049201683806	-30.373400308730563	NaN	4.696919345606491	1.0	0.02388369664211017	0.38351900673629136	0.6768562868076192	0.323143713192379	-21.2537324666263	0.6852569432352885	0.6138374920280869	0.0	0.5080203292586507	0.14132418372765165
169	-1662.159990612447	-1703.6901817902894	-1662.1599906124468	-41.53019117784277	NaN	12.240145702948224	1.0	0.05235578771268447	0.280462992915817	0.6610347518676666	0.338965248132332	-32.71812896439044	0.2759634305290206	0.31503801124774367	0.0	0.7250769915790034	0.07771101470166361
170	-1662.0396760787905	-1702.1403772400674	-1662.0396760787908	-40.100701161276625	NaN	7.551920484412529	1.0	0.01323681857737756	0.5413892519422556	0.6577949226874205	0.34220507731257777	-30.637734418022397	0.19975537167560328	0.3885247892522026	0.0	0.770659156828537	0.08740784499476935
171	-1661.342690253088	-1697.5279390774149	-1661.342690253088	-36.185248824326806	NaN	6.3539842624804255	1.0	0.012791599765484664	0.5146403723504026	0.6434853149918724	0.3565146850081259	-26.773093634353426	0.18857941125399882	0.8773673270518716	0.0	0.6372175123123691	0.0940397128622144
172	-1661.3201384622068	-1698.1126295723689	-1661.3201384622066	-36.79249111016229	NaN	7.3277874654723885	1.0	0.016047030047943413	0.4592129806196242	0.6478584536864873	0.3521415463135108	-27.49413518556937	0.3688099676903726	0.4566484962552421	0.0	0.7329340031506266	0.09277301286858392
173	-1661.1490761313469	-1690.2293924527426	-1661.1490761313473	-29.08031632139512	NaN	5.125073661648686	1.0	0.012545305559779821	0.4635290613255632	0.6582211006525059	0.34177889934749245	-19.772641566978727	0.3725554239360421	0.8201666080611851	0.0	0.5530695052129877	0.1516010543011979
174	-1660.7225845995517	-1698.822895541076	-1660.7225845995513	-38.10031094152459	NaN	9.279462780772963	1.0	0.007642787722811783	0.3720175299869274	0.6556139229094875	0.34438607709051067	-29.0107190409309	0.6109600142273867	0.4435294450779087	0.0	0.5084132914342625	0.10699868697730788
175	-1660.7049418546812	-1695.6464715855875	-1660.7049418546817	-34.941529730905884	NaN	8.146022416339639	1.0	0.013291131415963964	0.36703289912996484	0.6478559344061691	0.3521440655938293	-25.865251308271745	0.4001355146201901	0.4548724506227957	0.0	0.6756735862230832	0.11393438402889765
176	-1660.6040048546402	-1693.497812238086	-1660.6040048546404	-32.89380738344555	NaN	6.8642411073305825	1.0	0.013090267788208714	0.4395854976306178	0.6535139318260439	0.3464860681739541	-23.63891199357111	0.4835210043135572	0.49447876738290764	0.0	0.5348622122286919	0.11445596661387619
177	-1660.5126319031187	-1693.5060475053426	-1660.5126319031185	-32.99341560222421	NaN	8.559582844847416	1.0	0.016687109624437917	0.24162638163018968	0.6506072759266555	0.3493927240733427	-24.326833721601616	0.23820255691566813	0.8193496963091952	0.0	0.5697683726212031	0.1224862077173554
178	-1660.4142290551802	-1695.5416707638424	-1660.4142290551806	-35.127441708661806	NaN	7.641949231079192	1.0	0.013094357788124577	0.3440267445907303	0.6541433264838239	0.34585667351617416	-26.1149593843103	0.22258151161747897	0.8669995902655107	0.0	0.7668545213976161	0.10274732489170112
179	-1660.2453895113151	-1705.07681615609	-1660.2453895113147	-44.83142664477543	NaN	12.605159362104983	1.0	0.012430822060414057	0.5273558086634521	0.637133626263137	0.362866373736861	-35.39481313875406	0.1320446063349487	0.7581458274069939	0.0	1.0312874012384121	0.0596397100137704
180	-1660.2073147332833	-1697.898792456622	-1660.207314733284	-37.6914777233381	NaN	7.7635192512400275	1.0	0.009359304753691674	0.38611178923047457	0.6644178760695764	0.3355821239304212	-28.565149734670094	0.5047010792657091	0.47409194578805075	0.0	0.7694733450557649	0.09031836945670366
181	-1659.7131052314153	-1696.934674833615	-1659.7131052314153	-37.22156960219968	NaN	8.877382702121066	1.0	0.006982104984286133	0.3701434873833614	0.6585392489673747	0.3414607510326226	-28.136962836320187	0.27303965613915737	0.6968706715436692	0.0	0.5704358903538207	0.0898383233928091
182	-1659.6552360415392	-1689.8873291470745	-1659.6552360415392	-30.232093105535345	NaN	5.534603406572427	1.0	0.007799084194048857	0.38886690911880134	0.674745755262222	0.32525424473777587	-21.098734903294478	0.5059749676695809	0.5101737118697064	0.0	0.5025459496170281	0.13379707726268505
183	-1659.5627443759142	-1703.7647004668886	-1659.5627443759145	-44.201956090974214	NaN	13.905335374379774	1.0	0.010453773421595536	0.3582683572779874	0.6728855810306846	0.3271144189693139	-35.14951484401703	0.06675697619658112	0.8526770668638335	0.0	1.0314657349468224	0.06193305817181301
184	-1659.4539850399253	-1701.8798574569294	-1659.4539850399246	-42.42587241700481	NaN	9.432105585944004	1.0	0.020711362047826917	0.3561855893052715	0.6677538135416199	0.33224618645837856	-33.37917832080195	0.5927093757654309	0.352276959367097	0.0	0.7188612465149156	0.0796369732063415
185	-1659.280445594281	-1695.9245305313216	-1659.2804455942805	-36.644084937041086	NaN	8.646039874653063	1.0	0.011876891424438794	0.36929680288776434	0.6462322957855223	0.353767704214476	-27.56173840573307	0.14173778970039796	0.8879720476877357	0.0	0.6307315824048949	0.08972313752212815
186	-1659.2433035426866	-1698.4635238934904	-1659.2433035426864	-39.220220350804134	NaN	9.852766032507263	1.0	0.013408198267180425	0.29482567533139925	0.6715035030444078	0.3284964969555903	-30.359276525558787	0.2447081703116295	0.529176914508527	0.0	0.7081532999307516	0.08918294578033406
187	-1659.2263173068068	-1703.2028121805104	-1659.2263173068068	-43.976494873703516	NaN	13.279347182355542	1.0	0.03299387589309706	0.32873393589972744	0.6463413602270248	0.35365863977297285	-35.008738978253994	0.18112305737124385	0.5162607754467858	0.0	0.9973293611619578	0.0655284646492952
188	-1659.0618214956658	-1696.4750289365581	-1659.0618214956662	-37.41320744089192	NaN	8.354781355347255	1.0	0.01598022635255777	0.4060518180348494	0.6620326388353823	0.3379673611646157	-28.237049296456814	0.18215400500025686	0.689701130195199	0.0	0.6350022529816801	0.08879248771386493
189	-1658.903857129204	-1695.5132490928145	-1658.9038571292035	-36.609391963610854	NaN	7.729494520276064	1.0	0.004483528850168225	0.43983409676274987	0.6458971767316973	0.35410282326830045	-27.353934611435854	0.23133088917706973	0.707004176740046	0.0	0.6060293269819175	0.10289437361899793
190	-1658.8791580273905	-1692.9337386916527	-1658.8791580273903	-34.05458066426247	NaN	7.573215886088902	1.0	0.002759936895580263	0.4178142409817027	0.6406673365400074	0.3593326634599905	-24.85011793303829	0.09395643566443677	0.8931493479770837	0.0	0.5217859087661338	0.11782334308767715
191	-1658.8287931113741	-1696.771497300858	-1658.8287931113741	-37.94270418948385	NaN	7.513809045768359	1.0	0.0035936913059631224	0.3865559599666157	0.670479527003042	0.3295204729969555	-28.81523956203049	0.5501127582197739	0.01310755778472208	0.0	0.608833200474642	0.09380018039820781
192	-1658.7257524791103	-1692.3955857929582	-1658.7257524791103	-33.66983331384801	NaN	7.132272133568419	1.0	0.004149565795467656	0.5478339016966159	0.651506063723349	0.3484939362766487	-24.194980169212897	0.08180519796774523	0.911431891356591	0.0	0.6579494894331717	0.11288161058058742
193	-1658.6964854216762	-1697.1622255214993	-1658.696485421676	-38.46574009982333	NaN	9.343484827830062	1.0	0.0021305581601456618	0.47763369176629994	0.6492609376736383	0.3507390623263592	-29.12817861268106	0.4252848720630705	0.6345203949618612	0.0	0.7242968332716764	0.0921615411788288
194	-1658.545460213287	-1697.9773572699883	-1658.545460213287	-39.43189705670124	NaN	8.193918745547922	1.0	0.001718135668515858	0.3850055630092823	0.6477211481270605	0.3522788518729374	-30.30840538636953	0.7371410863808551	0.10380494028640479	0.0	0.6198199366126298	0.09334852593116126
195	-1658.4785600237271	-1699.2518415732338	-1658.478560023727	-40.77328154950697	NaN	13.755758958860522	1.0	0.0015457824475993062	0.30063465359760516	0.6500241604561777	0.34997583954382017	-31.89322089999821	0.09843014168156301	0.93651668485631	0.0	0.7773042665859649	0.08595384141074558
196	-1658.3643715283677	-1706.9223546398723	-1658.3643715283677	-48.5579831115046	NaN	16.028677194202825	1.0	0.0015058218076082117	0.3533098424400091	0.6565000894759955	0.34349991052400175	-39.519277765670914	0.21538570737880666	0.37455557554062224	0.0	1.3128993232274446	0.04798760517598326
197	-1658.067509993319	-1705.0269199158722	-1658.067509993319	-46.959409922553284	NaN	14.91582983399175	1.0	0.0086949451846768	0.5075215822737192	0.6403959268471336	0.3596040731528634	-37.56119926984891	0.058966604531528646	0.9128398252669647	0.0	1.0447174240026236	0.05171594772935109
198	-1658.0428921837452	-1691.4375963881325	-1658.0428921837452	-33.394704204387395	NaN	5.995044521546328	1.0	0.010584978422679628	0.4853417197799539	0.6405651712307879	0.3594348287692098	-24.041163254038523	0.9376704777774979	0.0886270207830615	0.0	0.5336891144147771	0.12201670237101583
199	-1657.9417456828726	-1693.7496536482893	-1657.9417456828721	-35.807907965417215	NaN	7.834179876632035	1.0	0.001420904295331773	0.38952228801538924	0.6636444090144147	0.3363555909855823	-26.672884485462	0.3390861856130032	0.7866104807999061	0.0	0.6334252101130682	0.10612016557989047
200	-1657.9004326220975	-1694.2166429810914	-1657.9004326220977	-36.31621035899357	NaN	8.600344336712544	1.0	0.0026318314510481726	0.4356118164300964	0.662780536749104	0.3372194632508929	-27.070339016092372	0.17095234756122452	0.8566055452942464	0.0	0.7780574622885581	0.095789956974493
201	-1657.8897196215296	-1702.4187342539287	-1657.8897196215294	-44.529014632399274	NaN	10.563578019523144	1.0	0.0022941534095845314	0.35816490735386375	0.658469827299058	0.3415301727009392	-35.47685808237613	0.15710579581841772	0.28496772925197195	0.0	0.9685525820737659	0.07973290804398445
202	-1657.808527250408	-1696.3245835023847	-1657.808527250408	-38.516056251976856	NaN	9.132278493839298	1.0	0.0019359704757602977	0.45958192446152096	0.6468475051609357	0.3531524948390612	-29.216900484344496	0.17238101078720786	0.8311325586133222	0.0	0.6269898870658768	0.08790605508822712
203	-1657.787895941598	-1694.8093069199676	-1657.7878959415975	-37.02141097837004	NaN	8.918482611219131	1.0	5.790324052689598E-4	0.39381440992233124	0.6644070140388818	0.3355929859611154	-27.875547548086026	0.2628180111045741	0.5912775483630077	0.0	0.5467798529640238	0.0927171358802922
204	-1657.6252220594645	-1699.8274155455347	-1657.6252220594647	-42.20219348607003	NaN	10.001395411104461	1.0	6.996936904037599E-4	0.5009015777232984	0.6579434988952257	0.3420565011047716	-32.81711796001833	0.2429652984111128	0.3817282232255792	0.0	0.7600681056798901	0.06844712329428168
205	-1657.520060160586	-1695.8407417656747	-1657.520060160586	-38.3206816050889	NaN	9.236591167900908	1.0	0.0030109022282339263	0.4013826809871953	0.6636375052059018	0.3363624947940955	-29.15597759287304	0.14507205088670305	0.7986249894899733	0.0	0.6431667513962704	0.08626796761444772
206	-1657.459988984891	-1708.3674545468648	-1657.4599889848912	-50.9074655619736	NaN	19.237918651770208	1.0	0.0010949727179315198	0.32157379212412257	0.6584611099801659	0.34153889001983145	-41.96134627336951	0.11217207955655546	0.5010161504060983	0.0	1.4346198515855164	0.04701349525173575
207	-1657.381819257582	-1693.8214448960807	-1657.3818192575825	-36.43962563849825	NaN	7.681349683911058	1.0	4.248711279396939E-4	0.4196227327833094	0.6412287245754776	0.3587712754245197	-27.230878895859146	0.1619280946944506	0.8634427041625038	0.0	0.6123880115885036	0.09643505441631275
208	-1657.2641906813544	-1692.7484513885313	-1657.2641906813546	-35.48426070717666	NaN	7.796171938006736	1.0	0.0012549097678860466	0.4271784645596788	0.6505211285211682	0.3494788714788291	-26.257804859154763	0.1952886894489763	0.765868200779798	0.0	0.5906093303185722	0.09773141626391565
209	-1657.1383701341822	-1703.580923998461	-1657.1383701341824	-46.442553864278565	NaN	13.827003850267298	1.0	6.970364941443961E-4	0.39751206406490697	0.6551198521529604	0.344880147847037	-37.28744241891301	0.08283135852271686	0.8396776624796888	0.0	1.0365675103150913	0.05587569531879256
210	-1656.9369876141159	-1690.725774649378	-1656.9369876141159	-33.78878703526231	NaN	6.978783956246671	1.0	1.5288278055368534E-4	0.3889150581210457	0.655357228108454	0.344642771891544	-24.655306397620574	0.3078841570973703	0.8306717861003925	0.0	0.579076834586834	0.11794644874609779
211	-1656.9263250105816	-1694.606569548049	-1656.9263250105816	-37.68024453746729	NaN	8.106554770551238	1.0	2.7167672020351384E-4	0.4046538429141711	0.6496225814645895	0.35037741853540816	-28.507502540383605	0.4313146406412896	0.3991115814205093	0.0	0.6600980838367194	0.0940242457595295
212	-1656.9158847649287	-1693.9624397593202	-1656.9158847649287	-37.046554994391485	NaN	7.781387752906356	1.0	1.8010413186330358E-4	0.3372547461324559	0.6436608983749479	0.3563391016250503	-28.0536366605011	0.4785640073460392	0.011104965683040308	0.0	0.5980762743878802	0.10577483428107454
213	-1656.832831933597	-1692.0858874301196	-1656.8328319335967	-35.253055496522926	NaN	7.15268883596066	1.0	1.1434813005092223E-4	0.39414827739446945	0.6549061192513848	0.3450938807486132	-26.106353630921205	0.6275505085091864	0.01220424385666186	0.0	0.5466925274968677	0.11445589883926734
214	-1656.8165037870262	-1699.962412984427	-1656.8165037870262	-43.1459091974007	NaN	12.892684667428265	1.0	2.0640257831011904E-4	0.3546974290268251	0.6540414994191398	0.34595850058085803	-34.10334137706995	0.17826075659622626	0.8146890154260236	0.0	0.8538241238337676	0.07100855769404543
215	-1656.6639787471586	-1715.1079820839684	-1656.6639787471586	-58.444003336809736	NaN	20.06867237073554	1.0	3.040888530308473E-4	0.4119397069222673	0.645124383057136	0.35487561694286185	-49.25358000005916	0.34829835083435523	0.3075306075868586	0.0	1.4767187042832965	0.03587826503055911
216	-1656.5902604766145	-1692.697202047639	-1656.5902604766145	-36.10694157102435	NaN	7.230232987691987	1.0	3.086967740739506E-4	0.4117872342840418	0.6574272427556845	0.3425727572443133	-26.916885173344003	0.22223690903467308	0.5628076687091015	0.0	0.5254762590663615	0.10715427525953819
217	-1656.589099046904	-1696.4875986947504	-1656.589099046904	-39.89849964784639	NaN	10.372824766616748	1.0	1.809098783813068E-4	0.4409137933095458	0.6593374682634036	0.3406625317365942	-30.640605141366187	0.27326848452782376	0.5130387321911007	0.0	0.6715375831445698	0.08224582301504917
218	-1656.5539814320086	-1693.1144989157613	-1656.5539814320084	-36.560517483752854	NaN	6.765230588780799	1.0	3.2407389084598945E-4	0.5393075959544416	0.6511137536535936	0.34888624634640436	-27.101418721776675	0.5440502116389033	0.5958929801669862	0.0	0.5835584025547096	0.10018919632375359
219	-1656.510548692823	-1692.5502945165408	-1656.510548692823	-36.039745823717844	NaN	7.491112191992823	1.0	1.8350841886702256E-4	0.45805108515485526	0.649511647525849	0.3504883524741489	-26.743912813894973	0.08547896528108274	0.9704235590594343	0.0	0.5200273496190713	0.11196273764402274
220	-1656.5046707362178	-1695.1869971203241	-1656.5046707362178	-38.68232638410633	NaN	8.292761014397325	1.0	6.905111469049332E-4	0.3816416196088838	0.6568806104652875	0.3431193895347101	-29.56750810279142	0.40083831552929816	0.03238050995788542	0.0	0.5686487470984876	0.09582389732031106
221	-1656.4318211925474	-1690.4153330103761	-1656.4318211925477	-33.98351181782836	NaN	6.696741075001345	1.0	0.0022878558799367984	0.3867390735764853	0.6600498557168374	0.33995014428316034	-24.85557896552671	0.3687733110206814	0.7942086806737447	0.0	0.5750273748407126	0.11054106767104636
222	-1656.3275195511526	-1694.2941508466045	-1656.3275195511524	-37.96663129545202	NaN	7.992247106966164	1.0	1.8652187969678854E-4	0.3965189784521986	0.6396966807669202	0.36030331923307773	-28.813995468321956	0.5703407552032509	0.3774534868405652	0.0	0.687001700423818	0.09528875699779664
223	-1656.3094654571328	-1703.1401776995247	-1656.3094654571328	-46.83071224239196	NaN	15.305357256678063	1.0	3.914456239914411E-4	0.4028634764883172	0.6455573080739061	0.3544426919260917	-37.662361825386455	0.21579271960978066	0.4717064018348505	0.0	1.105369091180247	0.052911523608678006
224	-1656.1896661108797	-1699.7333562619258	-1656.1896661108797	-43.543690151046086	NaN	11.636307983884388	1.0	0.004926198148465391	0.3917294854430859	0.6610385774222812	0.338961422577716	-34.403078045107335	0.3422739209486607	0.14454564219296942	0.0	0.8657390275858639	0.06936589548346733
225	-1656.1762342039844	-1691.72051011827	-1656.1762342039842	-35.54427591428584	NaN	7.937283680676637	1.0	0.0023161744548002325	0.3927714033114813	0.6458598572628667	0.3541401427371309	-26.401036171217726	0.40963457868834957	0.5286039108712804	0.0	0.6255921861631712	0.10585445112720498
226	-1656.1616663933783	-1701.0306413797684	-1656.1616663933787	-44.86897498638976	NaN	14.971583814371549	1.0	0.0067884445406561625	0.3494451608373611	0.6631291077573616	0.33687089224263567	-35.84110494086261	0.18252278833702412	0.601346033518274	0.0	1.1058978405115223	0.05955726633651572
227	-1656.117172104016	-1696.9701703178393	-1656.1171721040157	-40.85299821382367	NaN	10.993170132610963	1.0	0.003459781886209271	0.39854829878411197	0.6596740257514542	0.3403259742485429	-31.69530990656056	0.29318028549073566	0.3958441060873067	0.0	0.8132802065686704	0.08039403238775403
228	-1656.0935949596908	-1706.4631997332588	-1656.0935949596908	-50.36960477356797	NaN	16.69831043724657	1.0	0.001600622652471699	0.42060392229469573	0.6532890112266406	0.3467109887733567	-41.158541152423055	0.1825608603571909	0.25048498920440726	0.0	1.340696280344357	0.04231818945608141
229	-1656.0663259327312	-1696.8192733089243	-1656.0663259327312	-40.7529473761932	NaN	10.26901502947489	1.0	0.0029028058125050884	0.44247420662222353	0.6487232594715172	0.35127674052848007	-31.49154067188214	0.2411848892145743	0.6432331211913922	0.0	0.8096158789534407	0.07507902338484229
230	-1656.0445353079986	-1695.28547092264	-1656.0445353079988	-39.2409356146411	NaN	9.91124347701154	1.0	6.413584022205433E-4	0.37221147568549534	0.6522574780742108	0.34774252192578636	-30.150829180437277	0.18060415823076786	0.6959239305704712	0.0	0.6630330398440503	0.08165432781053197
231	-1655.9898602385242	-1698.8628958049096	-1655.9898602385242	-42.87303556638541	NaN	13.132311147559129	1.0	0.0014636103285514273	0.34926470725968617	0.6580817244166949	0.34191827558330257	-33.84567427319021	0.12573966550023688	0.6786163785026712	0.0	0.8596203900367811	0.0703187625724705
232	-1655.9738398499296	-1701.0181749488163	-1655.97383984993	-45.04433509888631	NaN	13.838299773258349	1.0	7.952982485740988E-4	0.3579320733589061	0.6540203468263994	0.3459796531735978	-35.992819604181726	0.211097298426207	0.5433819716471572	0.0	0.9688252952487417	0.061372268143365966
233	-1655.944776709764	-1689.9722805679285	-1655.944776709764	-34.027503858164366	NaN	6.98836763766594	1.0	4.433111240697274E-4	0.3742506090560189	0.6428264510200882	0.3571735489799091	-24.93200320944075	0.47901344202828916	0.6079516412672276	0.0	0.5098242249142402	0.11957032291127224
234	-1655.9236030159723	-1693.0410273587204	-1655.9236030159714	-37.11742434274913	NaN	9.415412059324282	1.0	0.0010033669551260682	0.3609246263382605	0.655208126676067	0.34479187332393013	-28.05769997249989	0.3745104089508159	0.511851536804561	0.0	0.6262079511102954	0.09975836647388828
235	-1655.8654676437668	-1695.2034101569748	-1655.8654676437673	-39.337942513207494	NaN	8.973853438604898	1.0	9.729614723944936E-4	0.45073313679927934	0.6624944811235532	0.3375055188764442	-30.058141302418257	0.483107625657221	0.4439872859536713	0.0	0.6450216388010119	0.08425814031711223
236	-1655.807872114746	-1693.1690366126816	-1655.8078721147463	-37.361164497935356	NaN	8.191183508389916	1.0	4.1866670343941034E-4	0.4005920131043882	0.6639079655331523	0.336092034466845	-28.198412765559436	0.44294907255820165	0.6363167672927418	0.0	0.6492616536732747	0.09895721670534398
237	-1655.7449143090107	-1690.9856800528457	-1655.7449143090105	-35.24076574383529	NaN	7.577046488397766	1.0	7.838215455440663E-4	0.38792331988751266	0.6533905185067235	0.3466094814932737	-26.10980988580664	0.3072051323840463	0.5070679364832279	0.0	0.5809971394115276	0.10532065964536048
238	-1655.6294214916031	-1693.0802404428523	-1655.6294214916031	-37.45081895124929	NaN	9.008179267853855	1.0	0.001808947341206185	0.3518767346320677	0.6530547320147101	0.3469452679852872	-28.41611817599935	0.32750239661019526	0.5378884585407191	0.0	0.6308488307890858	0.09233481466857762
239	-1655.5559596834537	-1690.1136480326631	-1655.5559596834537	-34.55768834920938	NaN	7.543490733347802	1.0	8.78137960688956E-4	0.35868980859112687	0.6520819482371737	0.34791805176282353	-25.504088075236666	0.5271662960669768	0.1741844437296182	0.0	0.5471762788503591	0.1211886607003297
240	-1655.5357440780126	-1695.8575840869191	-1655.5357440780124	-40.3218400089067	NaN	9.644145106957998	1.0	0.002479959596735377	0.46316943133933286	0.647769981809303	0.35223001819069455	-31.014938563037184	0.46049874603431984	0.1486164777848166	0.0	0.7887991109600261	0.08326402535064739
241	-1655.5351785385935	-1696.2160577335771	-1655.5351785385935	-40.68087919498358	NaN	8.68806463051244	1.0	0.003134526423951079	0.39470622669125116	0.6498172446542578	0.3501827553457393	-31.532777682277715	0.5317510014213106	0.5361274789893116	0.0	0.6634665965718174	0.08837833722181174
242	-1655.4893017792701	-1702.5535396723606	-1655.4893017792701	-47.064237893090365	NaN	14.484383208477341	1.0	0.001890627137571268	0.4655450939056851	0.6555969120009685	0.3444030879990286	-37.75223864824624	0.17811165004396357	0.38939136317521456	0.0	1.0422173115904076	0.054090075046314995
243	-1655.4703936565427	-1689.0454830582858	-1655.4703936565427	-33.575089401743156	NaN	6.725214471253134	1.0	0.0035905989477919096	0.41621465059348856	0.6584633295032156	0.3415366704967817	-24.37443065855341	0.46118917044363417	0.3840383379377924	0.0	0.5174159450746512	0.11510350494607947
244	-1655.4619826552912	-1694.3782916847722	-1655.4619826552916	-38.916309029480466	NaN	9.29654655392242	1.0	6.085603120144787E-4	0.42837890638823833	0.649803384535805	0.3501966154641922	-29.687067224914372	0.2511501865481153	0.5333779042296133	0.0	0.7287101397717528	0.08309565750860273
245	-1655.4471283076884	-1692.6474700610818	-1655.447128307688	-37.200341753393836	NaN	8.214673303841842	1.0	6.874673659090747E-4	0.4041737315506161	0.6498041034624518	0.3501958965375455	-28.028775587178046	0.3429781466340714	0.5494767729407681	0.0	0.6480173708852455	0.09161098884813966
246	-1655.4454664377347	-1690.4680022744813	-1655.445466437735	-35.02253583674639	NaN	7.078424102990005	1.0	9.270375547861825E-4	0.40758489978390156	0.6463100402940695	0.35368995970592726	-25.84264433580939	0.6003302271651088	0.39780847597324703	0.0	0.5450885073532676	0.10994919934313255
247	-1655.4099653790213	-1700.7556217711194	-1655.4099653790215	-45.34565639209792	NaN	13.712547261942042	1.0	8.40463169624202E-4	0.37918620598356745	0.650899662448084	0.3491003375519128	-36.2372155284101	0.16061349165904706	0.5382113995526205	0.0	1.0413702346826774	0.059743543948427826
248	-1655.3951354543249	-1695.5729367356123	-1655.3951354543249	-40.177801281287444	NaN	10.571685350796615	1.0	0.00142472116343177	0.3828603266316502	0.6550727635847902	0.34492723641520673	-31.059832300741988	0.17242214452001411	0.7551405368898314	0.0	0.6948820954293673	0.07738215180138329
249	-1655.3722534781791	-1698.3322558848415	-1655.372253478179	-42.960002406662525	NaN	11.093312934719792	1.0	4.2743625265691184E-4	0.40845696778800217	0.6498474342853814	0.3501525657146154	-33.77799325183117	0.18419706801591676	0.4696633034739657	0.0	0.8977329303224426	0.07283740673043271
250	-1655.3618638065952	-1696.592244946574	-1655.361863806595	-41.23038113997911	NaN	11.123621299422506	1.0	0.0012393454496457134	0.3767412704823605	0.6540723077743932	0.3459276922256036	-32.128330059959175	0.35038091761948115	0.3922108990124342	0.0	0.7532658182872929	0.07748457003861514
251	-1655.3569739923248	-1694.1241122734616	-1655.3569739923248	-38.7671382811369	NaN	9.468039987966215	1.0	5.111668945199033E-4	0.36555213503592465	0.6620476580217529	0.3379523419782439	-29.69484838411467	0.3767257175368246	0.32377870156882427	0.0	0.7381046315799367	0.08933969856343811
252	-1655.3224559856587	-1690.4411663518736	-1655.3224559856585	-35.11871036621508	NaN	6.866944196557887	1.0	0.003410726546494692	0.41071654755805703	0.6515393803533255	0.3484606196466715	-25.931234346112827	0.5579973910073202	0.13003289434740517	0.0	0.5528279656993371	0.11158411870482395
253	-1655.2920203285787	-1690.811412500094	-1655.2920203285787	-35.51939217151543	NaN	8.515448595453176	1.0	2.9201058188504237E-4	0.3441605581038714	0.6557834114617608	0.34421658853823556	-26.50652702325361	0.39661967518607333	0.6419548856423111	0.0	0.5451280737667563	0.1096625444810282
254	-1655.2713610516957	-1688.2131869697237	-1655.2713610516953	-32.941825918028265	NaN	6.756598743706957	1.0	6.343737690227982E-4	0.3890800616818394	0.6465761221775312	0.3534238778224653	-23.807925812502468	0.15823131344459437	0.8386667678964808	0.0	0.5216443919200584	0.118391316972694
255	-1655.2523493750132	-1690.6344500164969	-1655.2523493750134	-35.38210064148346	NaN	7.908177389768419	1.0	2.707996428349572E-4	0.35255013682265346	0.6561927454294163	0.3438072545705799	-26.34551620610432	0.44119402247960554	0.4012606825328355	0.0	0.5148784781556293	0.11063948137527063
256	-1655.13949806705	-1697.8199317534968	-1655.1394980670502	-42.68043368644656	NaN	12.467331563653655	1.0	0.0016702005056529526	0.38919293058245436	0.6573517532501002	0.34264824674989675	-33.546246746870764	0.21810871367046686	0.5699218793971318	0.0	0.8841422552976148	0.06691308665810805
257	-1655.1393588274261	-1697.9328397068773	-1655.1393588274266	-42.79348087945081	NaN	10.053958096799938	1.0	0.00325478261838823	0.3923785332044303	0.6540511117238993	0.34594888827609777	-33.651231137685	0.25506150215991613	0.023629755429218528	0.0	0.7128746673921427	0.08010253698841847
258	-1655.135674572408	-1698.6801737824424	-1655.135674572408	-43.544499210034274	NaN	11.041111994685293	1.0	0.002658573794030958	0.3908033705127932	0.6511089349084498	0.34889106509154727	-34.40622833579113	0.08253127345319733	0.7322303114093821	0.0	0.746048119245927	0.07260921777110912
259	-1655.1244283120627	-1690.0704001381653	-1655.1244283120625	-34.945971826102756	NaN	7.991512811526727	1.0	0.0015795939825911068	0.38726923099889754	0.6552714093485608	0.3447285906514363	-25.816684551789514	0.11956726112115311	0.9137766071436999	0.0	0.5385334454224271	0.10598783607557449
260	-1655.106639117919	-1694.3709042265887	-1655.106639117919	-39.26426510866968	NaN	10.039886915969168	1.0	5.766284729000154E-4	0.38633318593995236	0.659702733314622	0.3402972666853749	-30.137370405929897	0.31538796730500307	0.48073548534202043	0.0	0.7345018341049467	0.08519158518134552
261	-1655.08873101808	-1695.7713176534482	-1655.0887310180797	-40.68258663536862	NaN	10.36016271402866	1.0	9.560876853482547E-4	0.37287350452184986	0.659777194968984	0.34022280503101304	-31.590725794715787	0.37393839546481544	0.2792203859749403	0.0	0.7330565940180414	0.07962973065804524
262	-1655.061705557509	-1692.0117632014135	-1655.061705557509	-36.95005764390458	NaN	8.352747652892067	1.0	9.458974065152068E-4	0.39541589163088664	0.6525327365030296	0.3474672634969676	-27.800178638945468	0.40001497721865986	0.6505436595443694	0.0	0.6073288814609361	0.09908582609156619
263	-1655.0442382937463	-1702.734304827065	-1655.0442382937463	-47.69006653331877	NaN	16.221972622589387	1.0	0.0012378493367765505	0.3524679986496756	0.6539185409790029	0.3460814590209942	-38.65371167135254	0.21523629796453148	0.33159555686584147	0.0	1.1530922446292848	0.05280738803495285
264	-1655.038678813743	-1689.7072944117722	-1655.0386788137432	-34.66861559802888	NaN	7.543450674540932	1.0	3.1590275604116664E-4	0.4047367766132068	0.6519654878515739	0.34803451214842324	-25.495670625273675	0.1489434597883036	0.8092122930368777	0.0	0.5631079081523422	0.107172153041988
265	-1655.037019650356	-1693.2150896178143	-1655.0370196503561	-38.178069967458235	NaN	9.434100255767337	1.0	1.212122632233869E-4	0.36959556458504716	0.6598974643359043	0.3401025356640926	-29.094925319190953	0.364220771022367	0.5712543214611238	0.0	0.6504451042489237	0.09079232593366389
266	-1655.0059718813923	-1690.6440947784101	-1655.0059718813918	-35.63812289701838	NaN	9.05081967312043	1.0	0.0019944162393882277	0.34493011419917435	0.6578910328037612	0.3421089671962361	-26.623058928423422	0.18823789742829403	0.7622537432121347	0.0	0.5777237022708022	0.10363616724017205
267	-1654.9883098829234	-1698.3541642436178	-1654.9883098829234	-43.365854360694335	NaN	13.431710289215511	1.0	2.882678102775661E-4	0.343980775663854	0.6503152365004525	0.34968476349954414	-34.3535035809194	0.1490619525487041	0.7062361605527618	0.0	0.9151575657417066	0.06750310921168505
268	-1654.9871994045234	-1691.3704417161164	-1654.9871994045236	-36.383242311592774	NaN	8.659856593175595	1.0	2.2049202303848467E-4	0.41406862218152185	0.6539571858072569	0.34604281419274	-27.18770910128037	0.23062944755820627	0.7803647541740542	0.0	0.6063634826541549	0.0976348652994146
269	-1654.94066533176	-1694.5028453469781	-1654.9406653317603	-39.56218001521787	NaN	9.184707169295303	1.0	2.501367061164276E-4	0.38438895771064013	0.6553857666004897	0.34461423339950714	-30.440272696683877	0.4467384394534648	0.5721350090691247	0.0	0.6283383432915581	0.08830083799476932
270	-1654.936660246145	-1690.5256395678937	-1654.936660246145	-35.588979321748646	NaN	7.992012049574622	1.0	2.5391788569222295E-4	0.39437232505050074	0.6569642432819957	0.3430357567180011	-26.441715191602647	0.33969923459400436	0.7093766843366935	0.0	0.5637385285606626	0.10334437559844234
271	-1654.9361989234355	-1691.031889858153	-1654.9361989234355	-36.09569093471738	NaN	8.14840391272007	1.0	6.689913119210109E-4	0.3636479217533284	0.6626412207025854	0.33735877929741137	-27.028553078852333	0.5414568987160836	0.3689831347672772	0.0	0.5426766913036136	0.10970222698984439
272	-1654.9331995207554	-1698.4651810322027	-1654.9331995207547	-43.53198151144797	NaN	12.486841112182548	1.0	2.732492181107197E-4	0.34933440954014433	0.654530828289568	0.34546917171042896	-34.504423676738234	0.24634918116606355	0.7940068708274038	0.0	0.7676924109091185	0.07154549639323979
273	-1654.9285600736384	-1698.9283093842816	-1654.9285600736382	-43.999749310643445	NaN	12.353298531674671	1.0	1.800019494100408E-4	0.3811045871326036	0.651721444951145	0.3482785550488523	-34.88632248013167	0.247076925308481	0.3522063636619826	0.0	0.9582826899645855	0.0646354985624686
274	-1654.9204682254258	-1691.6139893007391	-1654.920468225426	-36.69352107531304	NaN	7.913166107352344	1.0	4.23642475983044E-4	0.38683703560561217	0.6517787913517409	0.3482212086482562	-27.56533781977043	0.41475829122589375	0.22595047278484673	0.0	0.6043814988656262	0.10400008200641987
275	-1654.9092064263546	-1691.9480640243698	-1654.9092064263546	-37.038857598015205	NaN	7.634092780723885	1.0	3.6401265991194067E-4	0.38641131354531	0.6559462543960671	0.3440537456039298	-27.9117629848024	0.3505939877752852	0.11658572130945406	0.0	0.5537842271013735	0.10910388184567754
276	-1654.9014938412417	-1694.4252227837237	-1654.901493841242	-39.52372894248163	NaN	9.983801416377933	1.0	9.22602062516033E-4	0.3464270453121727	0.6595780188840713	0.34042198111592586	-30.50440138172886	0.34332443392947365	0.315316178293698	0.0	0.6846136980683113	0.08817876806351531
277	-1654.9009223070575	-1689.585530897874	-1654.9009223070577	-34.684608590816154	NaN	7.409808422228512	1.0	4.6986585749423266E-4	0.35113812266847055	0.6592356209590997	0.34076437904089746	-25.651977883859225	0.455490550445915	0.5956395286348065	0.0	0.5140950872383376	0.11347850166364563
278	-1654.8920976319905	-1687.8444508688344	-1654.8920976319898	-32.952353236844544	NaN	6.863145690667989	1.0	7.100821858218754E-4	0.3855998116655	0.6550787727296741	0.34492122727032326	-23.827336965426372	0.1567354349197586	0.8360629519662109	0.0	0.5054823817885188	0.11936445224844323
279	-1654.8714017369987	-1699.0907366869358	-1654.871401736999	-44.21933494993686	NaN	13.150339969212496	1.0	7.713987111050303E-4	0.3826012748740455	0.6616108105566514	0.33838918944334595	-35.102034883122094	0.1339365445203618	0.7204291411103206	0.0	0.9990151738270292	0.061314231404067145
280	-1654.8602192825865	-1691.0806496410303	-1654.8602192825863	-36.22043035844401	NaN	8.153011515754624	1.0	4.646910853743352E-4	0.3771340111902013	0.6521854107233844	0.34781458927661285	-27.1173501756236	0.33070845068561194	0.5128641166505752	0.0	0.5967696324606457	0.10142647495501975
281	-1654.8037940631546	-1688.3187478372597	-1654.8037940631543	-33.514953774105294	NaN	6.764702527331119	1.0	7.295207336503309E-4	0.4087230185038048	0.654290639256068	0.34570936074392916	-24.33229942786108	0.4940253195494158	0.4001597913556963	0.0	0.5057073081158627	0.11679422217493295
282	-1654.794653387504	-1693.2061115642691	-1654.7946533875042	-38.4114581767649	NaN	9.411933716854982	1.0	6.446439361342367E-4	0.3728994690353251	0.655731752708166	0.3442682472918309	-29.319528590071805	0.2645603947726914	0.4566852911839457	0.0	0.6334649293609154	0.09138957567118271
283	-1654.7932174013908	-1700.1201489006419	-1654.7932174013908	-45.326931499251124	NaN	14.628267077777004	1.0	6.072950229291086E-4	0.3817734300461993	0.66098199813151	0.33901800186848685	-36.21177198489311	0.10114142194450142	0.7662678684074409	0.0	1.0256469523000415	0.05732986198416281
284	-1654.7929784153553	-1688.957586231384	-1654.7929784153555	-34.164607816028486	NaN	7.374986779028275	1.0	9.679263682962934E-4	0.4175281548140669	0.6492791089673445	0.3507208910326525	-24.960824401133856	0.2896229842425648	0.631447139080302	0.0	0.5262155082798943	0.10995414048327032
285	-1654.7851990808663	-1692.5807372882432	-1654.785199080866	-37.79553820737707	NaN	8.841534291317418	1.0	3.699929736096768E-4	0.3861071676369955	0.6504822899095002	0.3495177100904966	-28.669222052031383	0.10024784295758465	0.8255922084781593	0.0	0.6365715459969703	0.09227638716733634
286	-1654.7850358216108	-1694.3353510633128	-1654.7850358216108	-39.55031524170213	NaN	10.01979777588303	1.0	4.0807998943109505E-4	0.3848674843793764	0.6527378063864854	0.34726219361351135	-30.427178148923325	0.13542456375713346	0.8417216258530815	0.0	0.7648484346702933	0.08167283443656954
287	-1654.768377114443	-1695.233465182224	-1654.768377114443	-40.46508806778106	NaN	9.626292610289047	1.0	4.155640977292352E-4	0.3779291362858437	0.6585126085262439	0.3414873914737531	-31.35992756199542	0.24297881819464176	0.32053469680919183	0.0	0.7115058954747404	0.08518870219560848
288	-1654.767709413849	-1689.3578982102185	-1654.7677094138487	-34.590188796369866	NaN	7.224227326969561	1.0	0.0014061584403454528	0.3786849086045361	0.6597563050611891	0.3402436949388077	-25.48305482645374	0.49053398253985925	0.49711823803802474	0.0	0.535920146526057	0.11215888507820515
289	-1654.7645518201741	-1690.9763948464479	-1654.7645518201746	-36.211843026273236	NaN	8.414414171204301	1.0	2.1417154129392844E-4	0.38990980092805944	0.6556689778627122	0.34433102213728484	-27.075836165462253	0.06825401542279162	0.9419855505346357	0.0	0.602304384559865	0.09813755511613977
290	-1654.7631697761155	-1694.302131777659	-1654.7631697761153	-39.538962001543624	NaN	9.869229319296055	1.0	1.6246623595019693E-4	0.40340313813839035	0.6533978463280237	0.34660215367197345	-30.36928588360243	0.20005399990841627	0.6252155496033021	0.0	0.7307357430062762	0.08247222170579589
291	-1654.7598572780637	-1695.2318596198613	-1654.7598572780637	-40.472002341797605	NaN	9.906045811738712	1.0	4.373733592937163E-4	0.41552059039913636	0.6528609821865419	0.34713901781345513	-31.272998502764644	0.4395676868118275	0.34007616666975965	0.0	0.7128490233220042	0.08170790585334904
292	-1654.7581060686064	-1697.6568337772594	-1654.7581060686068	-42.89872770865251	NaN	12.290324783771837	1.0	7.993418945513446E-4	0.40180251240402837	0.6531035077961371	0.3468964922038598	-33.7329885677898	0.14585840619058524	0.7008996352463052	0.0	0.910404397412103	0.06478139866268866
293	-1654.748561695191	-1689.3498326719844	-1654.748561695191	-34.601270976793295	NaN	7.201439847509954	1.0	4.591343337542199E-4	0.3751400377452008	0.6544480722956456	0.3455519277043512	-25.503426332632166	0.5860511936674899	0.4452005105124473	0.0	0.5166636382383336	0.11548020347923067
294	-1654.7482290519877	-1692.0083662703928	-1654.748229051988	-37.26013721840498	NaN	7.469846766151036	1.0	1.38327064598332E-4	0.39450956469749043	0.6560460115774783	0.3439539884225188	-28.11252882643393	0.7983309734342249	0.00389227232977878	0.0	0.5415675848528521	0.10928761066829887
295	-1654.7448518612355	-1697.4496108184403	-1654.7448518612355	-42.70475895720476	NaN	12.531495971422437	1.0	2.2741166779626545E-4	0.3662504011909633	0.6559780977234297	0.34402190227656726	-33.63058630448913	0.1072675328190095	0.8833340627188726	0.0	0.8669216086965594	0.06844139623960466
296	-1654.7233286482833	-1690.4603635477088	-1654.7233286482835	-35.7370348994252	NaN	7.715584702532131	1.0	0.0013048855760654115	0.38036429079944345	0.6536937921810307	0.34630620781896615	-26.62552926987167	0.48804257520016847	0.5138015014157841	0.0	0.5540700398011138	0.10697903538710157
297	-1654.7198200924256	-1690.1462621990681	-1654.7198200924256	-35.426442106642526	NaN	7.7387769924389165	1.0	0.001265123999607044	0.37719950123346474	0.6539732387937964	0.3460267612062004	-26.32319041982048	0.4695536407033428	0.37994804778475116	0.0	0.5697807836558821	0.10756325627269323
