
                        BEAST v2.6.7, 2002-2022
             Bayesian Evolutionary Analysis Sampling Trees
                       Designed and developed by
 Remco Bouckaert, Alexei J. Drummond, Andrew Rambaut & Marc A. Suchard
                                    
                   Centre for Computational Evolution
                         University of Auckland
                       r.bouckaert@auckland.ac.nz
                        alexei@cs.auckland.ac.nz
                                    
                   Institute of Evolutionary Biology
                        University of Edinburgh
                           a.rambaut@ed.ac.uk
                                    
                    David Geffen School of Medicine
                 University of California, Los Angeles
                           msuchard@ucla.edu
                                    
                      Downloads, Help & Resources:
                           http://beast2.org/
                                    
  Source code distributed under the GNU Lesser General Public License:
                   http://github.com/CompEvol/beast2
                                    
                           BEAST developers:
   Alex Alekseyenko, Trevor Bedford, Erik Bloomquist, Joseph Heled, 
 Sebastian Hoehna, Denise Kuehnert, Philippe Lemey, Wai Lok Sibon Li, 
Gerton Lunter, Sidney Markowitz, Vladimir Minin, Michael Defoin Platel, 
          Oliver Pybus, Tim Vaughan, Chieh-Hsi Wu, Walter Xie
                                    
                               Thanks to:
          Roald Forsberg, Beth Shapiro and Korbinian Strimmer

Random number seed: 1730278938171

File: kd-lgs_pruned_bcov_strict_bd_ns.xml seed: 1730278938171 threads: 1
Loading package BEASTvntr v0.1.3
Loading package PoMo v1.0.1
Loading package speedemon v1.0.0
Loading package feast v8.3.0
Loading package phylodynamics v1.3.0
Loading package SNAPP v1.5.2
Loading package BADTRIP v1.0.0
Loading package timtam v0.3.1
Loading package ORC v1.0.3
Loading package bacter v2.2.5
Loading package SpeciesNetwork v0.13.0
Loading package TreeStat2 v0.0.2
Loading package Mascot v2.1.2
Loading package starbeast2 v0.15.13
Loading package Beasy v0.0.2
Loading package bModelTest v1.2.1
Loading package ClaDS v1.1.2
Loading package Recombination v0.0.2
Loading package CoalRe v0.0.7
Loading package BASTA v3.0.1
Loading package contraband v1.0.0
Loading package BEAST v2.6.7
Loading package besp v0.2.0
Loading package BDMM v1.0.2
Loading package PIQMEE v1.0.2
Loading package BEASTLabs v1.9.7
Loading package BEAST_CLASSIC v1.5.0
Loading package BICEPS v1.0.1
Loading package CA v2.0.0
Loading package PhyDyn v1.3.8
Loading package MGSM v0.3.0
Loading package MASTER v6.1.2
Loading package TMA v1.0.0
Loading package flc v1.1.0
Loading package Babel v0.3.2
Loading package OBAMA v0.2.0
Loading package NS v1.1.0
Loading package starbeast3 v1.0.5
Loading package MultiTypeTree v7.0.2
Loading package MSBD v1.2.0
Loading package snapper v1.0.3
Loading package STACEY v1.2.5
Loading package SCOTTI v2.0.1
Loading package DENIM v1.0.1
Loading package MODEL_SELECTION v1.5.3
Loading package substBMA v1.2.3
Loading package MM v1.1.1
Loading package contactrees v1.0.0
Loading package BREAK_AWAY v1.0.1
Loading package EpiInf v7.5.2
Loading package GEO_SPHERE v1.3.1
Loading package SA v2.0.2
Loading package FastRelaxedClockLogNormal v1.1.1
Loading package BDSKY v1.4.8
Loading package SSM v1.1.0
Loading package CoupledMCMC v1.0.2
Loading package CodonSubstModels v1.1.3
Loading package BEAST v2.6.7
HlaiBaisha: 287 2
HlaiQiandui: 287 2
HlaiXifang: 287 2
HlaiZhongsha: 287 2
KsKamLP: 287 2
KsKamRJ: 287 2
KsMaonan: 287 2
TcCaoBanTai: 287 2
TcDebao: 287 2
TcLongzhou: 287 2
TnLibo: 287 2
TnQianxi: 287 2
TnWuming: 287 2
TswChiangmai: 287 2
TswKorat: 287 2
TswMangshi: 287 2
TswPhake: 287 2
TswYuanjiang: 287 2
Alignment(kd-lngs_pruned_filtered)
  18 taxa
  287 sites
  188 patterns

Filter -
18 taxa
287 sites
188 patterns
WARNING: found 10 sites in the alignment (orgdata.kd-lngs_pruned_filtered) that are equal to the ascertainment site. These sites will be ignored in the likelihood calculation.
Failed to load BEAGLE library: no hmsbeagle-jni in java.library.path
TreeLikelihood(treeLikelihood.kd-lg-elaged-filtered) uses BeerLikelihoodCore4
  FilteredAlignment(orgdata.kd-lngs_pruned_filtered): [taxa, patterns, sites] = [18, 188, 276]
WARNING: the dimension of the parameter is 1 at the start of the run.
         The operator FixMeanMutationRatesOperator has no effect (if this does not change).
Failed to load BEAGLE library: no hmsbeagle-jni in java.library.path
TreeLikelihood(treeLikelihood.kd-lngs_pruned_filtered) uses BeerLikelihoodCore4
  FilteredAlignment(orgdata.kd-lngs_pruned_filtered): [taxa, patterns, sites] = [18, 188, 276]
===============================================================================
Citations for this model:

Patricio Maturana, Brendon J. Brewer, Steffen Klaere, Remco Bouckaert. Model selection and parameter inference in phylogenetics using Nested Sampling. Systematic Biology, syy050, 2018

Gernhard 2008. The conditioned reconstructed process. Journal of Theoretical Biology Volume 253, Issue 4, 21 August 2008, Pages 769-778

===============================================================================
Counting 78 parameters
replacing logger tracelog with NSLogger
Writing file kd-lgs_pruned_filtered.trees
         Sample      posterior ESS(posterior)     likelihood          prior
Writing file kd-lgs_pruned_filtered.log
Start likelihood 0: -3432.5169851691335 
Start likelihood 1: -3908.7559677538848 
Start likelihood 2: -3589.62100725518 
3 particles initialised
              0     -3464.8908              N     -3434.2989       -30.5918 --
ML: -3435.7124512891314 Information: 1.4134952107251593
              1     -3268.9280         2.0        -3240.8869       -28.0410 --
ML: -3242.6338079725947 Information: 1.7468285440586442
              2     -3206.2400         3.0        -3177.8790       -28.3610 --
ML: -3179.9592204919168 Information: 2.0801618773916744
              3     -3107.6432         4.0        -3088.1959       -19.4473 --
ML: -3090.609453213272 Information: 2.4134952107251593
              4     -3091.4946         3.3        -3054.3628       -37.1318 --
ML: -3057.109695393907 Information: 2.7468285440499156
              5     -3041.7957         2.8        -3032.7643        -9.0314 --
ML: -3035.8445159619505 Information: 3.0801618642104556
              6     -3024.1143         2.8        -3012.7947       -11.3195 --
ML: -3016.2082876818076 Information: 3.413495148334138
              7     -3024.1798         2.9        -3008.5820       -15.5978 --
ML: -3012.3083850882313 Information: 3.641093829534036
              8     -2633.4662         4.0        -2623.0206       -10.4455 --
ML: -2627.1008579504523 Information: 4.080161877391674
              9     -2621.4405         3.6        -2596.8529       -24.5876 --
ML: -2601.2664050416615 Information: 4.413495210257077
             10     -2595.0834         3.0        -2567.5547       -27.5286 --
ML: -2572.3016005111367 Information: 4.746828544541765
             11     -2487.6576         2.8        -2473.3357       -14.3219 --
ML: -2478.4158646219234 Information: 5.080161877391674
             12     -2477.7888         2.5        -2456.5721       -21.2167 --
ML: -2461.985625718744 Information: 5.413493910216058
             13     -2446.7582         2.4        -2423.7911       -22.9671 --
ML: -2429.5379432318528 Information: 5.746828544038761
             14     -2456.3000         2.4        -2420.2507       -36.0493 --
ML: -2426.291201639242 Information: 5.902760141546111
             15     -2436.5283         2.4        -2409.1892       -27.3391 --
ML: -2415.6026979778044 Information: 6.413217000282842
             16     -2423.4233         2.4        -2403.7188       -19.7045 --
ML: -2410.4598035057556 Information: 6.7090179223040405
             17     -2414.9237         2.4        -2393.9950       -20.9286 --
ML: -2401.0751559742725 Information: 7.0792583526199415
             18     -2341.6478         2.4        -2328.3391       -13.3087 --
ML: -2335.7526624061384 Information: 7.413495210725159
             19     -2340.1756         2.6        -2307.0960       -33.0795 --
ML: -2314.842927212518 Information: 7.746828525668311
             20     -2331.8071         2.7        -2299.7243       -32.0828 --
ML: -2307.8036113969724 Information: 8.072821740776554
             21     -2319.5286         2.7        -2287.1118       -32.4168 --
ML: -2295.5253046317166 Information: 8.413431861032969
             22     -2311.7786         2.8        -2284.0855       -27.6931 --
ML: -2292.7668747800712 Information: 8.489495730140106
             23     -2294.5993         2.9        -2280.7006       -13.8987 --
ML: -2289.731528256753 Information: 8.859018672035901
             24     -2316.1830         2.9        -2270.1520       -46.0310 --
ML: -2279.565505026312 Information: 9.41304450030761
             25     -2263.7710         3.0        -2242.8097       -20.9612 --
ML: -2252.556611128499 Information: 9.746828543907327
             26     -2262.3881         3.0        -2239.1884       -23.1997 --
ML: -2249.232008921129 Information: 9.913192973927138
             27     -2251.1893         3.0        -2214.2259       -36.9633 --
ML: -2224.639488791266 Information: 10.413495210278695
             28     -2213.4565         3.1        -2200.0071       -13.4494 --
ML: -2210.7539486075693 Information: 10.746814354588956
             29     -2194.8905         3.3        -2168.8650       -26.0254 --
ML: -2179.9452571965876 Information: 11.080161877299972
             30     -2179.0896         3.3        -2159.6587       -19.4309 --
ML: -2171.0720883004738 Information: 11.412065310993182
             31     -2178.9807         3.3        -2157.3778       -21.6028 --
ML: -2168.9913471337372 Information: 11.328583361000995
             32     -2159.6810         3.3        -2146.4342       -13.2467 --
ML: -2158.514349145437 Information: 12.079817311234855
             33     -2155.0912         3.3        -2132.4993       -22.5919 --
ML: -2144.912821998156 Information: 12.413476712410226
             34     -2145.8082         3.3        -2125.5224       -20.2858 --
ML: -2138.2679581145967 Information: 12.736452241319576
             35     -2158.8080         3.3        -2125.1325       -33.6754 --
ML: -2137.546826953638 Information: 12.220283213124958
             36     -2140.6567         3.3        -2113.9516       -26.7051 --
ML: -2127.365060806246 Information: 13.413026765846748
             37     -2132.5416         3.3        -2095.2617       -37.2798 --
ML: -2109.008613410471 Information: 13.74682833400653
             38     -2101.4060         3.3        -2078.8403       -22.5656 --
ML: -2092.920527748165 Information: 14.0801600825313
             39     -2081.8448         3.4        -2064.5353       -17.3095 --
ML: -2078.948865122589 Information: 14.41348211811897
             40     -2066.0137         3.4        -2055.3844       -10.6293 --
ML: -2070.131089954136 Information: 14.745325403357983
             41     -2082.9892         3.4        -2043.1780       -39.8111 --
ML: -2058.2582148462893 Information: 15.080069725898504
             42     -2045.2071         3.4        -2035.1613       -10.0457 --
ML: -2050.5743535321094 Information: 15.409345610502134
             43     -2003.0424         3.4        -1983.1666       -19.8757 --
ML: -1998.9134832659386 Information: 15.746828544058417
             44     -2006.5550         3.4        -1976.7260       -29.8290 --
ML: -1992.8039490103374 Information: 16.06362938210458
             45     -2002.4980         3.4        -1973.5897       -28.9082 --
ML: -1989.9442081148363 Information: 16.174026743126774
             46     -2003.9727         3.3        -1968.5717       -35.4009 --
ML: -1985.3088110823614 Information: 16.68664224084752
             47     -1991.6949         3.3        -1967.2725       -24.4224 --
ML: -1984.0274422178984 Information: 16.380171636745104
             48     -1999.4503         3.3        -1966.6986       -32.7517 --
ML: -1983.3757291408338 Information: 16.182724238754417
             49     -1982.2333         3.3        -1965.0581       -17.1751 --
ML: -1982.3570263095328 Information: 16.52806100353564
             50     -1996.2687         3.2        -1964.0289       -32.2398 --
ML: -1981.5322329934866 Information: 16.714316062432772
             51     -1988.2491         3.2        -1962.4655       -25.7835 --
ML: -1980.4600690652285 Information: 17.189394359715152
             52     -1973.2565         3.2        -1959.2471       -14.0094 --
ML: -1977.9124389186034 Information: 18.350416888708395
             53     -1992.8417         3.2        -1957.4922       -35.3494 --
ML: -1976.339854606107 Information: 18.418097307596952
             54     -1969.9124         3.2        -1948.5052       -21.4071 --
ML: -1967.9185237639358 Information: 19.411202289038275
             55     -1979.0339         3.2        -1947.2047       -31.8291 --
ML: -1966.6293344640442 Information: 19.065718428581818
             56     -1944.7213         3.2        -1940.7315        -3.9898 --
ML: -1960.8087028043742 Information: 20.056929552577294
             57     -1958.2229         3.2        -1934.4174       -23.8054 --
ML: -1954.8284622480091 Information: 20.394949363702544
             58     -1967.5539         3.1        -1928.3137       -39.2401 --
ML: -1949.0574753817368 Information: 20.72463371014319
             59     -1941.3977         3.0        -1922.6986       -18.6990 --
ML: -1943.773749307883 Information: 21.04649057073391
             60     -1951.7593         3.0        -1920.3236       -31.4357 --
ML: -1941.6145379825743 Information: 21.013445654632733
             61     -1911.6740         3.0        -1904.9961        -6.6779 --
ML: -1926.7429331715748 Information: 21.74682276866362
             62     -1921.6212         3.0        -1885.9420       -35.6792 --
ML: -1908.0221682517788 Information: 22.080161728931134
             63     -1896.5437         3.0        -1872.2186       -24.3250 --
ML: -1894.6321049876271 Information: 22.413472680024192
             64     -1891.0294         3.0        -1864.5970       -26.4323 --
ML: -1887.3431772971887 Information: 22.740939239430244
             65     -1886.7939         3.0        -1859.3551       -27.4388 --
ML: -1882.427901243521 Information: 23.034320260931917
             66     -1867.5016         3.0        -1836.5821       -30.9195 --
ML: -1859.9956358531615 Information: 23.413495206308752
             67     -1830.5184         3.0        -1812.4013       -18.1170 --
ML: -1836.148200373073 Information: 23.746828542787433
             68     -1832.9013         3.0        -1808.1853       -24.7159 --
ML: -1832.2451384975961 Information: 23.974696275563034
             69     -1835.3218         2.9        -1806.1735       -29.1482 --
ML: -1830.4126550440649 Information: 23.903584616288185
             70     -1838.2833         2.9        -1804.9798       -33.3034 --
ML: -1829.3188466716658 Information: 23.826772709006946
             71     -1829.2435         2.9        -1804.2710       -24.9724 --
ML: -1828.641769255063 Information: 23.750299144194173
             72     -1824.6587         2.9        -1799.8426       -24.8161 --
ML: -1825.2228224369023 Information: 25.21486598463696
             73     -1809.3786         2.9        -1792.0797       -17.2988 --
ML: -1817.8259799403318 Information: 25.741353715144758
             74     -1821.3774         2.9        -1787.1943       -34.1831 --
ML: -1813.2639736916487 Information: 26.018605639063146
             75     -1829.2338         2.9        -1784.9736       -44.2601 --
ML: -1811.2447291805634 Information: 25.96947951145316
             76     -1812.3286         2.9        -1784.5531       -27.7754 --
ML: -1810.5788286077832 Information: 25.654652707901164
             77     -1811.2946         2.9        -1783.7258       -27.5688 --
ML: -1809.9928304577993 Information: 25.60005700266629
             78     -1813.0641         2.9        -1781.7923       -31.2717 --
ML: -1808.8307196101878 Information: 26.224863616833773
             79     -1799.2453         2.7        -1779.6123       -19.6330 --
ML: -1807.152518273369 Information: 26.981246855988616
             80     -1808.8680         2.7        -1772.1547       -36.7133 --
ML: -1800.2338855058326 Information: 28.071242375826355
             81     -1801.8302         2.7        -1768.9071       -32.9231 --
ML: -1797.2677593182214 Information: 28.19295282343184
             82     -1798.6451         2.7        -1767.6890       -30.9561 --
ML: -1796.0745348041828 Information: 27.965284063744548
             83     -1799.3461         2.7        -1765.2060       -34.1401 --
ML: -1794.131535221133 Information: 28.5095676814407
             84     -1788.1147         2.7        -1760.3830       -27.7316 --
ML: -1789.7835474598644 Information: 29.332724367625627
             85     -1782.5804         2.7        -1755.7031       -26.8773 --
ML: -1785.4369030329483 Information: 29.672309943797234
             86     -1776.3891         2.7        -1755.2925       -21.0965 --
ML: -1784.7111411995336 Information: 29.19014733979475
             87     -1784.3637         2.7        -1753.1267       -31.2369 --
ML: -1783.2701481247761 Information: 29.57670037526981
             88     -1781.6787         2.7        -1752.9619       -28.7167 --
ML: -1782.7724724403545 Information: 29.365798675519727
             89     -1772.3735         2.7        -1752.3550       -20.0185 --
ML: -1782.3567565303626 Information: 29.30778577568276
             90     -1763.6498         2.7        -1747.2173       -16.4325 --
ML: -1778.6070600024968 Information: 31.25250148712704
             91     -1775.8504         2.7        -1744.3654       -31.4850 --
ML: -1776.03295292061 Information: 31.439706596843934
             92     -1765.2893         2.7        -1743.6077       -21.6815 --
ML: -1775.1524819286878 Information: 31.136152239899275
             93     -1772.5819         2.7        -1742.6659       -29.9159 --
ML: -1774.4221659252166 Information: 31.10564524015774
             94     -1775.8327         2.7        -1742.2456       -33.5870 --
ML: -1773.9740646582957 Information: 31.044292317130385
             95     -1764.9457         2.7        -1740.0756       -24.8701 --
ML: -1772.7903205960192 Information: 31.840950820773855
             96     -1777.8378         2.7        -1735.5579       -42.2798 --
ML: -1768.9497543129437 Information: 33.27596479730049
             97     -1754.5898         2.7        -1734.9144       -19.6753 --
ML: -1768.1020293319084 Information: 32.862260582523845
             98     -1757.1802         2.7        -1734.7356       -22.4445 --
ML: -1767.7034038109039 Information: 32.62935978705286
             99     -1773.8425         2.7        -1733.2641       -40.5784 --
ML: -1766.9972806391136 Information: 32.83986410972216
            100     -1761.6178         2.7        -1730.3800       -31.2377 --
ML: -1764.9836191816605 Information: 34.099266338716944
            101     -1754.6528         2.7        -1728.6676       -25.9852 --
ML: -1763.492666036404 Information: 34.32594634378097
            102     -1757.6672         2.7        -1727.3504       -30.3168 --
ML: -1762.370180351874 Information: 34.42860705071644
            103     -1757.8310         2.7        -1726.0586       -31.7723 --
ML: -1761.3553354985452 Information: 34.61420803442445
            104     -1753.2000         2.7        -1723.2870       -29.9130 --
ML: -1759.2388201418064 Information: 35.535764949454745
            105     -1753.3269         2.7        -1720.0954       -33.2315 --
ML: -1756.4457579903908 Information: 36.12940086326759
            106     -1747.5374         2.7        -1718.6566       -28.8808 --
ML: -1755.101397540637 Information: 36.01206672053081
            107     -1747.8369         2.7        -1716.4608       -31.3761 --
ML: -1753.3503696977614 Information: 36.43320378766185
            108     -1744.0362         2.7        -1713.4749       -30.5613 --
ML: -1750.8066475637406 Information: 37.061199183010814
            109     -1751.1680         2.7        -1712.7801       -38.3878 --
ML: -1749.9639453870032 Information: 36.76816581290143
            110     -1746.9806         2.7        -1708.6261       -38.3545 --
ML: -1746.6685262663188 Information: 37.873088140492015
            111     -1740.3288         2.7        -1708.5724       -31.7564 --
ML: -1746.121540992882 Information: 37.42005533420286
            112     -1727.0971         2.7        -1708.5654       -18.5317 --
ML: -1745.8561173699936 Information: 37.18633369104032
            113     -1753.6128         2.7        -1704.4411       -49.1717 --
ML: -1743.4288950283926 Information: 38.614427294139944
            114     -1739.4983         2.7        -1700.0021       -39.4962 --
ML: -1739.3977271310482 Information: 39.310146168382175
            115     -1724.6140         2.7        -1697.2662       -27.3478 --
ML: -1736.924911654838 Information: 39.42073561362014
            116     -1733.3188         2.7        -1697.2591       -36.0596 --
ML: -1736.4176539047064 Information: 39.01095940748951
            117     -1739.4670         2.7        -1697.2217       -42.2452 --
ML: -1736.1584103669775 Information: 38.79395628903717
            118     -1735.4766         2.7        -1696.1689       -39.3076 --
ML: -1735.7738913672088 Information: 38.79107443025282
            119     -1735.2150         2.7        -1695.8726       -39.3423 --
ML: -1735.5056882903168 Information: 38.78403695029033
            120     -1739.5518         2.7        -1691.6702       -47.8816 --
ML: -1732.9986723420513 Information: 40.91672054634299
            121     -1730.7204         2.7        -1687.5477       -43.1727 --
ML: -1729.2702576227011 Information: 41.613543315877244
            122     -1716.4812         2.8        -1687.1403       -29.3408 --
ML: -1728.5519110274047 Information: 41.15982086740951
            123     -1717.7877         2.8        -1686.4617       -31.3260 --
ML: -1728.007427772963 Information: 41.005940417889406
            124     -1719.0790         2.8        -1686.2394       -32.8396 --
ML: -1727.68842509134 Information: 40.895079231941736
            125     -1711.3607         2.8        -1686.1795       -25.1811 --
ML: -1727.4996497403945 Information: 40.81188699229028
            126     -1722.4771         2.8        -1685.0584       -37.4186 --
ML: -1727.17886228872 Information: 40.93821878525432
            127     -1714.9411         2.8        -1683.9228       -31.0183 --
ML: -1726.7012939754347 Information: 41.34075422595606
            128     -1715.2409         2.8        -1682.8240       -32.4168 --
ML: -1726.1044846048674 Information: 41.88391387840477
            129     -1720.5580         2.8        -1680.8552       -39.7028 --
ML: -1724.908555213773 Information: 43.03558911370766
            130     -1709.9355         2.8        -1680.6337       -29.3018 --
ML: -1724.4238172702023 Information: 43.02689187384999
            131     -1711.7383         2.8        -1679.9259       -31.8123 --
ML: -1723.9800326724965 Information: 43.11028648185379
            132     -1718.1256         2.8        -1679.8496       -38.2759 --
ML: -1723.7353873131976 Information: 43.08701631430631
            133     -1712.2965         2.8        -1678.7819       -33.5146 --
ML: -1723.3622203706009 Information: 43.29515839330429
            134     -1713.8560         2.8        -1678.0308       -35.8252 --
ML: -1722.974958127076 Information: 43.56170064969365
            135     -1707.8041         2.8        -1676.5645       -31.2396 --
ML: -1722.2833464196742 Information: 44.29226082166622
            136     -1705.4175         2.9        -1676.2599       -29.1576 --
ML: -1721.8878711591642 Information: 44.4622473641291
            137     -1707.3158         2.9        -1672.5115       -34.8043 --
ML: -1719.495791047158 Information: 46.53492644421698
            138     -1702.4879         2.9        -1672.4800       -30.0078 --
ML: -1718.981871729622 Information: 46.214226261946465
            139     -1708.8300         2.9        -1671.8976       -36.9323 --
ML: -1718.5661270345215 Information: 46.09440712724995
            140     -1702.3506         2.9        -1671.6702       -30.6803 --
ML: -1718.2991800716015 Information: 46.01523839569222
            141     -1706.8257         2.9        -1671.5870       -35.2386 --
ML: -1718.1315989805942 Information: 45.955187897313635
            142     -1710.6633         2.9        -1671.3844       -39.2789 --
ML: -1718.0046276023475 Information: 45.9226560098009
            143     -1703.1531         2.9        -1670.8644       -32.2886 --
ML: -1717.870353468282 Information: 45.941363130803666
            144     -1707.2844         2.9        -1670.4884       -36.7960 --
ML: -1717.7471340874022 Information: 45.98515125586732
            145     -1711.4634         2.9        -1669.5351       -41.9282 --
ML: -1717.551993295006 Information: 46.18478017904522
            146     -1702.8211         2.9        -1669.3695       -33.4516 --
ML: -1717.4123096482297 Information: 46.305525035982555
            147     -1695.6573         2.9        -1669.0471       -26.6102 --
ML: -1717.2910236531811 Information: 46.41948785266868
            148     -1706.1523         3.0        -1667.5727       -38.5795 --
ML: -1716.9853722106868 Information: 46.98258317451041
            149     -1705.1520         3.0        -1667.5117       -37.6403 --
ML: -1716.8025664193037 Information: 47.21595612862757
            150     -1706.6689         3.0        -1667.1795       -39.4894 --
ML: -1716.6482304599251 Information: 47.40587038265812
            151     -1712.1705         3.0        -1667.1298       -45.0407 --
ML: -1716.545944671001 Information: 47.50898486988717
            152     -1706.7996         3.0        -1666.9201       -39.8795 --
ML: -1716.4635160402686 Information: 47.59404758327969
            153     -1700.2667         3.0        -1666.7185       -33.5482 --
ML: -1716.3964595313803 Information: 47.66649621067381
            154     -1702.9694         3.0        -1666.4094       -36.5600 --
ML: -1716.3350781529336 Information: 47.743268822796836
            155     -1701.8297         3.0        -1666.3451       -35.4846 --
ML: -1716.290591235691 Information: 47.79653827021821
            156     -1695.5555         3.0        -1666.1224       -29.4330 --
ML: -1716.2523769068987 Information: 47.84724248558132
            157     -1704.8558         3.0        -1665.5201       -39.3357 --
ML: -1716.2044760170668 Information: 47.93427858434006
            158     -1696.8429         3.0        -1664.9968       -31.8460 --
ML: -1716.149463791419 Information: 48.054475238935765
            159     -1703.9466         3.1        -1664.7929       -39.1537 --
ML: -1716.1035057857775 Information: 48.156838924181784
            160     -1696.3263         3.1        -1664.2395       -32.0868 --
ML: -1716.0490414076007 Information: 48.29888156775178
            161     -1701.2633         3.1        -1663.9551       -37.3081 --
ML: -1715.9998010139602 Information: 48.43198045572535
            162     -1699.6812         3.1        -1663.8259       -35.8553 --
ML: -1715.9613693653082 Information: 48.53462856257738
            163     -1695.7495         3.1        -1663.5758       -32.1736 --
ML: -1715.9272688030437 Information: 48.62963065289682
            164     -1700.2535         3.1        -1663.4630       -36.7904 --
ML: -1715.9007326853682 Information: 48.70351117697146
            165     -1695.3165         3.1        -1663.1308       -32.1856 --
ML: -1715.8749114634588 Information: 48.781344436664085
            166     -1702.8971         3.1        -1662.9744       -39.9226 --
ML: -1715.8537788436936 Information: 48.846346526378966
            167     -1702.7477         3.1        -1662.8876       -39.8600 --
ML: -1715.8375697160027 Information: 48.89637666340468
            168     -1692.7783         3.1        -1662.4049       -30.3734 --
ML: -1715.8190720140046 Information: 48.96101827173993
            169     -1703.6901         3.2        -1662.1599       -41.5301 --
ML: -1715.8024342059628 Information: 49.02189927657241
            170     -1702.1403         3.2        -1662.0396       -40.1007 --
ML: -1715.789187869123 Information: 49.07103785479285
            171     -1697.5279         3.2        -1661.3426       -36.1852 --
ML: -1715.770434631476 Information: 49.15215254118948
            172     -1698.1126         3.2        -1661.3201       -36.7924 --
ML: -1715.7569108007494 Information: 49.20979758528347
            173     -1690.2293         3.2        -1661.1490       -29.0803 --
ML: -1715.7455548181488 Information: 49.259394870805636
            174     -1698.8228         3.2        -1660.7225       -38.1003 --
ML: -1715.7332367770462 Information: 49.317637312019315
            175     -1695.6464         3.2        -1660.7049       -34.9415 --
ML: -1715.7243481371493 Information: 49.359283724539864
            176     -1693.4978         3.2        -1660.6040       -32.8938 --
ML: -1715.7173584220932 Information: 49.39242177009055
            177     -1693.5060         3.2        -1660.5126       -32.9934 --
ML: -1715.711904916689 Information: 49.41857942591378
            178     -1695.5416         3.2        -1660.4142       -35.1274 --
ML: -1715.7076141884756 Information: 49.43946026198273
            179     -1705.0768         3.2        -1660.2453       -44.8314 --
ML: -1715.703988642981 Information: 49.457630987204766
            180     -1697.8987         3.3        -1660.2073       -37.6914 --
ML: -1715.7012985154206 Information: 49.47116482354704
            181     -1696.9346         3.3        -1659.7131       -37.2215 --
ML: -1715.6981480683125 Information: 49.48851362210985
            182     -1689.8873         3.3        -1659.6552       -30.2320 --
ML: -1715.6957627977627 Information: 49.50174373415484
            183     -1703.7647         3.3        -1659.5627       -44.2019 --
ML: -1715.693892041129 Information: 49.512266882092035
            184     -1701.8798         3.3        -1659.4539       -42.4258 --
ML: -1715.6924000856438 Information: 49.52080478222547
            185     -1695.9245         3.3        -1659.2804       -36.6440 --
ML: -1715.691130217728 Information: 49.52828021039545
            186     -1698.4635         3.3        -1659.2433       -39.2202 --
ML: -1715.6901869309565 Information: 49.533860962778135
            187     -1703.2028         3.3        -1659.2263       -43.9764 --
ML: -1715.6895000176028 Information: 49.53793273027259
            188     -1696.4750         3.3        -1659.0618       -37.4132 --
ML: -1715.68892018626 Information: 49.5414625642361
            189     -1695.5132         3.4        -1658.9038       -36.6093 --
ML: -1715.688433881628 Information: 49.544497999829446
            190     -1692.9337         3.4        -1658.8791       -34.0545 --
ML: -1715.6880768660722 Information: 49.54673415987213
            191     -1696.7714         3.4        -1658.8287       -37.9427 --
ML: -1715.6878079234757 Information: 49.54843160881319
            192     -1692.3955         3.4        -1658.7257       -33.6698 --
ML: -1715.6875943536131 Information: 49.54980119635934
            193     -1697.1622         3.4        -1658.6964       -38.4657 --
ML: -1715.687436808449 Information: 49.550815901075566
            194     -1697.9773         3.4        -1658.5454       -39.4318 --
ML: -1715.6873055380067 Information: 49.55168106042879
            195     -1699.2518         3.4        -1658.4785       -40.7732 --
ML: -1715.6872049824294 Information: 49.55235042659206
            196     -1706.9223         3.4        -1658.3643       -48.5579 --
ML: -1715.6871242229709 Information: 49.55289718196582
            197     -1705.0269         3.4        -1658.0675       -46.9594 --
ML: -1715.6870463620648 Information: 49.55344737836617
            198     -1691.4375         3.4        -1658.0428       -33.3947 --
ML: -1715.6869891856813 Information: 49.55385278612653
            199     -1693.7496         3.5        -1657.9417       -35.8079 --
ML: -1715.6869438586825 Information: 49.5541787420334
            200     -1694.2166         3.5        -1657.9004       -36.3162 --
ML: -1715.6869100119322 Information: 49.554423528134976
            201     -1702.4187         3.5        -1657.8897       -44.5290 --
ML: -1715.68688549918 Information: 49.55460106565124
            202     -1696.3245         3.5        -1657.8085       -38.5160 --
ML: -1715.686866449873 Information: 49.554740576471204
            203     -1694.8093         3.5        -1657.7878       -37.0214 --
ML: -1715.6868525161472 Information: 49.55484290800041
            204     -1699.8274         3.5        -1657.6252       -42.2021 --
ML: -1715.6868407686534 Information: 49.55493109319195
            205     -1695.8407         3.5        -1657.5200       -38.3206 --
ML: -1715.6868314178903 Information: 49.55500226953586
            206     -1708.3674         3.5        -1657.4599       -50.9074 --
ML: -1715.686824303016 Information: 49.555056853558426
            207     -1693.8214         3.5        -1657.3818       -36.4396 --
ML: -1715.6868187905193 Information: 49.5550995750873
            208     -1692.7484         3.6        -1657.2641       -35.4842 --
ML: -1715.6868143476167 Information: 49.55513452955688
            209     -1703.5809         3.6        -1657.1383       -46.4425 --
ML: -1715.686810737316 Information: 49.55516338783673
            210     -1690.7257         3.6        -1656.9369       -33.7887 --
ML: -1715.6868075733164 Information: 49.55518931572237
            211     -1694.6065         3.6        -1656.9263       -37.6802 --
ML: -1715.6868052819154 Information: 49.55520811721158
            212     -1693.9624         3.6        -1656.9158       -37.0465 --
ML: -1715.686803622827 Information: 49.5552217476104
            213     -1692.0858         3.6        -1656.8328       -35.2530 --
ML: -1715.686802331092 Information: 49.55523246729058
            214     -1699.9624         3.6        -1656.8165       -43.1459 --
ML: -1715.6868013902874 Information: 49.555240290147594
            215     -1715.1079         3.6        -1656.6639       -58.4440 --
ML: -1715.686800605097 Information: 49.55524693888083
            216     -1692.6972         3.6        -1656.5902       -36.1069 --
ML: -1715.686799999442 Information: 49.55525211207441
            217     -1696.4875         3.7        -1656.5890       -39.8984 --
ML: -1715.686799564967 Information: 49.5552558237282
            218     -1693.1144         3.7        -1656.5539       -36.5605 --
ML: -1715.6867992425255 Information: 49.555258589487494
            219     -1692.5502         3.7        -1656.5105       -36.0397 --
ML: -1715.6867990012304 Information: 49.555260669507106
            220     -1695.1869         3.7        -1656.5046       -38.6823 --
ML: -1715.6867988273157 Information: 49.55526216971862
            221     -1690.4153         3.7        -1656.4318       -33.9835 --
ML: -1715.6867986932832 Information: 49.55526333587227
            222     -1694.2941         3.7        -1656.3275       -37.9666 --
ML: -1715.6867985866868 Information: 49.555264274381216
            223     -1703.1401         3.7        -1656.3094       -46.8307 --
ML: -1715.6867985089157 Information: 49.55526496045263
            224     -1699.7333         3.7        -1656.1896       -43.5436 --
ML: -1715.686798446098 Information: 49.55526552215497
            225     -1691.7205         3.8        -1656.1762       -35.5442 --
ML: -1715.6867984004784 Information: 49.555265930842324
            226     -1701.0306         3.8        -1656.1616       -44.8689 --
ML: -1715.686798367311 Information: 49.55526622833759
            227     -1696.9701         3.8        -1656.1171       -40.8529 --
ML: -1715.686798342464 Information: 49.55526645249847
            228     -1706.4631         3.8        -1656.0935       -50.3696 --
ML: -1715.6867983242357 Information: 49.55526661731869
            229     -1696.8192         3.8        -1656.0663       -40.7529 --
ML: -1715.6867983108136 Information: 49.55526673882787
            230     -1695.2854         3.8        -1656.0445       -39.2409 --
ML: -1715.6867983009843 Information: 49.55526682826576
            231     -1698.8628         3.8        -1655.9898       -42.8730 --
ML: -1715.6867982935455 Information: 49.555266896208195
            232     -1701.0181         3.8        -1655.9738       -45.0443 --
ML: -1715.6867982881292 Information: 49.55526694591049
            233     -1689.9722         3.8        -1655.9447       -34.0275 --
ML: -1715.6867982841338 Information: 49.5552669827523
            234     -1693.0410         3.9        -1655.9236       -37.1174 --
ML: -1715.6867982812098 Information: 49.55526700965402
            235     -1695.2034         3.9        -1655.8654       -39.3379 --
ML: -1715.6867982789893 Information: 49.555267030150844
            236     -1693.1690         3.9        -1655.8078       -37.3611 --
ML: -1715.6867982773038 Information: 49.555267045990604
            237     -1690.9856         3.9        -1655.7449       -35.2407 --
ML: -1715.6867982760175 Information: 49.55526705823172
            238     -1693.0802         3.9        -1655.6294       -37.4508 --
ML: -1715.6867982749832 Information: 49.5552670679449
            239     -1690.1136         3.9        -1655.5559       -34.5576 --
ML: -1715.6867982741855 Information: 49.555267075507345
            240     -1695.8575         3.9        -1655.5357       -40.3218 --
ML: -1715.6867982736023 Information: 49.55526708107777
            241     -1696.2160         3.9        -1655.5351       -40.6808 --
ML: -1715.6867982731842 Information: 49.55526708509342
            242     -1702.5535         4.0        -1655.4893       -47.0642 --
ML: -1715.6867982728704 Information: 49.555267088286655
            243     -1689.0454         4.0        -1655.4703       -33.5750 --
ML: -1715.6867982726415 Information: 49.55526709036212
            244     -1694.3782         4.0        -1655.4619       -38.9163 --
ML: -1715.686798272476 Information: 49.555267091998985
            245     -1692.6474         4.0        -1655.4471       -37.2003 --
ML: -1715.6867982723556 Information: 49.55526709302421
            246     -1690.4680         4.0        -1655.4454       -35.0225 --
ML: -1715.6867982722692 Information: 49.555267093883
            247     -1700.7556         4.0        -1655.4099       -45.3456 --
ML: -1715.6867982722051 Information: 49.555267094476676
            248     -1695.5729         4.0        -1655.3951       -40.1778 --
ML: -1715.6867982721585 Information: 49.55526709487867
            249     -1698.3322         4.0        -1655.3722       -42.9600 --
ML: -1715.6867982721244 Information: 49.55526709506489
            250     -1696.5922         4.0        -1655.3618       -41.2303 --
ML: -1715.6867982720996 Information: 49.55526709535047
            251     -1694.1241         4.0        -1655.3569       -38.7671 --
ML: -1715.686798272082 Information: 49.55526709537253
            252     -1690.4411         4.1        -1655.3224       -35.1187 --
ML: -1715.6867982720687 Information: 49.555267095445515
            253     -1690.8114         4.1        -1655.2920       -35.5193 --
ML: -1715.686798272059 Information: 49.5552670955592
            254     -1688.2131         4.1        -1655.2713       -32.9418 --
ML: -1715.6867982720519 Information: 49.555267095470526
            255     -1690.6344         4.1        -1655.2523       -35.3821 --
ML: -1715.6867982720466 Information: 49.555267095542604
            256     -1697.8199         4.1        -1655.1394       -42.6804 --
ML: -1715.6867982720426 Information: 49.555267095430736
            257     -1697.9328         4.1        -1655.1393       -42.7934 --
ML: -1715.6867982720396 Information: 49.5552670953889
            258     -1698.6801         4.1        -1655.1356       -43.5444 --
ML: -1715.6867982720375 Information: 49.55526709522633
            259     -1690.0704         4.1        -1655.1244       -34.9459 --
ML: -1715.686798272036 Information: 49.555267095289764
            260     -1694.3709         4.1        -1655.1066       -39.2642 --
ML: -1715.6867982720348 Information: 49.55526709529613
            261     -1695.7713         4.2        -1655.0887       -40.6825 --
ML: -1715.686798272034 Information: 49.555267095434374
            262     -1692.0117         4.2        -1655.0617       -36.9500 --
ML: -1715.6867982720332 Information: 49.55526709555693
            263     -1702.7343         4.2        -1655.0442       -47.6900 --
ML: -1715.6867982720328 Information: 49.555267095575346
            264     -1689.7072         4.2        -1655.0386       -34.6686 --
ML: -1715.6867982720325 Information: 49.55526709542164
            265     -1693.2150         4.2        -1655.0370       -38.1780 --
ML: -1715.6867982720323 Information: 49.55526709541823
            266     -1690.6440         4.2        -1655.0059       -35.6381 --
ML: -1715.686798272032 Information: 49.55526709551441
            267     -1698.3541         4.2        -1654.9883       -43.3658 --
ML: -1715.6867982720319 Information: 49.555267095686986
            268     -1691.3704         4.2        -1654.9871       -36.3832 --
ML: -1715.6867982720319 Information: 49.55526709553919
            269     -1694.5028         4.3        -1654.9406       -39.5621 --
ML: -1715.6867982720319 Information: 49.555267095428235
            270     -1690.5256         4.3        -1654.9366       -35.5889 --
ML: -1715.6867982720319 Information: 49.55526709534843
            271     -1691.0318         4.3        -1654.9361       -36.0956 --
ML: -1715.6867982720319 Information: 49.55526709529113
            272     -1698.4651         4.3        -1654.9331       -43.5319 --
ML: -1715.6867982720319 Information: 49.555267095249974
            273     -1698.9283         4.3        -1654.9285       -43.9997 --
ML: -1715.6867982720319 Information: 49.555267095220415
            274     -1691.6139         4.3        -1654.9204       -36.6935 --
ML: -1715.6867982720319 Information: 49.55526709519904
            275     -1691.9480         4.3        -1654.9092       -37.0388 --
ML: -1715.6867982720319 Information: 49.55526709518358
            276     -1694.4252         4.3        -1654.9014       -39.5237 --
ML: -1715.6867982720319 Information: 49.55526709517244
            277     -1689.5855         4.4        -1654.9009       -34.6846 --
ML: -1715.6867982720319 Information: 49.55526709516448
            278     -1687.8444         4.4        -1654.8920       -32.9523 --
ML: -1715.6867982720319 Information: 49.5552670951588
            279     -1699.0907         4.4        -1654.8714       -44.2193 --
ML: -1715.6867982720319 Information: 49.55526709515448
            280     -1691.0806         4.4        -1654.8602       -36.2204 --
ML: -1715.6867982720319 Information: 49.555267095151294
            281     -1688.3187         4.4        -1654.8037       -33.5149 --
ML: -1715.6867982720319 Information: 49.55526709514902
            282     -1693.2061         4.4        -1654.7946       -38.4114 --
ML: -1715.6867982720319 Information: 49.55526709514743
            283     -1700.1201         4.4        -1654.7932       -45.3269 --
ML: -1715.6867982720319 Information: 49.55526709514629
            284     -1688.9575         4.4        -1654.7929       -34.1646 --
ML: -1715.6867982720319 Information: 49.55526709514538
            285     -1692.5807         4.4        -1654.7851       -37.7955 --
ML: -1715.6867982720319 Information: 49.5552670951447
            286     -1694.3353         4.5        -1654.7850       -39.5503 --
ML: -1715.6867982720319 Information: 49.555267095144245
            287     -1695.2334         4.5        -1654.7683       -40.4650 --
ML: -1715.6867982720319 Information: 49.55526709514402
            288     -1689.3578         4.5        -1654.7677       -34.5901 --
ML: -1715.6867982720319 Information: 49.55526709514379
            289     -1690.9763         4.5        -1654.7645       -36.2118 --
ML: -1715.6867982720319 Information: 49.55526709514356
            290     -1694.3021         4.5        -1654.7631       -39.5389 --
ML: -1715.6867982720319 Information: 49.555267095143336
            291     -1695.2318         4.5        -1654.7598       -40.4720 --
ML: -1715.6867982720319 Information: 49.555267095143336
            292     -1697.6568         4.5        -1654.7581       -42.8987 --
ML: -1715.6867982720319 Information: 49.555267095143336
            293     -1689.3498         4.6        -1654.7485       -34.6012 --
ML: -1715.6867982720319 Information: 49.555267095143336
            294     -1692.0083         4.6        -1654.7482       -37.2601 --
ML: -1715.6867982720319 Information: 49.555267095143336
            295     -1697.4496         4.6        -1654.7448       -42.7047 --
ML: -1715.6867982720319 Information: 49.555267095143336
            296     -1690.4603         4.6        -1654.7233       -35.7370 --
ML: -1715.6867982720319 Information: 49.555267095143336
            297     -1690.1462         4.6        -1654.7198       -35.4264 --
ML: -1715.6867982720319 Information: 49.555267095143336
298<=100000000&& (298<2.0*49.555267095143336*3||Math.abs(-1715.6867982720319 - -1715.6867982720319)/Math.abs(-1715.6867982720319) > 1.0E-6
Finished in 298 steps!
Marginal likelihood: -1715.1639902935158 (bootstrap SD=3.9583446416596213)
Marginal likelihood: -1714.898356089494 (subsample SD=4.911783179673901)
Marginal likelihood: -1715.5745171003487(3.9769080627482105)
Information: 49.555267095143336
SD: 4.0642862060942235

Operator                                                              Tuning    #accept    #reject      Pr(m)  Pr(acc|m)
ScaleOperator(bcovAlphaScaler.s:kd-lngs_pruned_filtered)             0.75000       8950       1420    0.00140    0.86307 Try setting scaleFactor to about 0.562
ScaleOperator(bcovSwitchParamScaler.s:kd-lngs_pruned_filtered)       0.75000       5770       4598    0.00140    0.55652 Try setting scaleFactor to about 0.562
DeltaExchangeOperator(frequenciesDelta.s:kd-lngs_pruned_filtered)    0.01000       8613       1933    0.00140    0.81671 Try setting delta to about 0.02
DeltaExchangeOperator(FixMeanMutationRatesOperator)                  0.75000     210706         31    0.02805    0.99985 Try setting delta to about 1.5
ScaleOperator(BirthDeathTreeScaler.t:tree)                           0.50000      41638     274417    0.04208    0.13174 
ScaleOperator(BirthDeathTreeRootScaler.t:tree)                       0.50000      50615     265894    0.04208    0.15992 
Uniform(BirthDeathUniformOperator.t:tree)                                  -    1228462    1938035    0.42076    0.38796 
SubtreeSlide(BirthDeathSubtreeSlide.t:tree)                          1.00000     272006    1311469    0.21038    0.17178 
Exchange(BirthDeathNarrow.t:tree)                                          -          0          0    0.00000        NaN 
Exchange(BirthDeathWide.t:tree)                                            -      15620     301648    0.04208    0.04923 
WilsonBalding(BirthDeathWilsonBalding.t:tree)                              -      15333     300792    0.04208    0.04850 
ScaleOperator(BirthRateScaler.t:tree)                                0.75000     243297      72655    0.04208    0.77004 Try setting scaleFactor to about 0.562
ScaleOperator(DeathRateScaler.t:tree)                                0.75000     245758      72003    0.04208    0.77341 Try setting scaleFactor to about 0.562
ScaleOperator(StrictClockRateScaler.c:clock)                         0.75000     125511     191514    0.04208    0.39590 
UpDownOperator(strictClockUpDownOperator.c:clock)                    0.75000     209556     106756    0.04208    0.66250 Try setting scaleFactor to about 0.562

     Tuning: The value of the operator's tuning parameter, or '-' if the operator can't be optimized.
    #accept: The total number of times a proposal by this operator has been accepted.
    #reject: The total number of times a proposal by this operator has been rejected.
      Pr(m): The probability this operator is chosen in a step of the MCMC (i.e. the normalized weight).
  Pr(acc|m): The acceptance probability (#accept as a fraction of the total proposals for this operator).


Total calculation time: 175.233 seconds
End likelihood: -36.47186415758853
Producing posterior samples

Marginal likelihood: -1715.2765646499683 sqrt(H/N)=(4.035819023063783)=?=SD=(3.9636881052569137) Information: 48.86350556077053
Max ESS: 39.19575584345246


Processing 298 trees from file.
Log file written to kd-lgs_pruned_filtered.posterior.trees
Done!

Marginal likelihood: -1715.2459687509172 sqrt(H/N)=(4.032932981749574)=?=SD=(3.934743598574131) Information: 48.79364530585052
Max ESS: 38.924045747999045


Log file written to kd-lgs_pruned_filtered.posterior.log
Done!
