
                        BEAST v2.6.7, 2002-2022
             Bayesian Evolutionary Analysis Sampling Trees
                       Designed and developed by
 Remco Bouckaert, Alexei J. Drummond, Andrew Rambaut & Marc A. Suchard
                                    
                   Centre for Computational Evolution
                         University of Auckland
                       r.bouckaert@auckland.ac.nz
                        alexei@cs.auckland.ac.nz
                                    
                   Institute of Evolutionary Biology
                        University of Edinburgh
                           a.rambaut@ed.ac.uk
                                    
                    David Geffen School of Medicine
                 University of California, Los Angeles
                           msuchard@ucla.edu
                                    
                      Downloads, Help & Resources:
                           http://beast2.org/
                                    
  Source code distributed under the GNU Lesser General Public License:
                   http://github.com/CompEvol/beast2
                                    
                           BEAST developers:
   Alex Alekseyenko, Trevor Bedford, Erik Bloomquist, Joseph Heled, 
 Sebastian Hoehna, Denise Kuehnert, Philippe Lemey, Wai Lok Sibon Li, 
Gerton Lunter, Sidney Markowitz, Vladimir Minin, Michael Defoin Platel, 
          Oliver Pybus, Tim Vaughan, Chieh-Hsi Wu, Walter Xie
                                    
                               Thanks to:
          Roald Forsberg, Beth Shapiro and Korbinian Strimmer

Random number seed: 1730279148141

File: kd-merged_pruned_bcov_strict_bd_ns.xml seed: 1730279148141 threads: 1
Loading package BEASTvntr v0.1.3
Loading package PoMo v1.0.1
Loading package speedemon v1.0.0
Loading package feast v8.3.0
Loading package phylodynamics v1.3.0
Loading package SNAPP v1.5.2
Loading package BADTRIP v1.0.0
Loading package timtam v0.3.1
Loading package ORC v1.0.3
Loading package bacter v2.2.5
Loading package SpeciesNetwork v0.13.0
Loading package TreeStat2 v0.0.2
Loading package Mascot v2.1.2
Loading package starbeast2 v0.15.13
Loading package Beasy v0.0.2
Loading package bModelTest v1.2.1
Loading package ClaDS v1.1.2
Loading package Recombination v0.0.2
Loading package CoalRe v0.0.7
Loading package BASTA v3.0.1
Loading package contraband v1.0.0
Loading package BEAST v2.6.7
Loading package besp v0.2.0
Loading package BDMM v1.0.2
Loading package PIQMEE v1.0.2
Loading package BEASTLabs v1.9.7
Loading package BEAST_CLASSIC v1.5.0
Loading package BICEPS v1.0.1
Loading package CA v2.0.0
Loading package PhyDyn v1.3.8
Loading package MGSM v0.3.0
Loading package MASTER v6.1.2
Loading package TMA v1.0.0
Loading package flc v1.1.0
Loading package Babel v0.3.2
Loading package OBAMA v0.2.0
Loading package NS v1.1.0
Loading package starbeast3 v1.0.5
Loading package MultiTypeTree v7.0.2
Loading package MSBD v1.2.0
Loading package snapper v1.0.3
Loading package STACEY v1.2.5
Loading package SCOTTI v2.0.1
Loading package DENIM v1.0.1
Loading package MODEL_SELECTION v1.5.3
Loading package substBMA v1.2.3
Loading package MM v1.1.1
Loading package contactrees v1.0.0
Loading package BREAK_AWAY v1.0.1
Loading package EpiInf v7.5.2
Loading package GEO_SPHERE v1.3.1
Loading package SA v2.0.2
Loading package FastRelaxedClockLogNormal v1.1.1
Loading package BDSKY v1.4.8
Loading package SSM v1.1.0
Loading package CoupledMCMC v1.0.2
Loading package CodonSubstModels v1.1.3
Loading package BEAST v2.6.7
HlaiBaisha: 485 2
HlaiQiandui: 485 2
HlaiXifang: 485 2
HlaiZhongsha: 485 2
KsKamLP: 485 2
KsKamRJ: 485 2
KsMaonan: 485 2
TcCaoBanTai: 485 2
TcDebao: 485 2
TcLongzhou: 485 2
TnLibo: 485 2
TnQianxi: 485 2
TnWuming: 485 2
TswChiangmai: 485 2
TswKorat: 485 2
TswMangshi: 485 2
TswPhake: 485 2
TswYuanjiang: 485 2
Alignment(kd-merged_filtered)
  18 taxa
  485 sites
  271 patterns

Filter -
18 taxa
485 sites
271 patterns
WARNING: found 18 sites in the alignment (orgdata.kd-merged_filtered) that are equal to the ascertainment site. These sites will be ignored in the likelihood calculation.
Failed to load BEAGLE library: no hmsbeagle-jni in java.library.path
TreeLikelihood(treeLikelihood.kd-lg-elaged-filtered) uses BeerLikelihoodCore4
  FilteredAlignment(orgdata.kd-merged_filtered): [taxa, patterns, sites] = [18, 271, 466]
WARNING: the dimension of the parameter is 1 at the start of the run.
         The operator FixMeanMutationRatesOperator has no effect (if this does not change).
Failed to load BEAGLE library: no hmsbeagle-jni in java.library.path
TreeLikelihood(treeLikelihood.kd-merged_filtered) uses BeerLikelihoodCore4
  FilteredAlignment(orgdata.kd-merged_filtered): [taxa, patterns, sites] = [18, 271, 466]
===============================================================================
Citations for this model:

Patricio Maturana, Brendon J. Brewer, Steffen Klaere, Remco Bouckaert. Model selection and parameter inference in phylogenetics using Nested Sampling. Systematic Biology, syy050, 2018

Gernhard 2008. The conditioned reconstructed process. Journal of Theoretical Biology Volume 253, Issue 4, 21 August 2008, Pages 769-778

===============================================================================
Counting 78 parameters
replacing logger tracelog with NSLogger
Writing file kd-merged_pruned_bcov_strict_bd_ns.trees
         Sample      posterior ESS(posterior)     likelihood          prior
Writing file kd-merged_pruned_bcov_strict_bd_ns.log
Start likelihood 0: -6131.482957051699 
Start likelihood 1: -5831.466467055186 
Start likelihood 2: -5854.881382391136 
3 particles initialised
              0     -5708.3699              N     -5667.4179       -40.9519 --
ML: -5668.831452992341 Information: 1.4134952107251593
              1     -5554.0714         2.0        -5528.5268       -25.5446 --
ML: -5530.273630286272 Information: 1.7468285440581894
              2     -5522.4813         3.0        -5486.5709       -35.9104 --
ML: -5488.651097929679 Information: 2.0801618773921247
              3     -5323.5828         4.0        -5282.6373       -40.9455 --
ML: -5285.050806462707 Information: 2.4134952107251593
              4     -5137.4032         3.2        -5116.5050       -20.8982 --
ML: -5119.251869487712 Information: 2.7468285440581894
              5     -5006.9360         2.5        -4986.0450       -20.8910 --
ML: -4989.125177050569 Information: 3.080161877392129
              6     -5000.3616         2.3        -4980.6984       -19.6631 --
ML: -4984.1053406150495 Information: 3.371550532614002
              7     -4928.8843         2.3        -4901.5269       -27.3574 --
ML: -4905.273739412739 Information: 3.7468285440581894
              8     -4887.8514         2.5        -4874.6975       -13.1539 --
ML: -4878.777744338574 Information: 4.080161875439953
              9     -4862.1021         2.6        -4833.0287       -29.0733 --
ML: -4837.442250046444 Information: 4.413495210725154
             10     -4765.1087         2.9        -4766.2904         1.1817 --
ML: -4771.037317092489 Information: 4.746828544058189
             11     -4728.1558         2.9        -4707.5223       -20.6335 --
ML: -4712.602464894293 Information: 5.080161877392129
             12     -4432.8056         3.0        -4417.1809       -15.6247 --
ML: -4422.594443388264 Information: 5.413495210725159
             13     -4352.5184         3.0        -4325.6778       -26.8406 --
ML: -4331.424660996291 Information: 5.746828544058189
             14     -4319.4048         3.0        -4275.3688       -44.0360 --
ML: -4281.4489836552675 Information: 6.080161877392129
             15     -4294.8725         2.9        -4259.9577       -34.9147 --
ML: -4266.371273584354 Information: 6.413490567008701
             16     -4272.7798         2.7        -4258.1383       -14.6414 --
ML: -4264.681242397293 Information: 6.207153742954802
             17     -4225.4121         2.6        -4218.5931        -6.8189 --
ML: -4225.6733344082495 Information: 7.08016187739208
             18     -4211.1867         2.6        -4216.6898         5.5030 --
ML: -4223.914325215051 Information: 6.8967083750262645
             19     -4213.5713         2.5        -4200.0105       -13.5608 --
ML: -4207.757364669567 Information: 7.746826812367634
             20     -4197.0780         2.5        -4184.7914       -12.2865 --
ML: -4192.871592774994 Information: 8.080156314146548
             21     -4193.0470         2.5        -4169.4693       -23.5776 --
ML: -4177.882812665628 Information: 8.413490160678183
             22     -4195.2893         2.5        -4164.3919       -30.8973 --
ML: -4173.1301095261415 Information: 8.694353439848612
             23     -4196.3465         2.5        -4160.7285       -35.6180 --
ML: -4169.773224247367 Information: 8.9155234810963
             24     -4169.5168         2.5        -4155.6453       -13.8715 --
ML: -4165.049944952443 Information: 9.358252827917362
             25     -4147.5545         2.6        -4134.1417       -13.4127 --
ML: -4143.888625370877 Information: 9.746828531367719
             26     -4059.2262         2.6        -4044.2010       -15.0251 --
ML: -4054.2812034115664 Information: 10.080161877391674
             27     -4039.0289         2.7        -4031.6137        -7.4152 --
ML: -4042.0272252414584 Information: 10.413430452126459
             28     -4017.1211         2.7        -4002.0992       -15.0219 --
ML: -4012.8460372171353 Information: 10.746828543203085
             29     -4009.3521         2.8        -3983.2956       -26.0564 --
ML: -3994.375833707929 Information: 11.080161689393217
             30     -3992.0689         2.8        -3962.5342       -29.5346 --
ML: -3973.947756529015 Information: 11.413495181268985
             31     -3968.4768         2.9        -3957.5064       -10.9704 --
ML: -3969.2441627594517 Information: 11.692159180142305
             32     -3970.0791         2.9        -3950.7839       -19.2951 --
ML: -3962.8624449452414 Information: 12.067015283509887
             33     -3970.8307         3.0        -3942.0119       -28.8188 --
ML: -3954.4252504722153 Information: 12.41137553109784
             34     -3968.1438         3.0        -3932.8450       -35.2988 --
ML: -3945.5917317249186 Information: 12.745346281146077
             35     -3935.6208         3.0        -3916.3376       -19.2832 --
ML: -3929.4177704037734 Information: 13.080160221294829
             36     -3925.5443         3.0        -3908.1068       -17.4375 --
ML: -3921.519973214674 Information: 13.410065349759241
             37     -3922.7802         3.1        -3893.8227       -28.9575 --
ML: -3907.569574556474 Information: 13.746815185121084
             38     -3895.0893         3.1        -3876.7305       -18.3587 --
ML: -3890.810731349644 Information: 14.080160923791738
             39     -3851.6035         3.1        -3836.7314       -14.8721 --
ML: -3851.144900185934 Information: 14.413495210725136
             40     -3853.2664         3.1        -3821.1298       -32.1365 --
ML: -3835.8767125553118 Information: 14.746824661074928
             41     -3819.7988         3.1        -3800.1600       -19.6387 --
ML: -3815.240247311641 Information: 15.080161852688802
             42     -3816.2797         3.1        -3798.6792       -17.6005 --
ML: -3813.817034972154 Information: 14.781022629062363
             43     -3828.0049         3.1        -3794.6379       -33.3669 --
ML: -3810.352997504597 Information: 15.577352635781423
             44     -3782.3769         3.1        -3771.9496       -10.4273 --
ML: -3788.0297697301226 Information: 16.08016187259492
             45     -3789.0191         3.1        -3753.0392       -35.9799 --
ML: -3769.4526959658433 Information: 16.413495041209774
             46     -3747.5604         3.1        -3729.9772       -17.5832 --
ML: -3746.7240323909355 Information: 16.74682854081391
             47     -3707.7989         3.1        -3689.7521       -18.0468 --
ML: -3706.8322870281645 Information: 17.080161877391657
             48     -3707.4921         3.1        -3684.8482       -22.6439 --
ML: -3702.251424402917 Information: 17.352950710635042
             49     -3691.3419         3.1        -3683.8273        -7.5146 --
ML: -3701.163390344526 Information: 16.975196709232705
             50     -3687.9890         3.1        -3677.4578       -10.5312 --
ML: -3695.534381309975 Information: 18.05238687135867
             51     -3702.3137         3.1        -3674.1158       -28.1978 --
ML: -3692.4810074507527 Information: 18.206266092537447
             52     -3686.7366         3.1        -3672.8713       -13.8652 --
ML: -3691.266158276006 Information: 17.978324560082683
             53     -3674.6858         3.1        -3657.7402       -16.9455 --
ML: -3676.8204135145716 Information: 19.08015306667313
             54     -3675.4314         3.1        -3650.4308       -25.0005 --
ML: -3669.8434275955647 Information: 19.405741183546244
             55     -3653.9973         3.1        -3648.6817        -5.3156 --
ML: -3668.2110500441518 Information: 19.186108201005936
             56     -3684.4219         3.1        -3648.5141       -35.9077 --
ML: -3667.691303364227 Information: 18.8733806818459
             57     -3672.3007         3.1        -3647.0815       -25.2192 --
ML: -3666.8951948120093 Information: 19.03042558476227
             58     -3666.1583         3.0        -3638.4937       -27.6646 --
ML: -3659.2400605262956 Information: 20.74191663159402
             59     -3670.3633         3.0        -3630.2927       -40.0706 --
ML: -3651.3725032353796 Information: 21.076636416030517
             60     -3666.4682         3.0        -3629.0214       -37.4468 --
ML: -3650.1044725647666 Information: 20.724451279193545
             61     -3637.0036         3.0        -3613.9999       -23.0037 --
ML: -3635.7467579954464 Information: 21.746819019519794
             62     -3623.5725         3.0        -3609.1640       -14.4085 --
ML: -3631.2331605622476 Information: 22.016145733368326
             63     -3644.0852         3.0        -3605.7442       -38.3409 --
ML: -3628.1126130089788 Information: 22.215095388669255
             64     -3584.0991         3.0        -3573.1831       -10.9159 --
ML: -3595.930027011718 Information: 22.746828544020598
             65     -3598.9102         3.0        -3557.5947       -41.3155 --
ML: -3580.6748921999506 Information: 23.080157946426784
             66     -3572.7643         3.0        -3551.0724       -21.6918 --
ML: -3574.483936588451 Information: 23.39808854432969
             67     -3556.6419         3.0        -3535.2411       -21.4008 --
ML: -3558.9879353010383 Information: 23.74682540670114
             68     -3541.7428         3.0        -3534.0007        -7.7420 --
ML: -3557.7417981939593 Information: 23.38428859614578
             69     -3534.8800         3.0        -3524.0371       -10.8429 --
ML: -3548.45054954501 Information: 24.41245115405569
             70     -3551.7447         3.0        -3521.7487       -29.9960 --
ML: -3546.363177205196 Information: 24.330517297706876
             71     -3539.8242         3.0        -3515.1198       -24.7043 --
ML: -3540.19792968708 Information: 25.063533330068662
             72     -3522.4344         3.0        -3501.8998       -20.5346 --
ML: -3527.3133527710643 Information: 25.413459099888662
             73     -3517.5841         3.0        -3493.7219       -23.8622 --
ML: -3519.4683527611764 Information: 25.743233402318065
             74     -3512.0909         3.0        -3489.3341       -22.7567 --
ML: -3515.397132616522 Information: 25.988063739205344
             75     -3505.8545         3.0        -3473.4630       -32.3915 --
ML: -3499.876544772088 Information: 26.413492130883245
             76     -3507.8808         3.0        -3471.5661       -36.3146 --
ML: -3498.122879727659 Information: 26.22828774009338
             77     -3483.3670         3.0        -3469.0369       -14.3300 --
ML: -3495.990903471081 Information: 26.614995689539626
             78     -3492.2478         3.0        -3466.8208       -25.4270 --
ML: -3494.075055038143 Information: 26.878091659925587
             79     -3495.4043         2.9        -3465.4846       -29.9197 --
ML: -3492.8736638837554 Information: 26.874013830577496
             80     -3505.5771         2.9        -3464.1956       -41.3815 --
ML: -3491.8375314908403 Information: 27.001809120703456
             81     -3488.8690         2.9        -3454.6837       -34.1852 --
ML: -3483.0970853870463 Information: 28.411711076977088
             82     -3459.2641         2.9        -3445.9405       -13.3236 --
ML: -3474.687192407916 Information: 28.744658807030955
             83     -3464.7658         2.9        -3444.6722       -20.0935 --
ML: -3473.4211944840586 Information: 28.39077129966745
             84     -3480.5289         2.9        -3442.0562       -38.4726 --
ML: -3471.3369471381493 Information: 28.910665260384064
             85     -3485.2808         2.9        -3434.1873       -51.0935 --
ML: -3463.9335245488114 Information: 29.741200304106584
             86     -3476.5117         2.9        -3433.0563       -43.4553 --
ML: -3462.7644883889297 Information: 29.355225272535108
             87     -3443.8684         2.9        -3424.7562       -19.1121 --
ML: -3455.169289878342 Information: 30.408640992470204
             88     -3459.5758         2.9        -3417.0263       -42.5494 --
ML: -3447.772553706435 Information: 30.741472031141885
             89     -3449.7274         2.9        -3410.4558       -39.2715 --
ML: -3441.5341044870165 Information: 31.065366529831948
             90     -3459.1611         2.9        -3409.8271       -49.3340 --
ML: -3440.683498582229 Information: 30.582293112514208
             91     -3417.1095         2.9        -3396.8438       -20.2657 --
ML: -3428.5907053246597 Information: 31.746748707510392
             92     -3424.6611         2.9        -3396.4432       -28.2178 --
ML: -3427.8633320750373 Information: 31.22648345126754
             93     -3420.3110         2.9        -3393.9923       -26.3186 --
ML: -3426.1965419638677 Information: 31.704770837475735
             94     -3415.2181         2.9        -3386.0048       -29.2133 --
ML: -3418.7510744159085 Information: 32.74128721232643
             95     -3394.0981         2.9        -3374.9029       -19.1952 --
ML: -3407.9831113674104 Information: 33.0799068637907
             96     -3397.1440         2.9        -3368.9699       -28.1740 --
ML: -3402.3797925466247 Information: 33.38793526590804
             97     -3410.6991         2.9        -3367.6000       -43.0991 --
ML: -3401.0423611152883 Information: 33.07693684112826
             98     -3391.1450         2.9        -3363.7930       -27.3519 --
ML: -3397.8320545490474 Information: 33.87065089012552
             99     -3378.2899         2.8        -3361.5751       -16.7147 --
ML: -3395.8417341593226 Information: 33.9404762852559
            100     -3383.7901         2.8        -3357.4977       -26.2923 --
ML: -3392.2175371853655 Information: 34.60235191196544
            101     -3388.0396         2.8        -3356.5057       -31.5339 --
ML: -3391.1595012934336 Information: 34.26864011705129
            102     -3364.3112         2.8        -3354.8236        -9.4876 --
ML: -3389.9024246821295 Information: 34.49066270283208
            103     -3395.5339         2.8        -3341.2419       -54.2919 --
ML: -3376.9887742415663 Information: 35.7467911623448
            104     -3377.5179         2.8        -3340.3994       -37.1184 --
ML: -3376.0089879785924 Information: 35.29325459250754
            105     -3366.6933         2.8        -3331.2522       -35.4411 --
ML: -3367.665513197603 Information: 36.4110054592036
            106     -3362.4209         2.8        -3326.3255       -36.0954 --
ML: -3363.0622696029864 Information: 36.687373707402585
            107     -3343.4574         2.8        -3325.3509       -18.1064 --
ML: -3362.0045372792283 Information: 36.29804637666416
            108     -3340.5779         2.9        -3322.4338       -18.1440 --
ML: -3359.7379309932667 Information: 36.964805510770134
            109     -3345.0506         2.8        -3322.0288       -23.0218 --
ML: -3359.0634704236127 Information: 36.6554723748734
            110     -3343.8572         2.8        -3319.5162       -24.3410 --
ML: -3357.3888854019415 Information: 37.330784867956936
            111     -3345.5510         2.8        -3309.9032       -35.6478 --
ML: -3348.3165955391883 Information: 38.412214586416795
            112     -3342.5901         2.8        -3304.0324       -38.5577 --
ML: -3342.775333567895 Information: 38.71987198172212
            113     -3323.1447         2.8        -3289.9353       -33.2093 --
ML: -3329.015506479728 Information: 39.08014589130518
            114     -3319.4277         2.8        -3289.7918       -29.6358 --
ML: -3328.4127871076485 Information: 38.54238417604461
            115     -3320.7698         2.8        -3289.7900       -30.9798 --
ML: -3328.1314046855473 Information: 38.280718676605375
            116     -3335.0951         2.8        -3287.0695       -48.0255 --
ML: -3326.831526449642 Information: 39.00390330755454
            117     -3320.4631         2.8        -3287.0044       -33.4587 --
ML: -3326.389191569263 Information: 38.855837861593955
            118     -3324.5268         2.8        -3285.2587       -39.2681 --
ML: -3325.4859397340892 Information: 39.305422211099994
            119     -3312.7745         2.7        -3280.1943       -32.5802 --
ML: -3321.259778805829 Information: 40.97799738754024
            120     -3323.5989         2.8        -3278.0397       -45.5592 --
ML: -3319.3011993988193 Information: 40.945183843258235
            121     -3315.7290         2.8        -3276.8623       -38.8667 --
ML: -3318.2033047219097 Information: 40.84274191634745
            122     -3305.5657         2.8        -3275.2190       -30.3467 --
ML: -3316.9592346961745 Information: 41.122986463821235
            123     -3314.5061         2.8        -3274.7020       -39.8041 --
ML: -3316.3411726429244 Information: 41.02782256813862
            124     -3318.3998         2.8        -3272.5698       -45.8299 --
ML: -3315.009939560136 Information: 41.71539635689294
            125     -3313.1815         2.8        -3270.7243       -42.4572 --
ML: -3313.5424785242117 Information: 42.225677933022894
            126     -3309.2878         2.8        -3268.4575       -40.8303 --
ML: -3311.698820033869 Information: 42.788802439604865
            127     -3292.1590         2.8        -3264.5360       -27.6230 --
ML: -3308.250579979651 Information: 43.575411984589635
            128     -3287.9818         2.8        -3261.0118       -26.9699 --
ML: -3305.0504381461183 Information: 43.88924938213802
            129     -3285.9412         2.8        -3251.1421       -34.7990 --
ML: -3295.555570988946 Information: 44.412666167598054
            130     -3301.0131         2.8        -3249.5621       -51.4510 --
ML: -3294.056252941135 Information: 44.1411849020061
            131     -3287.3267         2.8        -3249.4917       -37.8350 --
ML: -3293.5880438854574 Information: 43.831260070226335
            132     -3290.8942         2.8        -3248.0379       -42.8562 --
ML: -3292.824282733682 Information: 43.985493598434914
            133     -3276.1525         2.8        -3246.0292       -30.1232 --
ML: -3291.4755813205397 Information: 44.71701214400889
            134     -3278.0647         2.8        -3243.6192       -34.4454 --
ML: -3289.5430608876895 Information: 45.46924962316018
            135     -3278.2875         2.8        -3242.6625       -35.6249 --
ML: -3288.589413334882 Information: 45.3830316814026
            136     -3273.1314         2.8        -3240.2739       -32.8575 --
ML: -3286.831509779575 Information: 46.05202120729166
            137     -3277.1770         2.8        -3240.0504       -37.1265 --
ML: -3286.2767882516846 Information: 45.80768494316021
            138     -3292.5919         2.8        -3239.0873       -53.5046 --
ML: -3285.6894126247803 Information: 45.83410112130696
            139     -3278.2839         2.8        -3235.7981       -42.4857 --
ML: -3283.43424097118 Information: 47.21064591798495
            140     -3271.0635         2.8        -3232.3710       -38.6924 --
ML: -3280.4018373895697 Information: 47.845071814513545
            141     -3270.9774         2.8        -3232.1495       -38.8279 --
ML: -3279.786040041129 Information: 47.41651721538847
            142     -3266.1855         2.8        -3229.6997       -36.4858 --
ML: -3278.213868126608 Information: 47.95991297976309
            143     -3262.5641         2.8        -3228.2922       -34.2718 --
ML: -3277.0139666787495 Information: 48.130818395613005
            144     -3260.4296         2.8        -3228.2118       -32.2178 --
ML: -3276.5804865548866 Information: 47.93347728639492
            145     -3261.6840         2.8        -3228.0656       -33.6184 --
ML: -3276.32451886878 Information: 47.80879977401901
            146     -3263.6274         2.8        -3222.6648       -40.9625 --
ML: -3272.7174659580587 Information: 49.89391030186009
            147     -3261.9255         2.8        -3221.9270       -39.9984 --
ML: -3271.818231434171 Information: 49.52638277029928
            148     -3258.1105         2.8        -3218.0305       -40.0799 --
ML: -3268.7307169112914 Information: 50.505761494413264
            149     -3261.0476         2.8        -3217.4911       -43.5564 --
ML: -3267.9546811503783 Information: 50.125827369953186
            150     -3262.1918         2.8        -3214.8411       -47.3507 --
ML: -3266.0868365443066 Information: 50.7842453088881
            151     -3244.6978         2.8        -3214.7896       -29.9081 --
ML: -3265.593452869763 Information: 50.49061834578333
            152     -3263.1436         2.8        -3214.5105       -48.6330 --
ML: -3265.2794440698954 Information: 50.33623196951794
            153     -3247.6586         2.8        -3213.9579       -33.7007 --
ML: -3264.9901028290506 Information: 50.2944335530633
            154     -3247.9110         2.8        -3211.1700       -36.7409 --
ML: -3263.622786996196 Information: 51.55444646025978
            155     -3250.9199         2.8        -3209.7325       -41.1874 --
ML: -3262.4447077151026 Information: 51.99305524371289
            156     -3248.8884         2.8        -3208.3549       -40.5334 --
ML: -3261.3573369922638 Information: 52.295568250812266
            157     -3240.5909         2.9        -3207.9989       -32.5919 --
ML: -3260.8396643217416 Information: 52.20737727363098
            158     -3246.8395         2.9        -3206.8192       -40.0202 --
ML: -3260.17594819508 Information: 52.42309995753567
            159     -3250.7382         2.9        -3203.6177       -47.1205 --
ML: -3257.9204762331183 Information: 53.8692988691937
            160     -3239.4300         2.9        -3203.4779       -35.9521 --
ML: -3257.3679477683445 Information: 53.56011135408153
            161     -3248.6154         2.9        -3203.4400       -45.1753 --
ML: -3257.0934175466655 Information: 53.37386963498511
            162     -3234.0304         2.9        -3200.7475       -33.2829 --
ML: -3255.8291114847957 Information: 54.24219450285864
            163     -3234.2044         2.9        -3198.2967       -35.9076 --
ML: -3253.888553257628 Information: 55.1192398546828
            164     -3243.8596         2.9        -3198.0431       -45.8164 --
ML: -3253.3059138815947 Information: 54.857256191023225
            165     -3237.6345         2.9        -3197.3242       -40.3102 --
ML: -3252.805559475948 Information: 54.79955539233242
            166     -3252.7472         2.9        -3197.1575       -55.5896 --
ML: -3252.5179296494803 Information: 54.72400528507251
            167     -3224.7882         2.9        -3196.8274       -27.9607 --
ML: -3252.295462613665 Information: 54.69431001739849
            168     -3232.5827         2.9        -3195.3949       -37.1877 --
ML: -3251.826283357605 Information: 55.0513035038548
            169     -3233.7699         2.9        -3194.1473       -39.6225 --
ML: -3251.1665026331166 Information: 55.66076583554718
            170     -3232.1440         2.9        -3193.7055       -38.4385 --
ML: -3250.73576462274 Information: 55.860055261938214
            171     -3230.5623         2.9        -3189.8302       -40.7321 --
ML: -3248.164266287003 Information: 57.948419021061596
            172     -3233.2525         2.9        -3189.8234       -43.4290 --
ML: -3247.6536651358106 Information: 57.59471827191123
            173     -3238.2449         2.9        -3187.2655       -50.9793 --
ML: -3246.1064150375832 Information: 58.246325953846736
            174     -3231.6423         2.9        -3184.7063       -46.9360 --
ML: -3243.991309799289 Information: 58.90455089801384
            175     -3220.4180         2.9        -3183.5055       -36.9125 --
ML: -3242.8619099581456 Information: 58.84530337956767
            176     -3216.3171         2.9        -3182.9129       -33.4042 --
ML: -3242.2322120315275 Information: 58.731287506332365
            177     -3224.5437         2.9        -3181.9322       -42.6114 --
ML: -3241.5942323232316 Information: 58.833148115749054
            178     -3220.6754         2.9        -3181.9032       -38.7722 --
ML: -3241.295680781872 Information: 58.75601567949661
            179     -3234.1834         2.9        -3181.7459       -52.4374 --
ML: -3241.099756155599 Information: 58.701307594519676
            180     -3216.5344         2.9        -3180.4758       -36.0585 --
ML: -3240.725405995647 Information: 58.927325879025375
            181     -3217.2183         3.0        -3179.5711       -37.6471 --
ML: -3240.2852967199274 Information: 59.280062475153045
            182     -3228.5138         3.0        -3178.2137       -50.3001 --
ML: -3239.5964260531096 Information: 59.98097402687722
            183     -3220.2870         3.0        -3177.4223       -42.8646 --
ML: -3239.0158415581554 Information: 60.366293565852175
            184     -3229.2979         3.0        -3177.1198       -52.1780 --
ML: -3238.6602300221566 Information: 60.4684491526823
            185     -3220.0326         3.0        -3176.9802       -43.0523 --
ML: -3238.439849120146 Information: 60.487692557300306
            186     -3218.1281         3.0        -3176.0947       -42.0333 --
ML: -3238.1445309690157 Information: 60.66731901683852
            187     -3218.6406         3.0        -3175.5367       -43.1039 --
ML: -3237.8667970232905 Information: 60.86015878248372
            188     -3219.0861         3.0        -3175.2513       -43.8348 --
ML: -3237.658854728012 Information: 60.98176356265958
            189     -3223.6702         3.0        -3174.7867       -48.8834 --
ML: -3237.4648598839426 Information: 61.12111302087942
            190     -3229.6150         3.0        -3173.9656       -55.6493 --
ML: -3237.2124099139614 Information: 61.39921823383793
            191     -3224.8543         3.0        -3173.8056       -51.0486 --
ML: -3237.04047172327 Information: 61.54440616588681
            192     -3216.8015         3.0        -3173.6273       -43.1742 --
ML: -3236.9135860370716 Information: 61.64020935604458
            193     -3224.0340         3.0        -3173.2648       -50.7691 --
ML: -3236.797862398617 Information: 61.74397063777087
            194     -3206.9136         3.0        -3171.0188       -35.8947 --
ML: -3236.2440063343947 Information: 62.90608927936478
            195     -3206.7871         3.0        -3170.4013       -36.3857 --
ML: -3235.79610026289 Information: 63.51837509333677
            196     -3212.9934         3.0        -3169.0037       -43.9897 --
ML: -3235.0799493773457 Information: 64.47642259082022
            197     -3216.5228         3.0        -3168.7997       -47.7231 --
ML: -3234.708827662417 Information: 64.66455332999385
            198     -3219.6118         3.0        -3166.7891       -52.8227 --
ML: -3233.7308924768445 Information: 65.71753841667191
            199     -3206.1075         3.0        -3166.4840       -39.6235 --
ML: -3233.2568134152193 Information: 65.8208326270269
            200     -3207.4948         3.0        -3166.0396       -41.4551 --
ML: -3232.9048356240983 Information: 65.88313932555093
            201     -3220.3574         3.0        -3165.5041       -54.8532 --
ML: -3232.5950050149854 Information: 65.9776245973635
            202     -3203.3538         3.0        -3165.3288       -38.0249 --
ML: -3232.3900370159636 Information: 66.01145668898653
            203     -3219.5219         3.1        -3165.3086       -54.2133 --
ML: -3232.2629574118423 Information: 66.01206423012218
            204     -3209.9635         3.1        -3165.2124       -44.7511 --
ML: -3232.1729863298424 Information: 66.01144703049795
            205     -3209.5816         3.1        -3165.2037       -44.3779 --
ML: -3232.112654534656 Information: 66.00719257991341
            206     -3208.6875         3.1        -3164.2310       -44.4565 --
ML: -3232.0074242532546 Information: 66.08918674011102
            207     -3226.3272         3.1        -3163.4765       -62.8507 --
ML: -3231.865753854411 Information: 66.27005081848301
            208     -3203.6760         3.1        -3163.2944       -40.3815 --
ML: -3231.7582012331304 Information: 66.39715946239767
            209     -3206.5987         3.1        -3162.6934       -43.9053 --
ML: -3231.633094643695 Information: 66.58575723575086
            210     -3207.7268         3.1        -3162.6258       -45.1009 --
ML: -3231.546779836775 Information: 66.69968337782075
            211     -3207.0453         3.1        -3162.4161       -44.6291 --
ML: -3231.476245568178 Information: 66.79470788811841
            212     -3202.3713         3.1        -3161.7273       -40.6439 --
ML: -3231.383512187029 Information: 66.96360464176405
            213     -3205.4295         3.1        -3161.5095       -43.9199 --
ML: -3231.3075702014635 Information: 67.10049415290223
            214     -3204.5485         3.1        -3160.7826       -43.7659 --
ML: -3231.2046475413053 Information: 67.33249478497328
            215     -3200.3240         3.1        -3158.8980       -41.4259 --
ML: -3230.825283447379 Information: 68.5234654467863
            216     -3203.1578         3.1        -3158.8482       -44.3095 --
ML: -3230.6119742862256 Information: 68.97356462121843
            217     -3210.7517         3.1        -3158.6816       -52.0701 --
ML: -3230.4613192059674 Information: 69.23643125226408
            218     -3218.1394         3.1        -3157.6927       -60.4467 --
ML: -3230.222781777469 Information: 69.7474873931983
            219     -3216.6222         3.1        -3157.5056       -59.1166 --
ML: -3230.054431047548 Information: 70.03926321117888
            220     -3208.2513         3.1        -3157.3411       -50.9101 --
ML: -3229.9314422426637 Information: 70.22573013846022
            221     -3217.7851         3.1        -3157.2865       -60.4985 --
ML: -3229.8474940832916 Information: 70.33657403242796
            222     -3211.6191         3.1        -3156.9670       -54.6521 --
ML: -3229.7710718038725 Information: 70.44731902022522
            223     -3194.8726         3.2        -3156.9160       -37.9565 --
ML: -3229.717080590555 Information: 70.51987509216451
            224     -3200.8272         3.2        -3156.9047       -43.9224 --
ML: -3229.6797004710456 Information: 70.56660406329638
            225     -3200.4295         3.2        -3155.5604       -44.8690 --
ML: -3229.583628358212 Information: 70.7959605056808
            226     -3200.0069         3.2        -3155.2154       -44.7915 --
ML: -3229.494998414136 Information: 71.01031173555475
            227     -3192.4914         3.2        -3154.5277       -37.9636 --
ML: -3229.3808833574694 Information: 71.32292759599295
            228     -3195.9465         3.2        -3154.4292       -41.5173 --
ML: -3229.2990476005243 Information: 71.5262250176097
            229     -3199.1744         3.2        -3154.2223       -44.9520 --
ML: -3229.232098871749 Information: 71.68919136502655
            230     -3196.8854         3.2        -3154.1660       -42.7194 --
ML: -3229.184175453482 Information: 71.79928288234441
            231     -3197.5608         3.2        -3153.0339       -44.5268 --
ML: -3229.085230370082 Information: 72.11022566212523
            232     -3214.7446         3.2        -3152.5607       -62.1839 --
ML: -3228.9823548716017 Information: 72.43888993645987
            233     -3211.4718         3.2        -3152.5446       -58.9272 --
ML: -3228.913585477849 Information: 72.63587685017683
            234     -3194.3145         3.2        -3152.3185       -41.9960 --
ML: -3228.85559927224 Information: 72.80094031615454
            235     -3205.0399         3.2        -3152.2992       -52.7406 --
ML: -3228.815270367852 Information: 72.9090506216362
            236     -3203.1550         3.2        -3152.1436       -51.0113 --
ML: -3228.7827174214817 Information: 72.99700746743201
            237     -3197.3222         3.2        -3152.0062       -45.3159 --
ML: -3228.756728130398 Information: 73.06797772609389
            238     -3199.4948         3.2        -3151.9244       -47.5704 --
ML: -3228.7369744252883 Information: 73.12185385443672
            239     -3197.9782         3.2        -3151.9098       -46.0683 --
ML: -3228.7228536887433 Information: 73.15968652629317
            240     -3204.2261         3.2        -3151.4982       -52.7278 --
ML: -3228.7078045324934 Information: 73.20535282202809
            241     -3193.4264         3.2        -3151.1126       -42.3138 --
ML: -3228.6921883964537 Information: 73.25775659215333
            242     -3206.1395         3.2        -3151.0248       -55.1146 --
ML: -3228.6801409068166 Information: 73.29851421979629
            243     -3194.5540         3.3        -3150.9512       -43.6027 --
ML: -3228.6709470584296 Information: 73.3298657666669
            244     -3195.8257         3.3        -3150.8538       -44.9718 --
ML: -3228.6637448667916 Information: 73.35486512177567
            245     -3199.7220         3.3        -3150.8166       -48.9054 --
ML: -3228.6584218404946 Information: 73.37339090960086
            246     -3203.1308         3.3        -3150.5310       -52.5997 --
ML: -3228.653373371382 Information: 73.39228217739719
            247     -3200.4072         3.3        -3150.4904       -49.9167 --
ML: -3228.649622724925 Information: 73.40639083402266
            248     -3211.8125         3.3        -3150.4680       -61.3445 --
ML: -3228.6468832035976 Information: 73.41671508701438
            249     -3199.1521         3.3        -3150.2587       -48.8934 --
ML: -3228.6444693865947 Information: 73.42628694825908
            250     -3191.9716         3.3        -3150.0259       -41.9456 --
ML: -3228.6422915470985 Information: 73.43540460175836
            251     -3206.7534         3.3        -3149.9381       -56.8153 --
ML: -3228.6405910844055 Information: 73.44265584307641
            252     -3194.5516         3.3        -3149.7103       -44.8412 --
ML: -3228.639063478241 Information: 73.44950465169995
            253     -3201.1146         3.3        -3149.5287       -51.5859 --
ML: -3228.6377527927584 Information: 73.45560860024534
            254     -3203.1733         3.3        -3149.5200       -53.6532 --
ML: -3228.636806521653 Information: 73.460017623991
            255     -3192.0537         3.3        -3149.3429       -42.7107 --
ML: -3228.6359977860006 Information: 73.46392501851915
            256     -3200.0345         3.3        -3149.1203       -50.9141 --
ML: -3228.635274388964 Information: 73.46757783006205
            257     -3200.2245         3.3        -3149.0264       -51.1980 --
ML: -3228.6347053795544 Information: 73.4705022582475
            258     -3194.9434         3.3        -3148.9894       -45.9539 --
ML: -3228.6342825268744 Information: 73.47268984887751
            259     -3197.0699         3.3        -3148.8841       -48.1857 --
ML: -3228.6339460085865 Information: 73.47446545140338
            260     -3195.4256         3.3        -3148.8104       -46.6152 --
ML: -3228.6336865144795 Information: 73.47585328420882
            261     -3197.2152         3.3        -3148.6733       -48.5419 --
ML: -3228.63347331748 Information: 73.47702240663784
            262     -3206.8923         3.3        -3148.6508       -58.2415 --
ML: -3228.6333171078827 Information: 73.47788235109283
            263     -3197.1091         3.4        -3148.4621       -48.6469 --
ML: -3228.6331819544407 Information: 73.47865175181414
            264     -3204.2738         3.4        -3148.4486       -55.8252 --
ML: -3228.6330838010012 Information: 73.47921177397029
            265     -3202.2787         3.4        -3148.3793       -53.8994 --
ML: -3228.6330084295987 Information: 73.47964699209797
            266     -3200.3489         3.4        -3148.3516       -51.9973 --
ML: -3228.632952910742 Information: 73.47996908894766
            267     -3198.1090         3.4        -3148.3083       -49.8006 --
ML: -3228.6329113741012 Information: 73.48021184833533
            268     -3192.1775         3.4        -3148.2568       -43.9206 --
ML: -3228.632880040467 Information: 73.4803965820297
            269     -3197.3982         3.4        -3148.2495       -49.1486 --
ML: -3228.6328574252198 Information: 73.48053007564977
            270     -3201.2403         3.4        -3148.1794       -53.0609 --
ML: -3228.632840042847 Information: 73.48063389867957
            271     -3199.8992         3.4        -3148.1092       -51.7899 --
ML: -3228.6328266823075 Information: 73.48071463569204
            272     -3192.1339         3.4        -3148.0534       -44.0805 --
ML: -3228.632816560412 Information: 73.48077636469952
            273     -3188.8832         3.4        -3147.6736       -41.2096 --
ML: -3228.6328059565817 Information: 73.48084506077657
            274     -3191.4690         3.4        -3147.6651       -43.8039 --
ML: -3228.6327982937746 Information: 73.48089476797486
            275     -3192.5961         3.4        -3147.4928       -45.1032 --
ML: -3228.6327917712106 Information: 73.48093820113536
            276     -3199.9251         3.4        -3147.4917       -52.4334 --
ML: -3228.6327870921796 Information: 73.48096936441789
            277     -3195.6772         3.5        -3147.4634       -48.2138 --
ML: -3228.632783643331 Information: 73.48099243187244
            278     -3198.3603         3.5        -3147.4508       -50.9095 --
ML: -3228.6327811407964 Information: 73.48100920095794
            279     -3196.1671         3.5        -3147.4483       -48.7188 --
ML: -3228.632779343126 Information: 73.48102125167907
            280     -3195.2699         3.5        -3147.3325       -47.9373 --
ML: -3228.6327778969553 Information: 73.48103111364708
            281     -3201.8060         3.5        -3147.3245       -54.4815 --
ML: -3228.6327768523756 Information: 73.48103824456939
            282     -3189.9101         3.5        -3147.2959       -42.6141 --
ML: -3228.6327760822373 Information: 73.48104352498422
            283     -3208.7239         3.5        -3147.2620       -61.4619 --
ML: -3228.632775511346 Information: 73.48104745846877
            284     -3197.4244         3.5        -3147.0388       -50.3856 --
ML: -3228.632774999991 Information: 73.48105109562812
            285     -3201.0426         3.5        -3147.0288       -54.0138 --
ML: -3228.6327746299085 Information: 73.48105373223962
            286     -3195.4673         3.5        -3146.9693       -48.4979 --
ML: -3228.632774348476 Information: 73.48105575322825
            287     -3194.0377         3.5        -3146.9242       -47.1135 --
ML: -3228.6327741375276 Information: 73.48105727827851
            288     -3207.0417         3.5        -3146.8652       -60.1765 --
ML: -3228.632773977191 Information: 73.48105844652127
            289     -3193.2783         3.5        -3146.8488       -46.4294 --
ML: -3228.632773860406 Information: 73.48105929892654
            290     -3199.8005         3.5        -3146.7864       -53.0140 --
ML: -3228.6327737713395 Information: 73.48105995540254
            291     -3189.2384         3.5        -3146.7824       -42.4560 --
ML: -3228.6327737072615 Information: 73.48106042801965
            292     -3191.2728         3.6        -3146.7511       -44.5216 --
ML: -3228.6327736598896 Information: 73.48106077874445
            293     -3193.2107         3.6        -3146.6965       -46.5142 --
ML: -3228.6327736240405 Information: 73.48106104602357
            294     -3198.7201         3.6        -3146.5702       -52.1498 --
ML: -3228.632773594896 Information: 73.48106126760877
            295     -3201.3069         3.6        -3146.5452       -54.7616 --
ML: -3228.6327735734844 Information: 73.48106143108726
            296     -3194.2161         3.6        -3146.4620       -47.7540 --
ML: -3228.6327735568107 Information: 73.48106155872665
            297     -3194.4475         3.6        -3146.4290       -48.0184 --
ML: -3228.6327735444634 Information: 73.4810616535865
            298     -3197.7124         3.6        -3146.3856       -51.3267 --
ML: -3228.6327735352234 Information: 73.48106172472035
            299     -3192.2447         3.6        -3146.3724       -45.8722 --
ML: -3228.632773528515 Information: 73.48106177659656
            300     -3194.5323         3.6        -3146.3606       -48.1716 --
ML: -3228.632773523651 Information: 73.48106181446974
            301     -3191.4790         3.6        -3146.2362       -45.2427 --
ML: -3228.6327735197037 Information: 73.48106184598464
            302     -3194.6022         3.6        -3146.2328       -48.3693 --
ML: -3228.632773516866 Information: 73.48106186800169
            303     -3190.7406         3.6        -3146.2035       -44.5370 --
ML: -3228.6327735147725 Information: 73.48106188418706
            304     -3195.3093         3.6        -3146.1681       -49.1411 --
ML: -3228.632773513218 Information: 73.48106189655891
            305     -3199.5713         3.7        -3146.1475       -53.4237 --
ML: -3228.6327735120813 Information: 73.48106190556746
            306     -3197.8154         3.7        -3146.1248       -51.6905 --
ML: -3228.6327735112477 Information: 73.48106191292709
            307     -3198.3125         3.7        -3146.1248       -52.1877 --
ML: -3228.6327735106506 Information: 73.4810619175305
            308     -3193.6012         3.7        -3146.0888       -47.5124 --
ML: -3228.6327735102072 Information: 73.48106192054502
            309     -3204.6613         3.7        -3146.0808       -58.5804 --
ML: -3228.632773509887 Information: 73.48106192245586
            310     -3189.9075         3.7        -3146.0744       -43.8330 --
ML: -3228.632773509656 Information: 73.48106192431487
            311     -3190.4830         3.7        -3146.0684       -44.4145 --
ML: -3228.6327735094897 Information: 73.48106192538307
            312     -3189.6465         3.7        -3146.0676       -43.5789 --
ML: -3228.63277350937 Information: 73.48106192691603
            313     -3190.0515         3.7        -3146.0663       -43.9852 --
ML: -3228.6327735092846 Information: 73.4810619270188
            314     -3203.5799         3.7        -3146.0076       -57.5723 --
ML: -3228.6327735092195 Information: 73.4810619273103
            315     -3191.1222         3.7        -3145.9953       -45.1268 --
ML: -3228.6327735091722 Information: 73.48106192790647
            316     -3194.1437         3.7        -3145.9674       -48.1762 --
ML: -3228.632773509137 Information: 73.48106192888736
            317     -3195.5612         3.7        -3145.9222       -49.6390 --
ML: -3228.6327735091113 Information: 73.48106192858268
            318     -3198.0173         3.8        -3145.9161       -52.1011 --
ML: -3228.6327735090927 Information: 73.48106192823207
            319     -3193.4964         3.8        -3145.8946       -47.6018 --
ML: -3228.632773509079 Information: 73.48106192794967
            320     -3194.8183         3.8        -3145.8458       -48.9725 --
ML: -3228.6327735090686 Information: 73.48106192835303
            321     -3199.4401         3.8        -3145.8422       -53.5978 --
ML: -3228.6327735090613 Information: 73.48106192787009
            322     -3198.9749         3.8        -3145.8278       -53.1471 --
ML: -3228.632773509056 Information: 73.48106192804835
            323     -3192.0063         3.8        -3145.8244       -46.1818 --
ML: -3228.6327735090517 Information: 73.48106192871046
            324     -3191.6541         3.8        -3145.7956       -45.8585 --
ML: -3228.632773509049 Information: 73.48106192828527
            325     -3203.3056         3.8        -3145.7652       -57.5404 --
ML: -3228.6327735090467 Information: 73.48106192878595
            326     -3198.4927         3.8        -3145.7592       -52.7334 --
ML: -3228.6327735090454 Information: 73.48106192828027
            327     -3189.7132         3.8        -3145.7429       -43.9702 --
ML: -3228.6327735090445 Information: 73.48106192764635
            328     -3190.0891         3.8        -3145.6867       -44.4023 --
ML: -3228.6327735090435 Information: 73.48106192786054
            329     -3202.2434         3.8        -3145.6823       -56.5611 --
ML: -3228.632773509043 Information: 73.48106192738442
            330     -3191.2626         3.8        -3145.6781       -45.5844 --
ML: -3228.6327735090426 Information: 73.48106192744399
            331     -3190.7937         3.8        -3145.6671       -45.1266 --
ML: -3228.632773509042 Information: 73.48106192788237
            332     -3194.2843         3.9        -3145.6585       -48.6258 --
ML: -3228.6327735090417 Information: 73.48106192859677
            333     -3189.4739         3.9        -3145.6492       -43.8247 --
ML: -3228.6327735090417 Information: 73.48106192807609
            334     -3203.7297         3.9        -3145.6453       -58.0844 --
ML: -3228.6327735090417 Information: 73.48106192770183
            335     -3196.9168         3.9        -3145.6400       -51.2768 --
ML: -3228.6327735090417 Information: 73.48106192743217
            336     -3206.4291         3.9        -3145.6396       -60.7895 --
ML: -3228.6327735090417 Information: 73.4810619272389
            337     -3194.8584         3.9        -3145.6324       -49.2259 --
ML: -3228.6327735090417 Information: 73.48106192709929
            338     -3196.7035         3.9        -3145.6312       -51.0722 --
ML: -3228.6327735090417 Information: 73.48106192699925
            339     -3196.9634         3.9        -3145.5948       -51.3685 --
ML: -3228.6327735090417 Information: 73.48106192692467
            340     -3204.9769         3.9        -3145.5870       -59.3898 --
ML: -3228.6327735090417 Information: 73.481061926871
            341     -3201.7344         3.9        -3145.5794       -56.1550 --
ML: -3228.6327735090417 Information: 73.48106192683235
            342     -3188.1303         3.9        -3145.5458       -42.5844 --
ML: -3228.6327735090417 Information: 73.4810619268037
            343     -3201.1892         3.9        -3145.5356       -55.6535 --
ML: -3228.6327735090417 Information: 73.48106192678279
            344     -3191.2127         3.9        -3145.5334       -45.6793 --
ML: -3228.6327735090417 Information: 73.48106192676778
            345     -3200.8513         4.0        -3145.5261       -55.3252 --
ML: -3228.6327735090417 Information: 73.48106192675687
            346     -3190.8447         4.0        -3145.4570       -45.3876 --
ML: -3228.6327735090417 Information: 73.48106192674868
            347     -3200.0614         4.0        -3145.4446       -54.6167 --
ML: -3228.6327735090417 Information: 73.48106192674277
            348     -3199.5565         4.0        -3145.4349       -54.1215 --
ML: -3228.6327735090417 Information: 73.48106192673822
            349     -3188.7333         4.0        -3145.4209       -43.3124 --
ML: -3228.6327735090417 Information: 73.48106192673504
            350     -3194.6891         4.0        -3145.4187       -49.2703 --
ML: -3228.6327735090417 Information: 73.48106192673276
            351     -3196.3304         4.0        -3145.4183       -50.9120 --
ML: -3228.6327735090417 Information: 73.48106192673094
            352     -3198.9182         4.0        -3145.4142       -53.5040 --
ML: -3228.6327735090417 Information: 73.48106192672958
            353     -3189.9270         4.0        -3145.4036       -44.5234 --
ML: -3228.6327735090417 Information: 73.48106192672867
            354     -3198.3089         4.0        -3145.3978       -52.9111 --
ML: -3228.6327735090417 Information: 73.48106192672822
            355     -3198.2021         4.0        -3145.3943       -52.8077 --
ML: -3228.6327735090417 Information: 73.48106192672776
            356     -3199.7320         4.0        -3145.3931       -54.3388 --
ML: -3228.6327735090417 Information: 73.4810619267273
            357     -3197.8146         4.0        -3145.3929       -52.4216 --
ML: -3228.6327735090417 Information: 73.4810619267273
            358     -3189.5454         4.1        -3145.3833       -44.1620 --
ML: -3228.6327735090417 Information: 73.4810619267273
            359     -3197.9988         4.1        -3145.3703       -52.6284 --
ML: -3228.6327735090417 Information: 73.4810619267273
            360     -3196.7485         4.1        -3145.3696       -51.3789 --
ML: -3228.6327735090417 Information: 73.4810619267273
            361     -3198.7225         4.1        -3145.3591       -53.3633 --
ML: -3228.6327735090417 Information: 73.4810619267273
            362     -3194.4804         4.1        -3145.3514       -49.1290 --
ML: -3228.6327735090417 Information: 73.4810619267273
            363     -3200.8569         4.1        -3145.3512       -55.5056 --
ML: -3228.6327735090417 Information: 73.4810619267273
            364     -3204.3656         4.1        -3145.3410       -59.0246 --
ML: -3228.6327735090417 Information: 73.4810619267273
            365     -3196.4544         4.1        -3145.3401       -51.1143 --
ML: -3228.6327735090417 Information: 73.4810619267273
            366     -3204.6624         4.1        -3145.3399       -59.3224 --
ML: -3228.6327735090417 Information: 73.4810619267273
            367     -3192.2359         4.1        -3145.3355       -46.9003 --
ML: -3228.6327735090417 Information: 73.4810619267273
            368     -3192.7779         4.1        -3145.3294       -47.4485 --
ML: -3228.6327735090417 Information: 73.4810619267273
            369     -3195.8515         4.1        -3145.3123       -50.5392 --
ML: -3228.6327735090417 Information: 73.4810619267273
            370     -3189.0597         4.1        -3145.3024       -43.7573 --
ML: -3228.6327735090417 Information: 73.4810619267273
            371     -3188.3220         4.1        -3145.2996       -43.0223 --
ML: -3228.6327735090417 Information: 73.4810619267273
            372     -3207.0037         4.2        -3145.2990       -61.7046 --
ML: -3228.6327735090417 Information: 73.4810619267273
            373     -3189.8672         4.2        -3145.2935       -44.5737 --
ML: -3228.6327735090417 Information: 73.4810619267273
            374     -3189.8845         4.2        -3145.2929       -44.5915 --
ML: -3228.6327735090417 Information: 73.4810619267273
            375     -3192.2022         4.2        -3145.2913       -46.9109 --
ML: -3228.6327735090417 Information: 73.4810619267273
            376     -3192.7867         4.2        -3145.2910       -47.4957 --
ML: -3228.6327735090417 Information: 73.4810619267273
            377     -3203.7819         4.2        -3145.2903       -58.4916 --
ML: -3228.6327735090417 Information: 73.4810619267273
            378     -3199.3776         4.2        -3145.2892       -54.0884 --
ML: -3228.6327735090417 Information: 73.4810619267273
            379     -3193.6053         4.2        -3145.2857       -48.3196 --
ML: -3228.6327735090417 Information: 73.4810619267273
            380     -3195.4240         4.2        -3145.2792       -50.1447 --
ML: -3228.6327735090417 Information: 73.4810619267273
            381     -3193.9496         4.2        -3145.2732       -48.6764 --
ML: -3228.6327735090417 Information: 73.4810619267273
            382     -3192.2794         4.2        -3145.2591       -47.0202 --
ML: -3228.6327735090417 Information: 73.4810619267273
            383     -3188.3347         4.2        -3145.2505       -43.0842 --
ML: -3228.6327735090417 Information: 73.4810619267273
            384     -3190.8781         4.2        -3145.2442       -45.6339 --
ML: -3228.6327735090417 Information: 73.4810619267273
            385     -3192.7930         4.3        -3145.2418       -47.5512 --
ML: -3228.6327735090417 Information: 73.4810619267273
            386     -3190.2300         4.3        -3145.2371       -44.9928 --
ML: -3228.6327735090417 Information: 73.4810619267273
            387     -3191.7782         4.3        -3145.2312       -46.5469 --
ML: -3228.6327735090417 Information: 73.4810619267273
            388     -3207.2934         4.3        -3145.2275       -62.0659 --
ML: -3228.6327735090417 Information: 73.4810619267273
            389     -3189.8378         4.3        -3145.2230       -44.6148 --
ML: -3228.6327735090417 Information: 73.4810619267273
            390     -3191.7446         4.3        -3145.2216       -46.5230 --
ML: -3228.6327735090417 Information: 73.4810619267273
            391     -3189.0968         4.3        -3145.2190       -43.8777 --
ML: -3228.6327735090417 Information: 73.4810619267273
            392     -3197.8503         4.3        -3145.2172       -52.6331 --
ML: -3228.6327735090417 Information: 73.4810619267273
            393     -3189.6563         4.3        -3145.2133       -44.4429 --
ML: -3228.6327735090417 Information: 73.4810619267273
            394     -3191.7321         4.3        -3145.2131       -46.5190 --
ML: -3228.6327735090417 Information: 73.4810619267273
            395     -3190.2056         4.3        -3145.2128       -44.9928 --
ML: -3228.6327735090417 Information: 73.4810619267273
            396     -3192.8486         4.3        -3145.2101       -47.6384 --
ML: -3228.6327735090417 Information: 73.4810619267273
            397     -3192.5957         4.3        -3145.2036       -47.3920 --
ML: -3228.6327735090417 Information: 73.4810619267273
            398     -3195.2360         4.4        -3145.2002       -50.0357 --
ML: -3228.6327735090417 Information: 73.4810619267273
            399     -3191.9023         4.4        -3145.1999       -46.7024 --
ML: -3228.6327735090417 Information: 73.4810619267273
            400     -3192.2267         4.4        -3145.1998       -47.0268 --
ML: -3228.6327735090417 Information: 73.4810619267273
            401     -3193.2108         4.4        -3145.1977       -48.0131 --
ML: -3228.6327735090417 Information: 73.4810619267273
            402     -3199.2981         4.4        -3145.1972       -54.1009 --
ML: -3228.6327735090417 Information: 73.4810619267273
            403     -3188.9794         4.4        -3145.1965       -43.7829 --
ML: -3228.6327735090417 Information: 73.4810619267273
            404     -3199.9860         4.4        -3145.1924       -54.7936 --
ML: -3228.6327735090417 Information: 73.4810619267273
            405     -3193.3302         4.4        -3145.1857       -48.1445 --
ML: -3228.6327735090417 Information: 73.4810619267273
            406     -3194.8649         4.4        -3145.1848       -49.6800 --
ML: -3228.6327735090417 Information: 73.4810619267273
            407     -3189.2177         4.4        -3145.1844       -44.0333 --
ML: -3228.6327735090417 Information: 73.4810619267273
            408     -3189.5439         4.4        -3145.1827       -44.3612 --
ML: -3228.6327735090417 Information: 73.4810619267273
            409     -3198.3561         4.4        -3145.1824       -53.1736 --
ML: -3228.6327735090417 Information: 73.4810619267273
            410     -3194.5890         4.5        -3145.1819       -49.4070 --
ML: -3228.6327735090417 Information: 73.4810619267273
            411     -3202.4695         4.5        -3145.1808       -57.2886 --
ML: -3228.6327735090417 Information: 73.4810619267273
            412     -3196.7268         4.5        -3145.1798       -51.5469 --
ML: -3228.6327735090417 Information: 73.4810619267273
            413     -3194.2055         4.5        -3145.1781       -49.0274 --
ML: -3228.6327735090417 Information: 73.4810619267273
            414     -3193.1473         4.5        -3145.1774       -47.9699 --
ML: -3228.6327735090417 Information: 73.4810619267273
            415     -3189.9994         4.5        -3145.1729       -44.8264 --
ML: -3228.6327735090417 Information: 73.4810619267273
            416     -3192.2171         4.5        -3145.1728       -47.0443 --
ML: -3228.6327735090417 Information: 73.4810619267273
            417     -3199.0505         4.5        -3145.1692       -53.8813 --
ML: -3228.6327735090417 Information: 73.4810619267273
            418     -3195.9542         4.5        -3145.1689       -50.7852 --
ML: -3228.6327735090417 Information: 73.4810619267273
            419     -3200.8509         4.5        -3145.1681       -55.6827 --
ML: -3228.6327735090417 Information: 73.4810619267273
            420     -3198.2899         4.5        -3145.1672       -53.1226 --
ML: -3228.6327735090417 Information: 73.4810619267273
            421     -3192.7552         4.6        -3145.1639       -47.5913 --
ML: -3228.6327735090417 Information: 73.4810619267273
            422     -3191.1735         4.6        -3145.1639       -46.0096 --
ML: -3228.6327735090417 Information: 73.4810619267273
            423     -3194.7158         4.6        -3145.1636       -49.5522 --
ML: -3228.6327735090417 Information: 73.4810619267273
            424     -3195.6915         4.6        -3145.1615       -50.5300 --
ML: -3228.6327735090417 Information: 73.4810619267273
            425     -3191.9270         4.6        -3145.1598       -46.7671 --
ML: -3228.6327735090417 Information: 73.4810619267273
            426     -3200.2472         4.6        -3145.1571       -55.0901 --
ML: -3228.6327735090417 Information: 73.4810619267273
            427     -3189.2489         4.6        -3145.1567       -44.0921 --
ML: -3228.6327735090417 Information: 73.4810619267273
            428     -3200.9294         4.6        -3145.1561       -55.7732 --
ML: -3228.6327735090417 Information: 73.4810619267273
            429     -3192.9739         4.6        -3145.1550       -47.8189 --
ML: -3228.6327735090417 Information: 73.4810619267273
            430     -3197.7415         4.6        -3145.1546       -52.5868 --
ML: -3228.6327735090417 Information: 73.4810619267273
            431     -3192.2941         4.6        -3145.1535       -47.1405 --
ML: -3228.6327735090417 Information: 73.4810619267273
            432     -3196.3568         4.6        -3145.1532       -51.2035 --
ML: -3228.6327735090417 Information: 73.4810619267273
            433     -3192.9926         4.7        -3145.1531       -47.8395 --
ML: -3228.6327735090417 Information: 73.4810619267273
            434     -3201.9795         4.7        -3145.1515       -56.8279 --
ML: -3228.6327735090417 Information: 73.4810619267273
            435     -3191.6033         4.7        -3145.1508       -46.4524 --
ML: -3228.6327735090417 Information: 73.4810619267273
            436     -3194.8294         4.7        -3145.1506       -49.6787 --
ML: -3228.6327735090417 Information: 73.4810619267273
            437     -3190.3145         4.7        -3145.1503       -45.1642 --
ML: -3228.6327735090417 Information: 73.4810619267273
            438     -3198.3103         4.7        -3145.1499       -53.1603 --
ML: -3228.6327735090417 Information: 73.4810619267273
            439     -3195.5344         4.7        -3145.1475       -50.3868 --
ML: -3228.6327735090417 Information: 73.4810619267273
            440     -3197.2561         4.7        -3145.1475       -52.1086 --
ML: -3228.6327735090417 Information: 73.4810619267273
441<=100000000&& (441<2.0*73.4810619267273*3||Math.abs(-3228.6327735090417 - -3228.6327735090417)/Math.abs(-3228.6327735090417) > 1.0E-6
Finished in 441 steps!
Marginal likelihood: -3228.307204178526 (bootstrap SD=4.775627410051425)
Marginal likelihood: -3227.92407806662 (subsample SD=6.180673717081062)
Marginal likelihood: -3228.46870405448(4.318155879302022)
Information: 73.4810619267273
SD: 4.9491097491275235

Operator                                                         Tuning    #accept    #reject      Pr(m)  Pr(acc|m)
ScaleOperator(bcovAlphaScaler.s:kd-merged_filtered)             0.75000      12831       2694    0.00140    0.82647 Try setting scaleFactor to about 0.562
ScaleOperator(bcovSwitchParamScaler.s:kd-merged_filtered)       0.75000       7483       8029    0.00140    0.48240 Try setting scaleFactor to about 0.562
DeltaExchangeOperator(frequenciesDelta.s:kd-merged_filtered)    0.01000      10769       5006    0.00140    0.68266 Try setting delta to about 0.02
DeltaExchangeOperator(FixMeanMutationRatesOperator)             0.75000     311415         69    0.02805    0.99978 Try setting delta to about 1.5
ScaleOperator(BirthDeathTreeScaler.t:tree)                      0.50000      54158     413442    0.04208    0.11582 
ScaleOperator(BirthDeathTreeRootScaler.t:tree)                  0.50000      73016     395519    0.04208    0.15584 
Uniform(BirthDeathUniformOperator.t:tree)                             -    1525433    3142484    0.42076    0.32679 
SubtreeSlide(BirthDeathSubtreeSlide.t:tree)                     1.00000     480726    1855825    0.21038    0.20574 
Exchange(BirthDeathNarrow.t:tree)                                     -          0          0    0.00000        NaN 
Exchange(BirthDeathWide.t:tree)                                       -      19524     447968    0.04208    0.04176 
WilsonBalding(BirthDeathWilsonBalding.t:tree)                         -      19860     446728    0.04208    0.04256 
ScaleOperator(BirthRateScaler.t:tree)                           0.75000     359249     107500    0.04208    0.76968 Try setting scaleFactor to about 0.562
ScaleOperator(DeathRateScaler.t:tree)                           0.75000     354216     112711    0.04208    0.75861 Try setting scaleFactor to about 0.562
ScaleOperator(StrictClockRateScaler.c:clock)                    0.75000     162828     303755    0.04208    0.34898 
UpDownOperator(strictClockUpDownOperator.c:clock)               0.75000     308399     158363    0.04208    0.66072 Try setting scaleFactor to about 0.562

     Tuning: The value of the operator's tuning parameter, or '-' if the operator can't be optimized.
    #accept: The total number of times a proposal by this operator has been accepted.
    #reject: The total number of times a proposal by this operator has been rejected.
      Pr(m): The probability this operator is chosen in a step of the MCMC (i.e. the normalized weight).
  Pr(acc|m): The acceptance probability (#accept as a fraction of the total proposals for this operator).


Total calculation time: 344.073 seconds
End likelihood: -45.75571075920244
Producing posterior samples

Marginal likelihood: -3228.302014636302 sqrt(H/N)=(4.909433194526093)=?=SD=(4.979137050759717) Information: 72.30760287454403
Max ESS: 37.55229199624675


Processing 441 trees from file.
Log file written to kd-merged_pruned_bcov_strict_bd_ns.posterior.trees
Done!

Marginal likelihood: -3228.533620355683 sqrt(H/N)=(4.922651147170918)=?=SD=(5.02132354921682) Information: 72.69748295022946
Max ESS: 37.32248520021286


Log file written to kd-merged_pruned_bcov_strict_bd_ns.posterior.log
Done!
