
                        BEAST v2.6.7, 2002-2022
             Bayesian Evolutionary Analysis Sampling Trees
                       Designed and developed by
 Remco Bouckaert, Alexei J. Drummond, Andrew Rambaut & Marc A. Suchard
                                    
                   Centre for Computational Evolution
                         University of Auckland
                       r.bouckaert@auckland.ac.nz
                        alexei@cs.auckland.ac.nz
                                    
                   Institute of Evolutionary Biology
                        University of Edinburgh
                           a.rambaut@ed.ac.uk
                                    
                    David Geffen School of Medicine
                 University of California, Los Angeles
                           msuchard@ucla.edu
                                    
                      Downloads, Help & Resources:
                           http://beast2.org/
                                    
  Source code distributed under the GNU Lesser General Public License:
                   http://github.com/CompEvol/beast2
                                    
                           BEAST developers:
   Alex Alekseyenko, Trevor Bedford, Erik Bloomquist, Joseph Heled, 
 Sebastian Hoehna, Denise Kuehnert, Philippe Lemey, Wai Lok Sibon Li, 
Gerton Lunter, Sidney Markowitz, Vladimir Minin, Michael Defoin Platel, 
          Oliver Pybus, Tim Vaughan, Chieh-Hsi Wu, Walter Xie
                                    
                               Thanks to:
          Roald Forsberg, Beth Shapiro and Korbinian Strimmer

Random number seed: 1730279060787

File: kd-looms_pruned_bcov_strict_bd_ns.xml seed: 1730279060787 threads: 1
Loading package BEASTvntr v0.1.3
Loading package PoMo v1.0.1
Loading package speedemon v1.0.0
Loading package feast v8.3.0
Loading package phylodynamics v1.3.0
Loading package SNAPP v1.5.2
Loading package BADTRIP v1.0.0
Loading package timtam v0.3.1
Loading package ORC v1.0.3
Loading package bacter v2.2.5
Loading package SpeciesNetwork v0.13.0
Loading package TreeStat2 v0.0.2
Loading package Mascot v2.1.2
Loading package starbeast2 v0.15.13
Loading package Beasy v0.0.2
Loading package bModelTest v1.2.1
Loading package ClaDS v1.1.2
Loading package Recombination v0.0.2
Loading package CoalRe v0.0.7
Loading package BASTA v3.0.1
Loading package contraband v1.0.0
Loading package BEAST v2.6.7
Loading package besp v0.2.0
Loading package BDMM v1.0.2
Loading package PIQMEE v1.0.2
Loading package BEASTLabs v1.9.7
Loading package BEAST_CLASSIC v1.5.0
Loading package BICEPS v1.0.1
Loading package CA v2.0.0
Loading package PhyDyn v1.3.8
Loading package MGSM v0.3.0
Loading package MASTER v6.1.2
Loading package TMA v1.0.0
Loading package flc v1.1.0
Loading package Babel v0.3.2
Loading package OBAMA v0.2.0
Loading package NS v1.1.0
Loading package starbeast3 v1.0.5
Loading package MultiTypeTree v7.0.2
Loading package MSBD v1.2.0
Loading package snapper v1.0.3
Loading package STACEY v1.2.5
Loading package SCOTTI v2.0.1
Loading package DENIM v1.0.1
Loading package MODEL_SELECTION v1.5.3
Loading package substBMA v1.2.3
Loading package MM v1.1.1
Loading package contactrees v1.0.0
Loading package BREAK_AWAY v1.0.1
Loading package EpiInf v7.5.2
Loading package GEO_SPHERE v1.3.1
Loading package SA v2.0.2
Loading package FastRelaxedClockLogNormal v1.1.1
Loading package BDSKY v1.4.8
Loading package SSM v1.1.0
Loading package CoupledMCMC v1.0.2
Loading package CodonSubstModels v1.1.3
Loading package BEAST v2.6.7
Buyi_Libo: 198 2
Buyi_Xingyi: 198 2
Dai_Jinghong: 198 2
Dai_Yuxi_Yuanjiang: 198 2
Dong_Tongdao: 198 2
Ha_Li: 198 2
Maonan_Hechi: 198 2
Meifu_Li: 198 2
Miao_Zhaoxing: 198 2
Nung_An: 198 2
Qi_Li: 198 2
Run_Li: 198 2
Tai_Isan: 198 2
Tai_Phake: 198 2
Tai_Yuan: 198 2
Zhuang_Binyang: 198 2
Zhuang_Jingxi: 198 2
Zhuang_Longzhou: 198 2
Alignment(kd-looms_pruned_filtered)
  18 taxa
  198 sites
  103 patterns

Filter -
18 taxa
198 sites
103 patterns
WARNING: found 4 sites in the alignment (orgdata.kd-looms_pruned_filtered) that are equal to the ascertainment site. These sites will be ignored in the likelihood calculation.
Failed to load BEAGLE library: no hmsbeagle-jni in java.library.path
TreeLikelihood(treeLikelihood.kd-lg-elaged-filtered) uses BeerLikelihoodCore4
  FilteredAlignment(orgdata.kd-looms_pruned_filtered): [taxa, patterns, sites] = [18, 103, 193]
WARNING: the dimension of the parameter is 1 at the start of the run.
         The operator FixMeanMutationRatesOperator has no effect (if this does not change).
Failed to load BEAGLE library: no hmsbeagle-jni in java.library.path
TreeLikelihood(treeLikelihood.kd-looms_pruned_filtered) uses BeerLikelihoodCore4
  FilteredAlignment(orgdata.kd-looms_pruned_filtered): [taxa, patterns, sites] = [18, 103, 193]
===============================================================================
Citations for this model:

Patricio Maturana, Brendon J. Brewer, Steffen Klaere, Remco Bouckaert. Model selection and parameter inference in phylogenetics using Nested Sampling. Systematic Biology, syy050, 2018

Gernhard 2008. The conditioned reconstructed process. Journal of Theoretical Biology Volume 253, Issue 4, 21 August 2008, Pages 769-778

===============================================================================
Counting 78 parameters
replacing logger tracelog with NSLogger
Writing file kd-looms_pruned_bcov_strict_bd.trees
         Sample      posterior ESS(posterior)     likelihood          prior
Writing file kd-looms_pruned_bcov_strict_bd.log
Start likelihood 0: -1765.3481313694779 
Start likelihood 1: -2421.2662943579667 
Start likelihood 2: -2692.8033519152136 
3 particles initialised
              0     -2332.0487              N     -2316.4902       -15.5585 --
ML: -2317.9037210276692 Information: 1.4134952107251593
              1     -2318.0357         2.0        -2286.4365       -31.5991 --
ML: -2288.1834192316255 Information: 1.746828543771918
              2     -2285.5875         3.0        -2264.7795       -20.8080 --
ML: -2266.8596841127123 Information: 2.080161864671324
              3     -2274.3144         4.0        -2254.4698       -19.8446 --
ML: -2256.883249758043 Information: 2.412969504936556
              4     -2276.7238         3.7        -2249.6661       -27.0577 --
ML: -2252.401620853703 Information: 2.6810907463292573
              5     -2260.3143         2.9        -2239.0809       -21.2334 --
ML: -2242.1610486984505 Information: 3.079746430761364
              6     -2260.9621         2.9        -2233.6801       -27.2820 --
ML: -2237.087326238504 Information: 3.373409980241288
              7     -2249.2596         3.0        -2209.5936       -39.6660 --
ML: -2213.340469678472 Information: 3.746828542907293
              8     -2227.0166         3.3        -2205.6940       -21.3226 --
ML: -2209.746313495411 Information: 3.9451166117393512
              9     -2231.2505         3.2        -2202.4713       -28.7792 --
ML: -2206.829203429533 Information: 4.177775069166202
             10     -2101.7442         4.6        -2073.7262       -28.0180 --
ML: -2078.473048113449 Information: 4.746828544058644
             11     -2043.1458         4.1        -2030.4652       -12.6806 --
ML: -2035.545370610206 Information: 5.080161877391901
             12     -2024.4318         3.5        -2009.3505       -15.0813 --
ML: -2014.764074256641 Information: 5.413495189816383
             13     -2015.5954         3.0        -1989.2538       -26.3415 --
ML: -1995.000691133753 Information: 5.7468284889597605
             14     -1978.2590         2.7        -1968.0418       -10.2172 --
ML: -1974.1220033066777 Information: 6.080161858393123
             15     -1929.1685         2.6        -1907.6762       -21.4923 --
ML: -1914.089698712258 Information: 6.413495210725159
             16     -1870.9278         2.6        -1849.7700       -21.1577 --
ML: -1856.5169235931685 Information: 6.746828544058417
             17     -1864.6511         2.4        -1839.3895       -25.2616 --
ML: -1846.4696926629324 Information: 7.07966903711696
             18     -1851.5368         2.4        -1838.5074       -13.0294 --
ML: -1845.4649679427453 Information: 6.634393999723784
             19     -1847.4506         2.3        -1824.1756       -23.2749 --
ML: -1831.9225241858576 Information: 7.746807973648212
             20     -1812.5185         2.3        -1799.9446       -12.5739 --
ML: -1808.0247939503074 Information: 8.080161876373317
             21     -1823.5392         2.3        -1796.7666       -26.7725 --
ML: -1805.1236313811585 Information: 8.182309042712347
             22     -1801.5744         2.3        -1793.4598        -8.1146 --
ML: -1802.1539559603798 Information: 8.515473812471313
             23     -1825.4941         2.3        -1793.2201       -32.2739 --
ML: -1801.5313339331003 Information: 8.086711452848931
             24     -1801.7903         2.3        -1786.9429       -14.8473 --
ML: -1796.3507919988617 Information: 9.37128267478934
             25     -1818.1799         2.3        -1783.1847       -34.9951 --
ML: -1792.899413066972 Information: 9.594313798552264
             26     -1772.2042         2.4        -1736.3475       -35.8566 --
ML: -1746.4277495499243 Information: 10.080161877391902
             27     -1739.2618         2.4        -1733.3334        -5.9283 --
ML: -1743.6806588653662 Information: 10.153983122138698
             28     -1730.5967         2.4        -1714.3937       -16.2030 --
ML: -1725.140543182816 Information: 10.74682836530798
             29     -1746.2710         2.5        -1709.5747       -36.6962 --
ML: -1720.643739156394 Information: 11.0152499076573
             30     -1739.3973         2.6        -1708.2596       -31.1377 --
ML: -1719.351895755097 Information: 10.716132131056384
             31     -1734.7316         2.6        -1706.2690       -28.4625 --
ML: -1717.7824940221967 Information: 11.020747272304106
             32     -1723.3438         2.6        -1705.3071       -18.0367 --
ML: -1716.8723365906014 Information: 10.979792113686472
             33     -1724.5022         2.6        -1691.9957       -32.5064 --
ML: -1704.4092707103473 Information: 12.413437606978912
             34     -1704.9502         2.7        -1691.7010       -13.2492 --
ML: -1703.7352184383874 Information: 11.883958115334735
             35     -1725.9265         2.7        -1683.7023       -42.2241 --
ML: -1696.7815825167254 Information: 13.071422809706505
             36     -1712.2783         2.7        -1679.9964       -32.2818 --
ML: -1693.3761678117494 Information: 13.25646871274116
             37     -1706.5222         2.8        -1677.7777       -28.7444 --
ML: -1691.3787936229357 Information: 13.283227238696753
             38     -1712.1902         2.8        -1668.4658       -43.7244 --
ML: -1682.5458185320645 Information: 14.078611582616137
             39     -1699.3186         2.9        -1668.0652       -31.2533 --
ML: -1681.8185656458497 Information: 13.559082908931146
             40     -1683.1610         2.9        -1652.2102       -30.9508 --
ML: -1666.957050595523 Information: 14.746822553870887
             41     -1663.2958         3.0        -1651.0050       -12.2907 --
ML: -1665.7358543088849 Information: 14.3754066377154
             42     -1703.7651         3.0        -1649.5081       -54.2570 --
ML: -1664.5548942044118 Information: 14.478152683144344
             43     -1678.6397         3.0        -1643.9577       -34.6820 --
ML: -1659.6967945419874 Information: 15.6915177461023
             44     -1667.6418         3.0        -1643.6774       -23.9643 --
ML: -1659.0336168282404 Information: 15.187243610110386
             45     -1671.3300         3.1        -1642.7385       -28.5915 --
ML: -1658.397928864509 Information: 15.072710611525622
             46     -1661.7349         3.1        -1632.9844       -28.7504 --
ML: -1649.731089894183 Information: 16.744875616866395
             47     -1646.6277         3.1        -1624.8189       -21.8088 --
ML: -1641.8987397274732 Information: 17.0765252270734
             48     -1631.9240         3.1        -1611.0406       -20.8833 --
ML: -1628.4541730587591 Information: 17.413473790935953
             49     -1631.1858         3.2        -1609.8284       -21.3574 --
ML: -1627.2279793856767 Information: 17.04384547907489
             50     -1620.8309         3.2        -1590.0030       -30.8278 --
ML: -1608.0832093845092 Information: 18.080161774630778
             51     -1594.8525         3.2        -1576.1848       -18.6677 --
ML: -1594.5982949183458 Information: 18.413474586550535
             52     -1593.5933         3.3        -1568.6440       -24.9493 --
ML: -1587.3900899375105 Information: 18.740503920764937
             53     -1590.5662         3.3        -1565.8709       -24.6952 --
ML: -1584.8674837532667 Information: 18.773524271771322
             54     -1602.0657         3.3        -1562.9231       -39.1426 --
ML: -1582.2600554823032 Information: 19.10314735134827
             55     -1590.2177         3.3        -1562.0015       -28.2162 --
ML: -1581.2786791790063 Information: 18.844121723748117
             56     -1591.8767         3.3        -1559.7772       -32.0995 --
ML: -1579.6411368199047 Information: 19.34718275229477
             57     -1580.4849         3.3        -1556.9709       -23.5140 --
ML: -1577.2848667340127 Information: 19.99899350120606
             58     -1574.7911         3.3        -1554.8977       -19.8934 --
ML: -1575.4673149017426 Information: 20.18169715108138
             59     -1578.5693         3.3        -1553.4007       -25.1685 --
ML: -1574.1639744532943 Information: 20.2512518796064
             60     -1576.1785         3.3        -1545.4186       -30.7598 --
ML: -1566.8314960575153 Information: 21.40728634346299
             61     -1584.3670         3.3        -1542.0859       -42.2810 --
ML: -1563.7841281592614 Information: 21.539667269110396
             62     -1566.9394         3.3        -1538.8680       -28.0713 --
ML: -1560.891201232851 Information: 21.836053735031854
             63     -1565.9544         3.3        -1530.4625       -35.4919 --
ML: -1552.8756849460888 Information: 22.41032673380034
             64     -1554.4925         3.3        -1525.0155       -29.4770 --
ML: -1547.7563312417067 Information: 22.7082411766309
             65     -1543.5426         3.3        -1516.2999       -27.2427 --
ML: -1539.3798507485444 Information: 23.07791763878511
             66     -1528.8285         3.3        -1506.5148       -22.3136 --
ML: -1529.928311501664 Information: 23.4126476858513
             67     -1524.1795         3.3        -1505.6587       -18.5208 --
ML: -1528.9400087497002 Information: 22.962323487924778
             68     -1525.0390         3.3        -1505.1454       -19.8936 --
ML: -1528.3794878587903 Information: 22.75891868831286
             69     -1538.1719         3.3        -1505.0458       -33.1261 --
ML: -1528.0870832226058 Information: 22.612225406756806
             70     -1534.1994         3.3        -1501.4998       -32.6995 --
ML: -1526.099337821005 Information: 24.05489213385158
             71     -1535.7989         3.3        -1501.0300       -34.7689 --
ML: -1525.4116161358206 Information: 23.871605766527523
             72     -1531.1736         3.2        -1499.0549       -32.1186 --
ML: -1524.139604129842 Information: 24.38814878483936
             73     -1532.6558         3.2        -1497.0494       -35.6063 --
ML: -1522.564426591225 Information: 24.95570604347148
             74     -1525.0543         3.2        -1495.9127       -29.1416 --
ML: -1521.545234804425 Information: 25.02043440444993
             75     -1510.3667         3.2        -1495.3121       -15.0545 --
ML: -1520.9382278109858 Information: 24.965210164289374
             76     -1504.9456         3.2        -1494.3430       -10.6026 --
ML: -1520.3180290046648 Information: 25.098326277699357
             77     -1514.7159         3.2        -1487.2012       -27.5146 --
ML: -1514.2790305352685 Information: 27.058659546167355
             78     -1512.7430         3.2        -1483.4458       -29.2971 --
ML: -1510.8271534566402 Information: 27.261696606992125
             79     -1511.4964         3.1        -1481.9394       -29.5569 --
ML: -1509.4090268349457 Information: 27.075780232018246
             80     -1510.5241         3.1        -1474.8682       -35.6559 --
ML: -1502.9468488715925 Information: 28.066943483914244
             81     -1496.5907         3.1        -1469.5036       -27.0870 --
ML: -1497.9106310765892 Information: 28.372039348754143
             82     -1494.9636         3.1        -1465.4538       -29.5098 --
ML: -1494.1764519988967 Information: 28.625048837063126
             83     -1497.7588         3.1        -1463.1633       -34.5955 --
ML: -1492.108331277862 Information: 28.643094815751283
             84     -1508.5576         3.1        -1458.6336       -49.9240 --
ML: -1488.0300675402923 Information: 29.31458152654874
             85     -1489.8122         3.1        -1457.6456       -32.1666 --
ML: -1486.9681485122717 Information: 28.95255869027295
             86     -1476.4812         3.1        -1448.4799       -28.0012 --
ML: -1478.5599351229894 Information: 30.077812120616557
             87     -1472.9794         3.1        -1447.4753       -25.5040 --
ML: -1477.4760044832703 Information: 29.660069114125577
             88     -1476.0617         3.1        -1445.9599       -30.1017 --
ML: -1476.326068933196 Information: 29.77837436288968
             89     -1479.6835         3.0        -1440.4617       -39.2218 --
ML: -1471.5335576293637 Information: 31.02137320005091
             90     -1482.0363         3.0        -1440.0425       -41.9938 --
ML: -1470.8008857897514 Information: 30.53263623853036
             91     -1449.1627         3.0        -1439.9586        -9.2041 --
ML: -1470.4610526327876 Information: 30.28200674513596
             92     -1461.8216         3.0        -1438.4795       -23.3421 --
ML: -1469.816018557506 Information: 30.444837412137417
             93     -1472.7382         3.0        -1437.8523       -34.8859 --
ML: -1469.3227037242918 Information: 30.54295533196239
             94     -1464.5741         3.0        -1432.6545       -31.9196 --
ML: -1465.3817129292195 Information: 32.608201278642625
             95     -1478.8922         3.0        -1432.4254       -46.4667 --
ML: -1464.7486160850988 Information: 32.13834598784615
             96     -1462.9119         3.0        -1432.0003       -30.9116 --
ML: -1464.3337586161774 Information: 31.930595872511617
             97     -1464.2235         3.0        -1431.6982       -32.5252 --
ML: -1464.0492392329675 Information: 31.82062907673526
             98     -1462.4387         3.0        -1431.4313       -31.0073 --
ML: -1463.840845420266 Information: 31.76220117978187
             99     -1462.5578         2.8        -1428.7710       -33.7867 --
ML: -1462.7666590778347 Information: 32.865802930735526
            100     -1472.1513         2.8        -1426.3865       -45.7648 --
ML: -1460.9550136193643 Information: 33.9942563259946
            101     -1456.5145         2.8        -1425.9482       -30.5662 --
ML: -1460.297904648256 Information: 33.824811450297034
            102     -1453.4158         2.8        -1421.8450       -31.5707 --
ML: -1457.2118322794831 Information: 35.155326197000846
            103     -1449.0968         2.8        -1421.4751       -27.6217 --
ML: -1456.5237440988765 Information: 34.75644305561593
            104     -1467.9745         2.8        -1420.7530       -47.2215 --
ML: -1455.973396691172 Information: 34.63538829812853
            105     -1464.9344         2.8        -1419.3586       -45.5758 --
ML: -1455.1745521773928 Information: 34.9255082015643
            106     -1455.7735         2.8        -1418.6884       -37.0851 --
ML: -1454.6032863921184 Information: 35.03340568624117
            107     -1452.9222         2.8        -1417.3988       -35.5233 --
ML: -1453.846090227153 Information: 35.4290537236285
            108     -1447.9885         2.8        -1415.9181       -32.0704 --
ML: -1452.862973227305 Information: 36.009906237305586
            109     -1448.9732         2.8        -1413.6946       -35.2786 --
ML: -1451.2252368835575 Information: 36.91656832363441
            110     -1454.0350         2.8        -1412.6943       -41.3406 --
ML: -1450.2815752912466 Information: 36.95890216327825
            111     -1445.2225         2.8        -1410.7165       -34.5060 --
ML: -1448.8553054654878 Information: 37.51278312788577
            112     -1433.3572         2.8        -1406.7496       -26.6076 --
ML: -1445.4622642396707 Information: 38.5582940135848
            113     -1436.8912         2.8        -1406.2536       -30.6375 --
ML: -1444.7028516872876 Information: 38.144868142163205
            114     -1437.7710         2.8        -1403.9793       -33.7917 --
ML: -1443.1539988483928 Information: 38.62668342666382
            115     -1445.7598         2.8        -1400.6608       -45.0990 --
ML: -1440.3454759281426 Information: 39.451514860832475
            116     -1437.0069         2.8        -1399.9948       -37.0121 --
ML: -1439.5079772247439 Information: 39.12400278937855
            117     -1419.7278         2.8        -1395.6140       -24.1138 --
ML: -1435.997224074248 Information: 40.2406670707598
            118     -1434.4682         2.8        -1390.3244       -44.1437 --
ML: -1431.0640889949912 Information: 40.700466614938414
            119     -1422.8679         2.8        -1389.1725       -33.6954 --
ML: -1429.8850992958335 Information: 40.34621341767138
            120     -1417.5143         2.8        -1386.9885       -30.5257 --
ML: -1428.1975281276286 Information: 40.73723794614136
            121     -1425.0989         2.8        -1382.8146       -42.2843 --
ML: -1424.5354832142432 Information: 41.601513840953075
            122     -1430.7267         2.8        -1378.8016       -51.9250 --
ML: -1420.8562396744453 Information: 41.950287353057945
            123     -1427.1758         2.8        -1377.0887       -50.0870 --
ML: -1419.272583262953 Information: 41.81087534144149
            124     -1405.9192         2.8        -1376.5932       -29.3259 --
ML: -1418.6126286236158 Information: 41.57048038259177
            125     -1402.2211         2.8        -1375.4866       -26.7345 --
ML: -1417.8963198250656 Information: 41.6497184891291
            126     -1415.7407         2.8        -1374.8216       -40.9191 --
ML: -1417.3582840227432 Information: 41.70463258090376
            127     -1419.7941         2.8        -1374.0085       -45.7856 --
ML: -1416.844090680265 Information: 41.85180943872274
            128     -1397.5026         2.8        -1368.4764       -29.0261 --
ML: -1412.5430039147964 Information: 43.97820147582105
            129     -1395.3796         2.8        -1366.9044       -28.4752 --
ML: -1411.0604033748175 Information: 43.778980438461815
            130     -1389.9930         2.8        -1365.8499       -24.1431 --
ML: -1410.1087998264156 Information: 43.706140246058226
            131     -1405.7181         2.8        -1365.3713       -40.3468 --
ML: -1409.5724051585735 Information: 43.597883969670534
            132     -1403.4987         2.8        -1363.9667       -39.5319 --
ML: -1408.7785815782534 Information: 43.90408036052315
            133     -1400.6917         2.8        -1358.9129       -41.7787 --
ML: -1404.6436335573496 Information: 45.63528974857941
            134     -1394.2027         2.8        -1357.8854       -36.3173 --
ML: -1403.5550793698649 Information: 45.29154781383312
            135     -1411.5182         2.8        -1356.5182       -54.9999 --
ML: -1402.50248980323 Information: 45.375053036478334
            136     -1391.2063         2.8        -1354.6602       -36.5460 --
ML: -1401.1185690071268 Information: 45.84008281569061
            137     -1400.0841         2.8        -1353.6112       -46.4729 --
ML: -1400.1891961589322 Information: 45.919729775607834
            138     -1406.9218         2.8        -1352.0781       -54.8436 --
ML: -1399.087669064147 Information: 46.28118306457594
            139     -1389.6064         2.8        -1350.8938       -38.7125 --
ML: -1398.1462710371256 Information: 46.50632166395519
            140     -1385.3777         2.8        -1348.6486       -36.7290 --
ML: -1396.511853192697 Information: 47.27967357493503
            141     -1382.9482         2.8        -1345.6394       -37.3087 --
ML: -1393.9708901387396 Information: 48.048355526777954
            142     -1378.0490         2.8        -1345.0927       -32.9562 --
ML: -1393.209939851184 Information: 47.729489556833414
            143     -1373.2683         2.8        -1343.3609       -29.9073 --
ML: -1392.060243363868 Information: 48.02797730476141
            144     -1377.1651         2.8        -1342.7416       -34.4235 --
ML: -1391.4134134071626 Information: 47.99587183142103
            145     -1381.9605         2.8        -1341.8425       -40.1180 --
ML: -1390.8043745052128 Information: 48.10523739344808
            146     -1383.4468         2.8        -1340.9074       -42.5393 --
ML: -1390.1986597960959 Information: 48.31350938287903
            147     -1374.1523         2.8        -1340.8766       -33.2756 --
ML: -1389.9092009332462 Information: 48.277508654997064
            148     -1372.3618         2.8        -1339.9209       -32.4409 --
ML: -1389.5250739131395 Information: 48.439031469793576
            149     -1388.7486         2.8        -1338.7122       -50.0363 --
ML: -1388.9566953687922 Information: 48.899820008521374
            150     -1387.3244         2.8        -1336.9375       -50.3869 --
ML: -1387.915580281605 Information: 49.87669429835398
            151     -1386.9223         2.8        -1335.4105       -51.5117 --
ML: -1386.773154275923 Information: 50.5240264743594
            152     -1380.0044         2.8        -1335.2526       -44.7518 --
ML: -1386.321173742747 Information: 50.4344092086194
            153     -1371.0567         2.8        -1334.1216       -36.9350 --
ML: -1385.7292884714068 Information: 50.63104196805716
            154     -1381.2575         2.8        -1333.9989       -47.2586 --
ML: -1385.420424724353 Information: 50.61429265584616
            155     -1381.4359         2.8        -1333.2597       -48.1762 --
ML: -1385.0848579319272 Information: 50.71955551957467
            156     -1377.9914         2.8        -1333.2155       -44.7758 --
ML: -1384.891369202958 Information: 50.72832433446251
            157     -1390.0023         2.8        -1332.6239       -57.3784 --
ML: -1384.6861621384728 Information: 50.80865799847015
            158     -1369.9462         2.8        -1332.4602       -37.4859 --
ML: -1384.5407043623402 Information: 50.855057751722825
            159     -1374.3468         2.8        -1331.9396       -42.4071 --
ML: -1384.3894889083726 Information: 50.94886436412594
            160     -1371.3902         2.8        -1330.1924       -41.1977 --
ML: -1383.9339373400137 Information: 51.6818080753917
            161     -1364.7155         2.8        -1329.8752       -34.8402 --
ML: -1383.6263963751112 Information: 52.003548851646315
            162     -1375.7015         2.8        -1329.5341       -46.1674 --
ML: -1383.3898907969979 Information: 52.20697169773166
            163     -1374.3900         2.8        -1328.8787       -45.5113 --
ML: -1383.1347554104982 Information: 52.47070967107584
            164     -1372.4289         2.8        -1328.8103       -43.6186 --
ML: -1382.9753777386131 Information: 52.584432746142284
            165     -1386.6613         2.8        -1328.5835       -58.0777 --
ML: -1382.851009303954 Information: 52.67142988215301
            166     -1377.4729         2.8        -1328.4920       -48.9808 --
ML: -1382.763161955001 Information: 52.725499230646165
            167     -1370.2221         2.8        -1327.8770       -42.3451 --
ML: -1382.6574817360472 Information: 52.83650364810774
            168     -1384.1599         2.9        -1327.5794       -56.5804 --
ML: -1382.5651204600317 Information: 52.94189541664332
            169     -1371.8558         2.9        -1327.4304       -44.4254 --
ML: -1382.4943123737633 Information: 53.02098320906521
            170     -1366.9568         2.9        -1327.1842       -39.7725 --
ML: -1382.433543783457 Information: 53.09517385400363
            171     -1372.2109         2.9        -1327.0716       -45.1393 --
ML: -1382.3873429779946 Information: 53.15131646869986
            172     -1384.0668         2.9        -1326.4702       -57.5965 --
ML: -1382.3299910349153 Information: 53.24812425084724
            173     -1362.5383         2.9        -1326.2065       -36.3317 --
ML: -1382.2793084982025 Information: 53.339538494047474
            174     -1365.9882         2.9        -1326.0343       -39.9539 --
ML: -1382.2381023669361 Information: 53.415622100673545
            175     -1368.0222         2.9        -1325.5774       -42.4448 --
ML: -1382.1934373963495 Information: 53.51270825483584
            176     -1353.8749         2.9        -1325.4773       -28.3975 --
ML: -1382.1594281955765 Information: 53.58581179053135
            177     -1365.3280         2.9        -1325.4747       -39.8533 --
ML: -1382.1356905203797 Information: 53.634768207359
            178     -1358.6000         2.9        -1324.9848       -33.6152 --
ML: -1382.1086253193964 Information: 53.701591137564264
            179     -1378.1612         2.9        -1324.7853       -53.3759 --
ML: -1382.0855364867562 Information: 53.76116587460797
            180     -1372.0993         2.9        -1324.7319       -47.3673 --
ML: -1382.0684338112035 Information: 53.804979975569495
            181     -1369.0236         2.9        -1322.5016       -46.5219 --
ML: -1381.9613432275366 Information: 54.283032241507044
            182     -1367.9861         2.9        -1322.0695       -45.9165 --
ML: -1381.855097095025 Information: 54.74212720717287
            183     -1365.2945         2.9        -1322.0228       -43.2716 --
ML: -1381.7821438328046 Information: 55.02729372015301
            184     -1360.5699         2.9        -1321.2578       -39.3121 --
ML: -1381.679286745509 Information: 55.46173486873363
            185     -1363.7644         2.9        -1318.7768       -44.9876 --
ML: -1381.0710393426061 Information: 58.244205399084876
            186     -1369.9359         2.9        -1317.9889       -51.9470 --
ML: -1380.5299274304452 Information: 59.72484335819115
            187     -1367.6619         2.9        -1317.4547       -50.2071 --
ML: -1380.1172492470878 Information: 60.44499229741257
            188     -1366.4523         2.9        -1317.4107       -49.0415 --
ML: -1379.8915673212293 Information: 60.67619761033416
            189     -1359.7350         2.9        -1317.3700       -42.3649 --
ML: -1379.7511355734878 Information: 60.777531760878446
            190     -1363.0434         2.9        -1317.2323       -45.8110 --
ML: -1379.6488135588886 Information: 60.84456711270968
            191     -1368.6918         2.9        -1316.6357       -52.0561 --
ML: -1379.5296471934007 Information: 60.96901370705859
            192     -1368.4557         2.9        -1316.3435       -52.1121 --
ML: -1379.4272650985708 Information: 61.08238631653967
            193     -1374.8648         2.9        -1316.1693       -58.6955 --
ML: -1379.3475281644426 Information: 61.16938548017515
            194     -1372.4299         2.9        -1316.0066       -56.4233 --
ML: -1379.2849146121853 Information: 61.23856644841794
            195     -1381.3857         2.9        -1315.8969       -65.4887 --
ML: -1379.2375233988598 Information: 61.290661870327085
            196     -1363.6655         2.9        -1315.7680       -47.8975 --
ML: -1379.2004907508713 Information: 61.33283965319697
            197     -1374.9984         2.9        -1315.4627       -59.5357 --
ML: -1379.1657494187589 Information: 61.380213718119194
            198     -1359.1876         2.9        -1315.2701       -43.9175 --
ML: -1379.1365182361933 Information: 61.423446777593654
            199     -1362.8076         2.9        -1314.5343       -48.2733 --
ML: -1379.0943371479998 Information: 61.51256082528744
            200     -1367.5465         2.9        -1314.4810       -53.0654 --
ML: -1379.0635993999247 Information: 61.57568309830049
            201     -1351.8722         2.9        -1314.0768       -37.7954 --
ML: -1379.0316227859423 Information: 61.65105618766029
            202     -1377.3722         2.9        -1314.0057       -63.3665 --
ML: -1379.0076996416321 Information: 61.70691195378754
            203     -1366.7690         2.9        -1313.3668       -53.4021 --
ML: -1378.9761181198612 Information: 61.79762762362566
            204     -1362.5543         2.9        -1313.3099       -49.2444 --
ML: -1378.952810199149 Information: 61.86344560452699
            205     -1358.8526         2.9        -1313.0172       -45.8353 --
ML: -1378.9309317731697 Information: 61.92969053606521
            206     -1360.9706         2.9        -1312.4036       -48.5670 --
ML: -1378.9026927581249 Information: 62.02946644894314
            207     -1360.1304         3.0        -1312.1443       -47.9861 --
ML: -1378.8771627133888 Information: 62.12313790127473
            208     -1365.4926         3.0        -1312.0486       -53.4439 --
ML: -1378.8574840532551 Information: 62.19514862427786
            209     -1378.9296         3.0        -1311.8000       -67.1295 --
ML: -1378.839738963752 Information: 62.26292361525361
            210     -1363.9993         3.0        -1311.0666       -52.9327 --
ML: -1378.8138357138655 Information: 62.37791878733128
            211     -1361.5699         3.0        -1310.9651       -50.6048 --
ML: -1378.7937599296374 Information: 62.46657695578597
            212     -1364.0302         3.0        -1310.3719       -53.6582 --
ML: -1378.7683125796475 Information: 62.5907615162389
            213     -1364.3960         3.0        -1310.1561       -54.2399 --
ML: -1378.7462168678937 Information: 62.700254463667534
            214     -1353.4345         3.0        -1310.1467       -43.2877 --
ML: -1378.7305338785252 Information: 62.776367604790266
            215     -1359.2898         3.0        -1309.5978       -49.6920 --
ML: -1378.7114140103517 Information: 62.87762568842413
            216     -1372.5176         3.0        -1309.4544       -63.0632 --
ML: -1378.6958738154894 Information: 62.96045511475836
            217     -1361.8115         3.0        -1309.4403       -52.3712 --
ML: -1378.6847299554424 Information: 63.01907335763349
            218     -1377.1196         3.0        -1309.4364       -67.6832 --
ML: -1378.6767897612765 Information: 63.060398720053854
            219     -1371.2420         3.0        -1308.8243       -62.4176 --
ML: -1378.6663932388367 Information: 63.12024973989105
            220     -1357.8135         3.0        -1308.5467       -49.2667 --
ML: -1378.6566587079758 Information: 63.17832027244367
            221     -1355.3104         3.0        -1308.4615       -46.8488 --
ML: -1378.6491286467642 Information: 63.22342838715349
            222     -1380.2476         3.0        -1308.4578       -71.7898 --
ML: -1378.643747710604 Information: 63.25544039609622
            223     -1367.5949         3.0        -1307.8231       -59.7718 --
ML: -1378.6365199418835 Information: 63.30269486398265
            224     -1373.2024         3.0        -1307.7664       -65.4360 --
ML: -1378.6310736050282 Information: 63.33835099387284
            225     -1352.0323         3.0        -1306.9752       -45.0571 --
ML: -1378.6225243731083 Information: 63.400606970757735
            226     -1362.3003         3.0        -1306.8674       -55.4328 --
ML: -1378.615753751889 Information: 63.4502100832251
            227     -1359.1974         3.0        -1305.8892       -53.3082 --
ML: -1378.6029754351691 Information: 63.55521367532083
            228     -1364.5070         3.1        -1305.5803       -58.9266 --
ML: -1378.5906620124188 Information: 63.65876130829747
            229     -1356.6839         3.1        -1305.5401       -51.1438 --
ML: -1378.5815742105774 Information: 63.73463760104278
            230     -1366.4760         3.1        -1305.4679       -61.0080 --
ML: -1378.574630978944 Information: 63.79258945647166
            231     -1369.3415         3.1        -1305.4039       -63.9376 --
ML: -1378.569359688032 Information: 63.83662259829089
            232     -1361.8006         3.1        -1305.1666       -56.6340 --
ML: -1378.5645948252372 Information: 63.877330481088165
            233     -1367.6046         3.1        -1304.6068       -62.9977 --
ML: -1378.5586511844485 Information: 63.93112324437084
            234     -1370.7046         3.1        -1304.5851       -66.1195 --
ML: -1378.5543209344005 Information: 63.97018511439751
            235     -1368.1977         3.1        -1304.3366       -63.8611 --
ML: -1378.5503592838513 Information: 64.0067402885038
            236     -1365.8858         3.1        -1304.1894       -61.6963 --
ML: -1378.5470824890092 Information: 64.03733645987836
            237     -1361.9643         3.1        -1303.9540       -58.0102 --
ML: -1378.5441207763429 Information: 64.06559130641722
            238     -1360.4025         3.1        -1303.6418       -56.7606 --
ML: -1378.541229409967 Information: 64.09398743264956
            239     -1358.2090         3.1        -1303.4330       -54.7759 --
ML: -1378.5386835922616 Information: 64.11944595615932
            240     -1360.1224         3.1        -1303.2876       -56.8348 --
ML: -1378.5365788111408 Information: 64.14074602843175
            241     -1349.5753         3.1        -1303.1424       -46.4328 --
ML: -1378.534838292534 Information: 64.15857519284964
            242     -1357.2491         3.1        -1302.7769       -54.4722 --
ML: -1378.5330439930322 Information: 64.17757492845749
            243     -1354.4023         3.1        -1302.6814       -51.7208 --
ML: -1378.5316318061286 Information: 64.19263699149656
            244     -1353.2622         3.1        -1302.6120       -50.6501 --
ML: -1378.5305485951178 Information: 64.20424961879667
            245     -1365.9345         3.1        -1302.6022       -63.3323 --
ML: -1378.5297655236618 Information: 64.21264369687697
            246     -1366.0963         3.1        -1302.5455       -63.5507 --
ML: -1378.5291720990876 Information: 64.21903372585325
            247     -1356.0681         3.2        -1302.4917       -53.5763 --
ML: -1378.5287236007032 Information: 64.22388457845545
            248     -1357.0233         3.2        -1302.2358       -54.7875 --
ML: -1378.5283087043965 Information: 64.22847602825641
            249     -1355.3903         3.2        -1301.6455       -53.7448 --
ML: -1378.527772527137 Information: 64.23472294884732
            250     -1356.0699         3.2        -1301.4360       -54.6338 --
ML: -1378.5272990394978 Information: 64.2403356305822
            251     -1354.3076         3.2        -1301.3261       -52.9815 --
ML: -1378.5269204864758 Information: 64.24486252216707
            252     -1364.5481         3.2        -1301.3076       -63.2404 --
ML: -1378.526644290325 Information: 64.2481693026134
            253     -1350.4866         3.2        -1301.2310       -49.2555 --
ML: -1378.5264306703364 Information: 64.25074258193717
            254     -1359.3348         3.2        -1301.1795       -58.1553 --
ML: -1378.5262695444594 Information: 64.25269141892363
            255     -1363.1437         3.2        -1301.1339       -62.0098 --
ML: -1378.5261487300656 Information: 64.25415796263542
            256     -1352.7887         3.2        -1300.9368       -51.8519 --
ML: -1378.5260433083838 Information: 64.2554582841965
            257     -1353.6730         3.2        -1300.7525       -52.9205 --
ML: -1378.525952493766 Information: 64.25659505110093
            258     -1358.0680         3.2        -1300.7522       -57.3158 --
ML: -1378.5258874078684 Information: 64.25740971126129
            259     -1356.0240         3.2        -1300.5266       -55.4973 --
ML: -1378.525828976644 Information: 64.25815420604022
            260     -1353.0702         3.2        -1300.4720       -52.5982 --
ML: -1378.5257847577964 Information: 64.25872000227719
            261     -1355.1795         3.2        -1300.3116       -54.8678 --
ML: -1378.5257475658725 Information: 64.25920182785512
            262     -1354.8515         3.2        -1300.1441       -54.7074 --
ML: -1378.525716056177 Information: 64.25961530460108
            263     -1373.3741         3.2        -1300.0794       -73.2947 --
ML: -1378.525691970241 Information: 64.25993291393252
            264     -1350.7361         3.2        -1300.0251       -50.7109 --
ML: -1378.525673750508 Information: 64.26017415116621
            265     -1353.7464         3.2        -1299.9902       -53.7562 --
ML: -1378.5256602318789 Information: 64.26035361266668
            266     -1354.0960         3.3        -1299.7917       -54.3043 --
ML: -1378.525648417858 Information: 64.26051278880163
            267     -1363.9797         3.3        -1299.6163       -64.3633 --
ML: -1378.5256383302722 Information: 64.260650471291
            268     -1367.7264         3.3        -1299.6064       -68.1199 --
ML: -1378.5256310305385 Information: 64.26075017430139
            269     -1361.2217         3.3        -1299.5363       -61.6854 --
ML: -1378.5256254198432 Information: 64.26082720085287
            270     -1351.6512         3.3        -1299.4798       -52.1713 --
ML: -1378.5256211662024 Information: 64.26088583701903
            271     -1351.9659         3.3        -1299.4370       -52.5288 --
ML: -1378.5256179849955 Information: 64.2609298258194
            272     -1357.3458         3.3        -1299.3821       -57.9636 --
ML: -1378.5256155768536 Information: 64.26096325702451
            273     -1357.4194         3.3        -1299.2974       -58.1219 --
ML: -1378.5256136989565 Information: 64.26098948600861
            274     -1362.1594         3.3        -1299.2219       -62.9374 --
ML: -1378.525612247878 Information: 64.26100986307824
            275     -1360.3731         3.3        -1299.1132       -61.2599 --
ML: -1378.5256110886755 Information: 64.26102626722786
            276     -1351.9988         3.3        -1299.0719       -52.9268 --
ML: -1378.5256102230724 Information: 64.26103855252927
            277     -1364.9818         3.3        -1299.0351       -65.9467 --
ML: -1378.5256095795642 Information: 64.2610477094322
            278     -1354.1983         3.3        -1298.9489       -55.2493 --
ML: -1378.525609076993 Information: 64.26105490409554
            279     -1357.0883         3.4        -1298.8774       -58.2108 --
ML: -1378.525608690189 Information: 64.26106046902305
            280     -1367.6270         3.4        -1298.8702       -68.7567 --
ML: -1378.5256084110383 Information: 64.26106448733162
            281     -1358.8195         3.4        -1298.8545       -59.9649 --
ML: -1378.5256082078436 Information: 64.26106741549665
            282     -1367.5427         3.4        -1298.8418       -68.7009 --
ML: -1378.5256080603833 Information: 64.2610695422552
            283     -1355.5740         3.4        -1298.8334       -56.7406 --
ML: -1378.5256079538317 Information: 64.2610710798117
            284     -1351.3721         3.4        -1298.8307       -52.5414 --
ML: -1378.5256078772813 Information: 64.26107218478319
            285     -1351.3251         3.4        -1298.8277       -52.4973 --
ML: -1378.5256078222667 Information: 64.26107297887188
            286     -1353.1240         3.4        -1298.8210       -54.3030 --
ML: -1378.5256077825798 Information: 64.26107355198792
            287     -1357.4893         3.4        -1298.7329       -58.7564 --
ML: -1378.5256077515241 Information: 64.26107400315846
            288     -1359.7501         3.4        -1298.6194       -61.1306 --
ML: -1378.5256077265988 Information: 64.26107436806228
            289     -1352.3238         3.4        -1298.5942       -53.7295 --
ML: -1378.5256077082831 Information: 64.26107463682911
            290     -1349.5983         3.5        -1298.5937       -51.0045 --
ML: -1378.525607695153 Information: 64.26107482941302
            291     -1356.9232         3.5        -1298.5795       -58.3437 --
ML: -1378.5256076856094 Information: 64.26107496949976
            292     -1351.1386         3.5        -1298.5435       -52.5951 --
ML: -1378.5256076785206 Information: 64.26107507389406
            293     -1356.4752         3.5        -1298.4946       -57.9806 --
ML: -1378.5256076731869 Information: 64.26107515265358
            294     -1358.7380         3.5        -1298.4643       -60.2737 --
ML: -1378.5256076692474 Information: 64.26107521101085
            295     -1364.7729         3.5        -1298.4556       -66.3172 --
ML: -1378.5256076664002 Information: 64.26107525308839
            296     -1362.6123         3.5        -1298.4389       -64.1733 --
ML: -1378.5256076643257 Information: 64.26107528370721
            297     -1359.4332         3.5        -1298.4101       -61.0231 --
ML: -1378.5256076627957 Information: 64.26107530654895
            298     -1353.0767         3.5        -1298.3965       -54.6802 --
ML: -1378.5256076616845 Information: 64.26107532297783
            299     -1355.8052         3.5        -1298.3576       -57.4475 --
ML: -1378.5256076608566 Information: 64.26107533538789
            300     -1351.8517         3.5        -1298.3355       -53.5162 --
ML: -1378.5256076602502 Information: 64.26107534440416
            301     -1355.8604         3.5        -1298.3289       -57.5314 --
ML: -1378.5256076598127 Information: 64.26107535102437
            302     -1354.7651         3.6        -1298.2506       -56.5145 --
ML: -1378.5256076594737 Information: 64.26107535620577
            303     -1352.7364         3.6        -1298.2479       -54.4884 --
ML: -1378.5256076592302 Information: 64.26107535986966
            304     -1362.4075         3.6        -1298.2371       -64.1703 --
ML: -1378.5256076590538 Information: 64.2610753625977
            305     -1359.0333         3.6        -1298.2105       -60.8228 --
ML: -1378.525607658924 Information: 64.261075364607
            306     -1355.4393         3.6        -1298.1893       -57.2499 --
ML: -1378.525607658829 Information: 64.26107536610402
            307     -1359.3216         3.6        -1298.1624       -61.1591 --
ML: -1378.5256076587589 Information: 64.26107536730751
            308     -1362.4203         3.6        -1298.1494       -64.2709 --
ML: -1378.5256076587082 Information: 64.26107536800441
            309     -1355.5515         3.6        -1298.1226       -57.4289 --
ML: -1378.5256076586709 Information: 64.26107536848099
            310     -1357.1563         3.6        -1298.1134       -59.0429 --
ML: -1378.5256076586438 Information: 64.26107536894665
            311     -1359.3875         3.6        -1298.1106       -61.2768 --
ML: -1378.5256076586245 Information: 64.2610753691315
            312     -1354.1281         3.6        -1298.1076       -56.0204 --
ML: -1378.5256076586106 Information: 64.26107536923791
            313     -1358.1932         3.6        -1298.0648       -60.1283 --
ML: -1378.5256076586002 Information: 64.26107536943073
            314     -1355.6623         3.7        -1298.0575       -57.6047 --
ML: -1378.5256076585927 Information: 64.26107536951008
            315     -1355.6640         3.7        -1298.0468       -57.6171 --
ML: -1378.5256076585872 Information: 64.26107536959717
            316     -1373.3250         3.7        -1298.0323       -75.2927 --
ML: -1378.5256076585833 Information: 64.26107536952668
            317     -1352.8021         3.7        -1298.0310       -54.7710 --
ML: -1378.5256076585804 Information: 64.26107536971608
            318     -1355.6896         3.7        -1298.0284       -57.6612 --
ML: -1378.5256076585783 Information: 64.26107536975087
            319     -1354.8821         3.7        -1297.9907       -56.8913 --
ML: -1378.5256076585767 Information: 64.26107536986751
            320     -1353.0813         3.7        -1297.9574       -55.1238 --
ML: -1378.5256076585756 Information: 64.26107536989844
            321     -1350.1361         3.7        -1297.9558       -52.1802 --
ML: -1378.5256076585747 Information: 64.26107537004373
            322     -1363.0708         3.7        -1297.9501       -65.1207 --
ML: -1378.525607658574 Information: 64.26107537018356
            323     -1360.7262         3.7        -1297.9302       -62.7960 --
ML: -1378.5256076585736 Information: 64.26107537022813
            324     -1364.6668         3.7        -1297.9248       -66.7420 --
ML: -1378.5256076585733 Information: 64.26107537012854
            325     -1365.8950         3.8        -1297.9160       -67.9789 --
ML: -1378.525607658573 Information: 64.26107537013922
            326     -1353.8404         3.8        -1297.9075       -55.9329 --
ML: -1378.5256076585729 Information: 64.26107537022972
            327     -1352.5263         3.8        -1297.8818       -54.6445 --
ML: -1378.5256076585727 Information: 64.26107537037547
            328     -1367.9480         3.8        -1297.8730       -70.0749 --
ML: -1378.5256076585727 Information: 64.26107537026496
            329     -1354.1008         3.8        -1297.8659       -56.2348 --
ML: -1378.5256076585727 Information: 64.26107537018515
            330     -1355.5553         3.8        -1297.8528       -57.7024 --
ML: -1378.5256076585727 Information: 64.26107537012717
            331     -1358.1586         3.8        -1297.8520       -60.3065 --
ML: -1378.5256076585727 Information: 64.26107537008556
            332     -1363.6943         3.8        -1297.8261       -65.8682 --
ML: -1378.5256076585727 Information: 64.2610753700551
            333     -1362.6567         3.8        -1297.7921       -64.8646 --
ML: -1378.5256076585727 Information: 64.26107537003236
            334     -1357.3122         3.8        -1297.7907       -59.5214 --
ML: -1378.5256076585727 Information: 64.26107537001621
            335     -1354.8150         3.8        -1297.7747       -57.0402 --
ML: -1378.5256076585727 Information: 64.26107537000439
            336     -1361.6074         3.9        -1297.7628       -63.8445 --
ML: -1378.5256076585727 Information: 64.26107536999575
            337     -1356.2881         3.9        -1297.7581       -58.5300 --
ML: -1378.5256076585727 Information: 64.26107536998961
            338     -1361.5467         3.9        -1297.7443       -63.8024 --
ML: -1378.5256076585727 Information: 64.26107536998506
            339     -1366.8879         3.9        -1297.7064       -69.1814 --
ML: -1378.5256076585727 Information: 64.26107536998165
            340     -1355.7066         3.9        -1297.7017       -58.0048 --
ML: -1378.5256076585727 Information: 64.26107536997915
            341     -1355.5653         3.9        -1297.6697       -57.8955 --
ML: -1378.5256076585727 Information: 64.26107536997733
            342     -1361.7000         3.9        -1297.6671       -64.0328 --
ML: -1378.5256076585727 Information: 64.26107536997597
            343     -1373.5714         3.9        -1297.6339       -75.9375 --
ML: -1378.5256076585727 Information: 64.26107536997506
            344     -1368.0013         3.9        -1297.6136       -70.3876 --
ML: -1378.5256076585727 Information: 64.26107536997438
            345     -1356.2099         3.9        -1297.6118       -58.5980 --
ML: -1378.5256076585727 Information: 64.26107536997392
            346     -1356.8931         3.9        -1297.6108       -59.2823 --
ML: -1378.5256076585727 Information: 64.26107536997347
            347     -1367.7738         4.0        -1297.6019       -70.1719 --
ML: -1378.5256076585727 Information: 64.26107536997324
            348     -1353.1666         4.0        -1297.6001       -55.5664 --
ML: -1378.5256076585727 Information: 64.26107536997301
            349     -1369.4986         4.0        -1297.5906       -71.9079 --
ML: -1378.5256076585727 Information: 64.26107536997279
            350     -1355.8123         4.0        -1297.5606       -58.2516 --
ML: -1378.5256076585727 Information: 64.26107536997279
            351     -1359.7654         4.0        -1297.5563       -62.2090 --
ML: -1378.5256076585727 Information: 64.26107536997279
            352     -1361.6156         4.0        -1297.5544       -64.0611 --
ML: -1378.5256076585727 Information: 64.26107536997279
            353     -1360.8127         4.0        -1297.5511       -63.2616 --
ML: -1378.5256076585727 Information: 64.26107536997279
            354     -1362.0455         4.0        -1297.5494       -64.4961 --
ML: -1378.5256076585727 Information: 64.26107536997279
            355     -1357.1119         4.0        -1297.5487       -59.5631 --
ML: -1378.5256076585727 Information: 64.26107536997279
            356     -1357.0969         4.1        -1297.5433       -59.5536 --
ML: -1378.5256076585727 Information: 64.26107536997279
            357     -1355.1252         4.1        -1297.5416       -57.5836 --
ML: -1378.5256076585727 Information: 64.26107536997279
            358     -1358.8505         4.1        -1297.5399       -61.3106 --
ML: -1378.5256076585727 Information: 64.26107536997279
            359     -1360.2524         4.1        -1297.5392       -62.7131 --
ML: -1378.5256076585727 Information: 64.26107536997279
            360     -1357.7241         4.1        -1297.5375       -60.1865 --
ML: -1378.5256076585727 Information: 64.26107536997279
            361     -1355.8647         4.1        -1297.5374       -58.3272 --
ML: -1378.5256076585727 Information: 64.26107536997279
            362     -1357.5373         4.1        -1297.5317       -60.0056 --
ML: -1378.5256076585727 Information: 64.26107536997279
            363     -1353.2856         4.1        -1297.5316       -55.7539 --
ML: -1378.5256076585727 Information: 64.26107536997279
            364     -1351.5813         4.1        -1297.5309       -54.0504 --
ML: -1378.5256076585727 Information: 64.26107536997279
            365     -1361.5060         4.1        -1297.5305       -63.9754 --
ML: -1378.5256076585727 Information: 64.26107536997279
            366     -1354.0898         4.1        -1297.5235       -56.5662 --
ML: -1378.5256076585727 Information: 64.26107536997279
            367     -1361.3513         4.2        -1297.5231       -63.8282 --
ML: -1378.5256076585727 Information: 64.26107536997279
            368     -1352.3126         4.2        -1297.5222       -54.7904 --
ML: -1378.5256076585727 Information: 64.26107536997279
            369     -1364.2661         4.2        -1297.5200       -66.7461 --
ML: -1378.5256076585727 Information: 64.26107536997279
            370     -1355.2703         4.2        -1297.5200       -57.7503 --
ML: -1378.5256076585727 Information: 64.26107536997279
            371     -1366.0748         4.2        -1297.5194       -68.5553 --
ML: -1378.5256076585727 Information: 64.26107536997279
            372     -1356.5278         4.2        -1297.5153       -59.0124 --
ML: -1378.5256076585727 Information: 64.26107536997279
            373     -1358.0626         4.2        -1297.5106       -60.5520 --
ML: -1378.5256076585727 Information: 64.26107536997279
            374     -1355.5597         4.2        -1297.5103       -58.0494 --
ML: -1378.5256076585727 Information: 64.26107536997279
            375     -1362.9871         4.2        -1297.5094       -65.4777 --
ML: -1378.5256076585727 Information: 64.26107536997279
            376     -1368.1933         4.2        -1297.5093       -70.6840 --
ML: -1378.5256076585727 Information: 64.26107536997279
            377     -1357.6076         4.3        -1297.4983       -60.1092 --
ML: -1378.5256076585727 Information: 64.26107536997279
            378     -1357.8199         4.3        -1297.4940       -60.3258 --
ML: -1378.5256076585727 Information: 64.26107536997279
            379     -1356.8451         4.3        -1297.4933       -59.3517 --
ML: -1378.5256076585727 Information: 64.26107536997279
            380     -1361.5128         4.3        -1297.4921       -64.0207 --
ML: -1378.5256076585727 Information: 64.26107536997279
            381     -1358.9006         4.3        -1297.4913       -61.4092 --
ML: -1378.5256076585727 Information: 64.26107536997279
            382     -1364.0101         4.3        -1297.4913       -66.5188 --
ML: -1378.5256076585727 Information: 64.26107536997279
            383     -1360.1553         4.3        -1297.4902       -62.6650 --
ML: -1378.5256076585727 Information: 64.26107536997279
            384     -1355.1830         4.3        -1297.4891       -57.6939 --
ML: -1378.5256076585727 Information: 64.26107536997279
            385     -1353.3943         4.3        -1297.4889       -55.9053 --
ML: -1378.5256076585727 Information: 64.26107536997279
386<=100000000&& (386<2.0*64.26107536997279*3||Math.abs(-1378.5256076585727 - -1378.5256076585727)/Math.abs(-1378.5256076585727) > 1.0E-6
Finished in 386 steps!
Marginal likelihood: -1378.1670878128332 (bootstrap SD=4.454607905697434)
Marginal likelihood: -1377.6238784929433 (subsample SD=5.480304052997499)
Marginal likelihood: -1377.2421286841738(4.941016617693842)
Information: 64.26107536997279
SD: 4.628213311490471

Operator                                                               Tuning    #accept    #reject      Pr(m)  Pr(acc|m)
ScaleOperator(bcovAlphaScaler.s:kd-looms_pruned_filtered)             0.75000       9376       4342    0.00140    0.68348 Try setting scaleFactor to about 0.562
ScaleOperator(bcovSwitchParamScaler.s:kd-looms_pruned_filtered)       0.75000       8640       4996    0.00140    0.63362 Try setting scaleFactor to about 0.562
DeltaExchangeOperator(frequenciesDelta.s:kd-looms_pruned_filtered)    0.01000      10414       3154    0.00140    0.76754 Try setting delta to about 0.02
DeltaExchangeOperator(FixMeanMutationRatesOperator)                   0.75000     272937         32    0.02805    0.99988 Try setting delta to about 1.5
ScaleOperator(BirthDeathTreeScaler.t:tree)                            0.50000      55832     352830    0.04208    0.13662 
ScaleOperator(BirthDeathTreeRootScaler.t:tree)                        0.50000      91471     316977    0.04208    0.22395 
Uniform(BirthDeathUniformOperator.t:tree)                                   -    1609208    2480439    0.42076    0.39348 
SubtreeSlide(BirthDeathSubtreeSlide.t:tree)                           1.00000     566568    1481506    0.21038    0.27663 
Exchange(BirthDeathNarrow.t:tree)                                           -          0          0    0.00000        NaN 
Exchange(BirthDeathWide.t:tree)                                             -      19950     389429    0.04208    0.04873 
WilsonBalding(BirthDeathWilsonBalding.t:tree)                               -      20510     388959    0.04208    0.05009 
ScaleOperator(BirthRateScaler.t:tree)                                 0.75000     317792      92539    0.04208    0.77448 Try setting scaleFactor to about 0.562
ScaleOperator(DeathRateScaler.t:tree)                                 0.75000     260483     148740    0.04208    0.63653 Try setting scaleFactor to about 0.562
ScaleOperator(StrictClockRateScaler.c:clock)                          0.75000     169464     240027    0.04208    0.41384 Try setting scaleFactor to about 0.601
UpDownOperator(strictClockUpDownOperator.c:clock)                     0.75000     271640     136745    0.04208    0.66516 Try setting scaleFactor to about 0.562

     Tuning: The value of the operator's tuning parameter, or '-' if the operator can't be optimized.
    #accept: The total number of times a proposal by this operator has been accepted.
    #reject: The total number of times a proposal by this operator has been rejected.
      Pr(m): The probability this operator is chosen in a step of the MCMC (i.e. the normalized weight).
  Pr(acc|m): The acceptance probability (#accept as a fraction of the total proposals for this operator).


Total calculation time: 154.353 seconds
End likelihood: -58.020325665837596
Producing posterior samples

Marginal likelihood: -1377.8126203698166 sqrt(H/N)=(4.602497013716955)=?=SD=(4.464785821418731) Information: 63.54893628382048
Max ESS: 51.32251515999814


Processing 386 trees from file.
Log file written to kd-looms_pruned_bcov_strict_bd.posterior.trees
Done!

Marginal likelihood: -1378.1238865027692 sqrt(H/N)=(4.608213736461046)=?=SD=(4.4210113790777905) Information: 63.70690152272483
Max ESS: 50.568112896824694


Log file written to kd-looms_pruned_bcov_strict_bd.posterior.log
Done!
