
                        BEAST v2.6.7, 2002-2022
             Bayesian Evolutionary Analysis Sampling Trees
                       Designed and developed by
 Remco Bouckaert, Alexei J. Drummond, Andrew Rambaut & Marc A. Suchard
                                    
                   Centre for Computational Evolution
                         University of Auckland
                       r.bouckaert@auckland.ac.nz
                        alexei@cs.auckland.ac.nz
                                    
                   Institute of Evolutionary Biology
                        University of Edinburgh
                           a.rambaut@ed.ac.uk
                                    
                    David Geffen School of Medicine
                 University of California, Los Angeles
                           msuchard@ucla.edu
                                    
                      Downloads, Help & Resources:
                           http://beast2.org/
                                    
  Source code distributed under the GNU Lesser General Public License:
                   http://github.com/CompEvol/beast2
                                    
                           BEAST developers:
   Alex Alekseyenko, Trevor Bedford, Erik Bloomquist, Joseph Heled, 
 Sebastian Hoehna, Denise Kuehnert, Philippe Lemey, Wai Lok Sibon Li, 
Gerton Lunter, Sidney Markowitz, Vladimir Minin, Michael Defoin Platel, 
          Oliver Pybus, Tim Vaughan, Chieh-Hsi Wu, Walter Xie
                                    
                               Thanks to:
          Roald Forsberg, Beth Shapiro and Korbinian Strimmer

Random number seed: 1729622280168

File: kd-merged_bcov_strict_bd_ns.xml seed: 1729622280168 threads: 1
Loading package BEASTvntr v0.1.3
Loading package PoMo v1.0.1
Loading package speedemon v1.0.0
Loading package feast v8.3.0
Loading package phylodynamics v1.3.0
Loading package SNAPP v1.5.2
Loading package BADTRIP v1.0.0
Loading package timtam v0.3.1
Loading package ORC v1.0.3
Loading package bacter v2.2.5
Loading package SpeciesNetwork v0.13.0
Loading package TreeStat2 v0.0.2
Loading package Mascot v2.1.2
Loading package starbeast2 v0.15.13
Loading package Beasy v0.0.2
Loading package bModelTest v1.2.1
Loading package ClaDS v1.1.2
Loading package Recombination v0.0.2
Loading package CoalRe v0.0.7
Loading package BASTA v3.0.1
Loading package contraband v1.0.0
Loading package BEAST v2.6.7
Loading package besp v0.2.0
Loading package BDMM v1.0.2
Loading package PIQMEE v1.0.2
Loading package BEASTLabs v1.9.7
Loading package BEAST_CLASSIC v1.5.0
Loading package BICEPS v1.0.1
Loading package CA v2.0.0
Loading package PhyDyn v1.3.8
Loading package MGSM v0.3.0
Loading package MASTER v6.1.2
Loading package TMA v1.0.0
Loading package flc v1.1.0
Loading package Babel v0.3.2
Loading package OBAMA v0.2.0
Loading package NS v1.1.0
Loading package starbeast3 v1.0.5
Loading package MultiTypeTree v7.0.2
Loading package MSBD v1.2.0
Loading package snapper v1.0.3
Loading package STACEY v1.2.5
Loading package SCOTTI v2.0.1
Loading package DENIM v1.0.1
Loading package MODEL_SELECTION v1.5.3
Loading package substBMA v1.2.3
Loading package MM v1.1.1
Loading package contactrees v1.0.0
Loading package BREAK_AWAY v1.0.1
Loading package EpiInf v7.5.2
Loading package GEO_SPHERE v1.3.1
Loading package SA v2.0.2
Loading package FastRelaxedClockLogNormal v1.1.1
Loading package BDSKY v1.4.8
Loading package SSM v1.1.0
Loading package CoupledMCMC v1.0.2
Loading package CodonSubstModels v1.1.3
Loading package BEAST v2.6.7
BuyiLibo: 468 10
BuyiXingyi: 468 10
DongTongdao: 468 10
HaLi: 468 10
MaonanHechi: 468 10
MeifuLi: 468 10
MiaoZhaoxing: 468 10
NungAn: 468 10
QiLi: 468 10
RunLi: 468 10
TaiIsan: 468 10
TaiPhake: 468 10
TaiYuan: 468 10
ZhuangBinyang: 468 10
ZhuangJingxi: 468 10
ZhuangLongzhou: 468 10
Alignment(merged-filtered)
  16 taxa
  468 sites
  243 patterns

Filter -
16 taxa
468 sites
243 patterns
WARNING: found 20 sites in the alignment (orgdata.merged-filtered) that are equal to the ascertainment site. These sites will be ignored in the likelihood calculation.
Failed to load BEAGLE library: no hmsbeagle-jni in java.library.path
TreeLikelihood(treeLikelihood.merged-filtered) uses BeerLikelihoodCore4
  FilteredAlignment(orgdata.merged-filtered): [taxa, patterns, sites] = [16, 243, 447]
WARNING: the dimension of the parameter is 1 at the start of the run.
         The operator FixMeanMutationRatesOperator has no effect (if this does not change).
===============================================================================
Citations for this model:

Patricio Maturana, Brendon J. Brewer, Steffen Klaere, Remco Bouckaert. Model selection and parameter inference in phylogenetics using Nested Sampling. Systematic Biology, syy050, 2018

Gernhard 2008. The conditioned reconstructed process. Journal of Theoretical Biology Volume 253, Issue 4, 21 August 2008, Pages 769-778

===============================================================================
Counting 70 parameters
replacing logger tracelog with NSLogger
Writing file kd-merged_bcov_strict_bd_ns.trees
         Sample      posterior ESS(posterior)     likelihood          prior
Writing file kd-merged_bcov_strict_bd_ns.log
Start likelihood 0: -5020.090086763505 
Start likelihood 1: -5269.250713526476 
Start likelihood 2: -5997.2251312716735 
3 particles initialised
              0     -5272.1117              N     -5260.1273       -11.9844 --
ML: -5261.540799760915 Information: 1.4134952107251593
              1     -5134.6788         2.0        -5096.5227       -38.1560 --
ML: -5098.2695724228315 Information: 1.7468285440581894
              2     -4885.9324         3.0        -4864.1451       -21.7873 --
ML: -4866.225272429993 Information: 2.080161877392129
              3     -4799.2855         4.0        -4790.8154        -8.4701 --
ML: -4793.228910864347 Information: 2.4134952107251593
              4     -4807.3737         3.6        -4777.2823       -30.0914 --
ML: -4780.029204159347 Information: 2.746801640046515
              5     -4698.4142         2.9        -4676.7507       -21.6635 --
ML: -4679.830874289157 Information: 3.080161877392129
              6     -4642.0488         3.0        -4623.6273       -18.4214 --
ML: -4627.040868358904 Information: 3.4134952107251593
              7     -4619.6055         3.0        -4577.5924       -42.0131 --
ML: -4581.339288597814 Information: 3.7468285440581894
              8     -4594.8206         3.1        -4568.7355       -26.0851 --
ML: -4572.815498763588 Information: 4.078203432620523
              9     -4596.1847         3.2        -4561.8597       -34.3250 --
ML: -4566.271791871362 Information: 4.402157234273024
             10     -4512.6295         3.2        -4500.1221       -12.5073 --
ML: -4504.869016641877 Information: 4.746828544058189
             11     -4371.9242         3.1        -4326.1283       -45.7958 --
ML: -4331.208508792211 Information: 5.080161877392129
             12     -4295.3812         3.1        -4280.2422       -15.1389 --
ML: -4285.655766846009 Information: 5.413495210725159
             13     -4242.0022         3.1        -4213.6739       -28.3283 --
ML: -4219.420747297793 Information: 5.746828544058189
             14     -4209.2723         3.0        -4189.6027       -19.6695 --
ML: -4195.682865997265 Information: 6.080161876363546
             15     -4191.4156         2.9        -4163.6827       -27.7328 --
ML: -4170.0962364129055 Information: 6.413495208649836
             16     -4100.4234         2.7        -4069.8391       -30.5843 --
ML: -4076.5859568760566 Information: 6.746828544058644
             17     -3982.9255         2.6        -3969.5168       -13.4086 --
ML: -3976.5970218603698 Information: 7.080161877391674
             18     -3963.7324         2.6        -3946.6870       -17.0454 --
ML: -3954.100559954309 Information: 7.413495206013349
             19     -3947.2245         2.4        -3917.8487       -29.3758 --
ML: -3925.595556048048 Information: 7.746828544192991
             20     -3939.3994         2.4        -3911.4454       -27.9540 --
ML: -3919.523263687526 Information: 8.063088044465252
             21     -3903.5476         2.4        -3882.3812       -21.1664 --
ML: -3890.794715714483 Information: 8.413495211184797
             22     -3912.6344         2.4        -3875.0458       -37.5885 --
ML: -3883.7917795273534 Information: 8.73924955040453
             23     -3856.7358         2.4        -3846.5731       -10.1626 --
ML: -3855.65333607964 Information: 9.080161876807676
             24     -3814.1864         2.4        -3804.0351       -10.1513 --
ML: -3813.448619922966 Information: 9.413495210725157
             25     -3801.8654         2.4        -3790.8316       -11.0338 --
ML: -3800.5784345439456 Information: 9.746791989534456
             26     -3812.6857         2.4        -3787.0853       -25.6003 --
ML: -3797.1331186029 Information: 9.928261335259748
             27     -3815.9114         2.4        -3779.4901       -36.4212 --
ML: -3789.9029178604205 Information: 10.407182226469033
             28     -3814.0181         2.4        -3778.5942       -35.4238 --
ML: -3788.889885946423 Information: 9.968307212875288
             29     -3791.6320         2.5        -3773.3393       -18.2926 --
ML: -3784.4081592880725 Information: 11.005627258778475
             30     -3795.1784         2.5        -3768.7735       -26.4048 --
ML: -3780.17251617669 Information: 11.331935983825325
             31     -3779.8613         2.5        -3746.2867       -33.5746 --
ML: -3758.033545799961 Information: 11.746828538642518
             32     -3736.0958         2.5        -3717.6658       -18.4299 --
ML: -3729.746058734933 Information: 12.080161877138842
             33     -3747.8356         2.5        -3717.5836       -30.2520 --
ML: -3729.170576705464 Information: 11.5406864508941
             34     -3686.7225         2.6        -3672.9098       -13.8127 --
ML: -3685.6566699948403 Information: 12.746828544058644
             35     -3692.1993         2.6        -3663.2563       -28.9430 --
ML: -3676.3363843757234 Information: 13.079207441038918
             36     -3684.7806         2.6        -3661.9949       -22.7857 --
ML: -3675.075251833071 Information: 12.722706783862577
             37     -3653.2837         2.7        -3632.8299       -20.4538 --
ML: -3646.576785073063 Information: 13.746828544172015
             38     -3660.0772         2.7        -3629.6033       -30.4739 --
ML: -3643.6295654961177 Information: 13.8568973057952
             39     -3658.4593         2.8        -3627.5433       -30.9159 --
ML: -3641.7848298008894 Information: 13.889064662891997
             40     -3637.7250         2.8        -3614.4617       -23.2633 --
ML: -3629.2085901872724 Information: 14.746778701379718
             41     -3604.4932         2.8        -3576.6189       -27.8742 --
ML: -3591.6991475922746 Information: 15.08016187739149
             42     -3558.3234         2.9        -3533.7796       -24.5438 --
ML: -3549.193140513357 Information: 15.413495210725157
             43     -3547.6305         2.9        -3521.3793       -26.2512 --
ML: -3537.126142501895 Information: 15.746751544440668
             44     -3516.3845         2.9        -3492.4262       -23.9582 --
ML: -3508.506437357803 Information: 16.080161877669013
             45     -3480.9870         2.9        -3457.9826       -23.0043 --
ML: -3474.396154574196 Information: 16.413495210719798
             46     -3476.6581         3.0        -3450.9325       -25.7256 --
ML: -3467.6781250459667 Information: 16.737095837973932
             47     -3464.2905         3.0        -3449.0165       -15.2739 --
ML: -3465.9096916448298 Information: 16.564798417113934
             48     -3449.7266         3.0        -3425.9961       -23.7305 --
ML: -3443.409692907537 Information: 17.41349520652362
             49     -3422.7842         3.0        -3400.8753       -21.9089 --
ML: -3418.622150815239 Information: 17.74682854396682
             50     -3394.0890         3.0        -3371.8932       -22.1957 --
ML: -3389.9734343587684 Information: 18.08016187769546
             51     -3389.3855         3.0        -3367.8858       -21.4997 --
ML: -3386.27426615682 Information: 18.289279180791326
             52     -3367.6511         3.0        -3339.5666       -28.0844 --
ML: -3358.3135165043177 Information: 18.74682854467301
             53     -3332.7223         3.0        -3308.9692       -23.7530 --
ML: -3328.0494103449837 Information: 19.080161877151706
             54     -3330.6831         3.0        -3304.0265       -26.6565 --
ML: -3323.4301138189826 Information: 19.354852656836286
             55     -3319.5122         3.0        -3299.1370       -20.3752 --
ML: -3318.873296676887 Information: 19.68444878599591
             56     -3318.7319         3.0        -3292.3844       -26.3474 --
ML: -3312.462992342092 Information: 20.067326048279817
             57     -3327.6574         3.0        -3289.5417       -38.1156 --
ML: -3309.87697846875 Information: 20.120235009997288
             58     -3322.9186         3.0        -3285.5664       -37.3521 --
ML: -3306.2853704405966 Information: 20.603429431418917
             59     -3311.0328         3.0        -3270.4881       -40.5447 --
ML: -3291.568346088985 Information: 21.08015530357178
             60     -3287.8288         2.9        -3258.5576       -29.2712 --
ML: -3279.9711033501862 Information: 21.413376360301942
             61     -3256.4021         2.9        -3236.8624       -19.5397 --
ML: -3258.609268468624 Information: 21.746828531796613
             62     -3246.5967         2.9        -3222.4081       -24.1886 --
ML: -3244.488305087858 Information: 22.080150490530386
             63     -3227.8493         2.9        -3214.5089       -13.3404 --
ML: -3236.921894856838 Information: 22.40888930383008
             64     -3237.7310         2.9        -3212.8840       -24.8469 --
ML: -3235.387960092966 Information: 22.152547488969276
             65     -3216.5747         2.9        -3198.8652       -17.7094 --
ML: -3221.945456955501 Information: 23.080139558163044
             66     -3223.9092         2.9        -3197.5975       -26.3116 --
ML: -3220.679747926201 Information: 22.72460681872394
             67     -3216.3532         2.9        -3197.0286       -19.3245 --
ML: -3220.0333176958147 Information: 22.519270499709364
             68     -3234.4812         2.8        -3191.1220       -43.3592 --
ML: -3215.1942216893844 Information: 24.021628258712035
             69     -3205.5525         2.8        -3181.6906       -23.8619 --
ML: -3206.104050977439 Information: 24.412313170132883
             70     -3192.3175         2.8        -3166.5620       -25.7554 --
ML: -3191.3088915363737 Information: 24.746822488541014
             71     -3191.6309         2.8        -3162.0163       -29.6145 --
ML: -3187.0818459728694 Information: 24.99911260260849
             72     -3195.3393         2.8        -3158.5995       -36.7397 --
ML: -3183.9676438831507 Information: 25.213364194865363
             73     -3169.7896         2.8        -3155.3268       -14.4627 --
ML: -3181.019765551376 Information: 25.51317846369733
             74     -3185.8411         2.8        -3150.8972       -34.9438 --
ML: -3176.9600282402344 Information: 25.983230670636246
             75     -3172.6638         2.8        -3145.1341       -27.5297 --
ML: -3171.5431685565877 Information: 26.38309652147581
             76     -3157.2937         2.8        -3142.0417       -15.2519 --
ML: -3168.7269195868635 Information: 26.498567120028156
             77     -3179.6137         2.7        -3140.5010       -39.1127 --
ML: -3167.305107914307 Information: 26.387289856687744
             78     -3167.2199         2.7        -3129.2513       -37.9685 --
ML: -3156.6647945755403 Information: 27.413192081895748
             79     -3149.9878         2.7        -3124.1993       -25.7885 --
ML: -3151.937318744855 Information: 27.69323436982295
             80     -3137.0086         2.7        -3119.9077       -17.1008 --
ML: -3147.9688544023397 Information: 27.979111699393385
             81     -3145.6637         2.7        -3119.1828       -26.4809 --
ML: -3147.0721934671897 Information: 27.56020127781653
             82     -3137.0941         2.7        -3113.2690       -23.8251 --
ML: -3142.0095011736175 Information: 28.700971303862133
             83     -3129.6519         2.7        -3099.1899       -30.4619 --
ML: -3128.2701022674673 Information: 29.080145563179016
             84     -3126.2861         2.7        -3099.0890       -27.1970 --
ML: -3127.6864393820238 Information: 28.541097058930063
             85     -3127.2828         2.7        -3098.9330       -28.3498 --
ML: -3127.371398443256 Information: 28.283436744747632
             86     -3146.9580         2.7        -3095.3029       -51.6551 --
ML: -3125.2547378213435 Information: 29.495989562531406
             87     -3120.0636         2.7        -3087.6935       -32.3700 --
ML: -3118.1062644701524 Information: 30.406369087809267
             88     -3091.6826         2.7        -3074.5065       -17.1760 --
ML: -3105.2533630878083 Information: 30.746791377969842
             89     -3117.6597         2.7        -3072.7441       -44.9155 --
ML: -3103.6095576345947 Information: 30.524848571301163
             90     -3100.4006         2.7        -3070.1444       -30.2562 --
ML: -3101.4370147742857 Information: 30.95772233945621
             91     -3092.8304         2.7        -3064.8763       -27.9541 --
ML: -3096.6151270264154 Information: 31.693632141660903
             92     -3102.2282         2.7        -3060.8525       -41.3757 --
ML: -3092.907841224801 Information: 31.955442712317975
             93     -3087.0220         2.7        -3059.3353       -27.6867 --
ML: -3091.475907345053 Information: 31.754344192428107
             94     -3081.7557         2.7        -3047.7903       -33.9654 --
ML: -3080.5371282831397 Information: 32.7465989344391
             95     -3060.6596         2.7        -3039.3881       -21.2714 --
ML: -3072.468022019377 Information: 33.07721829862278
             96     -3071.1019         2.7        -3038.2392       -32.8627 --
ML: -3071.2863259332953 Information: 32.693857506156974
             97     -3069.2326         2.7        -3036.6934       -32.5391 --
ML: -3070.083221275521 Information: 32.81957796320796
             98     -3072.6833         2.7        -3031.2201       -41.4631 --
ML: -3065.292015464425 Information: 34.0216493762733
             99     -3059.9376         2.7        -3027.0978       -32.8398 --
ML: -3061.4887954645533 Information: 34.29790168498161
            100     -3050.1190         2.7        -3013.5689       -36.5501 --
ML: -3048.315736008218 Information: 34.74680074547477
            101     -3034.8767         2.7        -3009.4803       -25.3963 --
ML: -3044.5374198295003 Information: 34.963566370527474
            102     -3041.6595         2.7        -3007.2676       -34.3919 --
ML: -3042.5359334421473 Information: 34.9566629166265
            103     -3038.2946         2.7        -3006.1344       -32.1602 --
ML: -3041.4627947425224 Information: 34.83433465916778
            104     -3009.4154         2.7        -2990.2300       -19.1853 --
ML: -3026.310198680713 Information: 36.08015730782342
            105     -3010.1413         2.7        -2980.7956       -29.3456 --
ML: -3017.209057544517 Information: 36.41233137143219
            106     -2996.5109         2.7        -2976.2388       -20.2721 --
ML: -3012.9711188101764 Information: 36.666482225054175
            107     -3005.4282         2.7        -2972.4282       -32.9999 --
ML: -3009.4775385528164 Information: 36.931487673478685
            108     -2997.8813         2.7        -2968.5147       -29.3666 --
ML: -3005.8999056392836 Information: 37.27251400732375
            109     -3007.4005         2.7        -2968.4720       -38.9285 --
ML: -3005.3535731565107 Information: 36.791576872637734
            110     -2995.9478         2.7        -2965.8925       -30.0552 --
ML: -3003.748511110204 Information: 37.31969874210313
            111     -2971.3998         2.7        -2955.3220       -16.0777 --
ML: -2993.7354693493944 Information: 38.412952683716995
            112     -2992.3323         2.7        -2953.0071       -39.3251 --
ML: -2991.6248107898186 Information: 38.337150571350776
            113     -2979.6728         2.7        -2943.1948       -36.4779 --
ML: -2982.274965447851 Information: 39.07919703758249
            114     -2955.4328         2.8        -2926.3705       -29.0623 --
ML: -2965.7840316041497 Information: 39.41349398350053
            115     -2967.4667         2.8        -2926.1818       -41.2849 --
ML: -2965.1605735848666 Information: 38.877591766587784
            116     -2969.5832         2.8        -2923.7593       -45.8239 --
ML: -2963.6029412600165 Information: 39.3120637707442
            117     -2964.3937         2.8        -2919.4103       -44.9833 --
ML: -2959.801268438695 Information: 40.2819102021659
            118     -2967.2392         2.8        -2917.9806       -49.2585 --
ML: -2958.433500149047 Information: 40.06101283379485
            119     -2953.0482         2.8        -2917.9046       -35.1436 --
ML: -2957.9784837088446 Information: 39.77702382874236
            120     -2948.5153         2.8        -2913.9850       -34.5303 --
ML: -2955.32550129347 Information: 41.043443120478656
            121     -2933.3921         2.8        -2912.1477       -21.2443 --
ML: -2953.6801868617385 Information: 41.120633974631914
            122     -2929.7479         2.8        -2905.3505       -24.3973 --
ML: -2947.4287999732533 Information: 42.064334910665885
            123     -2936.4145         2.8        -2904.1321       -32.2824 --
ML: -2946.199576014189 Information: 41.70696680416813
            124     -2935.5365         2.8        -2902.8894       -32.6470 --
ML: -2945.185654597977 Information: 41.71456486942111
            125     -2939.5273         2.8        -2900.7358       -38.7915 --
ML: -2943.5894968845946 Information: 42.299304436844636
            126     -2943.9141         2.8        -2898.0138       -45.9003 --
ML: -2941.318409460273 Information: 42.966453326952205
            127     -2943.1732         2.8        -2897.5702       -45.6029 --
ML: -2940.624615634432 Information: 42.66374619537237
            128     -2931.9328         2.8        -2893.9961       -37.9367 --
ML: -2938.000965134785 Information: 43.717264545239544
            129     -2924.1995         2.8        -2893.3134       -30.8860 --
ML: -2937.16145340584 Information: 43.42892938558748
            130     -2941.5082         2.8        -2891.7339       -49.7742 --
ML: -2936.0711544071696 Information: 43.66543602218803
            131     -2928.7367         2.8        -2885.0234       -43.7133 --
ML: -2930.1010316553406 Information: 45.05875084254858
            132     -2927.6285         2.8        -2884.5990       -43.0294 --
ML: -2929.36266355696 Information: 44.55179586959525
            133     -2913.9035         2.8        -2875.1753       -38.7282 --
ML: -2920.9219484158684 Information: 45.74453235525734
            134     -2893.1688         2.8        -2870.6861       -22.4826 --
ML: -2916.750784101256 Information: 45.995288209933214
            135     -2900.9829         2.9        -2863.1750       -37.8078 --
ML: -2909.5877620597985 Information: 46.40684754811053
            136     -2891.1578         2.9        -2861.7387       -29.4190 --
ML: -2908.1988222999166 Information: 46.1004494700785
            137     -2895.0017         2.9        -2861.1481       -33.8536 --
ML: -2907.52029037099 Information: 45.89005492823185
            138     -2891.8698         2.9        -2858.0017       -33.8680 --
ML: -2905.300295519939 Information: 46.90443626374196
            139     -2896.7402         2.9        -2857.8176       -38.9225 --
ML: -2904.7305393663537 Information: 46.58581923165707
            140     -2897.6728         2.9        -2853.4627       -44.2100 --
ML: -2901.502498765779 Information: 47.854150796705355
            141     -2892.1957         2.9        -2851.0305       -41.1652 --
ML: -2899.3239153191175 Information: 47.99701893170254
            142     -2887.8755         2.9        -2850.7617       -37.1138 --
ML: -2898.718822557176 Information: 47.64850986766601
            143     -2888.4815         2.9        -2850.0301       -38.4513 --
ML: -2898.202391391543 Information: 47.55162416243479
            144     -2887.0703         2.9        -2849.7651       -37.3051 --
ML: -2897.8826970669297 Information: 47.47425103287287
            145     -2891.9621         2.9        -2849.1561       -42.8059 --
ML: -2897.574861015449 Information: 47.49821716084398
            146     -2888.8647         2.9        -2849.0870       -39.7776 --
ML: -2897.389670883175 Information: 47.48032193302652
            147     -2876.9985         2.9        -2848.2592       -28.7392 --
ML: -2897.145013083707 Information: 47.59378138022248
            148     -2879.4542         2.9        -2847.2768       -32.1774 --
ML: -2896.797657467946 Information: 47.913822002117286
            149     -2880.8036         2.9        -2844.9474       -35.8562 --
ML: -2895.647120763571 Information: 49.45394264570075
            150     -2888.5619         2.9        -2844.1013       -44.4606 --
ML: -2894.885625060581 Information: 49.80748463473901
            151     -2882.2741         2.9        -2843.3881       -38.8860 --
ML: -2894.3094118840786 Information: 49.97143967885336
            152     -2892.2853         2.9        -2840.7852       -51.5001 --
ML: -2892.6535577935674 Information: 51.18997873351839
            153     -2883.9362         2.9        -2840.1472       -43.7890 --
ML: -2891.912927825864 Information: 51.138034544045695
            154     -2883.9150         2.9        -2838.6091       -45.3058 --
ML: -2890.903013101516 Information: 51.50500088268177
            155     -2872.9031         2.9        -2837.1943       -35.7088 --
ML: -2889.847044359928 Information: 51.88612494978099
            156     -2886.7357         2.9        -2835.9953       -50.7403 --
ML: -2888.910995867488 Information: 52.14478878871569
            157     -2876.2846         2.9        -2835.2926       -40.9920 --
ML: -2888.280013922483 Information: 52.20334380676604
            158     -2870.2541         2.9        -2832.9845       -37.2696 --
ML: -2886.804971628918 Information: 53.1130192989192
            159     -2873.6008         2.9        -2832.4468       -41.1540 --
ML: -2886.1391457991444 Information: 53.052483420914086
            160     -2872.5950         2.9        -2832.1585       -40.4364 --
ML: -2885.757468665463 Information: 52.96526729750053
            161     -2873.9037         2.9        -2830.2692       -43.6345 --
ML: -2884.8395941605363 Information: 53.562788620527044
            162     -2865.7002         2.9        -2830.1249       -35.5753 --
ML: -2884.436038000574 Information: 53.54170574852401
            163     -2870.3956         2.9        -2829.7040       -40.6915 --
ML: -2884.1267468854608 Information: 53.549067971211116
            164     -2868.3991         2.9        -2829.2491       -39.1500 --
ML: -2883.86404684815 Information: 53.59330533122784
            165     -2874.9928         2.9        -2829.0791       -45.9137 --
ML: -2883.6848902861598 Information: 53.60960258613022
            166     -2879.9173         2.9        -2828.1049       -51.8123 --
ML: -2883.4138512485147 Information: 53.806341796409015
            167     -2868.9983         2.9        -2827.9632       -41.0350 --
ML: -2883.2348545564223 Information: 53.89682590766688
            168     -2861.7575         2.9        -2827.5386       -34.2189 --
ML: -2883.0697131585675 Information: 54.0056037726049
            169     -2874.0861         2.9        -2826.7488       -47.3372 --
ML: -2882.8543799463964 Information: 54.23879838904213
            170     -2885.2796         2.9        -2826.5651       -58.7145 --
ML: -2882.7001138798046 Information: 54.377651023040926
            171     -2870.3779         2.9        -2825.2899       -45.0880 --
ML: -2882.3877380192366 Information: 54.87888779637615
            172     -2867.3854         2.9        -2824.8684       -42.5170 --
ML: -2882.130763586571 Information: 55.220259555892426
            173     -2867.6272         2.9        -2824.4356       -43.1916 --
ML: -2881.907361405545 Information: 55.49234946328397
            174     -2877.4595         2.9        -2823.7753       -53.6842 --
ML: -2881.6623528129903 Information: 55.820950849375095
            175     -2879.2325         2.9        -2823.6163       -55.6162 --
ML: -2881.494687522865 Information: 55.99675839627116
            176     -2867.3094         3.0        -2823.5177       -43.7916 --
ML: -2881.37952417856 Information: 56.09699291878587
            177     -2874.7765         3.0        -2823.0519       -51.7246 --
ML: -2881.2624545859185 Information: 56.226355043042076
            178     -2867.4960         3.0        -2822.8108       -44.6852 --
ML: -2881.1664685157616 Information: 56.3340356721651
            179     -2861.1203         3.0        -2822.3905       -38.7298 --
ML: -2881.0713119120132 Information: 56.460524531054034
            180     -2868.6421         3.0        -2822.0831       -46.5590 --
ML: -2880.9865550758477 Information: 56.581177901938645
            181     -2858.6519         3.0        -2821.7536       -36.8983 --
ML: -2880.9087151408626 Information: 56.70191884546557
            182     -2860.3247         3.0        -2819.8175       -40.5071 --
ML: -2880.592494191203 Information: 57.57561777239334
            183     -2858.1777         3.0        -2819.2916       -38.8860 --
ML: -2880.3083108219885 Information: 58.21294133700894
            184     -2864.4623         3.0        -2819.1947       -45.2675 --
ML: -2880.1299195089773 Information: 58.50846995852089
            185     -2859.5267         3.0        -2819.1655       -40.3612 --
ML: -2880.0161069528663 Information: 58.65885411703675
            186     -2873.6912         3.0        -2818.7610       -54.9301 --
ML: -2879.906795417036 Information: 58.81838052280909
            187     -2863.8927         3.0        -2818.1368       -45.7558 --
ML: -2879.777087711212 Information: 59.04772027545823
            188     -2867.0710         3.0        -2817.5586       -49.5123 --
ML: -2879.6326430617814 Information: 59.32972237701824
            189     -2861.0076         3.0        -2817.2111       -43.7965 --
ML: -2879.504757209241 Information: 59.57299289995353
            190     -2870.7400         3.0        -2817.0237       -53.7162 --
ML: -2879.406050919432 Information: 59.74761198052056
            191     -2862.2844         3.0        -2816.9376       -45.3468 --
ML: -2879.3352125640836 Information: 59.86284402105548
            192     -2857.4970         3.0        -2816.2284       -41.2685 --
ML: -2879.2402798628573 Information: 60.06169846693638
            193     -2862.5666         3.0        -2816.2279       -46.3387 --
ML: -2879.1773739358814 Information: 60.178687303076
            194     -2866.9026         3.0        -2815.8446       -51.0579 --
ML: -2879.115254204333 Information: 60.30653207448631
            195     -2866.2069         3.0        -2815.2243       -50.9825 --
ML: -2879.0380633611376 Information: 60.49560991803219
            196     -2858.2514         3.0        -2815.1922       -43.0591 --
ML: -2878.984555690467 Information: 60.61665011770356
            197     -2857.7139         3.0        -2815.0412       -42.6727 --
ML: -2878.9420521948864 Information: 60.71257894905466
            198     -2856.2115         3.1        -2814.8446       -41.3668 --
ML: -2878.9064010396924 Information: 60.795474849716356
            199     -2867.0802         3.1        -2814.7370       -52.3431 --
ML: -2878.8788396471923 Information: 60.859631081686985
            200     -2861.9321         3.1        -2814.6209       -47.3112 --
ML: -2878.8571968766314 Information: 60.91074649149368
            201     -2857.5792         3.1        -2814.1777       -43.4014 --
ML: -2878.833581916247 Information: 60.9750867240823
            202     -2855.9427         3.1        -2813.8903       -42.0524 --
ML: -2878.811535750224 Information: 61.039566177898905
            203     -2860.4622         3.1        -2813.1717       -47.2905 --
ML: -2878.7799856728125 Information: 61.15088814326373
            204     -2864.3593         3.1        -2812.8514       -51.5078 --
ML: -2878.749791816547 Information: 61.26279316223827
            205     -2859.5027         3.1        -2812.7954       -46.7072 --
ML: -2878.727502918469 Information: 61.34391663109545
            206     -2860.6567         3.1        -2812.3619       -48.2948 --
ML: -2878.7034293963325 Information: 61.43928872776178
            207     -2863.8260         3.1        -2812.2468       -51.5792 --
ML: -2878.6844870149303 Information: 61.51449220968516
            208     -2855.7848         3.1        -2812.0806       -43.7042 --
ML: -2878.6687359529205 Information: 61.578276179765
            209     -2858.3081         3.1        -2811.9723       -46.3358 --
ML: -2878.656335040294 Information: 61.628952552308874
            210     -2866.4456         3.1        -2811.7556       -54.6900 --
ML: -2878.64542712286 Information: 61.675235801760664
            211     -2860.1291         3.1        -2811.5460       -48.5831 --
ML: -2878.6358864638964 Information: 61.71719925600746
            212     -2857.9835         3.1        -2811.4698       -46.5136 --
ML: -2878.628571452648 Information: 61.749596820801344
            213     -2857.4191         3.1        -2811.4358       -45.9832 --
ML: -2878.6231829321023 Information: 61.773459725478915
            214     -2855.9770         3.1        -2811.3663       -44.6107 --
ML: -2878.619063609629 Information: 61.791881681987434
            215     -2859.5097         3.2        -2811.3194       -48.1902 --
ML: -2878.6159814733173 Information: 61.80574886177101
            216     -2862.5859         3.2        -2811.2803       -51.3056 --
ML: -2878.613691110342 Information: 61.81610936251673
            217     -2860.2055         3.2        -2811.2341       -48.9714 --
ML: -2878.6119757025504 Information: 61.823929397575284
            218     -2855.9329         3.2        -2811.2243       -44.7085 --
ML: -2878.6107363819187 Information: 61.82958096489165
            219     -2862.4344         3.2        -2811.1876       -51.2468 --
ML: -2878.6098160998076 Information: 61.833805953967385
            220     -2854.9909         3.2        -2811.1454       -43.8455 --
ML: -2878.6091288246143 Information: 61.83698711496572
            221     -2852.3923         3.2        -2810.9972       -41.3951 --
ML: -2878.6085580996296 Information: 61.83971130429154
            222     -2866.2503         3.2        -2810.8458       -55.4044 --
ML: -2878.6080825531794 Information: 61.84205173847022
            223     -2863.6766         3.2        -2810.7076       -52.9689 --
ML: -2878.607691485325 Information: 61.844029430403225
            224     -2857.5507         3.2        -2810.7034       -46.8472 --
ML: -2878.6074101746526 Information: 61.84545268468355
            225     -2857.5630         3.2        -2810.4266       -47.1364 --
ML: -2878.607144391168 Information: 61.846870508214124
            226     -2861.7196         3.2        -2810.3044       -51.4152 --
ML: -2878.6069292451025 Information: 61.84804416885254
            227     -2857.5875         3.2        -2810.1968       -47.3907 --
ML: -2878.6067576068076 Information: 61.8489987386788
            228     -2859.1474         3.3        -2810.1728       -48.9745 --
ML: -2878.6066316593033 Information: 61.84970209202129
            229     -2855.7585         3.3        -2810.1025       -45.6559 --
ML: -2878.606534848998 Information: 61.85024946729118
            230     -2855.6993         3.3        -2810.0139       -45.6853 --
ML: -2878.6064590627902 Information: 61.85068463895959
            231     -2856.8712         3.3        -2809.9910       -46.8802 --
ML: -2878.606403503921 Information: 61.85100491244657
            232     -2853.2776         3.3        -2809.9207       -43.3568 --
ML: -2878.6063607998667 Information: 61.851254068834805
            233     -2858.1257         3.3        -2809.8350       -48.2906 --
ML: -2878.606327463793 Information: 61.85145141596013
            234     -2865.9291         3.3        -2809.8224       -56.1066 --
ML: -2878.606303276305 Information: 61.85159490343767
            235     -2855.4606         3.3        -2809.8095       -45.6511 --
ML: -2878.606285719122 Information: 61.85169928324967
            236     -2855.7607         3.3        -2809.7860       -45.9746 --
ML: -2878.606272840625 Information: 61.85177614757822
            237     -2858.2629         3.3        -2809.6876       -48.5753 --
ML: -2878.606262658132 Information: 61.851837923726634
            238     -2857.5183         3.3        -2809.5254       -47.9929 --
ML: -2878.6062540776184 Information: 61.851891370964495
            239     -2853.1365         3.3        -2809.4638       -43.6726 --
ML: -2878.6062475389713 Information: 61.85193250265047
            240     -2856.9471         3.3        -2809.4365       -47.5106 --
ML: -2878.6062427240217 Information: 61.85196292204364
            241     -2865.3023         3.4        -2809.4336       -55.8687 --
ML: -2878.6062392639965 Information: 61.85198479211249
            242     -2863.2908         3.4        -2809.4072       -53.8836 --
ML: -2878.606236718356 Information: 61.85200094999982
            243     -2861.1400         3.4        -2809.4028       -51.7371 --
ML: -2878.606234886407 Information: 61.85201258549978
            244     -2857.2671         3.4        -2809.3860       -47.8810 --
ML: -2878.6062335515157 Information: 61.85202108646354
            245     -2852.4288         3.4        -2809.3742       -43.0545 --
ML: -2878.6062325836956 Information: 61.85202726074249
            246     -2856.3964         3.4        -2809.3181       -47.0783 --
ML: -2878.606231850146 Information: 61.85203198247473
            247     -2850.6116         3.4        -2809.3136       -41.2980 --
ML: -2878.606231322168 Information: 61.85203538239875
            248     -2853.1834         3.4        -2809.2378       -43.9456 --
ML: -2878.606230914081 Information: 61.85203804216917
            249     -2856.8475         3.4        -2809.1883       -47.6591 --
ML: -2878.6062306068247 Information: 61.85204005914193
            250     -2856.0714         3.4        -2809.1061       -46.9652 --
ML: -2878.606230367813 Information: 61.852041648046
            251     -2867.6430         3.4        -2809.0717       -58.5712 --
ML: -2878.606230190562 Information: 61.852042832231746
            252     -2859.3111         3.5        -2809.0586       -50.2525 --
ML: -2878.6062300618737 Information: 61.85204369388612
            253     -2854.0333         3.5        -2809.0183       -45.0150 --
ML: -2878.606229965879 Information: 61.852044340502744
            254     -2858.7504         3.5        -2808.9617       -49.7887 --
ML: -2878.606229893085 Information: 61.852044834406115
            255     -2854.0474         3.5        -2808.9138       -45.1336 --
ML: -2878.606229838367 Information: 61.85204520916977
            256     -2853.0956         3.5        -2808.8839       -44.2116 --
ML: -2878.6062297979734 Information: 61.85204548637648
            257     -2854.5579         3.5        -2808.8182       -45.7396 --
ML: -2878.606229767063 Information: 61.852045701145926
            258     -2855.7102         3.5        -2808.6657       -47.0445 --
ML: -2878.606229741265 Information: 61.852045884308154
            259     -2856.1067         3.5        -2808.6229       -47.4838 --
ML: -2878.6062297219723 Information: 61.85204602160866
            260     -2866.7335         3.5        -2808.5914       -58.1421 --
ML: -2878.606229707706 Information: 61.852046123588934
            261     -2863.2078         3.5        -2808.5622       -54.6455 --
ML: -2878.6062296971813 Information: 61.85204619942897
            262     -2854.8249         3.6        -2808.5314       -46.2934 --
ML: -2878.6062296894042 Information: 61.85204625549113
            263     -2865.0943         3.6        -2808.5172       -56.5771 --
ML: -2878.6062296837517 Information: 61.852046296397475
            264     -2853.7723         3.6        -2808.3950       -45.3772 --
ML: -2878.606229679175 Information: 61.852046330209305
            265     -2858.9388         3.6        -2808.3404       -50.5983 --
ML: -2878.606229675712 Information: 61.85204635646096
            266     -2857.1003         3.6        -2808.3220       -48.7783 --
ML: -2878.6062296731843 Information: 61.85204637500692
            267     -2857.8345         3.6        -2808.2747       -49.5598 --
ML: -2878.6062296712853 Information: 61.85204638980622
            268     -2852.2586         3.6        -2808.2728       -43.9857 --
ML: -2878.606229669922 Information: 61.85204640028678
            269     -2855.0537         3.6        -2808.2386       -46.8151 --
ML: -2878.606229668911 Information: 61.85204640837628
            270     -2856.4592         3.6        -2808.2217       -48.2375 --
ML: -2878.6062296681744 Information: 61.852046414267534
            271     -2854.7147         3.6        -2808.2216       -46.4931 --
ML: -2878.6062296676464 Information: 61.85204641866676
            272     -2857.2166         3.7        -2808.1902       -49.0264 --
ML: -2878.6062296672562 Information: 61.85204642130384
            273     -2851.2717         3.7        -2808.1141       -43.1575 --
ML: -2878.6062296669543 Information: 61.852046424200125
            274     -2859.3754         3.7        -2808.0889       -51.2864 --
ML: -2878.6062296667324 Information: 61.85204642644749
            275     -2860.8645         3.7        -2808.0560       -52.8085 --
ML: -2878.606229666568 Information: 61.85204642763438
            276     -2851.7520         3.7        -2808.0540       -43.6979 --
ML: -2878.6062296664504 Information: 61.852046428258745
            277     -2855.1746         3.7        -2808.0474       -47.1271 --
ML: -2878.6062296663654 Information: 61.8520464289536
            278     -2854.4394         3.7        -2808.0384       -46.4009 --
ML: -2878.606229666304 Information: 61.85204642919689
            279     -2854.5889         3.7        -2808.0271       -46.5618 --
ML: -2878.6062296662594 Information: 61.852046429583424
            280     -2853.4608         3.7        -2808.0268       -45.4340 --
ML: -2878.6062296662276 Information: 61.85204642954932
            281     -2854.6802         3.7        -2808.0242       -46.6560 --
ML: -2878.606229666205 Information: 61.8520464291596
            282     -2853.2701         3.8        -2807.9869       -45.2832 --
ML: -2878.6062296661876 Information: 61.85204642990857
            283     -2858.6733         3.8        -2807.9642       -50.7090 --
ML: -2878.6062296661753 Information: 61.85204642936651
            284     -2859.4398         3.8        -2807.9550       -51.4848 --
ML: -2878.606229666166 Information: 61.852046429580696
            285     -2852.2965         3.8        -2807.9407       -44.3558 --
ML: -2878.60622966616 Information: 61.85204642904955
            286     -2853.6761         3.8        -2807.9396       -45.7365 --
ML: -2878.6062296661553 Information: 61.85204642861481
            287     -2856.8964         3.8        -2807.9269       -48.9695 --
ML: -2878.6062296661516 Information: 61.852046429250095
            288     -2850.4956         3.8        -2807.9133       -42.5823 --
ML: -2878.6062296661494 Information: 61.852046428673475
            289     -2855.6295         3.8        -2807.9127       -47.7167 --
ML: -2878.6062296661476 Information: 61.852046428792164
            290     -2854.2264         3.8        -2807.9122       -46.3141 --
ML: -2878.606229666146 Information: 61.85204642904637
            291     -2855.0856         3.8        -2807.8564       -47.2292 --
ML: -2878.6062296661453 Information: 61.852046428889935
            292     -2861.6667         3.9        -2807.8540       -53.8126 --
ML: -2878.6062296661444 Information: 61.852046429499296
            293     -2853.6720         3.9        -2807.8535       -45.8185 --
ML: -2878.606229666144 Information: 61.85204642938061
            294     -2853.3279         3.9        -2807.8245       -45.5033 --
ML: -2878.6062296661435 Information: 61.8520464296289
            295     -2854.7943         3.9        -2807.8209       -46.9733 --
ML: -2878.606229666143 Information: 61.85204643016732
            296     -2856.5504         3.9        -2807.8117       -48.7387 --
ML: -2878.606229666143 Information: 61.85204642963072
            297     -2853.3231         3.9        -2807.7970       -45.5260 --
ML: -2878.606229666143 Information: 61.852046429240545
            298     -2853.2728         3.9        -2807.7677       -45.5051 --
ML: -2878.606229666143 Information: 61.85204642895269
            299     -2851.9607         3.9        -2807.7526       -44.2081 --
ML: -2878.606229666143 Information: 61.85204642874305
            300     -2858.5507         3.9        -2807.7514       -50.7993 --
ML: -2878.606229666143 Information: 61.852046428592985
            301     -2852.2328         4.0        -2807.7402       -44.4926 --
ML: -2878.606229666143 Information: 61.8520464284843
            302     -2853.4247         4.0        -2807.7202       -45.7044 --
ML: -2878.606229666143 Information: 61.85204642840472
            303     -2852.2880         4.0        -2807.7185       -44.5695 --
ML: -2878.606229666143 Information: 61.85204642834742
            304     -2860.8309         4.0        -2807.7154       -53.1154 --
ML: -2878.606229666143 Information: 61.852046428306494
            305     -2855.3836         4.0        -2807.7010       -47.6825 --
ML: -2878.606229666143 Information: 61.85204642827648
            306     -2852.1504         4.0        -2807.6981       -44.4522 --
ML: -2878.606229666143 Information: 61.85204642825511
            307     -2867.2014         4.0        -2807.6978       -59.5035 --
ML: -2878.606229666143 Information: 61.852046428239646
            308     -2855.8215         4.0        -2807.6942       -48.1272 --
ML: -2878.606229666143 Information: 61.85204642822873
            309     -2857.6450         4.0        -2807.6893       -49.9557 --
ML: -2878.606229666143 Information: 61.85204642822055
            310     -2850.7144         4.0        -2807.6850       -43.0293 --
ML: -2878.606229666143 Information: 61.852046428214635
            311     -2860.2494         4.1        -2807.6811       -52.5682 --
ML: -2878.606229666143 Information: 61.85204642821054
            312     -2857.0082         4.1        -2807.6693       -49.3388 --
ML: -2878.606229666143 Information: 61.85204642820736
            313     -2850.6312         4.1        -2807.6686       -42.9626 --
ML: -2878.606229666143 Information: 61.852046428205085
            314     -2855.1813         4.1        -2807.6671       -47.5141 --
ML: -2878.606229666143 Information: 61.85204642820372
            315     -2854.9277         4.1        -2807.6624       -47.2653 --
ML: -2878.606229666143 Information: 61.85204642820281
            316     -2851.2588         4.1        -2807.6577       -43.6011 --
ML: -2878.606229666143 Information: 61.8520464282019
            317     -2852.8253         4.1        -2807.6561       -45.1691 --
ML: -2878.606229666143 Information: 61.85204642820145
            318     -2861.9315         4.1        -2807.6559       -54.2756 --
ML: -2878.606229666143 Information: 61.85204642820099
            319     -2857.1185         4.1        -2807.6556       -49.4628 --
ML: -2878.606229666143 Information: 61.85204642820054
            320     -2855.5607         4.1        -2807.6493       -47.9113 --
ML: -2878.606229666143 Information: 61.85204642820054
            321     -2855.0287         4.2        -2807.6452       -47.3835 --
ML: -2878.606229666143 Information: 61.85204642820054
            322     -2858.0346         4.2        -2807.6449       -50.3896 --
ML: -2878.606229666143 Information: 61.85204642820054
            323     -2851.3350         4.2        -2807.6426       -43.6923 --
ML: -2878.606229666143 Information: 61.85204642820054
            324     -2855.2186         4.2        -2807.6411       -47.5774 --
ML: -2878.606229666143 Information: 61.85204642820054
            325     -2856.1842         4.2        -2807.6399       -48.5443 --
ML: -2878.606229666143 Information: 61.85204642820054
            326     -2851.2654         4.2        -2807.6330       -43.6323 --
ML: -2878.606229666143 Information: 61.85204642820054
            327     -2860.8460         4.2        -2807.6279       -53.2181 --
ML: -2878.606229666143 Information: 61.85204642820054
            328     -2859.6820         4.2        -2807.6219       -52.0600 --
ML: -2878.606229666143 Information: 61.85204642820054
            329     -2857.3374         4.2        -2807.6202       -49.7172 --
ML: -2878.606229666143 Information: 61.85204642820054
            330     -2862.7891         4.3        -2807.6069       -55.1822 --
ML: -2878.606229666143 Information: 61.85204642820054
            331     -2853.3408         4.3        -2807.6045       -45.7362 --
ML: -2878.606229666143 Information: 61.85204642820054
            332     -2850.4496         4.3        -2807.6033       -42.8463 --
ML: -2878.606229666143 Information: 61.85204642820054
            333     -2855.0673         4.3        -2807.5909       -47.4763 --
ML: -2878.606229666143 Information: 61.85204642820054
            334     -2856.9431         4.3        -2807.5879       -49.3551 --
ML: -2878.606229666143 Information: 61.85204642820054
            335     -2852.1810         4.3        -2807.5829       -44.5980 --
ML: -2878.606229666143 Information: 61.85204642820054
            336     -2858.4503         4.3        -2807.5821       -50.8682 --
ML: -2878.606229666143 Information: 61.85204642820054
            337     -2855.5917         4.3        -2807.5813       -48.0104 --
ML: -2878.606229666143 Information: 61.85204642820054
            338     -2863.3344         4.3        -2807.5776       -55.7567 --
ML: -2878.606229666143 Information: 61.85204642820054
            339     -2855.7029         4.3        -2807.5712       -48.1316 --
ML: -2878.606229666143 Information: 61.85204642820054
            340     -2853.2435         4.4        -2807.5677       -45.6757 --
ML: -2878.606229666143 Information: 61.85204642820054
            341     -2853.5811         4.4        -2807.5607       -46.0204 --
ML: -2878.606229666143 Information: 61.85204642820054
            342     -2864.8362         4.4        -2807.5605       -57.2757 --
ML: -2878.606229666143 Information: 61.85204642820054
            343     -2854.3488         4.4        -2807.5603       -46.7884 --
ML: -2878.606229666143 Information: 61.85204642820054
            344     -2852.0281         4.4        -2807.5599       -44.4682 --
ML: -2878.606229666143 Information: 61.85204642820054
            345     -2855.4933         4.4        -2807.5583       -47.9350 --
ML: -2878.606229666143 Information: 61.85204642820054
            346     -2862.6989         4.4        -2807.5564       -55.1425 --
ML: -2878.606229666143 Information: 61.85204642820054
            347     -2862.3969         4.4        -2807.5553       -54.8415 --
ML: -2878.606229666143 Information: 61.85204642820054
            348     -2860.0150         4.4        -2807.5484       -52.4665 --
ML: -2878.606229666143 Information: 61.85204642820054
            349     -2852.1769         4.5        -2807.5376       -44.6392 --
ML: -2878.606229666143 Information: 61.85204642820054
            350     -2858.6047         4.5        -2807.5347       -51.0700 --
ML: -2878.606229666143 Information: 61.85204642820054
            351     -2864.2586         4.5        -2807.5336       -56.7250 --
ML: -2878.606229666143 Information: 61.85204642820054
            352     -2853.7782         4.5        -2807.5330       -46.2451 --
ML: -2878.606229666143 Information: 61.85204642820054
            353     -2859.8855         4.5        -2807.5319       -52.3536 --
ML: -2878.606229666143 Information: 61.85204642820054
            354     -2860.8246         4.5        -2807.5310       -53.2935 --
ML: -2878.606229666143 Information: 61.85204642820054
            355     -2853.4161         4.5        -2807.5305       -45.8856 --
ML: -2878.606229666143 Information: 61.85204642820054
            356     -2850.1914         4.5        -2807.5282       -42.6632 --
ML: -2878.606229666143 Information: 61.85204642820054
            357     -2851.5546         4.6        -2807.5273       -44.0273 --
ML: -2878.606229666143 Information: 61.85204642820054
            358     -2860.4099         4.6        -2807.5262       -52.8836 --
ML: -2878.606229666143 Information: 61.85204642820054
            359     -2852.6702         4.6        -2807.5252       -45.1450 --
ML: -2878.606229666143 Information: 61.85204642820054
            360     -2853.3815         4.6        -2807.5229       -45.8586 --
ML: -2878.606229666143 Information: 61.85204642820054
            361     -2855.8752         4.6        -2807.5227       -48.3525 --
ML: -2878.606229666143 Information: 61.85204642820054
            362     -2851.1404         4.6        -2807.5220       -43.6183 --
ML: -2878.606229666143 Information: 61.85204642820054
            363     -2854.3920         4.6        -2807.5218       -46.8701 --
ML: -2878.606229666143 Information: 61.85204642820054
            364     -2853.2175         4.6        -2807.5209       -45.6965 --
ML: -2878.606229666143 Information: 61.85204642820054
            365     -2860.8571         4.6        -2807.5206       -53.3365 --
ML: -2878.606229666143 Information: 61.85204642820054
            366     -2864.4938         4.6        -2807.5161       -56.9777 --
ML: -2878.606229666143 Information: 61.85204642820054
            367     -2853.0832         4.7        -2807.5158       -45.5673 --
ML: -2878.606229666143 Information: 61.85204642820054
            368     -2866.4513         4.7        -2807.5151       -58.9362 --
ML: -2878.606229666143 Information: 61.85204642820054
            369     -2851.8173         4.7        -2807.5150       -44.3023 --
ML: -2878.606229666143 Information: 61.85204642820054
            370     -2853.8570         4.7        -2807.5147       -46.3423 --
ML: -2878.606229666143 Information: 61.85204642820054
            371     -2857.1426         4.7        -2807.5145       -49.6281 --
ML: -2878.606229666143 Information: 61.85204642820054
372<=100000000&& (372<2.0*61.85204642820054*3||Math.abs(-2878.606229666143 - -2878.606229666143)/Math.abs(-2878.606229666143) > 1.0E-6
Finished in 372 steps!
Marginal likelihood: -2878.1718942711773 (bootstrap SD=4.574905266697147)
Marginal likelihood: -2878.0036968133472 (subsample SD=5.5077105875629035)
Marginal likelihood: -2877.581988976028(4.565769483929651)
Information: 61.85204642820054
SD: 4.540633084648019

Operator                                                      Tuning    #accept    #reject      Pr(m)  Pr(acc|m)
ScaleOperator(bcovAlphaScaler.s:merged-filtered)             0.75000      10950       2293    0.00140    0.82685 Try setting scaleFactor to about 0.562
ScaleOperator(bcovSwitchParamScaler.s:merged-filtered)       0.75000       6430       6857    0.00140    0.48393 Try setting scaleFactor to about 0.562
DeltaExchangeOperator(frequenciesDelta.s:merged-filtered)    0.01000       9141       4007    0.00140    0.69524 Try setting delta to about 0.02
DeltaExchangeOperator(FixMeanMutationRatesOperator)          0.75000     262069         52    0.02805    0.99980 Try setting delta to about 1.5
ScaleOperator(BirthDeathTreeScaler.t:tree)                   0.50000      49556     345120    0.04208    0.12556 
ScaleOperator(BirthDeathTreeRootScaler.t:tree)               0.50000      69705     325910    0.04208    0.17619 
Uniform(BirthDeathUniformOperator.t:tree)                          -    1333566    2610771    0.42076    0.33810 
SubtreeSlide(BirthDeathSubtreeSlide.t:tree)                  1.00000     443305    1529450    0.21038    0.22471 
Exchange(BirthDeathNarrow.t:tree)                                  -          0          0    0.00000        NaN 
Exchange(BirthDeathWide.t:tree)                                    -      18359     376217    0.04208    0.04653 
WilsonBalding(BirthDeathWilsonBalding.t:tree)                      -      18269     375711    0.04208    0.04637 
ScaleOperator(BirthRateScaler.t:tree)                        0.75000     309294      85504    0.04208    0.78342 Try setting scaleFactor to about 0.562
ScaleOperator(DeathRateScaler.t:tree)                        0.75000     281060     114721    0.04208    0.71014 Try setting scaleFactor to about 0.562
ScaleOperator(StrictClockRateScaler.c:clock)                 0.75000     144572     247861    0.04208    0.36840 
UpDownOperator(strictClockUpDownOperator.c:clock)            0.75000     266092     128158    0.04208    0.67493 Try setting scaleFactor to about 0.562

     Tuning: The value of the operator's tuning parameter, or '-' if the operator can't be optimized.
    #accept: The total number of times a proposal by this operator has been accepted.
    #reject: The total number of times a proposal by this operator has been rejected.
      Pr(m): The probability this operator is chosen in a step of the MCMC (i.e. the normalized weight).
  Pr(acc|m): The acceptance probability (#accept as a fraction of the total proposals for this operator).


Total calculation time: 219.647 seconds
End likelihood: -56.369214099520455
Producing posterior samples

Marginal likelihood: -2878.2395977381407 sqrt(H/N)=(4.505564144457827)=?=SD=(4.3954149953419765) Information: 60.90032477947196
Max ESS: 39.81704696499461


Processing 372 trees from file.
Log file written to kd-merged_bcov_strict_bd_ns.posterior.trees
Done!

Marginal likelihood: -2878.246130995996 sqrt(H/N)=(4.507928610476452)=?=SD=(4.604257248136495) Information: 60.96426107145647
Max ESS: 39.9820201473072


Log file written to kd-merged_bcov_strict_bd_ns.posterior.log
Done!
