
                        BEAST v2.6.7, 2002-2022
             Bayesian Evolutionary Analysis Sampling Trees
                       Designed and developed by
 Remco Bouckaert, Alexei J. Drummond, Andrew Rambaut & Marc A. Suchard
                                    
                   Centre for Computational Evolution
                         University of Auckland
                       r.bouckaert@auckland.ac.nz
                        alexei@cs.auckland.ac.nz
                                    
                   Institute of Evolutionary Biology
                        University of Edinburgh
                           a.rambaut@ed.ac.uk
                                    
                    David Geffen School of Medicine
                 University of California, Los Angeles
                           msuchard@ucla.edu
                                    
                      Downloads, Help & Resources:
                           http://beast2.org/
                                    
  Source code distributed under the GNU Lesser General Public License:
                   http://github.com/CompEvol/beast2
                                    
                           BEAST developers:
   Alex Alekseyenko, Trevor Bedford, Erik Bloomquist, Joseph Heled, 
 Sebastian Hoehna, Denise Kuehnert, Philippe Lemey, Wai Lok Sibon Li, 
Gerton Lunter, Sidney Markowitz, Vladimir Minin, Michael Defoin Platel, 
          Oliver Pybus, Tim Vaughan, Chieh-Hsi Wu, Walter Xie
                                    
                               Thanks to:
          Roald Forsberg, Beth Shapiro and Korbinian Strimmer

Random number seed: 1729621674902

File: kd-lgs_elaged_bcov_strict_bd_ns.xml seed: 1729621674902 threads: 1
Loading package BEASTvntr v0.1.3
Loading package PoMo v1.0.1
Loading package speedemon v1.0.0
Loading package feast v8.3.0
Loading package phylodynamics v1.3.0
Loading package SNAPP v1.5.2
Loading package BADTRIP v1.0.0
Loading package timtam v0.3.1
Loading package ORC v1.0.3
Loading package bacter v2.2.5
Loading package SpeciesNetwork v0.13.0
Loading package TreeStat2 v0.0.2
Loading package Mascot v2.1.2
Loading package starbeast2 v0.15.13
Loading package Beasy v0.0.2
Loading package bModelTest v1.2.1
Loading package ClaDS v1.1.2
Loading package Recombination v0.0.2
Loading package CoalRe v0.0.7
Loading package BASTA v3.0.1
Loading package contraband v1.0.0
Loading package BEAST v2.6.7
Loading package besp v0.2.0
Loading package BDMM v1.0.2
Loading package PIQMEE v1.0.2
Loading package BEASTLabs v1.9.7
Loading package BEAST_CLASSIC v1.5.0
Loading package BICEPS v1.0.1
Loading package CA v2.0.0
Loading package PhyDyn v1.3.8
Loading package MGSM v0.3.0
Loading package MASTER v6.1.2
Loading package TMA v1.0.0
Loading package flc v1.1.0
Loading package Babel v0.3.2
Loading package OBAMA v0.2.0
Loading package NS v1.1.0
Loading package starbeast3 v1.0.5
Loading package MultiTypeTree v7.0.2
Loading package MSBD v1.2.0
Loading package snapper v1.0.3
Loading package STACEY v1.2.5
Loading package SCOTTI v2.0.1
Loading package DENIM v1.0.1
Loading package MODEL_SELECTION v1.5.3
Loading package substBMA v1.2.3
Loading package MM v1.1.1
Loading package contactrees v1.0.0
Loading package BREAK_AWAY v1.0.1
Loading package EpiInf v7.5.2
Loading package GEO_SPHERE v1.3.1
Loading package SA v2.0.2
Loading package FastRelaxedClockLogNormal v1.1.1
Loading package BDSKY v1.4.8
Loading package SSM v1.1.0
Loading package CoupledMCMC v1.0.2
Loading package CodonSubstModels v1.1.3
Loading package BEAST v2.6.7
BuyiLibo: 276 10
BuyiXingyi: 276 10
DongTongdao: 276 10
HaLi: 276 10
MaonanHechi: 276 10
MeifuLi: 276 10
MiaoZhaoxing: 276 10
NungAn: 276 10
QiLi: 276 10
RunLi: 276 10
TaiIsan: 276 10
TaiPhake: 276 10
TaiYuan: 276 10
ZhuangBinyang: 276 10
ZhuangJingxi: 276 10
ZhuangLongzhou: 276 10
Alignment(kd-lg-elaged-filtered)
  16 taxa
  276 sites
  174 patterns

Filter -
16 taxa
276 sites
174 patterns
WARNING: found 10 sites in the alignment (orgdata.kd-lg-elaged-filtered) that are equal to the ascertainment site. These sites will be ignored in the likelihood calculation.
Failed to load BEAGLE library: no hmsbeagle-jni in java.library.path
TreeLikelihood(treeLikelihood.kd-lg-elaged-filtered) uses BeerLikelihoodCore4
  FilteredAlignment(orgdata.kd-lg-elaged-filtered): [taxa, patterns, sites] = [16, 174, 265]
WARNING: the dimension of the parameter is 1 at the start of the run.
         The operator FixMeanMutationRatesOperator has no effect (if this does not change).
===============================================================================
Citations for this model:

Patricio Maturana, Brendon J. Brewer, Steffen Klaere, Remco Bouckaert. Model selection and parameter inference in phylogenetics using Nested Sampling. Systematic Biology, syy050, 2018

Gernhard 2008. The conditioned reconstructed process. Journal of Theoretical Biology Volume 253, Issue 4, 21 August 2008, Pages 769-778

===============================================================================
Counting 70 parameters
replacing logger tracelog with NSLogger
Writing file kd-lgs_elaged_bcov_strict_bd.trees
         Sample      posterior ESS(posterior)     likelihood          prior
Writing file kd-lgs_elaged_bcov_strict_bd.log
Start likelihood 0: -3242.7688332912303 
Start likelihood 1: -2926.633911175329 
Start likelihood 2: -2812.0788476138123 
3 particles initialised
              0     -2735.9135              N     -2701.2109       -34.7026 --
ML: -2702.6243990143994 Information: 1.4134952107251593
              1     -2637.8116         2.0        -2620.0433       -17.7682 --
ML: -2621.7902276059936 Information: 1.7468285440586442
              2     -2517.8387         3.0        -2494.8575       -22.9811 --
ML: -2496.937739945226 Information: 2.0801618773916744
              3     -2456.3384         4.0        -2433.5548       -22.7835 --
ML: -2435.9683393323126 Information: 2.4134952107251593
              4     -2425.3174         3.2        -2392.1837       -33.1336 --
ML: -2394.930578692208 Information: 2.7468285440586406
              5     -2198.0518         2.9        -2161.8373       -36.2145 --
ML: -2164.91751060102 Information: 3.0801618773916744
              6     -2167.2534         2.7        -2152.4875       -14.7658 --
ML: -2155.9009389800713 Information: 3.4122389308183303
              7     -2154.3131         2.5        -2137.5869       -16.7261 --
ML: -2141.3338222342386 Information: 3.7468210444865986
              8     -2122.4184         2.6        -2099.4669       -22.9515 --
ML: -2103.5470634818325 Information: 4.080161877391591
              9     -2096.2285         2.6        -2073.2398       -22.9887 --
ML: -2077.653303389994 Information: 4.413495210104695
             10     -2076.1171         2.8        -2065.9783       -10.1387 --
ML: -2070.7242307690462 Information: 4.738740885897911
             11     -2037.4657         2.8        -2016.5406       -20.9251 --
ML: -2021.6207930993999 Information: 5.080161877391902
             12     -2022.6477         2.8        -1996.8308       -25.8168 --
ML: -2002.2443700519218 Information: 5.413495131245504
             13     -2006.9384         2.8        -1986.0020       -20.9363 --
ML: -1991.7488847089594 Information: 5.7465013467688255
             14     -2005.3605         2.9        -1976.8307       -28.5297 --
ML: -1982.910773270779 Information: 6.078685999240202
             15     -1977.1484         3.0        -1963.5087       -13.6396 --
ML: -1969.9222000447292 Information: 6.413462463189358
             16     -1951.9860         3.1        -1939.3040       -12.6819 --
ML: -1946.0509095616635 Information: 6.746828543047364
             17     -1942.7927         3.1        -1928.2259       -14.5667 --
ML: -1935.306104434936 Information: 7.079901508120525
             18     -1959.2666         3.1        -1924.4584       -34.8082 --
ML: -1931.840197059229 Information: 7.264029796562042
             19     -1919.8398         3.1        -1920.5776         0.7377 --
ML: -1928.2951679434402 Information: 7.602107048264038
             20     -1935.1938         3.2        -1916.8254       -18.3683 --
ML: -1924.8724283527035 Information: 7.920821571391755
             21     -1935.7026         3.2        -1902.8021       -32.9005 --
ML: -1911.2156311356591 Information: 8.41347745550149
             22     -1931.1395         3.2        -1901.6401       -29.4994 --
ML: -1910.0246493492853 Information: 8.031364095371146
             23     -1907.7759         3.3        -1895.8925       -11.8833 --
ML: -1904.9663714084386 Information: 9.035006022113544
             24     -1892.8200         3.3        -1884.9475        -7.8725 --
ML: -1894.3610556037177 Information: 9.413198205600816
             25     -1888.2031         3.3        -1873.6577       -14.5454 --
ML: -1883.4045467285446 Information: 9.746614153891933
             26     -1894.3784         3.3        -1856.9895       -37.3888 --
ML: -1867.0697608302598 Information: 10.080160454929539
             27     -1872.7491         3.4        -1853.5284       -19.2206 --
ML: -1863.899090481135 Information: 10.225331129250037
             28     -1872.9693         3.4        -1846.8452       -26.1241 --
ML: -1857.5902343915654 Information: 10.732578064757222
             29     -1835.0809         3.4        -1816.3874       -18.6935 --
ML: -1827.467623414095 Information: 11.080161877239021
             30     -1826.2353         3.4        -1814.7514       -11.4838 --
ML: -1825.924548233575 Information: 10.823406677231787
             31     -1826.9309         3.4        -1810.1559       -16.7749 --
ML: -1821.8850622243592 Information: 11.641998401562056
             32     -1842.2977         3.4        -1806.6461       -35.6515 --
ML: -1818.6847257582838 Information: 11.891991735294837
             33     -1814.1301         3.4        -1802.5085       -11.6215 --
ML: -1814.899065035954 Information: 12.293314627182099
             34     -1838.3533         3.4        -1799.8608       -38.4924 --
ML: -1812.5113828065332 Information: 12.398397126440017
             35     -1811.4540         3.4        -1790.9309       -20.5230 --
ML: -1804.0109132750626 Information: 13.078091108145518
             36     -1776.9661         3.4        -1739.5426       -37.4234 --
ML: -1752.9561823639788 Information: 13.41349521072516
             37     -1748.5883         3.4        -1728.3196       -20.2687 --
ML: -1742.066448194232 Information: 13.746600600076203
             38     -1743.7583         3.4        -1726.1588       -17.5994 --
ML: -1740.0898576218035 Information: 13.631644333804843
             39     -1737.1127         3.2        -1718.0570       -19.0556 --
ML: -1732.4700812382753 Information: 14.408882408057785
             40     -1735.4491         3.2        -1715.4545       -19.9945 --
ML: -1730.1029835334639 Information: 14.404010607590095
             41     -1736.3634         3.1        -1709.6084       -26.7550 --
ML: -1724.684154605691 Information: 15.048724391307392
             42     -1734.6924         3.1        -1709.4822       -25.2102 --
ML: -1724.0912146737217 Information: 14.52430410970885
             43     -1714.0060         3.1        -1694.8430       -19.1629 --
ML: -1710.5898961073185 Information: 15.746807015781952
             44     -1719.0033         3.1        -1690.4747       -28.5285 --
ML: -1706.537423809864 Information: 15.986711581308022
             45     -1702.6602         3.0        -1686.6666       -15.9936 --
ML: -1703.0491423561928 Information: 16.263795164384476
             46     -1701.4421         3.0        -1682.0521       -19.3899 --
ML: -1698.7848218003787 Information: 16.666111927475146
             47     -1697.1624         3.0        -1680.4100       -16.7523 --
ML: -1697.248039702836 Information: 16.47051159458624
             48     -1677.8882         3.0        -1660.2833       -17.6049 --
ML: -1677.6968777160837 Information: 17.413495141205566
             49     -1678.4694         2.7        -1653.6599       -24.8095 --
ML: -1671.4049089927162 Information: 17.73271496980132
             50     -1671.3174         2.7        -1652.6103       -18.7070 --
ML: -1670.2920934679228 Information: 17.332773693464674
             51     -1674.4756         2.7        -1648.6159       -25.8596 --
ML: -1666.9919006226983 Information: 18.21575675164135
             52     -1657.6163         2.7        -1642.1498       -15.4665 --
ML: -1660.8943781143314 Information: 18.729678703634203
             53     -1656.7004         2.6        -1640.8499       -15.8504 --
ML: -1659.607136786382 Information: 18.394251810386493
             54     -1655.4172         2.6        -1634.7069       -20.7102 --
ML: -1654.1163542524841 Information: 19.382527761180185
             55     -1652.4421         2.6        -1623.4525       -28.9896 --
ML: -1643.1993614975995 Information: 19.74660567261067
             56     -1628.4143         2.6        -1616.7616       -11.6527 --
ML: -1636.8400346317158 Information: 20.06685060156594
             57     -1634.5985         2.6        -1613.9586       -20.6398 --
ML: -1634.2907651616638 Information: 20.112209046348937
             58     -1638.4392         2.6        -1611.5656       -26.8735 --
ML: -1632.1829784484987 Information: 20.299802014026625
             59     -1645.0196         2.6        -1611.3340       -33.6855 --
ML: -1631.59879017956 Information: 19.958559225018462
             60     -1634.9408         2.6        -1605.7230       -29.2177 --
ML: -1627.1250598448723 Information: 21.334541179975307
             61     -1625.0541         2.5        -1601.3987       -23.6554 --
ML: -1623.1270402983407 Information: 21.6477083089434
             62     -1616.5676         2.5        -1599.9815       -16.5861 --
ML: -1621.765590044669 Information: 21.400189621505945
             63     -1613.8553         2.6        -1599.0297       -14.8256 --
ML: -1620.8983248807933 Information: 21.30748276994825
             64     -1623.5356         2.6        -1596.3986       -27.1369 --
ML: -1618.985707145823 Information: 22.115560021225832
             65     -1613.1831         2.5        -1593.0994       -20.0836 --
ML: -1616.120906219512 Information: 22.806568548172237
             66     -1623.9368         2.5        -1592.3194       -31.6174 --
ML: -1615.2151095232314 Information: 22.49347792536787
             67     -1618.5514         2.5        -1592.2513       -26.3000 --
ML: -1614.838735532305 Information: 22.264603392225354
             68     -1617.4979         2.5        -1591.8834       -25.6144 --
ML: -1614.5575543122545 Information: 22.152714997021803
             69     -1625.5288         2.5        -1586.0545       -39.4743 --
ML: -1610.45142477921 Information: 24.292288273446463
             70     -1608.2519         2.5        -1585.9780       -22.2738 --
ML: -1609.8857034710586 Information: 23.804788198675055
             71     -1607.4358         2.5        -1585.8909       -21.5448 --
ML: -1609.594712552378 Information: 23.56175073850386
             72     -1603.6337         2.5        -1585.2769       -18.3567 --
ML: -1609.3063162277488 Information: 23.462755777038865
             73     -1605.4958         2.5        -1581.4341       -24.0617 --
ML: -1607.0682028459505 Information: 25.163736594889286
             74     -1597.1020         2.5        -1581.1727       -15.9292 --
ML: -1606.4631538976905 Information: 24.890849577072004
             75     -1604.6279         2.5        -1580.7251       -23.9028 --
ML: -1606.051774520918 Information: 24.76517959009402
             76     -1612.2703         2.6        -1580.3084       -31.9618 --
ML: -1605.7394668471168 Information: 24.71524023844313
             77     -1609.6080         2.6        -1580.0432       -29.5647 --
ML: -1605.5158628533263 Information: 24.68818296443419
             78     -1602.2026         2.6        -1579.3061       -22.8965 --
ML: -1605.2534496793805 Information: 24.776954272312423
             79     -1604.1752         2.6        -1576.9593       -27.2158 --
ML: -1604.2497131891932 Information: 26.001276886732967
             80     -1609.1419         2.6        -1576.3435       -32.7983 --
ML: -1603.6398082639803 Information: 26.261115637484522
             81     -1599.7748         2.6        -1575.9409       -23.8339 --
ML: -1603.2414509430505 Information: 26.335173089648606
             82     -1599.4294         2.6        -1572.5974       -26.8320 --
ML: -1601.204485358597 Information: 28.0450994289489
             83     -1599.6386         2.6        -1572.0356       -27.6030 --
ML: -1600.4660052167044 Information: 27.893403345254455
             84     -1589.7702         2.6        -1571.6117       -18.1584 --
ML: -1600.013895564414 Information: 27.790758371928632
             85     -1606.0949         2.6        -1571.2640       -34.8308 --
ML: -1599.699829888723 Information: 27.735186149215906
             86     -1585.3987         2.6        -1569.5786       -15.8200 --
ML: -1598.9859862856656 Information: 28.23875355374139
             87     -1593.8760         2.6        -1569.0555       -24.8205 --
ML: -1598.5054761398387 Information: 28.40367828574722
             88     -1595.1263         2.6        -1568.3424       -26.7838 --
ML: -1598.0622287170156 Information: 28.590358154077762
             89     -1619.5180         2.6        -1568.1845       -51.3334 --
ML: -1597.799529432351 Information: 28.625055601821032
             90     -1595.6433         2.7        -1563.7264       -31.9168 --
ML: -1595.072304493291 Information: 30.989554129505407
             91     -1600.1704         2.7        -1558.5231       -41.6472 --
ML: -1590.2618364829389 Information: 31.69337379233967
             92     -1575.8616         2.7        -1550.7892       -25.0724 --
ML: -1582.8687580542796 Information: 32.07475807435423
             93     -1579.7862         2.7        -1550.0820       -29.7041 --
ML: -1581.9716915770505 Information: 31.599335955311062
             94     -1589.3120         2.7        -1549.3570       -39.9549 --
ML: -1581.3424696698319 Information: 31.444240932220396
             95     -1564.4483         2.7        -1546.1939       -18.2543 --
ML: -1579.155118754096 Information: 32.54547070879411
             96     -1575.1648         2.7        -1544.1247       -31.0400 --
ML: -1577.3571422494763 Information: 32.8208262142976
             97     -1567.5396         2.8        -1542.8547       -24.6849 --
ML: -1576.2164675802046 Information: 32.824305031240954
             98     -1565.4469         2.8        -1538.6312       -26.8156 --
ML: -1572.6818395859575 Information: 33.91168534569398
             99     -1562.7811         2.8        -1537.5570       -25.2240 --
ML: -1571.571097270899 Information: 33.61454993684805
            100     -1561.2946         2.8        -1537.3444       -23.9501 --
ML: -1571.104609623203 Information: 33.376233483333976
            101     -1558.8798         2.8        -1537.2710       -21.6087 --
ML: -1570.8519207247618 Information: 33.22566331524581
            102     -1554.8501         2.8        -1537.1407       -17.7094 --
ML: -1570.6844932140507 Information: 33.13308281312811
            103     -1561.4297         2.8        -1536.7887       -24.6410 --
ML: -1570.5386055751314 Information: 33.09072228363152
            104     -1558.9430         2.8        -1536.7703       -22.1727 --
ML: -1570.4441398241283 Information: 33.05732950421611
            105     -1564.8468         2.9        -1536.1753       -28.6715 --
ML: -1570.3333998926441 Information: 33.07358673445901
            106     -1564.8328         2.9        -1534.5304       -30.3023 --
ML: -1570.0047398518673 Information: 33.50944757609341
            107     -1554.3994         2.9        -1532.1762       -22.2232 --
ML: -1568.868988827726 Information: 35.305560622162716
            108     -1563.4659         2.9        -1528.3514       -35.1145 --
ML: -1565.7210779592406 Information: 37.1457937803915
            109     -1557.3065         2.9        -1526.7476       -30.5588 --
ML: -1564.2373130754688 Information: 37.07516552125384
            110     -1542.1655         2.9        -1520.9104       -21.2551 --
ML: -1558.9853221440217 Information: 38.04217018210383
            111     -1547.3046         2.9        -1519.8932       -27.4114 --
ML: -1557.8963812233817 Information: 37.649781324027515
            112     -1543.9745         3.0        -1519.4279       -24.5465 --
ML: -1557.3327914473039 Information: 37.43888109562715
            113     -1553.3290         3.0        -1519.0962       -34.2327 --
ML: -1556.9750256534346 Information: 37.32100836497102
            114     -1546.1709         3.0        -1518.2512       -27.9197 --
ML: -1556.5684016014222 Information: 37.38307169768734
            115     -1542.6019         3.0        -1517.1703       -25.4315 --
ML: -1556.034519260322 Information: 37.682732124584504
            116     -1536.8080         3.0        -1516.2420       -20.5660 --
ML: -1555.4749232941326 Information: 38.027270017608885
            117     -1546.1885         3.0        -1513.8312       -32.3573 --
ML: -1553.988348178266 Information: 39.33928304651971
            118     -1537.8978         3.0        -1513.3120       -24.5858 --
ML: -1553.3298210723099 Information: 39.32573786238754
            119     -1541.8985         3.1        -1513.0523       -28.8462 --
ML: -1552.9595463949693 Information: 39.24998959533764
            120     -1536.1481         3.1        -1509.9133       -26.2348 --
ML: -1551.1483385649005 Information: 40.614498460546116
            121     -1536.2761         3.1        -1509.7550       -26.5211 --
ML: -1550.6164185334976 Information: 40.403847827201616
            122     -1542.1229         3.1        -1509.4029       -32.7200 --
ML: -1550.265511483072 Information: 40.292560033787595
            123     -1532.3315         3.1        -1509.3480       -22.9835 --
ML: -1550.0633720137855 Information: 40.20479088552429
            124     -1536.8564         3.1        -1508.1050       -28.7513 --
ML: -1549.6887070387377 Information: 40.37805695117436
            125     -1533.1198         3.1        -1507.8245       -25.2953 --
ML: -1549.429107047958 Information: 40.4582383005245
            126     -1532.6390         3.1        -1507.0572       -25.5818 --
ML: -1549.1268773746033 Information: 40.6551379733487
            127     -1536.6788         3.1        -1506.9068       -29.7719 --
ML: -1548.9303066145476 Information: 40.73782581013597
            128     -1546.4702         3.1        -1506.6960       -39.7741 --
ML: -1548.783716179989 Information: 40.79527494384138
            129     -1533.0817         3.2        -1506.5608       -26.5208 --
ML: -1548.677693999225 Information: 40.83286188368129
            130     -1545.8588         3.2        -1504.6980       -41.1607 --
ML: -1548.2963172091745 Information: 41.44925196475788
            131     -1541.0934         3.2        -1504.3469       -36.7464 --
ML: -1548.0165922367948 Information: 41.77956795381442
            132     -1540.5662         3.2        -1503.9829       -36.5833 --
ML: -1547.7921483452033 Information: 42.00829098530721
            133     -1533.3078         3.2        -1503.9634       -29.3444 --
ML: -1547.655095682975 Information: 42.10439453478125
            134     -1540.5197         3.2        -1503.7388       -36.7808 --
ML: -1547.546349119055 Information: 42.18235010132412
            135     -1534.9461         3.2        -1502.8954       -32.0506 --
ML: -1547.387980965876 Information: 42.38553560711125
            136     -1531.5850         3.2        -1501.6419       -29.9430 --
ML: -1547.074930607832 Information: 42.97574552524338
            137     -1533.6993         3.2        -1501.1411       -32.5582 --
ML: -1546.7989867043452 Information: 43.41310737495701
            138     -1536.5345         3.2        -1500.5270       -36.0075 --
ML: -1546.5218748866387 Information: 43.82791339907385
            139     -1542.9126         3.3        -1500.3656       -42.5470 --
ML: -1546.3363867739504 Information: 44.036614200355416
            140     -1543.9032         3.3        -1499.7889       -44.1143 --
ML: -1546.1408587119772 Information: 44.287012929941966
            141     -1535.0293         3.3        -1499.5236       -35.5056 --
ML: -1545.9873592697195 Information: 44.46509167965087
            142     -1531.3469         3.3        -1499.2718       -32.0750 --
ML: -1545.8641131245506 Information: 44.602790780375244
            143     -1531.5975         3.3        -1498.9327       -32.6648 --
ML: -1545.7537988437382 Information: 44.73569402540352
            144     -1538.7042         3.3        -1498.8918       -39.8123 --
ML: -1545.678730330723 Information: 44.81439362233732
            145     -1531.3592         3.3        -1497.9994       -33.3597 --
ML: -1545.5596224080227 Information: 45.016974522499595
            146     -1531.8412         3.3        -1497.4982       -34.3430 --
ML: -1545.4349143127927 Information: 45.249209640233175
            147     -1529.3927         3.3        -1495.0807       -34.3119 --
ML: -1544.7709945301635 Information: 47.0620621047874
            148     -1528.2866         3.3        -1494.7925       -33.4941 --
ML: -1544.3899702198416 Information: 47.60507521232876
            149     -1523.3164         3.3        -1494.4847       -28.8317 --
ML: -1544.120828374688 Information: 47.87869026557564
            150     -1531.9482         3.3        -1494.1000       -37.8481 --
ML: -1543.8989650202504 Information: 48.08305029496637
            151     -1524.1141         3.3        -1493.3721       -30.7420 --
ML: -1543.6402799982275 Information: 48.381381620135244
            152     -1522.4387         3.3        -1492.4663       -29.9724 --
ML: -1543.3009176635858 Information: 48.84565254216682
            153     -1519.9489         3.4        -1492.4350       -27.5138 --
ML: -1543.1080269933434 Information: 49.007162342946
            154     -1521.5795         3.4        -1492.3574       -29.2221 --
ML: -1542.980652296894 Information: 49.088292662565664
            155     -1518.7167         3.4        -1490.8278       -27.8888 --
ML: -1542.6473275194448 Information: 49.623644214550495
            156     -1518.3623         3.4        -1490.7204       -27.6418 --
ML: -1542.4434642008146 Information: 49.844552749230616
            157     -1524.9079         3.4        -1490.1381       -34.7697 --
ML: -1542.2311201449418 Information: 50.10298903758007
            158     -1521.7574         3.4        -1489.7988       -31.9585 --
ML: -1542.055111821687 Information: 50.30289497978879
            159     -1524.5100         3.4        -1489.4606       -35.0493 --
ML: -1541.9048177042498 Information: 50.472372332019404
            160     -1526.2732         3.4        -1489.3081       -36.9651 --
ML: -1541.7946467708095 Information: 50.583808834157935
            161     -1527.2925         3.4        -1488.9396       -38.3528 --
ML: -1541.6920463507445 Information: 50.70267667594271
            162     -1518.8521         3.4        -1488.1848       -30.6673 --
ML: -1541.5534725575653 Information: 50.927014848340605
            163     -1527.0785         3.4        -1488.0690       -39.0095 --
ML: -1541.4544380767964 Information: 51.069118771483545
            164     -1530.0005         3.4        -1487.8906       -42.1099 --
ML: -1541.3767793306044 Information: 51.177863141081616
            165     -1517.2710         3.4        -1487.8594       -29.4115 --
ML: -1541.3230179546592 Information: 51.246551877899265
            166     -1521.8807         3.4        -1487.5525       -34.3282 --
ML: -1541.2732946763228 Information: 51.31925908117864
            167     -1522.1261         3.4        -1487.2872       -34.8388 --
ML: -1541.228978330969 Information: 51.39054255579276
            168     -1516.8650         3.4        -1487.0713       -29.7936 --
ML: -1541.1911548833912 Information: 51.45542568900669
            169     -1525.1679         3.5        -1486.8896       -38.2782 --
ML: -1541.1597582781862 Information: 51.511998350682916
            170     -1529.8613         3.5        -1485.1099       -44.7513 --
ML: -1541.0364031707115 Information: 51.915254740855744
            171     -1518.1333         3.5        -1484.9617       -33.1716 --
ML: -1540.9443328113352 Information: 52.18904348415208
            172     -1522.3915         3.5        -1484.2061       -38.1853 --
ML: -1540.8184322588413 Information: 52.60129384756965
            173     -1512.8422         3.5        -1483.9992       -28.8430 --
ML: -1540.7192683409128 Information: 52.90032191286468
            174     -1522.6389         3.5        -1483.3652       -39.2737 --
ML: -1540.5992429437688 Information: 53.28402316143456
            175     -1517.2120         3.5        -1483.3237       -33.8883 --
ML: -1540.5181464175455 Information: 53.51384677981628
            176     -1522.7068         3.5        -1483.2708       -39.4360 --
ML: -1540.4609667353234 Information: 53.66415789713278
            177     -1525.3219         3.5        -1483.1342       -42.1876 --
ML: -1540.416330101042 Information: 53.77940965869948
            178     -1510.4839         3.5        -1483.0602       -27.4236 --
ML: -1540.383201391 Information: 53.862830319213344
            179     -1522.3209         3.5        -1482.8282       -39.4926 --
ML: -1540.354180464906 Information: 53.939418832220554
            180     -1513.9539         3.5        -1482.7991       -31.1547 --
ML: -1540.3332994251477 Information: 53.993252945782615
            181     -1516.8907         3.5        -1482.7432       -34.1474 --
ML: -1540.317762544174 Information: 54.03316747157078
            182     -1516.4428         3.5        -1482.5378       -33.9049 --
ML: -1540.3042887439206 Information: 54.06983779738948
            183     -1516.0842         3.5        -1482.3261       -33.7581 --
ML: -1540.292507057525 Information: 54.103832814121915
            184     -1514.1773         3.5        -1482.1927       -31.9845 --
ML: -1540.2829633666809 Information: 54.13224332337609
            185     -1511.6140         3.5        -1482.1828       -29.4312 --
ML: -1540.2761128224913 Information: 54.152482286060376
            186     -1515.0199         3.5        -1482.0399       -32.9799 --
ML: -1540.270485701415 Information: 54.1697699408021
            187     -1528.1227         3.6        -1482.0033       -46.1193 --
ML: -1540.2663237576262 Information: 54.18262557134608
            188     -1518.1396         3.6        -1481.6658       -36.4737 --
ML: -1540.2621619817332 Information: 54.19681150186352
            189     -1518.5819         3.6        -1481.5689       -37.0130 --
ML: -1540.2588884818895 Information: 54.20823298438154
            190     -1514.0541         3.6        -1481.1293       -32.9248 --
ML: -1540.2552606306167 Information: 54.22242651422039
            191     -1529.4814         3.6        -1481.0335       -48.4479 --
ML: -1540.2524090018885 Information: 54.23381071588733
            192     -1513.5275         3.6        -1480.5158       -33.0117 --
ML: -1540.2489906635233 Information: 54.24917067375054
            193     -1515.4656         3.6        -1480.2454       -35.2202 --
ML: -1540.24579163375 Information: 54.26435056824198
            194     -1522.6261         3.6        -1480.1730       -42.4530 --
ML: -1540.2433341662197 Information: 54.276149570785265
            195     -1520.4496         3.6        -1480.0270       -40.4226 --
ML: -1540.241301054627 Information: 54.28618122828584
            196     -1510.8161         3.6        -1479.9059       -30.9101 --
ML: -1540.2396598384873 Information: 54.29445983279584
            197     -1512.8966         3.6        -1479.7326       -33.1639 --
ML: -1540.238263379346 Information: 54.30173293993812
            198     -1523.1523         3.6        -1479.3794       -43.7729 --
ML: -1540.2368409242602 Information: 54.30963103825616
            199     -1511.5991         3.6        -1479.1676       -32.4315 --
ML: -1540.235582979528 Information: 54.316870888577796
            200     -1519.0834         3.6        -1479.1337       -39.9497 --
ML: -1540.2346515152449 Information: 54.3222564708542
            201     -1515.9704         3.6        -1479.0876       -36.8828 --
ML: -1540.2339531762768 Information: 54.326322479184
            202     -1512.6294         3.6        -1479.0805       -33.5489 --
ML: -1540.233449533536 Information: 54.32925639732275
            203     -1515.2577         3.6        -1478.9023       -36.3553 --
ML: -1540.2330184886712 Information: 54.33184280184878
            204     -1510.0755         3.7        -1478.8774       -31.1981 --
ML: -1540.232701941958 Information: 54.33374925504813
            205     -1511.5262         3.7        -1478.8572       -32.6689 --
ML: -1540.2324705776684 Information: 54.335146895034086
            206     -1516.1701         3.7        -1478.7940       -37.3761 --
ML: -1540.2322940071463 Information: 54.33622444942398
            207     -1521.1289         3.7        -1478.7371       -42.3917 --
ML: -1540.2321601089652 Information: 54.337049051757276
            208     -1515.5259         3.7        -1478.7302       -36.7957 --
ML: -1540.2320635109031 Information: 54.33764453332401
            209     -1511.9808         3.7        -1478.6172       -33.3636 --
ML: -1540.231986019194 Information: 54.338130943734996
            210     -1513.3399         3.7        -1478.5804       -34.7594 --
ML: -1540.231928419491 Information: 54.33849458162604
            211     -1524.3287         3.7        -1478.5358       -45.7928 --
ML: -1540.231885267736 Information: 54.33876891509453
            212     -1522.7277         3.7        -1478.4468       -44.2809 --
ML: -1540.2318514712035 Information: 54.33898677189836
            213     -1510.7444         3.7        -1478.4319       -32.3124 --
ML: -1540.2318268929257 Information: 54.33914556686
            214     -1526.5726         3.7        -1478.3090       -48.2635 --
ML: -1540.2318069791522 Information: 54.339276669497394
            215     -1514.4983         3.7        -1477.8641       -36.6342 --
ML: -1540.2317847151264 Information: 54.339433147070395
            216     -1515.1743         3.7        -1477.7743       -37.3999 --
ML: -1540.2317672640472 Information: 54.339557361807465
            217     -1514.3730         3.7        -1477.6957       -36.6773 --
ML: -1540.2317537373776 Information: 54.339654704657505
            218     -1513.0585         3.7        -1477.6381       -35.4204 --
ML: -1540.2317434703068 Information: 54.33972918111408
            219     -1512.0536         3.7        -1477.4723       -34.5813 --
ML: -1540.231734786773 Information: 54.33979360980811
            220     -1519.6587         3.7        -1477.4668       -42.1918 --
ML: -1540.2317285306003 Information: 54.33984006247783
            221     -1512.9984         3.7        -1477.4175       -35.5808 --
ML: -1540.2317238215971 Information: 54.339875258756365
            222     -1508.8471         3.8        -1477.2070       -31.6401 --
ML: -1540.2317196565516 Information: 54.33990726640309
            223     -1513.3856         3.8        -1477.1067       -36.2789 --
ML: -1540.2317163573964 Information: 54.33993295061441
            224     -1515.5195         3.8        -1477.0978       -38.4216 --
ML: -1540.231713972476 Information: 54.33995153840192
            225     -1509.5005         3.8        -1477.0779       -32.4225 --
ML: -1540.2317122291379 Information: 54.33996516052525
            226     -1517.2512         3.8        -1476.9944       -40.2568 --
ML: -1540.2317108711725 Information: 54.33997588489501
            227     -1512.4648         3.8        -1476.9464       -35.5183 --
ML: -1540.231709850362 Information: 54.339983995531384
            228     -1511.5882         3.8        -1476.9448       -34.6433 --
ML: -1540.2317091177565 Information: 54.33998981755781
            229     -1509.7864         3.8        -1476.8899       -32.8965 --
ML: -1540.2317085631619 Information: 54.33999425528873
            230     -1518.2900         3.8        -1476.8679       -41.4221 --
ML: -1540.2317081569502 Information: 54.33999751465308
            231     -1511.6558         3.8        -1476.7962       -34.8596 --
ML: -1540.2317078442654 Information: 54.340000046043315
            232     -1511.8812         3.8        -1476.7959       -35.0853 --
ML: -1540.2317076201462 Information: 54.34000186055687
            233     -1508.5572         3.8        -1476.7118       -31.8454 --
ML: -1540.2317074454647 Information: 54.34000328949696
            234     -1519.4819         3.8        -1476.6804       -42.8015 --
ML: -1540.2317073163058 Information: 54.3400043501299
            235     -1509.3083         3.8        -1476.6377       -32.6705 --
ML: -1540.2317072197243 Information: 54.34000514734862
            236     -1522.6408         3.8        -1476.5190       -46.1217 --
ML: -1540.2317071417983 Information: 54.34000579980079
            237     -1513.3119         3.9        -1476.5015       -36.8104 --
ML: -1540.2317070849758 Information: 54.34000627654268
            238     -1514.0448         3.9        -1476.4621       -37.5826 --
ML: -1540.2317070426254 Information: 54.34000663350662
            239     -1512.4241         3.8        -1476.3754       -36.0487 --
ML: -1540.2317070095296 Information: 54.34000691524648
            240     -1507.4778         3.9        -1476.3077       -31.1701 --
ML: -1540.2317069841545 Information: 54.340007133017934
            241     -1510.4752         3.9        -1476.2981       -34.1770 --
ML: -1540.2317069657986 Information: 54.34000729086688
            242     -1510.2513         3.9        -1476.2971       -33.9542 --
ML: -1540.231706952632 Information: 54.340007403943446
            243     -1513.6558         3.9        -1476.2518       -37.4040 --
ML: -1540.2317069427604 Information: 54.34000748929384
            244     -1507.7633         3.9        -1476.2304       -31.5329 --
ML: -1540.2317069355345 Information: 54.34000755196985
            245     -1507.3173         3.9        -1476.1646       -31.1527 --
ML: -1540.2317069300045 Information: 54.3400076003868
            246     -1523.8948         3.9        -1476.1593       -47.7355 --
ML: -1540.2317069260214 Information: 54.34000763501194
            247     -1508.9703         3.9        -1476.1298       -32.8404 --
ML: -1540.231706923082 Information: 54.340007660711535
            248     -1511.5825         3.9        -1476.1205       -35.4619 --
ML: -1540.231706920956 Information: 54.34000767933799
            249     -1508.5057         3.9        -1476.0919       -32.4138 --
ML: -1540.2317069193884 Information: 54.34000769312502
            250     -1508.0649         3.9        -1476.0833       -31.9816 --
ML: -1540.2317069182557 Information: 54.340007702960975
            251     -1514.9706         3.9        -1476.0611       -38.9095 --
ML: -1540.2317069174258 Information: 54.34000771018145
            252     -1512.7548         4.0        -1476.0412       -36.7136 --
ML: -1540.2317069168191 Information: 54.34000771545334
            253     -1514.3240         4.0        -1475.9942       -38.3297 --
ML: -1540.2317069163635 Information: 54.34000771958881
            254     -1508.6557         4.0        -1475.9782       -32.6775 --
ML: -1540.2317069160317 Information: 54.34000772253967
            255     -1511.4021         4.0        -1475.9769       -35.4251 --
ML: -1540.2317069157937 Information: 54.34000772474974
            256     -1509.7086         4.0        -1475.9602       -33.7484 --
ML: -1540.2317069156202 Information: 54.34000772641275
            257     -1516.3846         4.0        -1475.9318       -40.4528 --
ML: -1540.2317069154924 Information: 54.34000772748982
            258     -1515.1101         4.0        -1475.9243       -39.1857 --
ML: -1540.2317069154 Information: 54.34000772836225
            259     -1515.5403         4.0        -1475.9226       -39.6177 --
ML: -1540.231706915334 Information: 54.34000772884656
            260     -1513.1350         4.0        -1475.9211       -37.2139 --
ML: -1540.2317069152864 Information: 54.340007729254694
            261     -1511.0264         4.0        -1475.8615       -35.1648 --
ML: -1540.2317069152502 Information: 54.34000772958507
            262     -1513.6437         4.0        -1475.8462       -37.7975 --
ML: -1540.2317069152239 Information: 54.3400077299309
            263     -1523.3915         4.0        -1475.8385       -47.5529 --
ML: -1540.2317069152048 Information: 54.340007730263096
            264     -1522.9953         4.0        -1475.8379       -47.1573 --
ML: -1540.2317069151911 Information: 54.34000773042567
            265     -1511.8401         4.1        -1475.8328       -36.0073 --
ML: -1540.2317069151813 Information: 54.340007730470234
            266     -1508.0432         4.1        -1475.8163       -32.2269 --
ML: -1540.2317069151743 Information: 54.340007730393836
            267     -1515.6712         4.1        -1475.8077       -39.8635 --
ML: -1540.231706915169 Information: 54.34000773053958
            268     -1516.2266         4.1        -1475.8013       -40.4252 --
ML: -1540.2317069151654 Information: 54.34000773044727
            269     -1514.1104         4.0        -1475.7939       -38.3165 --
ML: -1540.2317069151627 Information: 54.34000773053276
            270     -1509.6110         4.1        -1475.7880       -33.8230 --
ML: -1540.2317069151607 Information: 54.340007730712614
            271     -1513.7817         4.1        -1475.7837       -37.9979 --
ML: -1540.2317069151593 Information: 54.34000773068101
            272     -1516.7653         4.1        -1475.7632       -41.0021 --
ML: -1540.2317069151584 Information: 54.34000773052708
            273     -1520.8440         4.1        -1475.7610       -45.0830 --
ML: -1540.2317069151577 Information: 54.34000773045955
            274     -1514.6628         4.1        -1475.7600       -38.9028 --
ML: -1540.2317069151572 Information: 54.34000773035996
            275     -1516.6997         4.1        -1475.7490       -40.9507 --
ML: -1540.2317069151568 Information: 54.34000773047387
            276     -1508.6220         4.1        -1475.7475       -32.8745 --
ML: -1540.2317069151566 Information: 54.340007730408615
            277     -1518.2776         4.1        -1475.7458       -42.5318 --
ML: -1540.2317069151563 Information: 54.340007730457046
            278     -1522.2459         4.1        -1475.7362       -46.5096 --
ML: -1540.231706915156 Information: 54.34000773058551
            279     -1515.5998         4.1        -1475.7316       -39.8681 --
ML: -1540.231706915156 Information: 54.34000773043499
            280     -1518.1363         4.1        -1475.7270       -42.4093 --
ML: -1540.231706915156 Information: 54.34000773032653
            281     -1513.0328         4.1        -1475.7200       -37.3127 --
ML: -1540.231706915156 Information: 54.34000773024832
            282     -1521.2241         4.1        -1475.7085       -45.5156 --
ML: -1540.231706915156 Information: 54.3400077301917
            283     -1511.7307         4.2        -1475.7036       -36.0271 --
ML: -1540.231706915156 Information: 54.340007730150774
            284     -1510.8230         4.2        -1475.6972       -35.1258 --
ML: -1540.231706915156 Information: 54.34000773012144
            285     -1509.2195         4.2        -1475.6965       -33.5229 --
ML: -1540.231706915156 Information: 54.3400077301003
            286     -1507.8460         4.2        -1475.6965       -32.1494 --
ML: -1540.231706915156 Information: 54.34000773008506
            287     -1510.2554         4.2        -1475.6956       -34.5598 --
ML: -1540.231706915156 Information: 54.34000773007415
            288     -1517.6057         4.2        -1475.6895       -41.9162 --
ML: -1540.231706915156 Information: 54.34000773006642
            289     -1509.8509         4.2        -1475.6889       -34.1620 --
ML: -1540.231706915156 Information: 54.340007730060734
            290     -1508.1263         4.2        -1475.6877       -32.4386 --
ML: -1540.231706915156 Information: 54.34000773005664
            291     -1510.6040         4.2        -1475.6853       -34.9187 --
ML: -1540.231706915156 Information: 54.340007730053685
            292     -1513.7179         4.2        -1475.6841       -38.0337 --
ML: -1540.231706915156 Information: 54.34000773005164
            293     -1513.0959         4.2        -1475.6790       -37.4169 --
ML: -1540.231706915156 Information: 54.34000773005005
            294     -1511.7231         4.2        -1475.6773       -36.0458 --
ML: -1540.231706915156 Information: 54.34000773004891
            295     -1514.2593         4.2        -1475.6763       -38.5829 --
ML: -1540.231706915156 Information: 54.34000773004823
            296     -1521.6455         4.2        -1475.6761       -45.9694 --
ML: -1540.231706915156 Information: 54.34000773004777
            297     -1506.9792         4.3        -1475.6758       -31.3033 --
ML: -1540.231706915156 Information: 54.34000773004732
            298     -1510.0373         4.3        -1475.6742       -34.3631 --
ML: -1540.231706915156 Information: 54.34000773004709
            299     -1512.3484         4.3        -1475.6733       -36.6751 --
ML: -1540.231706915156 Information: 54.340007730046864
            300     -1514.7905         4.3        -1475.6729       -39.1176 --
ML: -1540.231706915156 Information: 54.340007730046636
            301     -1518.5093         4.3        -1475.6631       -42.8461 --
ML: -1540.231706915156 Information: 54.340007730046636
            302     -1511.3158         4.3        -1475.6631       -35.6527 --
ML: -1540.231706915156 Information: 54.340007730046636
            303     -1509.6728         4.3        -1475.6613       -34.0114 --
ML: -1540.231706915156 Information: 54.340007730046636
            304     -1514.1933         4.3        -1475.6573       -38.5360 --
ML: -1540.231706915156 Information: 54.340007730046636
            305     -1509.1807         4.3        -1475.6563       -33.5244 --
ML: -1540.231706915156 Information: 54.340007730046636
            306     -1521.7483         4.3        -1475.6543       -46.0939 --
ML: -1540.231706915156 Information: 54.340007730046636
            307     -1524.9215         4.3        -1475.6525       -49.2690 --
ML: -1540.231706915156 Information: 54.340007730046636
            308     -1513.9336         4.3        -1475.6493       -38.2842 --
ML: -1540.231706915156 Information: 54.340007730046636
            309     -1510.3459         4.3        -1475.6444       -34.7015 --
ML: -1540.231706915156 Information: 54.340007730046636
            310     -1522.9341         4.3        -1475.6377       -47.2963 --
ML: -1540.231706915156 Information: 54.340007730046636
            311     -1519.3630         4.4        -1475.6354       -43.7275 --
ML: -1540.231706915156 Information: 54.340007730046636
            312     -1512.4140         4.4        -1475.6283       -36.7857 --
ML: -1540.231706915156 Information: 54.340007730046636
            313     -1511.4185         4.4        -1475.6280       -35.7904 --
ML: -1540.231706915156 Information: 54.340007730046636
            314     -1514.3625         4.4        -1475.6273       -38.7351 --
ML: -1540.231706915156 Information: 54.340007730046636
            315     -1513.7191         4.4        -1475.6256       -38.0934 --
ML: -1540.231706915156 Information: 54.340007730046636
            316     -1512.1978         4.4        -1475.6252       -36.5725 --
ML: -1540.231706915156 Information: 54.340007730046636
            317     -1509.7524         4.4        -1475.6252       -34.1272 --
ML: -1540.231706915156 Information: 54.340007730046636
            318     -1507.6092         4.4        -1475.6233       -31.9858 --
ML: -1540.231706915156 Information: 54.340007730046636
            319     -1517.5605         4.4        -1475.6226       -41.9378 --
ML: -1540.231706915156 Information: 54.340007730046636
            320     -1508.1305         4.4        -1475.6216       -32.5089 --
ML: -1540.231706915156 Information: 54.340007730046636
            321     -1510.5198         4.4        -1475.6192       -34.9006 --
ML: -1540.231706915156 Information: 54.340007730046636
            322     -1518.0810         4.4        -1475.6178       -42.4631 --
ML: -1540.231706915156 Information: 54.340007730046636
            323     -1514.6868         4.5        -1475.6174       -39.0694 --
ML: -1540.231706915156 Information: 54.340007730046636
            324     -1516.0408         4.5        -1475.6172       -40.4235 --
ML: -1540.231706915156 Information: 54.340007730046636
            325     -1508.3301         4.5        -1475.6158       -32.7142 --
ML: -1540.231706915156 Information: 54.340007730046636
            326     -1511.7007         4.5        -1475.6149       -36.0857 --
ML: -1540.231706915156 Information: 54.340007730046636
327<=100000000&& (327<2.0*54.340007730046636*3||Math.abs(-1540.231706915156 - -1540.231706915156)/Math.abs(-1540.231706915156) > 1.0E-6
Finished in 327 steps!
Marginal likelihood: -1539.6458560545684 (bootstrap SD=4.245636209308053)
Marginal likelihood: -1539.5317123170637 (subsample SD=5.327483456100731)
Marginal likelihood: -1538.9207874070726(4.329861104073564)
Information: 54.340007730046636
SD: 4.255976493123

Operator                                                            Tuning    #accept    #reject      Pr(m)  Pr(acc|m)
ScaleOperator(bcovAlphaScaler.s:kd-lg-elaged-filtered)             0.75000       9642       1709    0.00140    0.84944 Try setting scaleFactor to about 0.562
ScaleOperator(bcovSwitchParamScaler.s:kd-lg-elaged-filtered)       0.75000       6290       5357    0.00140    0.54005 Try setting scaleFactor to about 0.562
DeltaExchangeOperator(frequenciesDelta.s:kd-lg-elaged-filtered)    0.01000       8989       2725    0.00140    0.76737 Try setting delta to about 0.02
DeltaExchangeOperator(FixMeanMutationRatesOperator)                0.75000     231289         48    0.02805    0.99979 Try setting delta to about 1.5
ScaleOperator(BirthDeathTreeScaler.t:tree)                         0.50000      44625     303416    0.04208    0.12822 
ScaleOperator(BirthDeathTreeRootScaler.t:tree)                     0.50000      55281     291233    0.04208    0.15953 
Uniform(BirthDeathUniformOperator.t:tree)                                -    1191959    2280852    0.42076    0.34323 
SubtreeSlide(BirthDeathSubtreeSlide.t:tree)                        1.00000     297756    1437634    0.21038    0.17158 
Exchange(BirthDeathNarrow.t:tree)                                        -          0          0    0.00000        NaN 
Exchange(BirthDeathWide.t:tree)                                          -      11797     334191    0.04208    0.03410 
WilsonBalding(BirthDeathWilsonBalding.t:tree)                            -      11479     335705    0.04208    0.03306 
ScaleOperator(BirthRateScaler.t:tree)                              0.75000     271670      75181    0.04208    0.78325 Try setting scaleFactor to about 0.562
ScaleOperator(DeathRateScaler.t:tree)                              0.75000     258645      87742    0.04208    0.74669 Try setting scaleFactor to about 0.562
ScaleOperator(StrictClockRateScaler.c:clock)                       0.75000     132620     215035    0.04208    0.38147 
UpDownOperator(strictClockUpDownOperator.c:clock)                  0.75000     234373     112757    0.04208    0.67517 Try setting scaleFactor to about 0.562

     Tuning: The value of the operator's tuning parameter, or '-' if the operator can't be optimized.
    #accept: The total number of times a proposal by this operator has been accepted.
    #reject: The total number of times a proposal by this operator has been rejected.
      Pr(m): The probability this operator is chosen in a step of the MCMC (i.e. the normalized weight).
  Pr(acc|m): The acceptance probability (#accept as a fraction of the total proposals for this operator).


Total calculation time: 147.41 seconds
End likelihood: -30.6924414042322
Producing posterior samples

Marginal likelihood: -1539.6369740824953 sqrt(H/N)=(4.207604654000212)=?=SD=(4.229011158617085) Information: 53.11181077309273
Max ESS: 37.08379032117834


Processing 327 trees from file.
Log file written to kd-lgs_elaged_bcov_strict_bd.posterior.trees
Done!

Marginal likelihood: -1539.8793945372252 sqrt(H/N)=(4.216185633380675)=?=SD=(4.158534784492894) Information: 53.32866388537681
Max ESS: 36.698458564979


Log file written to kd-lgs_elaged_bcov_strict_bd.posterior.log
Done!
